

HI-TECH Software PIC LITE Macro Assembler V9.70 build 5239 
                                                                                               Mon Apr 10 11:25:01 2023

HI-TECH Software Omniscient Code Generator (Lite mode) build 5239
     1  0000                     opt subtitle "HI-TECH Software Omniscient Code Generator (Lite mode) build 5239"
     2                           
     3                           opt pagewidth 120
     4                           
     5                           	opt lm
     6                           
     7                           	processor	16F887
     8                           clrc	macro
     9                           	bcf	3,0
    10  0000                     	endm
    11                           clrz	macro
    12                           	bcf	3,2
    13  0000                     	endm
    14                           setc	macro
    15                           	bsf	3,0
    16  0000                     	endm
    17                           setz	macro
    18                           	bsf	3,2
    19  0000                     	endm
    20                           skipc	macro
    21                           	btfss	3,0
    22  0000                     	endm
    23                           skipz	macro
    24                           	btfss	3,2
    25  0000                     	endm
    26                           skipnc	macro
    27                           	btfsc	3,0
    28  0000                     	endm
    29                           skipnz	macro
    30                           	btfsc	3,2
    31  0000                     	endm
    32  0000                     indf	equ	0
    33  0000                     indf0	equ	0
    34  0002                     pc	equ	2
    35  0002                     pcl	equ	2
    36  0003                     status	equ	3
    37  0004                     fsr	equ	4
    38  0004                     fsr0	equ	4
    39  0001                     c	equ	1
    40  0000                     z	equ	0
    41  000A                     pclath	equ	10
    42                           # 2 "C:\Users\gowth\Documents\PIC Programs\7 segment\Single\7 Segment Basic\7 segment Ba
                                 sic.c"
    43                           	psect config,class=CONFIG,delta=2 ;#
    44                           # 2 "C:\Users\gowth\Documents\PIC Programs\7 segment\Single\7 Segment Basic\7 segment Ba
                                 sic.c"
    45  2007  2CE4               	dw 0X2CE4 ;#
    46                           ;COMMON:	_main->_time_delay
    47                           	FNCALL	_main,_time_delay
    48                           	FNROOT	_main
    49                           	global	main@F771
    50                           psect	idataBANK0,class=CODE,space=0,delta=2
    51                           global __pidataBANK0
    52  074E                     __pidataBANK0:
    53                           	file	"C:\Users\gowth\Documents\PIC Programs\7 segment\Single\7 Segment Basic\7 segment 
                                 Basic.c"
    54                           	line	20
    55                           
    56                           ;initializer for main@F771
    57  074E  343F               	retlw	03Fh
    58  074F  3406               	retlw	06h
    59  0750  345B               	retlw	05Bh
    60  0751  344F               	retlw	04Fh
    61  0752  3466               	retlw	066h
    62  0753  346D               	retlw	06Dh
    63  0754  347D               	retlw	07Dh
    64  0755  3407               	retlw	07h
    65  0756  347F               	retlw	07Fh
    66  0757  3467               	retlw	067h
    67                           	global	_ADCON0
    68  001F                     _ADCON0  equ     31
    69                           	global	_ADRESH
    70  001E                     _ADRESH  equ     30
    71                           	global	_CCP1CON
    72  0017                     _CCP1CON  equ     23
    73                           	global	_CCP2CON
    74  001D                     _CCP2CON  equ     29
    75                           	global	_CCPR1H
    76  0016                     _CCPR1H  equ     22
    77                           	global	_CCPR1L
    78  0015                     _CCPR1L  equ     21
    79                           	global	_CCPR2H
    80  001C                     _CCPR2H  equ     28
    81                           	global	_CCPR2L
    82  001B                     _CCPR2L  equ     27
    83                           	global	_FSR
    84  0004                     _FSR  equ     4
    85                           	global	_INDF
    86  0000                     _INDF  equ     0
    87                           	global	_INTCON
    88  000B                     _INTCON  equ     11
    89                           	global	_PCL
    90  0002                     _PCL  equ     2
    91                           	global	_PCLATH
    92  000A                     _PCLATH  equ     10
    93                           	global	_PIR1
    94  000C                     _PIR1  equ     12
    95                           	global	_PIR2
    96  000D                     _PIR2  equ     13
    97                           	global	_PORTA
    98  0005                     _PORTA  equ     5
    99                           	global	_PORTB
   100  0006                     _PORTB  equ     6
   101                           	global	_PORTC
   102  0007                     _PORTC  equ     7
   103                           	global	_PORTD
   104  0008                     _PORTD  equ     8
   105                           	global	_PORTE
   106  0009                     _PORTE  equ     9
   107                           	global	_RCREG
   108  001A                     _RCREG  equ     26
   109                           	global	_RCSTA
   110  0018                     _RCSTA  equ     24
   111                           	global	_SSPBUF
   112  0013                     _SSPBUF  equ     19
   113                           	global	_SSPCON
   114  0014                     _SSPCON  equ     20
   115                           	global	_STATUS
   116  0003                     _STATUS  equ     3
   117                           	global	_T1CON
   118  0010                     _T1CON  equ     16
   119                           	global	_T2CON
   120  0012                     _T2CON  equ     18
   121                           	global	_TMR0
   122  0001                     _TMR0  equ     1
   123                           	global	_TMR1H
   124  000F                     _TMR1H  equ     15
   125                           	global	_TMR1L
   126  000E                     _TMR1L  equ     14
   127                           	global	_TMR2
   128  0011                     _TMR2  equ     17
   129                           	global	_TXREG
   130  0019                     _TXREG  equ     25
   131                           	global	_ADCS0
   132  00FE                     _ADCS0  equ     254
   133                           	global	_ADCS1
   134  00FF                     _ADCS1  equ     255
   135                           	global	_ADDEN
   136  00C3                     _ADDEN  equ     195
   137                           	global	_ADIF
   138  0066                     _ADIF  equ     102
   139                           	global	_ADON
   140  00F8                     _ADON  equ     248
   141                           	global	_BCLIF
   142  006B                     _BCLIF  equ     107
   143                           	global	_C1IF
   144  006D                     _C1IF  equ     109
   145                           	global	_C2IF
   146  006E                     _C2IF  equ     110
   147                           	global	_CARRY
   148  0018                     _CARRY  equ     24
   149                           	global	_CCP1IF
   150  0062                     _CCP1IF  equ     98
   151                           	global	_CCP1M0
   152  00B8                     _CCP1M0  equ     184
   153                           	global	_CCP1M1
   154  00B9                     _CCP1M1  equ     185
   155                           	global	_CCP1M2
   156  00BA                     _CCP1M2  equ     186
   157                           	global	_CCP1M3
   158  00BB                     _CCP1M3  equ     187
   159                           	global	_CCP2IF
   160  0068                     _CCP2IF  equ     104
   161                           	global	_CCP2M0
   162  00E8                     _CCP2M0  equ     232
   163                           	global	_CCP2M1
   164  00E9                     _CCP2M1  equ     233
   165                           	global	_CCP2M2
   166  00EA                     _CCP2M2  equ     234
   167                           	global	_CCP2M3
   168  00EB                     _CCP2M3  equ     235
   169                           	global	_CCP2X
   170  00ED                     _CCP2X  equ     237
   171                           	global	_CCP2Y
   172  00EC                     _CCP2Y  equ     236
   173                           	global	_CHS0
   174  00FA                     _CHS0  equ     250
   175                           	global	_CHS1
   176  00FB                     _CHS1  equ     251
   177                           	global	_CHS2
   178  00FC                     _CHS2  equ     252
   179                           	global	_CHS3
   180  00FD                     _CHS3  equ     253
   181                           	global	_CKP
   182  00A4                     _CKP  equ     164
   183                           	global	_CREN
   184  00C4                     _CREN  equ     196
   185                           	global	_DC
   186  0019                     _DC  equ     25
   187                           	global	_DC1B0
   188  00BC                     _DC1B0  equ     188
   189                           	global	_DC1B1
   190  00BD                     _DC1B1  equ     189
   191                           	global	_EEIF
   192  006C                     _EEIF  equ     108
   193                           	global	_FERR
   194  00C2                     _FERR  equ     194
   195                           	global	_GIE
   196  005F                     _GIE  equ     95
   197                           	global	_GODONE
   198  00F9                     _GODONE  equ     249
   199                           	global	_INTE
   200  005C                     _INTE  equ     92
   201                           	global	_INTF
   202  0059                     _INTF  equ     89
   203                           	global	_IRP
   204  001F                     _IRP  equ     31
   205                           	global	_OERR
   206  00C1                     _OERR  equ     193
   207                           	global	_OSFIF
   208  006F                     _OSFIF  equ     111
   209                           	global	_P1M0
   210  00BE                     _P1M0  equ     190
   211                           	global	_P1M1
   212  00BF                     _P1M1  equ     191
   213                           	global	_PD
   214  001B                     _PD  equ     27
   215                           	global	_PEIE
   216  005E                     _PEIE  equ     94
   217                           	global	_RA0
   218  0028                     _RA0  equ     40
   219                           	global	_RA1
   220  0029                     _RA1  equ     41
   221                           	global	_RA2
   222  002A                     _RA2  equ     42
   223                           	global	_RA3
   224  002B                     _RA3  equ     43
   225                           	global	_RA4
   226  002C                     _RA4  equ     44
   227                           	global	_RA5
   228  002D                     _RA5  equ     45
   229                           	global	_RA6
   230  002E                     _RA6  equ     46
   231                           	global	_RA7
   232  002F                     _RA7  equ     47
   233                           	global	_RABIE
   234  005B                     _RABIE  equ     91
   235                           	global	_RABIF
   236  0058                     _RABIF  equ     88
   237                           	global	_RB0
   238  0030                     _RB0  equ     48
   239                           	global	_RB1
   240  0031                     _RB1  equ     49
   241                           	global	_RB2
   242  0032                     _RB2  equ     50
   243                           	global	_RB3
   244  0033                     _RB3  equ     51
   245                           	global	_RB4
   246  0034                     _RB4  equ     52
   247                           	global	_RB5
   248  0035                     _RB5  equ     53
   249                           	global	_RB6
   250  0036                     _RB6  equ     54
   251                           	global	_RB7
   252  0037                     _RB7  equ     55
   253                           	global	_RBIE
   254  005B                     _RBIE  equ     91
   255                           	global	_RBIF
   256  0058                     _RBIF  equ     88
   257                           	global	_RC0
   258  0038                     _RC0  equ     56
   259                           	global	_RC1
   260  0039                     _RC1  equ     57
   261                           	global	_RC2
   262  003A                     _RC2  equ     58
   263                           	global	_RC3
   264  003B                     _RC3  equ     59
   265                           	global	_RC4
   266  003C                     _RC4  equ     60
   267                           	global	_RC5
   268  003D                     _RC5  equ     61
   269                           	global	_RC6
   270  003E                     _RC6  equ     62
   271                           	global	_RC7
   272  003F                     _RC7  equ     63
   273                           	global	_RCIF
   274  0065                     _RCIF  equ     101
   275                           	global	_RD0
   276  0040                     _RD0  equ     64
   277                           	global	_RD1
   278  0041                     _RD1  equ     65
   279                           	global	_RD2
   280  0042                     _RD2  equ     66
   281                           	global	_RD3
   282  0043                     _RD3  equ     67
   283                           	global	_RD4
   284  0044                     _RD4  equ     68
   285                           	global	_RD5
   286  0045                     _RD5  equ     69
   287                           	global	_RD6
   288  0046                     _RD6  equ     70
   289                           	global	_RD7
   290  0047                     _RD7  equ     71
   291                           	global	_RE0
   292  0048                     _RE0  equ     72
   293                           	global	_RE1
   294  0049                     _RE1  equ     73
   295                           	global	_RE2
   296  004A                     _RE2  equ     74
   297                           	global	_RE3
   298  004B                     _RE3  equ     75
   299                           	global	_RP0
   300  001D                     _RP0  equ     29
   301                           	global	_RP1
   302  001E                     _RP1  equ     30
   303                           	global	_RX9
   304  00C6                     _RX9  equ     198
   305                           	global	_RX9D
   306  00C0                     _RX9D  equ     192
   307                           	global	_SPEN
   308  00C7                     _SPEN  equ     199
   309                           	global	_SREN
   310  00C5                     _SREN  equ     197
   311                           	global	_SSPEN
   312  00A5                     _SSPEN  equ     165
   313                           	global	_SSPIF
   314  0063                     _SSPIF  equ     99
   315                           	global	_SSPM0
   316  00A0                     _SSPM0  equ     160
   317                           	global	_SSPM1
   318  00A1                     _SSPM1  equ     161
   319                           	global	_SSPM2
   320  00A2                     _SSPM2  equ     162
   321                           	global	_SSPM3
   322  00A3                     _SSPM3  equ     163
   323                           	global	_SSPOV
   324  00A6                     _SSPOV  equ     166
   325                           	global	_T0IE
   326  005D                     _T0IE  equ     93
   327                           	global	_T0IF
   328  005A                     _T0IF  equ     90
   329                           	global	_T1CKPS0
   330  0084                     _T1CKPS0  equ     132
   331                           	global	_T1CKPS1
   332  0085                     _T1CKPS1  equ     133
   333                           	global	_T1GINV
   334  0087                     _T1GINV  equ     135
   335                           	global	_T1OSCEN
   336  0083                     _T1OSCEN  equ     131
   337                           	global	_T1SYNC
   338  0082                     _T1SYNC  equ     130
   339                           	global	_T2CKPS0
   340  0090                     _T2CKPS0  equ     144
   341                           	global	_T2CKPS1
   342  0091                     _T2CKPS1  equ     145
   343                           	global	_TMR1CS
   344  0081                     _TMR1CS  equ     129
   345                           	global	_TMR1GE
   346  0086                     _TMR1GE  equ     134
   347                           	global	_TMR1IF
   348  0060                     _TMR1IF  equ     96
   349                           	global	_TMR1ON
   350  0080                     _TMR1ON  equ     128
   351                           	global	_TMR2IF
   352  0061                     _TMR2IF  equ     97
   353                           	global	_TMR2ON
   354  0092                     _TMR2ON  equ     146
   355                           	global	_TO
   356  001C                     _TO  equ     28
   357                           	global	_TOUTPS0
   358  0093                     _TOUTPS0  equ     147
   359                           	global	_TOUTPS1
   360  0094                     _TOUTPS1  equ     148
   361                           	global	_TOUTPS2
   362  0095                     _TOUTPS2  equ     149
   363                           	global	_TOUTPS3
   364  0096                     _TOUTPS3  equ     150
   365                           	global	_TXIF
   366  0064                     _TXIF  equ     100
   367                           	global	_ULPWUIF
   368  006A                     _ULPWUIF  equ     106
   369                           	global	_WCOL
   370  00A7                     _WCOL  equ     167
   371                           	global	_ZERO
   372  001A                     _ZERO  equ     26
   373                           	global	_ADCON1
   374  009F                     _ADCON1  equ     159
   375                           	global	_ADRESL
   376  009E                     _ADRESL  equ     158
   377                           	global	_ECCPAS
   378  009C                     _ECCPAS  equ     156
   379                           	global	_IOCB
   380  0096                     _IOCB  equ     150
   381                           	global	_OPTION
   382  0081                     _OPTION  equ     129
   383                           	global	_OSCCON
   384  008F                     _OSCCON  equ     143
   385                           	global	_OSCTUNE
   386  0090                     _OSCTUNE  equ     144
   387                           	global	_PCON
   388  008E                     _PCON  equ     142
   389                           	global	_PIE1
   390  008C                     _PIE1  equ     140
   391                           	global	_PIE2
   392  008D                     _PIE2  equ     141
   393                           	global	_PR2
   394  0092                     _PR2  equ     146
   395                           	global	_PSTRCON
   396  009D                     _PSTRCON  equ     157
   397                           	global	_PWM1CON
   398  009B                     _PWM1CON  equ     155
   399                           	global	_SPBRG
   400  0099                     _SPBRG  equ     153
   401                           	global	_SPBRGH
   402  009A                     _SPBRGH  equ     154
   403                           	global	_SSPADD
   404  0093                     _SSPADD  equ     147
   405                           	global	_SSPCON2
   406  0091                     _SSPCON2  equ     145
   407                           	global	_SSPMSK
   408  0093                     _SSPMSK  equ     147
   409                           	global	_SSPSTAT
   410  0094                     _SSPSTAT  equ     148
   411                           	global	_TRISA
   412  0085                     _TRISA  equ     133
   413                           	global	_TRISB
   414  0086                     _TRISB  equ     134
   415                           	global	_TRISC
   416  0087                     _TRISC  equ     135
   417                           	global	_TRISD
   418  0088                     _TRISD  equ     136
   419                           	global	_TRISE
   420  0089                     _TRISE  equ     137
   421                           	global	_TXSTA
   422  0098                     _TXSTA  equ     152
   423                           	global	_VRCON
   424  0097                     _VRCON  equ     151
   425                           	global	_WPUB
   426  0095                     _WPUB  equ     149
   427                           	global	_ACKDT
   428  048D                     _ACKDT  equ     1165
   429                           	global	_ACKEN
   430  048C                     _ACKEN  equ     1164
   431                           	global	_ACKSTAT
   432  048E                     _ACKSTAT  equ     1166
   433                           	global	_ADFM
   434  04FF                     _ADFM  equ     1279
   435                           	global	_ADIE
   436  0466                     _ADIE  equ     1126
   437                           	global	_BCLIE
   438  046B                     _BCLIE  equ     1131
   439                           	global	_BF
   440  04A0                     _BF  equ     1184
   441                           	global	_BOR
   442  0470                     _BOR  equ     1136
   443                           	global	_BRG0
   444  04C8                     _BRG0  equ     1224
   445                           	global	_BRG1
   446  04C9                     _BRG1  equ     1225
   447                           	global	_BRG10
   448  04D2                     _BRG10  equ     1234
   449                           	global	_BRG11
   450  04D3                     _BRG11  equ     1235
   451                           	global	_BRG12
   452  04D4                     _BRG12  equ     1236
   453                           	global	_BRG13
   454  04D5                     _BRG13  equ     1237
   455                           	global	_BRG14
   456  04D6                     _BRG14  equ     1238
   457                           	global	_BRG15
   458  04D7                     _BRG15  equ     1239
   459                           	global	_BRG2
   460  04CA                     _BRG2  equ     1226
   461                           	global	_BRG3
   462  04CB                     _BRG3  equ     1227
   463                           	global	_BRG4
   464  04CC                     _BRG4  equ     1228
   465                           	global	_BRG5
   466  04CD                     _BRG5  equ     1229
   467                           	global	_BRG6
   468  04CE                     _BRG6  equ     1230
   469                           	global	_BRG7
   470  04CF                     _BRG7  equ     1231
   471                           	global	_BRG8
   472  04D0                     _BRG8  equ     1232
   473                           	global	_BRG9
   474  04D1                     _BRG9  equ     1233
   475                           	global	_BRGH
   476  04C2                     _BRGH  equ     1218
   477                           	global	_C1IE
   478  046D                     _C1IE  equ     1133
   479                           	global	_C2IE
   480  046E                     _C2IE  equ     1134
   481                           	global	_CCP1IE
   482  0462                     _CCP1IE  equ     1122
   483                           	global	_CCP2IE
   484  0468                     _CCP2IE  equ     1128
   485                           	global	_CKE
   486  04A6                     _CKE  equ     1190
   487                           	global	_CSRC
   488  04C7                     _CSRC  equ     1223
   489                           	global	_DA
   490  04A5                     _DA  equ     1189
   491                           	global	_ECCPAS0
   492  04E4                     _ECCPAS0  equ     1252
   493                           	global	_ECCPAS1
   494  04E5                     _ECCPAS1  equ     1253
   495                           	global	_ECCPAS2
   496  04E6                     _ECCPAS2  equ     1254
   497                           	global	_ECCPASE
   498  04E7                     _ECCPASE  equ     1255
   499                           	global	_EEIE
   500  046C                     _EEIE  equ     1132
   501                           	global	_GCEN
   502  048F                     _GCEN  equ     1167
   503                           	global	_HTS
   504  047A                     _HTS  equ     1146
   505                           	global	_INTEDG
   506  040E                     _INTEDG  equ     1038
   507                           	global	_IOCB0
   508  04B0                     _IOCB0  equ     1200
   509                           	global	_IOCB1
   510  04B1                     _IOCB1  equ     1201
   511                           	global	_IOCB2
   512  04B2                     _IOCB2  equ     1202
   513                           	global	_IOCB3
   514  04B3                     _IOCB3  equ     1203
   515                           	global	_IOCB4
   516  04B4                     _IOCB4  equ     1204
   517                           	global	_IOCB5
   518  04B5                     _IOCB5  equ     1205
   519                           	global	_IOCB6
   520  04B6                     _IOCB6  equ     1206
   521                           	global	_IOCB7
   522  04B7                     _IOCB7  equ     1207
   523                           	global	_IRCF0
   524  047C                     _IRCF0  equ     1148
   525                           	global	_IRCF1
   526  047D                     _IRCF1  equ     1149
   527                           	global	_IRCF2
   528  047E                     _IRCF2  equ     1150
   529                           	global	_LTS
   530  0479                     _LTS  equ     1145
   531                           	global	_OSFIE
   532  046F                     _OSFIE  equ     1135
   533                           	global	_OSTS
   534  047B                     _OSTS  equ     1147
   535                           	global	_PDC0
   536  04D8                     _PDC0  equ     1240
   537                           	global	_PDC1
   538  04D9                     _PDC1  equ     1241
   539                           	global	_PDC2
   540  04DA                     _PDC2  equ     1242
   541                           	global	_PDC3
   542  04DB                     _PDC3  equ     1243
   543                           	global	_PDC4
   544  04DC                     _PDC4  equ     1244
   545                           	global	_PDC5
   546  04DD                     _PDC5  equ     1245
   547                           	global	_PDC6
   548  04DE                     _PDC6  equ     1246
   549                           	global	_PEN
   550  048A                     _PEN  equ     1162
   551                           	global	_POR
   552  0471                     _POR  equ     1137
   553                           	global	_PRSEN
   554  04DF                     _PRSEN  equ     1247
   555                           	global	_PS0
   556  0408                     _PS0  equ     1032
   557                           	global	_PS1
   558  0409                     _PS1  equ     1033
   559                           	global	_PS2
   560  040A                     _PS2  equ     1034
   561                           	global	_PSA
   562  040B                     _PSA  equ     1035
   563                           	global	_PSSAC0
   564  04E2                     _PSSAC0  equ     1250
   565                           	global	_PSSAC1
   566  04E3                     _PSSAC1  equ     1251
   567                           	global	_PSSBD0
   568  04E0                     _PSSBD0  equ     1248
   569                           	global	_PSSBD1
   570  04E1                     _PSSBD1  equ     1249
   571                           	global	_RABPU
   572  040F                     _RABPU  equ     1039
   573                           	global	_RBPU
   574  040F                     _RBPU  equ     1039
   575                           	global	_RCEN
   576  048B                     _RCEN  equ     1163
   577                           	global	_RCIE
   578  0465                     _RCIE  equ     1125
   579                           	global	_RSEN
   580  0489                     _RSEN  equ     1161
   581                           	global	_RW
   582  04A2                     _RW  equ     1186
   583                           	global	_SBOREN
   584  0474                     _SBOREN  equ     1140
   585                           	global	_SCS
   586  0478                     _SCS  equ     1144
   587                           	global	_SEN
   588  0488                     _SEN  equ     1160
   589                           	global	_SENDB
   590  04C3                     _SENDB  equ     1219
   591                           	global	_SMP
   592  04A7                     _SMP  equ     1191
   593                           	global	_SSPIE
   594  0463                     _SSPIE  equ     1123
   595                           	global	_START
   596  04A3                     _START  equ     1187
   597                           	global	_STOP
   598  04A4                     _STOP  equ     1188
   599                           	global	_STRA
   600  04E8                     _STRA  equ     1256
   601                           	global	_STRB
   602  04E9                     _STRB  equ     1257
   603                           	global	_STRC
   604  04EA                     _STRC  equ     1258
   605                           	global	_STRD
   606  04EB                     _STRD  equ     1259
   607                           	global	_STRSYNC
   608  04EC                     _STRSYNC  equ     1260
   609                           	global	_SYNC
   610  04C4                     _SYNC  equ     1220
   611                           	global	_T0CS
   612  040D                     _T0CS  equ     1037
   613                           	global	_T0SE
   614  040C                     _T0SE  equ     1036
   615                           	global	_TMR1IE
   616  0460                     _TMR1IE  equ     1120
   617                           	global	_TMR2IE
   618  0461                     _TMR2IE  equ     1121
   619                           	global	_TRISA0
   620  0428                     _TRISA0  equ     1064
   621                           	global	_TRISA1
   622  0429                     _TRISA1  equ     1065
   623                           	global	_TRISA2
   624  042A                     _TRISA2  equ     1066
   625                           	global	_TRISA3
   626  042B                     _TRISA3  equ     1067
   627                           	global	_TRISA4
   628  042C                     _TRISA4  equ     1068
   629                           	global	_TRISA5
   630  042D                     _TRISA5  equ     1069
   631                           	global	_TRISA6
   632  042E                     _TRISA6  equ     1070
   633                           	global	_TRISA7
   634  042F                     _TRISA7  equ     1071
   635                           	global	_TRISB0
   636  0430                     _TRISB0  equ     1072
   637                           	global	_TRISB1
   638  0431                     _TRISB1  equ     1073
   639                           	global	_TRISB2
   640  0432                     _TRISB2  equ     1074
   641                           	global	_TRISB3
   642  0433                     _TRISB3  equ     1075
   643                           	global	_TRISB4
   644  0434                     _TRISB4  equ     1076
   645                           	global	_TRISB5
   646  0435                     _TRISB5  equ     1077
   647                           	global	_TRISB6
   648  0436                     _TRISB6  equ     1078
   649                           	global	_TRISB7
   650  0437                     _TRISB7  equ     1079
   651                           	global	_TRISC0
   652  0438                     _TRISC0  equ     1080
   653                           	global	_TRISC1
   654  0439                     _TRISC1  equ     1081
   655                           	global	_TRISC2
   656  043A                     _TRISC2  equ     1082
   657                           	global	_TRISC3
   658  043B                     _TRISC3  equ     1083
   659                           	global	_TRISC4
   660  043C                     _TRISC4  equ     1084
   661                           	global	_TRISC5
   662  043D                     _TRISC5  equ     1085
   663                           	global	_TRISC6
   664  043E                     _TRISC6  equ     1086
   665                           	global	_TRISC7
   666  043F                     _TRISC7  equ     1087
   667                           	global	_TRISD0
   668  0440                     _TRISD0  equ     1088
   669                           	global	_TRISD1
   670  0441                     _TRISD1  equ     1089
   671+                          	global	_TRISD2
   672+ 0442                     _TRISD2  equ     1090
   673                           	global	_TRISD3
   674  0443                     _TRISD3  equ     1091
   675                           	global	_TRISD4
   676  0444                     _TRISD4  equ     1092
   677                           	global	_TRISD5
   678  0445                     _TRISD5  equ     1093
   679                           	global	_TRISD6
   680  0446                     _TRISD6  equ     1094
   681                           	global	_TRISD7
   682  0447                     _TRISD7  equ     1095
   683                           	global	_TRISE0
   684  0448                     _TRISE0  equ     1096
   685                           	global	_TRISE1
   686  0449                     _TRISE1  equ     1097
   687                           	global	_TRISE2
   688  044A                     _TRISE2  equ     1098
   689                           	global	_TRISE3
   690  044B                     _TRISE3  equ     1099
   691                           	global	_TRMT
   692  04C1                     _TRMT  equ     1217
   693                           	global	_TUN0
   694  0480                     _TUN0  equ     1152
   695                           	global	_TUN1
   696  0481                     _TUN1  equ     1153
   697                           	global	_TUN2
   698  0482                     _TUN2  equ     1154
   699                           	global	_TUN3
   700  0483                     _TUN3  equ     1155
   701                           	global	_TUN4
   702  0484                     _TUN4  equ     1156
   703                           	global	_TX9
   704  04C6                     _TX9  equ     1222
   705                           	global	_TX9D
   706  04C0                     _TX9D  equ     1216
   707                           	global	_TXEN
   708  04C5                     _TXEN  equ     1221
   709                           	global	_TXIE
   710  0464                     _TXIE  equ     1124
   711                           	global	_UA
   712  04A1                     _UA  equ     1185
   713                           	global	_ULPWUE
   714  0475                     _ULPWUE  equ     1141
   715                           	global	_ULPWUIE
   716  046A                     _ULPWUIE  equ     1130
   717                           	global	_VCFG0
   718  04FC                     _VCFG0  equ     1276
   719                           	global	_VCFG1
   720  04FD                     _VCFG1  equ     1277
   721                           	global	_VR0
   722  04B8                     _VR0  equ     1208
   723                           	global	_VR1
   724  04B9                     _VR1  equ     1209
   725                           	global	_VR2
   726  04BA                     _VR2  equ     1210
   727                           	global	_VR3
   728  04BB                     _VR3  equ     1211
   729                           	global	_VREN
   730  04BF                     _VREN  equ     1215
   731                           	global	_VROE
   732  04BE                     _VROE  equ     1214
   733                           	global	_VRR
   734  04BD                     _VRR  equ     1213
   735                           	global	_VRSS
   736  04BC                     _VRSS  equ     1212
   737                           	global	_WPUB0
   738  04A8                     _WPUB0  equ     1192
   739                           	global	_WPUB1
   740  04A9                     _WPUB1  equ     1193
   741                           	global	_WPUB2
   742  04AA                     _WPUB2  equ     1194
   743                           	global	_WPUB3
   744  04AB                     _WPUB3  equ     1195
   745                           	global	_WPUB4
   746  04AC                     _WPUB4  equ     1196
   747                           	global	_WPUB5
   748  04AD                     _WPUB5  equ     1197
   749                           	global	_WPUB6
   750  04AE                     _WPUB6  equ     1198
   751                           	global	_WPUB7
   752  04AF                     _WPUB7  equ     1199
   753                           	global	_CM1CON0
   754  0107                     _CM1CON0  equ     263
   755                           	global	_CM2CON0
   756  0108                     _CM2CON0  equ     264
   757                           	global	_CM2CON1
   758  0109                     _CM2CON1  equ     265
   759                           	global	_EEADR
   760  010D                     _EEADR  equ     269
   761                           	global	_EEADRH
   762  010F                     _EEADRH  equ     271
   763                           	global	_EEADRL
   764  010D                     _EEADRL  equ     269
   765                           	global	_EEDAT
   766  010C                     _EEDAT  equ     268
   767                           	global	_EEDATA
   768  010C                     _EEDATA  equ     268
   769                           	global	_EEDATH
   770  010E                     _EEDATH  equ     270
   771                           	global	_WDTCON
   772  0105                     _WDTCON  equ     261
   773                           	global	_C1CH0
   774  0838                     _C1CH0  equ     2104
   775                           	global	_C1CH1
   776  0839                     _C1CH1  equ     2105
   777                           	global	_C1OE
   778  083D                     _C1OE  equ     2109
   779                           	global	_C1ON
   780  083F                     _C1ON  equ     2111
   781                           	global	_C1OUT
   782  083E                     _C1OUT  equ     2110
   783                           	global	_C1POL
   784  083C                     _C1POL  equ     2108
   785                           	global	_C1R
   786  083A                     _C1R  equ     2106
   787                           	global	_C1RSEL
   788  084D                     _C1RSEL  equ     2125
   789                           	global	_C2CH0
   790  0840                     _C2CH0  equ     2112
   791                           	global	_C2CH1
   792  0841                     _C2CH1  equ     2113
   793                           	global	_C2OE
   794  0845                     _C2OE  equ     2117
   795                           	global	_C2ON
   796  0847                     _C2ON  equ     2119
   797                           	global	_C2OUT
   798  0846                     _C2OUT  equ     2118
   799                           	global	_C2POL
   800  0844                     _C2POL  equ     2116
   801                           	global	_C2R
   802  0842                     _C2R  equ     2114
   803                           	global	_C2RSEL
   804  084C                     _C2RSEL  equ     2124
   805                           	global	_C2SYNC
   806  0848                     _C2SYNC  equ     2120
   807                           	global	_MC1OUT
   808  084F                     _MC1OUT  equ     2127
   809                           	global	_MC2OUT
   810  084E                     _MC2OUT  equ     2126
   811                           	global	_SWDTEN
   812  0828                     _SWDTEN  equ     2088
   813                           	global	_T1GSS
   814  0849                     _T1GSS  equ     2121
   815                           	global	_WDTPS0
   816  0829                     _WDTPS0  equ     2089
   817                           	global	_WDTPS1
   818  082A                     _WDTPS1  equ     2090
   819                           	global	_WDTPS2
   820  082B                     _WDTPS2  equ     2091
   821                           	global	_WDTPS3
   822  082C                     _WDTPS3  equ     2092
   823                           	global	_ANSEL
   824  0188                     _ANSEL  equ     392
   825                           	global	_ANSELH
   826  0189                     _ANSELH  equ     393
   827                           	global	_BAUDCTL
   828  0187                     _BAUDCTL  equ     391
   829                           	global	_EECON1
   830  018C                     _EECON1  equ     396
   831                           	global	_EECON2
   832  018D                     _EECON2  equ     397
   833                           	global	_SRCON
   834  0185                     _SRCON  equ     389
   835                           	global	_ABDEN
   836  0C38                     _ABDEN  equ     3128
   837                           	global	_ABDOVF
   838  0C3F                     _ABDOVF  equ     3135
   839                           	global	_ANS0
   840  0C40                     _ANS0  equ     3136
   841                           	global	_ANS1
   842  0C41                     _ANS1  equ     3137
   843                           	global	_ANS10
   844  0C4A                     _ANS10  equ     3146
   845                           	global	_ANS11
   846  0C4B                     _ANS11  equ     3147
   847                           	global	_ANS12
   848  0C4C                     _ANS12  equ     3148
   849                           	global	_ANS13
   850  0C4D                     _ANS13  equ     3149
   851                           	global	_ANS2
   852  0C42                     _ANS2  equ     3138
   853                           	global	_ANS3
   854  0C43                     _ANS3  equ     3139
   855                           	global	_ANS4
   856  0C44                     _ANS4  equ     3140
   857                           	global	_ANS5
   858  0C45                     _ANS5  equ     3141
   859                           	global	_ANS6
   860  0C46                     _ANS6  equ     3142
   861                           	global	_ANS7
   862  0C47                     _ANS7  equ     3143
   863                           	global	_ANS8
   864  0C48                     _ANS8  equ     3144
   865                           	global	_ANS9
   866  0C49                     _ANS9  equ     3145
   867                           	global	_BRG16
   868  0C3B                     _BRG16  equ     3131
   869                           	global	_C1SEN
   870  0C2D                     _C1SEN  equ     3117
   871                           	global	_C2REN
   872  0C2C                     _C2REN  equ     3116
   873                           	global	_EEPGD
   874  0C67                     _EEPGD  equ     3175
   875                           	global	_FVREN
   876  0C28                     _FVREN  equ     3112
   877                           	global	_PULSR
   878  0C2A                     _PULSR  equ     3114
   879                           	global	_PULSS
   880  0C2B                     _PULSS  equ     3115
   881                           	global	_RCIDL
   882  0C3E                     _RCIDL  equ     3134
   883                           	global	_RD
   884  0C60                     _RD  equ     3168
   885                           	global	_SCKP
   886  0C3C                     _SCKP  equ     3132
   887                           	global	_SR0
   888  0C2E                     _SR0  equ     3118
   889                           	global	_SR1
   890  0C2F                     _SR1  equ     3119
   891                           	global	_WR
   892  0C61                     _WR  equ     3169
   893                           	global	_WREN
   894  0C62                     _WREN  equ     3170
   895                           	global	_WRERR
   896  0C63                     _WRERR  equ     3171
   897                           	global	_WUE
   898  0C39                     _WUE  equ     3129
   899                           	file	"7 segment Basic.as"
   900                           	line	#
   901                           psect cinit,class=CODE,delta=2
   902                           global start_initialization
   903  077A                     start_initialization:
   904                           
   905                           psect	dataBANK0,class=BANK0,space=1
   906                           global __pdataBANK0
   907  002E                     __pdataBANK0:
   908                           	file	"C:\Users\gowth\Documents\PIC Programs\7 segment\Single\7 Segment Basic\7 segment 
                                 Basic.c"
   909                           	line	20
   910  002E                     main@F771:
   911  002E                            ds      10
   912                           
   913                           global btemp
   914                           psect inittext,class=CODE,delta=2
   915                           global init_fetch,btemp
   916                           ;	Called with low address in FSR and high address in W
   917  0769                     init_fetch:
   918  0769  087E               	movf btemp,w
   919  076A  008A               	movwf pclath
   920  076B  087F               	movf btemp+1,w
   921  076C  0082               	movwf pc
   922                           global init_ram
   923                           ;Called with:
   924                           ;	high address of idata address in btemp 
   925                           ;	low address of idata address in btemp+1 
   926                           ;	low address of data in FSR
   927                           ;	high address + 1 of data in btemp-1
   928  076D                     init_ram:
   929  076D  2769  120A  118A   	fcall init_fetch
   930  0770  0080               	movwf indf,f
   931  0771  0A84               	incf fsr,f
   932  0772  0804               	movf fsr,w
   933  0773  067D               	xorwf btemp-1,w
   934  0774  1903               	btfsc status,2
   935  0775  3400               	retlw 0
   936  0776  0AFF               	incf btemp+1,f
   937  0777  1903               	btfsc status,2
   938  0778  0AFE               	incf btemp,f
   939  0779  2F6D               	goto init_ram
   940                           ; Initialize objects allocated to BANK0
   941                           psect cinit,class=CODE,delta=2
   942                           global init_ram, __pidataBANK0
   943  077A  1383               	bcf	status, 7	;select IRP bank0
   944  077B  3038               	movlw low(__pdataBANK0+10)
   945  077C  00FD               	movwf btemp-1,f
   946  077D  3007               	movlw high(__pidataBANK0)
   947  077E  00FE               	movwf btemp,f
   948  077F  304E               	movlw low(__pidataBANK0)
   949  0780  00FF               	movwf btemp+1,f
   950  0781  302E               	movlw low(__pdataBANK0)
   951  0782  0084               	movwf fsr,f
   952  0783  120A  118A  276D   	fcall init_ram
              120A  118A         
   953                           psect cinit,class=CODE,delta=2
   954                           global end_of_initialization
   955                           
   956                           ;End of C runtime variable initationation code
   957                           
   958  0788                     end_of_initialization:
   959  0788  0183               clrf status
   960  0789  120A  118A  2F8C   ljmp _main	;jump to C main() function
   961                           psect	cstackCOMMON,class=COMMON,space=1
   962                           global __pcstackCOMMON
   963  0070                     __pcstackCOMMON:
   964                           	global	?_time_delay
   965  0070                     ?_time_delay: ;@ 0x0
   966                           	global	??_time_delay
   967  0070                     ??_time_delay: ;@ 0x0
   968                           	global	time_delay@x
   969  0070                     time_delay@x:	; 2 bytes @ 0x0
   970  0070                     	ds	2
   971                           	global	??_main
   972  0072                     ??_main: ;@ 0x2
   973  0072                     	ds	4
   974                           	global	?_main
   975  0076                     ?_main: ;@ 0x6
   976                           psect	cstackBANK0,class=BANK0,space=1
   977                           global __pcstackBANK0
   978  0020                     __pcstackBANK0:
   979                           	global	main@number
   980  0020                     main@number:	; 10 bytes @ 0x0
   981  0020                     	ds	10
   982                           	global	main@j
   983  002A                     main@j:	; 2 bytes @ 0xA
   984  002A                     	ds	2
   985                           	global	main@i
   986  002C                     main@i:	; 2 bytes @ 0xC
   987  002C                     	ds	2
   988                           ;Data sizes: Strings 0, constant 0, data 10, bss 0, persistent 0 stack 0
   989                           ;Auto spaces:   Size  Autos    Used
   990                           ; COMMON          14      6       6
   991                           ; BANK0           80     14      24
   992                           ; BANK1           80      0       0
   993                           ; BANK3           96      0       0
   994                           ; BANK2           96      0       0
   995                           
   996                           
   997                           ;Pointer list with targets:
   998                           
   999                           
  1000                           
  1001                           ;Main: autosize = 0, tempsize = 4, incstack = 0, save=0
  1002                           
  1003                           
  1004                           ;Call graph:                      Base Space Used Autos Args Refs Density
  1005                           ;_main                                               18    0   69   0.00
  1006                           ;                                    2 COMMO    4
  1007                           ;                                    0 BANK0   14
  1008                           ;         _time_delay
  1009                           ;  _time_delay                                        0    2   16   0.00
  1010                           ;                                    0 COMMO    2
  1011                           ; Estimated maximum call depth 1
  1012                           ; Address spaces:
  1013                           
  1014                           ;Name               Size   Autos  Total    Cost      Usage
  1015                           ;BITCOMMON            E      0       0       0        0.0%
  1016                           ;CODE                 0      0       0       0        0.0%
  1017                           ;NULL                 0      0       0       0        0.0%
  1018                           ;COMMON               E      6       6       1       42.9%
  1019                           ;SFR0                 0      0       0       1        0.0%
  1020                           ;BITSFR0              0      0       0       1        0.0%
  1021                           ;BITSFR1              0      0       0       2        0.0%
  1022                           ;SFR1                 0      0       0       2        0.0%
  1023                           ;ABS                  0      0      1E       2        0.0%
  1024                           ;STACK                0      0       0       3        0.0%
  1025                           ;BITBANK0            50      0       0       4        0.0%
  1026                           ;SFR3                 0      0       0       4        0.0%
  1027                           ;BITSFR3              0      0       0       4        0.0%
  1028                           ;BANK0               50      E      18       5       30.0%
  1029                           ;BITSFR2              0      0       0       5        0.0%
  1030                           ;SFR2                 0      0       0       5        0.0%
  1031                           ;BITBANK1            50      0       0       6        0.0%
  1032                           ;BANK1               50      0       0       7        0.0%
  1033                           ;BITBANK3            60      0       0       8        0.0%
  1034                           ;BANK3               60      0       0       9        0.0%
  1035                           ;BITBANK2            60      0       0      10        0.0%
  1036                           ;BANK2               60      0       0      11        0.0%
  1037                           ;DATA                 0      0      1E      12        0.0%
  1038                           ;EEDATA             100      0       0    1000        0.0%
  1039                           
  1040                           	global	_main
  1041                           psect	maintext,local,class=CODE,delta=2
  1042                           global __pmaintext
  1043  078C                     __pmaintext:
  1044                           
  1045                           ; *************** function _main *****************
  1046                           ; Defined at:
  1047                           ;		line 10 in file "C:\Users\gowth\Documents\PIC Programs\7 segment\Single\7 Segment Bas
                                 ic\7 segment Basic.c"
  1048                           ; Parameters:    Size  Location     Type
  1049                           ;		None
  1050                           ; Auto vars:     Size  Location     Type
  1051                           ;  number         10    0[BANK0 ] unsigned char [10]
  1052                           ;  j               2   10[BANK0 ] int 
  1053                           ;  i               2   12[BANK0 ] int 
  1054                           ; Return value:  Size  Location     Type
  1055                           ;		None               void
  1056                           ; Registers used:
  1057                           ;		wreg, fsr0l, fsr0h, status,2, status,0, pclath, cstack
  1058                           ; Tracked objects:
  1059                           ;		On entry : 17F/0
  1060                           ;		On exit  : 0/0
  1061                           ;		Unchanged: 0/0
  1062                           ; Data sizes:     COMMON   BANK0   BANK1   BANK3   BANK2
  1063                           ;      Locals:         4      14       0       0       0
  1064                           ;      Temp:     4
  1065                           ;      Total:   18
  1066                           ; This function calls:
  1067                           ;		_time_delay
  1068                           ; This function is called by:
  1069                           ;		Startup code after reset
  1070                           ; This function uses a non-reentrant model
  1071                           ; 
  1072                           psect	maintext
  1073                           	file	"C:\Users\gowth\Documents\PIC Programs\7 segment\Single\7 Segment Basic\7 segment 
                                 Basic.c"
  1074                           	line	10
  1075                           	global	__size_of_main
  1076  0074                     	__size_of_main	equ	__end_of_main-_main
  1077                           ;7 segment Basic.c: 9: void main()
  1078                           ;7 segment Basic.c: 10: {
  1079                           	
  1080  078C                     _main:	
  1081                           	opt stack 8
  1082                           ; Regs used in _main: [wreg-fsr0h+status,2+status,0+pclath+cstack]
  1083                           	line	12
  1084                           	
  1085  078C                     l30000517:	
  1086                           ;7 segment Basic.c: 12: TRISA=0X00;
  1087  078C  1003               	clrc
  1088  078D  3000               	movlw	0
  1089  078E  1803               	btfsc	status,0
  1090  078F  3001               	movlw	1
  1091  0790  1683               	bsf	status, 5	;RP0=1, select bank1
  1092  0791  1303               	bcf	status, 6	;RP1=0, select bank1
  1093  0792  0085               	movwf	(133)^080h	;volatile
  1094                           	line	13
  1095                           ;7 segment Basic.c: 13: TRISB=0X00;
  1096  0793  1003               	clrc
  1097  0794  3000               	movlw	0
  1098  0795  1803               	btfsc	status,0
  1099  0796  3001               	movlw	1
  1100  0797  0086               	movwf	(134)^080h	;volatile
  1101                           	line	14
  1102                           ;7 segment Basic.c: 14: PORTA=0X00;
  1103  0798  1003               	clrc
  1104  0799  3000               	movlw	0
  1105  079A  1803               	btfsc	status,0
  1106  079B  3001               	movlw	1
  1107  079C  1283               	bcf	status, 5	;RP0=0, select bank0
  1108  079D  1303               	bcf	status, 6	;RP1=0, select bank0
  1109  079E  0085               	movwf	(5)	;volatile
  1110                           	line	15
  1111                           ;7 segment Basic.c: 15: PORTB=0X00;
  1112  079F  1003               	clrc
  1113  07A0  3000               	movlw	0
  1114  07A1  1803               	btfsc	status,0
  1115  07A2  3001               	movlw	1
  1116  07A3  0086               	movwf	(6)	;volatile
  1117                           	line	17
  1118                           ;7 segment Basic.c: 17: ANSEL=0;
  1119  07A4  1003               	clrc
  1120  07A5  3000               	movlw	0
  1121  07A6  1803               	btfsc	status,0
  1122  07A7  3001               	movlw	1
  1123  07A8  1683               	bsf	status, 5	;RP0=1, select bank3
  1124  07A9  1703               	bsf	status, 6	;RP1=1, select bank3
  1125  07AA  0088               	movwf	(392)^0180h
  1126                           	line	18
  1127                           ;7 segment Basic.c: 18: ANSELH=0;
  1128  07AB  1003               	clrc
  1129  07AC  3000               	movlw	0
  1130  07AD  1803               	btfsc	status,0
  1131  07AE  3001               	movlw	1
  1132  07AF  0089               	movwf	(393)^0180h
  1133                           	
  1134  07B0                     l30000518:	
  1135                           	line	20
  1136                           ;7 segment Basic.c: 20: char number[]={0X3F,0X06,0X5B,0X4F,0X66,0X6D,0X7D,0X07,0X7F,0X67
                                 };
  1137  07B0  3020               	movlw	(main@number)&0ffh
  1138  07B1  0084               	movwf	fsr0
  1139  07B2  302E               	movlw	main@F771&0ffh
  1140  07B3  00F2               	movwf	(??_main+0+0)
  1141  07B4  0804               	movf	fsr0,w
  1142  07B5  00F3               	movwf	(??_main+0+0+1)
  1143  07B6  300A               	movlw	10
  1144  07B7  00F4               	movwf	(??_main+0+0+2)
  1145  07B8                     u40:
  1146  07B8  0872               	movf	(??_main+0+0),w
  1147  07B9  0084               	movwf	fsr0
  1148  07BA  1383               	bcf	status, 7	;select IRP bank0
  1149                           	
  1150  07BB  0800               	movf	indf,w
  1151  07BC  00F5               	movwf	(??_main+0+0+3)
  1152  07BD  0AF2               	incf	(??_main+0+0),f
  1153  07BE  0873               	movf	(??_main+0+0+1),w
  1154  07BF  0084               	movwf	fsr0
  1155  07C0  0875               	movf	(??_main+0+0+3),w
  1156  07C1  0080               	movwf	indf
  1157  07C2  0AF3               	incf	(??_main+0+0+1),f
  1158  07C3  0BF4               	decfsz	(??_main+0+0+2),f
  1159  07C4  2FB8               	goto	u40
  1160                           	
  1161  07C5                     l30000519:	
  1162                           	line	28
  1163                           ;7 segment Basic.c: 26: {
  1164                           ;7 segment Basic.c: 28: for(i=0,j=0;i<10,j<10;i++,j++)
  1165  07C5  3000               	movlw	low(0)
  1166  07C6  1283               	bcf	status, 5	;RP0=0, select bank0
  1167  07C7  1303               	bcf	status, 6	;RP1=0, select bank0
  1168  07C8  00AC               	movwf	(main@i)
  1169  07C9  3000               	movlw	high(0)
  1170  07CA  00AD               	movwf	((main@i))+1
  1171                           	
  1172  07CB                     l30000520:	
  1173  07CB  3000               	movlw	low(0)
  1174  07CC  00AA               	movwf	(main@j)
  1175  07CD  3000               	movlw	high(0)
  1176  07CE  00AB               	movwf	((main@j))+1
  1177  07CF  2FEF               	goto	l30000525
  1178                           	
  1179  07D0                     l30000521:	
  1180                           	line	30
  1181                           ;7 segment Basic.c: 29: {
  1182                           ;7 segment Basic.c: 30: PORTB=number[i];
  1183  07D0  1283               	bcf	status, 5	;RP0=0, select bank0
  1184  07D1  1303               	bcf	status, 6	;RP1=0, select bank0
  1185  07D2  082C               	movf	(main@i),w
  1186  07D3  3E20               	addlw	(main@number)&0ffh
  1187  07D4  0084               	movwf	fsr0
  1188  07D5  1383               	bcf	status, 7	;select IRP bank0
  1189  07D6  0800               	movf	indf,w
  1190  07D7  0086               	movwf	(6)	;volatile
  1191                           	
  1192  07D8                     l30000522:	
  1193                           	line	32
  1194                           ;7 segment Basic.c: 32: time_delay(30000);
  1195  07D8  3030               	movlw	low(07530h)
  1196  07D9  00F0               	movwf	(?_time_delay)
  1197  07DA  3075               	movlw	high(07530h)
  1198  07DB  00F1               	movwf	((?_time_delay))+1
  1199  07DC  120A  118A  2758   	fcall	_time_delay
              120A  118A         
  1200                           	
  1201  07E1                     l30000523:	
  1202                           	line	28
  1203  07E1  3001               	movlw	low(01h)
  1204  07E2  1283               	bcf	status, 5	;RP0=0, select bank0
  1205  07E3  1303               	bcf	status, 6	;RP1=0, select bank0
  1206  07E4  07AC               	addwf	(main@i),f
  1207  07E5  1803               	skipnc
  1208  07E6  0AAD               	incf	(main@i+1),f
  1209  07E7  3000               	movlw	high(01h)
  1210  07E8  07AD               	addwf	(main@i+1),f
  1211                           	
  1212  07E9                     l30000524:	
  1213  07E9  3001               	movlw	low(01h)
  1214  07EA  07AA               	addwf	(main@j),f
  1215  07EB  1803               	skipnc
  1216  07EC  0AAB               	incf	(main@j+1),f
  1217  07ED  3000               	movlw	high(01h)
  1218  07EE  07AB               	addwf	(main@j+1),f
  1219                           	
  1220  07EF                     l30000525:	
  1221  07EF  082B               	movf	(main@j+1),w
  1222  07F0  3A80               	xorlw	80h
  1223  07F1  00F2               	movwf	(??_main+0+0)
  1224  07F2  3080               	movlw	(high(0Ah))^80h
  1225  07F3  0272               	subwf	(??_main+0+0),w
  1226  07F4  1D03               	skipz
  1227  07F5  2FF8               	goto	u55
  1228  07F6  300A               	movlw	low(0Ah)
  1229  07F7  022A               	subwf	(main@j),w
  1230  07F8                     u55:
  1231                           
  1232  07F8  1C03               	skipc
  1233  07F9  2FFB               	goto	u51
  1234  07FA  2FFC               	goto	u50
  1235  07FB                     u51:
  1236  07FB  2FD0               	goto	l30000521
  1237  07FC                     u50:
  1238  07FC  2FC5               	goto	l30000519
  1239                           	global	start
  1240  07FD  120A  118A  2800   	ljmp	start
  1241                           	opt stack 0
  1242                           GLOBAL	__end_of_main
  1243  0800                     	__end_of_main:
  1244                           ; =============== function _main ends ============
  1245                           
  1246                           psect	maintext
  1247                           	line	37
  1248                           	signat	_main,88
  1249                           	global	_time_delay
  1250                           psect	text12,local,class=CODE,delta=2
  1251                           global __ptext12
  1252  0758                     __ptext12:
  1253                           
  1254                           ; *************** function _time_delay *****************
  1255                           ; Defined at:
  1256                           ;		line 5 in file "C:\Users\gowth\Documents\PIC Programs\7 segment\Single\7 Segment Basi
                                 c\7 segment Basic.c"
  1257                           ; Parameters:    Size  Location     Type
  1258                           ;  x               2    0[COMMON] int 
  1259                           ; Auto vars:     Size  Location     Type
  1260                           ;		None
  1261                           ; Return value:  Size  Location     Type
  1262                           ;		None               void
  1263                           ; Registers used:
  1264                           ;		wreg
  1265                           ; Tracked objects:
  1266                           ;		On entry : 0/0
  1267                           ;		On exit  : 0/0
  1268                           ;		Unchanged: 0/0
  1269                           ; Data sizes:     COMMON   BANK0   BANK1   BANK3   BANK2
  1270                           ;      Locals:         2       0       0       0       0
  1271                           ;      Temp:     0
  1272                           ;      Total:    2
  1273                           ; This function calls:
  1274                           ;		Nothing
  1275                           ; This function is called by:
  1276                           ;		_main
  1277                           ; This function uses a non-reentrant model
  1278                           ; 
  1279                           psect	text12
  1280                           	file	"C:\Users\gowth\Documents\PIC Programs\7 segment\Single\7 Segment Basic\7 segment 
                                 Basic.c"
  1281                           	line	5
  1282                           	global	__size_of_time_delay
  1283  0011                     	__size_of_time_delay	equ	__end_of_time_delay-_time_delay
  1284                           ;7 segment Basic.c: 2: asm("\tpsect config,class=CONFIG,delta=2"); asm("\tdw ""0X2CE4");
  1285                           ;7 segment Basic.c: 4: void time_delay(int x)
  1286                           ;7 segment Basic.c: 5: {
  1287                           	
  1288  0758                     _time_delay:	
  1289                           	opt stack 7
  1290                           ; Regs used in _time_delay: [wreg]
  1291                           	
  1292  0758                     l30000526:	
  1293                           	
  1294  0758                     l30000527:	
  1295                           	line	6
  1296  0758  30FF               	movlw	low(-1)
  1297  0759  07F0               	addwf	(time_delay@x),f
  1298  075A  1803               	skipnc
  1299  075B  0AF1               	incf	(time_delay@x+1),f
  1300  075C  30FF               	movlw	high(-1)
  1301  075D  07F1               	addwf	(time_delay@x+1),f
  1302  075E  30FF               	movlw	high(-1)
  1303  075F  0671               	xorwf	((time_delay@x+1))&07fh,w
  1304  0760  1D03               	skipz
  1305  0761  2F64               	goto	u65
  1306  0762  30FF               	movlw	low(-1)
  1307  0763  0670               	xorwf	((time_delay@x))&07fh,w
  1308  0764                     u65:
  1309                           
  1310  0764  1D03               	skipz
  1311  0765  2F67               	goto	u61
  1312  0766  2F68               	goto	u60
  1313  0767                     u61:
  1314  0767  2F58               	goto	l30000527
  1315  0768                     u60:
  1316                           	
  1317  0768                     l1:	
  1318  0768  0008               	return
  1319                           	opt stack 0
  1320                           GLOBAL	__end_of_time_delay
  1321  0769                     	__end_of_time_delay:
  1322                           ; =============== function _time_delay ends ============
  1323                           
  1324                           psect	text13,local,class=CODE,delta=2
  1325                           global __ptext13
  1326  0003                     __ptext13:
  1327                           	line	7
  1328                           	signat	_time_delay,4216
  1329                           	global	btemp
  1330  007E                     	btemp set 07Eh


HI-TECH Software PICC Macro Assembler V9.70 build 5239 
Symbol Table                                                                                   Mon Apr 10 11:25:01 2023

                   l1 0768                     pc 0002                    _DA 04A5                    _BF 04A0  
                  _DC 0019                    _PD 001B                    _RD 0C60                    _UA 04A1  
                  u40 07B8                    u50 07FC                    u51 07FB                    u60 0768  
                  u61 0767                    u55 07F8                    _TO 001C                    u65 0764  
                  _RW 04A2                    _WR 0C61                    fsr 0004                   _C1R 083A  
                 _C2R 0842                   _CKE 04A6                   _CKP 00A4                   _GIE 005F  
                 _BOR 0470                   _RA0 0028                   _RA1 0029                   _RB0 0030  
                 _RA2 002A                   _RB1 0031                   _RA3 002B                   _RC0 0038  
                 _RB2 0032                   _RA4 002C                   _RC1 0039                   _RB3 0033  
                 _RA5 002D                   _RD0 0040                   _RC2 003A                   _RB4 0034  
                 _RA6 002E                   _RD1 0041                   _RC3 003B                   _RB5 0035  
                 _RA7 002F                   _RE0 0048                   _RD2 0042                   _RC4 003C  
                 _RB6 0036                   _RE1 0049                   _RD3 0043                   _RC5 003D  
                 _RB7 0037                   _RE2 004A                   _RD4 0044                   _RC6 003E  
                 _RE3 004B                   _RD5 0045                   _RC7 003F                   _RD6 0046  
                 _RD7 0047                   _FSR 0004                   _PCL 0002                   _PS0 0408  
                 _PR2 0092                   _PS1 0409                   _PS2 040A                   _PEN 048A  
                 _RP0 001D                   _IRP 001F                   _RP1 001E                   _HTS 047A  
                 _SR0 0C2E                   _SR1 0C2F                   _SEN 0488                   _SCS 0478  
                 _PSA 040B                   _LTS 0479                   _VR0 04B8                   _VR1 04B9  
                 _VR2 04BA                   _VR3 04BB                   _POR 0471                   _RX9 00C6  
                 _SMP 04A7                   _TX9 04C6                   _WUE 0C39                   _VRR 04BD  
                 fsr0 0004                   indf 0000            _time_delay 0758    __end_of_time_delay 0769  
                _C1IE 046D                  _C1IF 006D                  _C2IE 046E                  _C2IF 006E  
                _C1OE 083D                  _C2OE 0845                  _C1ON 083F                  _C2ON 0847  
                _ADIE 0466                  _ADIF 0066                  _ADFM 04FF              __ptext12 0758  
            __ptext13 0003                  _ADON 00F8                  _P1M0 00BE                  _CHS0 00FA  
                _P1M1 00BF                  _CHS1 00FB                  _CHS2 00FC                  _CHS3 00FD  
                _EEIE 046C                  _EEIF 006C                  _ANS0 0C40                  _BRG0 04C8  
                _ANS1 0C41                  _BRG1 04C9                  _ANS2 0C42                  _BRG2 04CA  
                _ANS3 0C43                  _BRG3 04CB                  _ANS4 0C44                  _BRG4 04CC  
                _ANS5 0C45                  _BRG5 04CD                  _ANS6 0C46                  _GCEN 048F  
                _BRG6 04CE                  _ANS7 0C47                  _BRG7 04CF                  _ANS8 0C48  
                _BRG8 04D0                  _ANS9 0C49                  _BRG9 04D1                  _BRGH 04C2  
                _T0IE 005D                  _T0IF 005A                  _CREN 00C4                  _T0CS 040D  
                _FERR 00C2                  _PDC0 04D8                  _PDC1 04D9                  _PDC2 04DA  
                _PDC3 04DB                  _PDC4 04DC                  _T0SE 040C                  _PDC5 04DD  
                _CSRC 04C7                  _PDC6 04DE                  _IOCB 0096                  _INDF 0000  
                _PIE1 008C                  _PIE2 008D                  _PEIE 005E                  _INTE 005C  
                _INTF 0059                  _RBIE 005B                  _RBIF 0058                  _RCIE 0465  
                _RCEN 048B                  _RCIF 0065                  _PCON 008E                  _PIR1 000C  
                _PIR2 000D                  _OERR 00C1                  _SCKP 0C3C                  _RBPU 040F  
        __pidataBANK0 074E                  _RX9D 00C0                  _TMR0 0001                  _TMR2 0011  
                _WCOL 00A7                  _SPEN 00C7                  _RSEN 0489                  _TX9D 04C0  
                _SREN 00C5                  _OSTS 047B                  _TUN0 0480                  _TUN1 0481  
                _TUN2 0482                  _TUN3 0483                  _TUN4 0484                  _STRA 04E8  
                _STRB 04E9                  _STRC 04EA                  _VREN 04BF                  _STRD 04EB  
                _TRMT 04C1                  _STOP 04A4                  _TXIE 0464                  _ZERO 001A  
                _WREN 0C62                  _TXEN 04C5                  _TXIF 0064                  _VROE 04BE  
                _SYNC 04C4                  _WPUB 0095                  _VRSS 04BC                  _main 078C  
         ?_time_delay 0070                  btemp 007E                  start 0000           time_delay@x 0070  
 start_initialization 077A              main@F771 002E               _CM1CON0 0107               _CM2CON0 0108  
             _CCP1CON 0017               _CM2CON1 0109               _CCP2CON 001D               _ACKSTAT 048E  
             _BAUDCTL 0187               _ECCPAS0 04E4               _ECCPAS1 04E5               _ECCPAS2 04E6  
             _ECCPASE 04E7                 _C1CH0 0838                 _C1CH1 0839                 _C2CH0 0840  
               _C2CH1 0841                 _DC1B0 00BC                 _DC1B1 00BD                 _C1SEN 0C2D  
               _C2REN 0C2C                 _C1POL 083C                 _C2POL 0844                 _C1OUT 083E  
               _C2OUT 0846                 _ABDEN 0C38                 _ADCS0 00FE                 _ADCS1 00FF  
               _ADDEN 00C3                 ?_main 0076                 _ACKEN 048C                 _ACKDT 048D  
               _BCLIE 046B                 _BCLIF 006B                 _CCP2X 00ED                 _CCP2Y 00EC  
               _EEADR 010D                 _ANS10 0C4A                 _EEDAT 010C                 _BRG10 04D2  
               _ANS11 0C4B                 _BRG11 04D3                 _ANS12 0C4C                 _BRG12 04D4  
               _ANS13 0C4D                 _BRG13 04D5                 _BRG14 04D6                 _BRG15 04D7  
               _BRG16 0C3B          ??_time_delay 0070                 _CARRY 0018                 _EEPGD 0C67  
               _ANSEL 0188                 _T1CON 0010                 _IOCB0 04B0                 _T2CON 0012  
               _IOCB1 04B1                 _IOCB2 04B2                 _IOCB3 04B3                 _IOCB4 04B4  
               _IOCB5 04B5                 _IOCB6 04B6            main@number 0020                 _IOCB7 04B7  
               _T1GSS 0849               _T1CKPS0 0084               _T1CKPS1 0085                 _IRCF0 047C  
               _IRCF1 047D                 _IRCF2 047E               _T2CKPS0 0090               _T2CKPS1 0091  
               _RABIE 005B                 _RABIF 0058                 _RABPU 040F                 _RCIDL 0C3E  
               _FVREN 0C28                 _VCFG0 04FC                 _VCFG1 04FD                 _RCREG 001A  
               _SENDB 04C3                 _RCSTA 0018                 _OSFIE 046F                 _OSFIF 006F  
               _TMR1H 000F                 _TMR1L 000E                 _SPBRG 0099                 _PORTA 0005  
               _PORTB 0006               _T1OSCEN 0083                 _PORTC 0007                 _PORTD 0008  
               _PORTE 0009                 _PRSEN 04DF                 _SRCON 0185                 _START 04A3  
               _PULSR 0C2A                 _PULSS 0C2B                 _SSPM0 00A0                 _SSPM1 00A1  
               _SSPM2 00A2                 _SSPM3 00A3                 _TRISA 0085                 _TRISB 0086  
               _TRISC 0087                 _TRISD 0088                 _SSPIE 0463                 _TRISE 0089  
               _SSPIF 0063                 _SSPEN 00A5                 _VRCON 0097                 _WPUB0 04A8  
               _WPUB1 04A9                 _WPUB2 04AA                 _WPUB3 04AB                 _WPUB4 04AC  
               _SSPOV 00A6                 _WPUB5 04AD                 _WPUB6 04AE                 _WPUB7 04AF  
               _WRERR 0C63                 _TXREG 0019                 _TXSTA 0098        __pcstackCOMMON 0070  
             _OSCTUNE 0090               _PWM1CON 009B               _PSTRCON 009D               _SSPCON2 0091  
               main@i 002C                 main@j 002A               _ULPWUIE 046A               _ULPWUIF 006A  
             _SSPSTAT 0094               _TOUTPS0 0093               _TOUTPS1 0094               _TOUTPS2 0095  
             _TOUTPS3 0096               _STRSYNC 04EC                 pclath 000A                 status 0003  
       __size_of_main 0074              l30000520 07CB              l30000521 07D0              l30000522 07D8  
            l30000523 07E1              l30000524 07E9              l30000525 07EF              l30000517 078C  
            l30000526 0758              l30000518 07B0              l30000527 0758              l30000519 07C5  
              ??_main 0072            __pmaintext 078C                _C1RSEL 084D                _C2RSEL 084C  
              _C2SYNC 0848                _ADCON0 001F                _ADCON1 009F                _ABDOVF 0C3F  
              _CCP1M0 00B8                _CCP1M1 00B9                _CCP1M2 00BA                _CCP1M3 00BB  
              _CCP2M0 00E8                _CCP2M1 00E9                _CCP2M2 00EA                _CCP2M3 00EB  
              _CCP1IE 0462                _CCP1IF 0062                _CCP2IE 0468                _CCP2IF 0068  
              _ADRESH 001E                _EEADRH 010F                _ADRESL 009E                _EEADRL 010D  
              _EEDATA 010C                _ECCPAS 009C                _CCPR1H 0016                _EEDATH 010E  
              _CCPR2H 001C                _CCPR1L 0015                _CCPR2L 001B                _EECON1 018C  
              _EECON2 018D                _ANSELH 0189                _MC1OUT 084F                _MC2OUT 084E  
        __end_of_main 0800                _T1GINV 0087                _GODONE 00F9  end_of_initialization 0788  
              _T1SYNC 0082                _INTEDG 040E                _PCLATH 000A                _INTCON 000B  
       __pcstackBANK0 0020                _SBOREN 0474                _OSCCON 008F                _TMR1GE 0086  
              _TMR1IE 0460                _TMR1IF 0060                _TMR1CS 0081                _TMR2IE 0461  
              _TMR2IF 0061                _PSSAC0 04E2                _PSSAC1 04E3                _PSSBD0 04E0  
              _PSSBD1 04E1                _SPBRGH 009A                _OPTION 0081                _TMR1ON 0080  
              _TMR2ON 0092                _WDTCON 0105                _WDTPS0 0829                _WDTPS1 082A  
              _WDTPS2 082B                _WDTPS3 082C                _SSPADD 0093                _TRISA0 0428  
              _TRISA1 0429                _TRISB0 0430                _TRISA2 042A                _TRISB1 0431  
              _TRISA3 042B                _TRISC0 0438                _TRISB2 0432                _TRISA4 042C  
              _TRISC1 0439                _TRISB3 0433                _TRISA5 042D                _TRISD0 0440  
              _TRISC2 043A                _TRISB4 0434                _TRISA6 042E                _TRISD1 0441  
              _TRISC3 043B                _TRISB5 0435                _TRISA7 042F                _TRISE0 0448  
              _TRISD2 0442                _TRISC4 043C                _TRISB6 0436                _TRISE1 0449  
              _TRISD3 0443                _TRISC5 043D                _TRISB7 0437                _TRISE2 044A  
              _TRISD4 0444                _TRISC6 043E                _TRISE3 044B                _TRISD5 0445  
              _TRISC7 043F                _TRISD6 0446                _TRISD7 0447                _STATUS 0003  
              _SSPCON 0014                _SSPBUF 0013               init_ram 076D                _SWDTEN 0828  
              _ULPWUE 0475                _SSPMSK 0093   __size_of_time_delay 0011             init_fetch 0769  
         __pdataBANK0 002E  
