

HI-TECH Software PIC LITE Macro Assembler V9.70 build 5239 
                                                                                               Thu Mar 16 14:53:15 2023

HI-TECH Software Omniscient Code Generator (Lite mode) build 5239
     1  0000                     opt subtitle "HI-TECH Software Omniscient Code Generator (Lite mode) build 5239"
     2                           
     3                           opt pagewidth 120
     4                           
     5                           	opt lm
     6                           
     7                           	processor	16F887
     8                           clrc	macro
     9                           	bcf	3,0
    10  0000                     	endm
    11                           clrz	macro
    12                           	bcf	3,2
    13  0000                     	endm
    14                           setc	macro
    15                           	bsf	3,0
    16  0000                     	endm
    17                           setz	macro
    18                           	bsf	3,2
    19  0000                     	endm
    20                           skipc	macro
    21                           	btfss	3,0
    22  0000                     	endm
    23                           skipz	macro
    24                           	btfss	3,2
    25  0000                     	endm
    26                           skipnc	macro
    27                           	btfsc	3,0
    28  0000                     	endm
    29                           skipnz	macro
    30                           	btfsc	3,2
    31  0000                     	endm
    32  0000                     indf	equ	0
    33  0000                     indf0	equ	0
    34  0002                     pc	equ	2
    35  0002                     pcl	equ	2
    36  0003                     status	equ	3
    37  0004                     fsr	equ	4
    38  0004                     fsr0	equ	4
    39  0001                     c	equ	1
    40  0000                     z	equ	0
    41  000A                     pclath	equ	10
    42                           	FNROOT	_main
    43                           	global	main@count1
    44                           	global	main@count2
    45                           	global	_ADCON0
    46                           psect	maintext,local,class=CODE,delta=2
    47                           global __pmaintext
    48  073B                     __pmaintext:
    49  001F                     _ADCON0  equ     31
    50                           	global	_ADRESH
    51  001E                     _ADRESH  equ     30
    52                           	global	_CCP1CON
    53  0017                     _CCP1CON  equ     23
    54                           	global	_CCP2CON
    55  001D                     _CCP2CON  equ     29
    56                           	global	_CCPR1H
    57  0016                     _CCPR1H  equ     22
    58                           	global	_CCPR1L
    59  0015                     _CCPR1L  equ     21
    60                           	global	_CCPR2H
    61  001C                     _CCPR2H  equ     28
    62                           	global	_CCPR2L
    63  001B                     _CCPR2L  equ     27
    64                           	global	_FSR
    65  0004                     _FSR  equ     4
    66                           	global	_INDF
    67  0000                     _INDF  equ     0
    68                           	global	_INTCON
    69  000B                     _INTCON  equ     11
    70                           	global	_PCL
    71  0002                     _PCL  equ     2
    72                           	global	_PCLATH
    73  000A                     _PCLATH  equ     10
    74                           	global	_PIR1
    75  000C                     _PIR1  equ     12
    76                           	global	_PIR2
    77  000D                     _PIR2  equ     13
    78                           	global	_PORTA
    79  0005                     _PORTA  equ     5
    80                           	global	_PORTB
    81  0006                     _PORTB  equ     6
    82                           	global	_PORTC
    83  0007                     _PORTC  equ     7
    84                           	global	_PORTD
    85  0008                     _PORTD  equ     8
    86                           	global	_PORTE
    87  0009                     _PORTE  equ     9
    88                           	global	_RCREG
    89  001A                     _RCREG  equ     26
    90                           	global	_RCSTA
    91  0018                     _RCSTA  equ     24
    92                           	global	_SSPBUF
    93  0013                     _SSPBUF  equ     19
    94                           	global	_SSPCON
    95  0014                     _SSPCON  equ     20
    96                           	global	_STATUS
    97  0003                     _STATUS  equ     3
    98                           	global	_T1CON
    99  0010                     _T1CON  equ     16
   100                           	global	_T2CON
   101  0012                     _T2CON  equ     18
   102                           	global	_TMR0
   103  0001                     _TMR0  equ     1
   104                           	global	_TMR1H
   105  000F                     _TMR1H  equ     15
   106                           	global	_TMR1L
   107  000E                     _TMR1L  equ     14
   108                           	global	_TMR2
   109  0011                     _TMR2  equ     17
   110                           	global	_TXREG
   111  0019                     _TXREG  equ     25
   112                           	global	_ADCS0
   113  00FE                     _ADCS0  equ     254
   114                           	global	_ADCS1
   115  00FF                     _ADCS1  equ     255
   116                           	global	_ADDEN
   117  00C3                     _ADDEN  equ     195
   118                           	global	_ADIF
   119  0066                     _ADIF  equ     102
   120                           	global	_ADON
   121  00F8                     _ADON  equ     248
   122                           	global	_BCLIF
   123  006B                     _BCLIF  equ     107
   124                           	global	_C1IF
   125  006D                     _C1IF  equ     109
   126                           	global	_C2IF
   127  006E                     _C2IF  equ     110
   128                           	global	_CARRY
   129  0018                     _CARRY  equ     24
   130                           	global	_CCP1IF
   131  0062                     _CCP1IF  equ     98
   132                           	global	_CCP1M0
   133  00B8                     _CCP1M0  equ     184
   134                           	global	_CCP1M1
   135  00B9                     _CCP1M1  equ     185
   136                           	global	_CCP1M2
   137  00BA                     _CCP1M2  equ     186
   138                           	global	_CCP1M3
   139  00BB                     _CCP1M3  equ     187
   140                           	global	_CCP2IF
   141  0068                     _CCP2IF  equ     104
   142                           	global	_CCP2M0
   143  00E8                     _CCP2M0  equ     232
   144                           	global	_CCP2M1
   145  00E9                     _CCP2M1  equ     233
   146                           	global	_CCP2M2
   147  00EA                     _CCP2M2  equ     234
   148                           	global	_CCP2M3
   149  00EB                     _CCP2M3  equ     235
   150                           	global	_CCP2X
   151  00ED                     _CCP2X  equ     237
   152                           	global	_CCP2Y
   153  00EC                     _CCP2Y  equ     236
   154                           	global	_CHS0
   155  00FA                     _CHS0  equ     250
   156                           	global	_CHS1
   157  00FB                     _CHS1  equ     251
   158                           	global	_CHS2
   159  00FC                     _CHS2  equ     252
   160                           	global	_CHS3
   161  00FD                     _CHS3  equ     253
   162                           	global	_CKP
   163  00A4                     _CKP  equ     164
   164                           	global	_CREN
   165  00C4                     _CREN  equ     196
   166                           	global	_DC
   167  0019                     _DC  equ     25
   168                           	global	_DC1B0
   169  00BC                     _DC1B0  equ     188
   170                           	global	_DC1B1
   171  00BD                     _DC1B1  equ     189
   172                           	global	_EEIF
   173  006C                     _EEIF  equ     108
   174                           	global	_FERR
   175  00C2                     _FERR  equ     194
   176                           	global	_GIE
   177  005F                     _GIE  equ     95
   178                           	global	_GODONE
   179  00F9                     _GODONE  equ     249
   180                           	global	_INTE
   181  005C                     _INTE  equ     92
   182                           	global	_INTF
   183  0059                     _INTF  equ     89
   184                           	global	_IRP
   185  001F                     _IRP  equ     31
   186                           	global	_OERR
   187  00C1                     _OERR  equ     193
   188                           	global	_OSFIF
   189  006F                     _OSFIF  equ     111
   190                           	global	_P1M0
   191  00BE                     _P1M0  equ     190
   192                           	global	_P1M1
   193  00BF                     _P1M1  equ     191
   194                           	global	_PD
   195  001B                     _PD  equ     27
   196                           	global	_PEIE
   197  005E                     _PEIE  equ     94
   198                           	global	_RA0
   199  0028                     _RA0  equ     40
   200                           	global	_RA1
   201  0029                     _RA1  equ     41
   202                           	global	_RA2
   203  002A                     _RA2  equ     42
   204                           	global	_RA3
   205  002B                     _RA3  equ     43
   206                           	global	_RA4
   207  002C                     _RA4  equ     44
   208                           	global	_RA5
   209  002D                     _RA5  equ     45
   210                           	global	_RA6
   211  002E                     _RA6  equ     46
   212                           	global	_RA7
   213  002F                     _RA7  equ     47
   214                           	global	_RABIE
   215  005B                     _RABIE  equ     91
   216                           	global	_RABIF
   217  0058                     _RABIF  equ     88
   218                           	global	_RB0
   219  0030                     _RB0  equ     48
   220                           	global	_RB1
   221  0031                     _RB1  equ     49
   222                           	global	_RB2
   223  0032                     _RB2  equ     50
   224                           	global	_RB3
   225  0033                     _RB3  equ     51
   226                           	global	_RB4
   227  0034                     _RB4  equ     52
   228                           	global	_RB5
   229  0035                     _RB5  equ     53
   230                           	global	_RB6
   231  0036                     _RB6  equ     54
   232                           	global	_RB7
   233  0037                     _RB7  equ     55
   234                           	global	_RBIE
   235  005B                     _RBIE  equ     91
   236                           	global	_RBIF
   237  0058                     _RBIF  equ     88
   238                           	global	_RC0
   239  0038                     _RC0  equ     56
   240                           	global	_RC1
   241  0039                     _RC1  equ     57
   242                           	global	_RC2
   243  003A                     _RC2  equ     58
   244                           	global	_RC3
   245  003B                     _RC3  equ     59
   246                           	global	_RC4
   247  003C                     _RC4  equ     60
   248                           	global	_RC5
   249  003D                     _RC5  equ     61
   250                           	global	_RC6
   251  003E                     _RC6  equ     62
   252                           	global	_RC7
   253  003F                     _RC7  equ     63
   254                           	global	_RCIF
   255  0065                     _RCIF  equ     101
   256                           	global	_RD0
   257  0040                     _RD0  equ     64
   258                           	global	_RD1
   259  0041                     _RD1  equ     65
   260                           	global	_RD2
   261  0042                     _RD2  equ     66
   262                           	global	_RD3
   263  0043                     _RD3  equ     67
   264                           	global	_RD4
   265  0044                     _RD4  equ     68
   266                           	global	_RD5
   267  0045                     _RD5  equ     69
   268                           	global	_RD6
   269  0046                     _RD6  equ     70
   270                           	global	_RD7
   271  0047                     _RD7  equ     71
   272                           	global	_RE0
   273  0048                     _RE0  equ     72
   274                           	global	_RE1
   275  0049                     _RE1  equ     73
   276                           	global	_RE2
   277  004A                     _RE2  equ     74
   278                           	global	_RE3
   279  004B                     _RE3  equ     75
   280                           	global	_RP0
   281  001D                     _RP0  equ     29
   282                           	global	_RP1
   283  001E                     _RP1  equ     30
   284                           	global	_RX9
   285  00C6                     _RX9  equ     198
   286                           	global	_RX9D
   287  00C0                     _RX9D  equ     192
   288                           	global	_SPEN
   289  00C7                     _SPEN  equ     199
   290                           	global	_SREN
   291  00C5                     _SREN  equ     197
   292                           	global	_SSPEN
   293  00A5                     _SSPEN  equ     165
   294                           	global	_SSPIF
   295  0063                     _SSPIF  equ     99
   296                           	global	_SSPM0
   297  00A0                     _SSPM0  equ     160
   298                           	global	_SSPM1
   299  00A1                     _SSPM1  equ     161
   300                           	global	_SSPM2
   301  00A2                     _SSPM2  equ     162
   302                           	global	_SSPM3
   303  00A3                     _SSPM3  equ     163
   304                           	global	_SSPOV
   305  00A6                     _SSPOV  equ     166
   306                           	global	_T0IE
   307  005D                     _T0IE  equ     93
   308                           	global	_T0IF
   309  005A                     _T0IF  equ     90
   310                           	global	_T1CKPS0
   311  0084                     _T1CKPS0  equ     132
   312                           	global	_T1CKPS1
   313  0085                     _T1CKPS1  equ     133
   314                           	global	_T1GINV
   315  0087                     _T1GINV  equ     135
   316                           	global	_T1OSCEN
   317  0083                     _T1OSCEN  equ     131
   318                           	global	_T1SYNC
   319  0082                     _T1SYNC  equ     130
   320                           	global	_T2CKPS0
   321  0090                     _T2CKPS0  equ     144
   322                           	global	_T2CKPS1
   323  0091                     _T2CKPS1  equ     145
   324                           	global	_TMR1CS
   325  0081                     _TMR1CS  equ     129
   326                           	global	_TMR1GE
   327  0086                     _TMR1GE  equ     134
   328                           	global	_TMR1IF
   329  0060                     _TMR1IF  equ     96
   330                           	global	_TMR1ON
   331  0080                     _TMR1ON  equ     128
   332                           	global	_TMR2IF
   333  0061                     _TMR2IF  equ     97
   334                           	global	_TMR2ON
   335  0092                     _TMR2ON  equ     146
   336                           	global	_TO
   337  001C                     _TO  equ     28
   338                           	global	_TOUTPS0
   339  0093                     _TOUTPS0  equ     147
   340                           	global	_TOUTPS1
   341  0094                     _TOUTPS1  equ     148
   342                           	global	_TOUTPS2
   343  0095                     _TOUTPS2  equ     149
   344                           	global	_TOUTPS3
   345  0096                     _TOUTPS3  equ     150
   346                           	global	_TXIF
   347  0064                     _TXIF  equ     100
   348                           	global	_ULPWUIF
   349  006A                     _ULPWUIF  equ     106
   350                           	global	_WCOL
   351  00A7                     _WCOL  equ     167
   352                           	global	_ZERO
   353  001A                     _ZERO  equ     26
   354                           	global	_ADCON1
   355  009F                     _ADCON1  equ     159
   356                           	global	_ADRESL
   357  009E                     _ADRESL  equ     158
   358                           	global	_ECCPAS
   359  009C                     _ECCPAS  equ     156
   360                           	global	_IOCB
   361  0096                     _IOCB  equ     150
   362                           	global	_OPTION
   363  0081                     _OPTION  equ     129
   364                           	global	_OSCCON
   365  008F                     _OSCCON  equ     143
   366                           	global	_OSCTUNE
   367  0090                     _OSCTUNE  equ     144
   368                           	global	_PCON
   369  008E                     _PCON  equ     142
   370                           	global	_PIE1
   371  008C                     _PIE1  equ     140
   372                           	global	_PIE2
   373  008D                     _PIE2  equ     141
   374                           	global	_PR2
   375  0092                     _PR2  equ     146
   376                           	global	_PSTRCON
   377  009D                     _PSTRCON  equ     157
   378                           	global	_PWM1CON
   379  009B                     _PWM1CON  equ     155
   380                           	global	_SPBRG
   381  0099                     _SPBRG  equ     153
   382                           	global	_SPBRGH
   383  009A                     _SPBRGH  equ     154
   384                           	global	_SSPADD
   385  0093                     _SSPADD  equ     147
   386                           	global	_SSPCON2
   387  0091                     _SSPCON2  equ     145
   388                           	global	_SSPMSK
   389  0093                     _SSPMSK  equ     147
   390                           	global	_SSPSTAT
   391  0094                     _SSPSTAT  equ     148
   392                           	global	_TRISA
   393  0085                     _TRISA  equ     133
   394                           	global	_TRISB
   395  0086                     _TRISB  equ     134
   396                           	global	_TRISC
   397  0087                     _TRISC  equ     135
   398                           	global	_TRISD
   399  0088                     _TRISD  equ     136
   400                           	global	_TRISE
   401  0089                     _TRISE  equ     137
   402                           	global	_TXSTA
   403  0098                     _TXSTA  equ     152
   404                           	global	_VRCON
   405  0097                     _VRCON  equ     151
   406                           	global	_WPUB
   407  0095                     _WPUB  equ     149
   408                           	global	_ACKDT
   409  048D                     _ACKDT  equ     1165
   410                           	global	_ACKEN
   411  048C                     _ACKEN  equ     1164
   412                           	global	_ACKSTAT
   413  048E                     _ACKSTAT  equ     1166
   414                           	global	_ADFM
   415  04FF                     _ADFM  equ     1279
   416                           	global	_ADIE
   417  0466                     _ADIE  equ     1126
   418                           	global	_BCLIE
   419  046B                     _BCLIE  equ     1131
   420                           	global	_BF
   421  04A0                     _BF  equ     1184
   422                           	global	_BOR
   423  0470                     _BOR  equ     1136
   424                           	global	_BRG0
   425  04C8                     _BRG0  equ     1224
   426                           	global	_BRG1
   427  04C9                     _BRG1  equ     1225
   428                           	global	_BRG10
   429  04D2                     _BRG10  equ     1234
   430                           	global	_BRG11
   431  04D3                     _BRG11  equ     1235
   432                           	global	_BRG12
   433  04D4                     _BRG12  equ     1236
   434                           	global	_BRG13
   435  04D5                     _BRG13  equ     1237
   436                           	global	_BRG14
   437  04D6                     _BRG14  equ     1238
   438                           	global	_BRG15
   439  04D7                     _BRG15  equ     1239
   440                           	global	_BRG2
   441  04CA                     _BRG2  equ     1226
   442                           	global	_BRG3
   443  04CB                     _BRG3  equ     1227
   444                           	global	_BRG4
   445  04CC                     _BRG4  equ     1228
   446                           	global	_BRG5
   447  04CD                     _BRG5  equ     1229
   448                           	global	_BRG6
   449  04CE                     _BRG6  equ     1230
   450                           	global	_BRG7
   451  04CF                     _BRG7  equ     1231
   452                           	global	_BRG8
   453  04D0                     _BRG8  equ     1232
   454                           	global	_BRG9
   455  04D1                     _BRG9  equ     1233
   456                           	global	_BRGH
   457  04C2                     _BRGH  equ     1218
   458                           	global	_C1IE
   459  046D                     _C1IE  equ     1133
   460                           	global	_C2IE
   461  046E                     _C2IE  equ     1134
   462                           	global	_CCP1IE
   463  0462                     _CCP1IE  equ     1122
   464                           	global	_CCP2IE
   465  0468                     _CCP2IE  equ     1128
   466                           	global	_CKE
   467  04A6                     _CKE  equ     1190
   468                           	global	_CSRC
   469  04C7                     _CSRC  equ     1223
   470                           	global	_DA
   471  04A5                     _DA  equ     1189
   472                           	global	_ECCPAS0
   473  04E4                     _ECCPAS0  equ     1252
   474                           	global	_ECCPAS1
   475  04E5                     _ECCPAS1  equ     1253
   476                           	global	_ECCPAS2
   477  04E6                     _ECCPAS2  equ     1254
   478                           	global	_ECCPASE
   479  04E7                     _ECCPASE  equ     1255
   480                           	global	_EEIE
   481  046C                     _EEIE  equ     1132
   482                           	global	_GCEN
   483  048F                     _GCEN  equ     1167
   484                           	global	_HTS
   485  047A                     _HTS  equ     1146
   486                           	global	_INTEDG
   487  040E                     _INTEDG  equ     1038
   488                           	global	_IOCB0
   489  04B0                     _IOCB0  equ     1200
   490                           	global	_IOCB1
   491  04B1                     _IOCB1  equ     1201
   492                           	global	_IOCB2
   493  04B2                     _IOCB2  equ     1202
   494                           	global	_IOCB3
   495  04B3                     _IOCB3  equ     1203
   496                           	global	_IOCB4
   497  04B4                     _IOCB4  equ     1204
   498                           	global	_IOCB5
   499  04B5                     _IOCB5  equ     1205
   500                           	global	_IOCB6
   501  04B6                     _IOCB6  equ     1206
   502                           	global	_IOCB7
   503  04B7                     _IOCB7  equ     1207
   504                           	global	_IRCF0
   505  047C                     _IRCF0  equ     1148
   506                           	global	_IRCF1
   507  047D                     _IRCF1  equ     1149
   508                           	global	_IRCF2
   509  047E                     _IRCF2  equ     1150
   510                           	global	_LTS
   511  0479                     _LTS  equ     1145
   512                           	global	_OSFIE
   513  046F                     _OSFIE  equ     1135
   514                           	global	_OSTS
   515  047B                     _OSTS  equ     1147
   516                           	global	_PDC0
   517  04D8                     _PDC0  equ     1240
   518                           	global	_PDC1
   519  04D9                     _PDC1  equ     1241
   520                           	global	_PDC2
   521  04DA                     _PDC2  equ     1242
   522                           	global	_PDC3
   523  04DB                     _PDC3  equ     1243
   524                           	global	_PDC4
   525  04DC                     _PDC4  equ     1244
   526                           	global	_PDC5
   527  04DD                     _PDC5  equ     1245
   528                           	global	_PDC6
   529  04DE                     _PDC6  equ     1246
   530                           	global	_PEN
   531  048A                     _PEN  equ     1162
   532                           	global	_POR
   533  0471                     _POR  equ     1137
   534                           	global	_PRSEN
   535  04DF                     _PRSEN  equ     1247
   536                           	global	_PS0
   537  0408                     _PS0  equ     1032
   538                           	global	_PS1
   539  0409                     _PS1  equ     1033
   540                           	global	_PS2
   541  040A                     _PS2  equ     1034
   542                           	global	_PSA
   543  040B                     _PSA  equ     1035
   544                           	global	_PSSAC0
   545  04E2                     _PSSAC0  equ     1250
   546                           	global	_PSSAC1
   547  04E3                     _PSSAC1  equ     1251
   548                           	global	_PSSBD0
   549  04E0                     _PSSBD0  equ     1248
   550                           	global	_PSSBD1
   551  04E1                     _PSSBD1  equ     1249
   552                           	global	_RABPU
   553  040F                     _RABPU  equ     1039
   554                           	global	_RBPU
   555  040F                     _RBPU  equ     1039
   556                           	global	_RCEN
   557  048B                     _RCEN  equ     1163
   558                           	global	_RCIE
   559  0465                     _RCIE  equ     1125
   560                           	global	_RSEN
   561  0489                     _RSEN  equ     1161
   562                           	global	_RW
   563  04A2                     _RW  equ     1186
   564                           	global	_SBOREN
   565  0474                     _SBOREN  equ     1140
   566                           	global	_SCS
   567  0478                     _SCS  equ     1144
   568                           	global	_SEN
   569  0488                     _SEN  equ     1160
   570                           	global	_SENDB
   571  04C3                     _SENDB  equ     1219
   572                           	global	_SMP
   573  04A7                     _SMP  equ     1191
   574                           	global	_SSPIE
   575  0463                     _SSPIE  equ     1123
   576                           	global	_START
   577  04A3                     _START  equ     1187
   578                           	global	_STOP
   579  04A4                     _STOP  equ     1188
   580                           	global	_STRA
   581  04E8                     _STRA  equ     1256
   582                           	global	_STRB
   583  04E9                     _STRB  equ     1257
   584                           	global	_STRC
   585  04EA                     _STRC  equ     1258
   586                           	global	_STRD
   587  04EB                     _STRD  equ     1259
   588                           	global	_STRSYNC
   589  04EC                     _STRSYNC  equ     1260
   590                           	global	_SYNC
   591  04C4                     _SYNC  equ     1220
   592                           	global	_T0CS
   593  040D                     _T0CS  equ     1037
   594                           	global	_T0SE
   595  040C                     _T0SE  equ     1036
   596                           	global	_TMR1IE
   597  0460                     _TMR1IE  equ     1120
   598                           	global	_TMR2IE
   599  0461                     _TMR2IE  equ     1121
   600                           	global	_TRISA0
   601  0428                     _TRISA0  equ     1064
   602                           	global	_TRISA1
   603  0429                     _TRISA1  equ     1065
   604                           	global	_TRISA2
   605  042A                     _TRISA2  equ     1066
   606                           	global	_TRISA3
   607  042B                     _TRISA3  equ     1067
   608                           	global	_TRISA4
   609  042C                     _TRISA4  equ     1068
   610                           	global	_TRISA5
   611  042D                     _TRISA5  equ     1069
   612                           	global	_TRISA6
   613  042E                     _TRISA6  equ     1070
   614                           	global	_TRISA7
   615  042F                     _TRISA7  equ     1071
   616                           	global	_TRISB0
   617  0430                     _TRISB0  equ     1072
   618                           	global	_TRISB1
   619  0431                     _TRISB1  equ     1073
   620                           	global	_TRISB2
   621  0432                     _TRISB2  equ     1074
   622                           	global	_TRISB3
   623  0433                     _TRISB3  equ     1075
   624                           	global	_TRISB4
   625  0434                     _TRISB4  equ     1076
   626                           	global	_TRISB5
   627  0435                     _TRISB5  equ     1077
   628                           	global	_TRISB6
   629  0436                     _TRISB6  equ     1078
   630                           	global	_TRISB7
   631  0437                     _TRISB7  equ     1079
   632                           	global	_TRISC0
   633  0438                     _TRISC0  equ     1080
   634                           	global	_TRISC1
   635  0439                     _TRISC1  equ     1081
   636                           	global	_TRISC2
   637  043A                     _TRISC2  equ     1082
   638                           	global	_TRISC3
   639  043B                     _TRISC3  equ     1083
   640                           	global	_TRISC4
   641  043C                     _TRISC4  equ     1084
   642                           	global	_TRISC5
   643  043D                     _TRISC5  equ     1085
   644                           	global	_TRISC6
   645  043E                     _TRISC6  equ     1086
   646                           	global	_TRISC7
   647  043F                     _TRISC7  equ     1087
   648                           	global	_TRISD0
   649  0440                     _TRISD0  equ     1088
   650                           	global	_TRISD1
   651  0441                     _TRISD1  equ     1089
   652                           	global	_TRISD2
   653  0442                     _TRISD2  equ     1090
   654                           	global	_TRISD3
   655  0443                     _TRISD3  equ     1091
   656                           	global	_TRISD4
   657  0444                     _TRISD4  equ     1092
   658                           	global	_TRISD5
   659  0445                     _TRISD5  equ     1093
   660                           	global	_TRISD6
   661  0446                     _TRISD6  equ     1094
   662                           	global	_TRISD7
   663  0447                     _TRISD7  equ     1095
   664                           	global	_TRISE0
   665  0448                     _TRISE0  equ     1096
   666                           	global	_TRISE1
   667  0449                     _TRISE1  equ     1097
   668                           	global	_TRISE2
   669  044A                     _TRISE2  equ     1098
   670                           	global	_TRISE3
   671  044B                     _TRISE3  equ     1099
   672                           	global	_TRMT
   673  04C1                     _TRMT  equ     1217
   674                           	global	_TUN0
   675  0480                     _TUN0  equ     1152
   676                           	global	_TUN1
   677  0481                     _TUN1  equ     1153
   678                           	global	_TUN2
   679  0482                     _TUN2  equ     1154
   680                           	global	_TUN3
   681  0483                     _TUN3  equ     1155
   682                           	global	_TUN4
   683  0484                     _TUN4  equ     1156
   684                           	global	_TX9
   685  04C6                     _TX9  equ     1222
   686                           	global	_TX9D
   687  04C0                     _TX9D  equ     1216
   688                           	global	_TXEN
   689  04C5                     _TXEN  equ     1221
   690                           	global	_TXIE
   691  0464                     _TXIE  equ     1124
   692                           	global	_UA
   693  04A1                     _UA  equ     1185
   694                           	global	_ULPWUE
   695  0475                     _ULPWUE  equ     1141
   696                           	global	_ULPWUIE
   697  046A                     _ULPWUIE  equ     1130
   698                           	global	_VCFG0
   699  04FC                     _VCFG0  equ     1276
   700                           	global	_VCFG1
   701  04FD                     _VCFG1  equ     1277
   702                           	global	_VR0
   703  04B8                     _VR0  equ     1208
   704                           	global	_VR1
   705  04B9                     _VR1  equ     1209
   706                           	global	_VR2
   707  04BA                     _VR2  equ     1210
   708                           	global	_VR3
   709  04BB                     _VR3  equ     1211
   710                           	global	_VREN
   711  04BF                     _VREN  equ     1215
   712+                          	global	_VROE
   713+ 04BE                     _VROE  equ     1214
   714+                          	global	_VRR
   715+ 04BD                     _VRR  equ     1213
   716                           	global	_VRSS
   717  04BC                     _VRSS  equ     1212
   718                           	global	_WPUB0
   719  04A8                     _WPUB0  equ     1192
   720                           	global	_WPUB1
   721  04A9                     _WPUB1  equ     1193
   722                           	global	_WPUB2
   723  04AA                     _WPUB2  equ     1194
   724                           	global	_WPUB3
   725  04AB                     _WPUB3  equ     1195
   726                           	global	_WPUB4
   727  04AC                     _WPUB4  equ     1196
   728                           	global	_WPUB5
   729  04AD                     _WPUB5  equ     1197
   730                           	global	_WPUB6
   731  04AE                     _WPUB6  equ     1198
   732                           	global	_WPUB7
   733  04AF                     _WPUB7  equ     1199
   734                           	global	_CM1CON0
   735  0107                     _CM1CON0  equ     263
   736                           	global	_CM2CON0
   737  0108                     _CM2CON0  equ     264
   738                           	global	_CM2CON1
   739  0109                     _CM2CON1  equ     265
   740                           	global	_EEADR
   741  010D                     _EEADR  equ     269
   742                           	global	_EEADRH
   743  010F                     _EEADRH  equ     271
   744                           	global	_EEADRL
   745  010D                     _EEADRL  equ     269
   746                           	global	_EEDAT
   747  010C                     _EEDAT  equ     268
   748                           	global	_EEDATA
   749  010C                     _EEDATA  equ     268
   750                           	global	_EEDATH
   751  010E                     _EEDATH  equ     270
   752                           	global	_WDTCON
   753  0105                     _WDTCON  equ     261
   754                           	global	_C1CH0
   755  0838                     _C1CH0  equ     2104
   756                           	global	_C1CH1
   757  0839                     _C1CH1  equ     2105
   758                           	global	_C1OE
   759  083D                     _C1OE  equ     2109
   760                           	global	_C1ON
   761  083F                     _C1ON  equ     2111
   762                           	global	_C1OUT
   763  083E                     _C1OUT  equ     2110
   764                           	global	_C1POL
   765  083C                     _C1POL  equ     2108
   766                           	global	_C1R
   767  083A                     _C1R  equ     2106
   768                           	global	_C1RSEL
   769  084D                     _C1RSEL  equ     2125
   770                           	global	_C2CH0
   771  0840                     _C2CH0  equ     2112
   772                           	global	_C2CH1
   773  0841                     _C2CH1  equ     2113
   774                           	global	_C2OE
   775  0845                     _C2OE  equ     2117
   776                           	global	_C2ON
   777  0847                     _C2ON  equ     2119
   778                           	global	_C2OUT
   779  0846                     _C2OUT  equ     2118
   780                           	global	_C2POL
   781  0844                     _C2POL  equ     2116
   782                           	global	_C2R
   783  0842                     _C2R  equ     2114
   784                           	global	_C2RSEL
   785  084C                     _C2RSEL  equ     2124
   786                           	global	_C2SYNC
   787  0848                     _C2SYNC  equ     2120
   788                           	global	_MC1OUT
   789  084F                     _MC1OUT  equ     2127
   790                           	global	_MC2OUT
   791  084E                     _MC2OUT  equ     2126
   792                           	global	_SWDTEN
   793  0828                     _SWDTEN  equ     2088
   794                           	global	_T1GSS
   795  0849                     _T1GSS  equ     2121
   796                           	global	_WDTPS0
   797  0829                     _WDTPS0  equ     2089
   798                           	global	_WDTPS1
   799  082A                     _WDTPS1  equ     2090
   800                           	global	_WDTPS2
   801  082B                     _WDTPS2  equ     2091
   802                           	global	_WDTPS3
   803  082C                     _WDTPS3  equ     2092
   804                           	global	_ANSEL
   805  0188                     _ANSEL  equ     392
   806                           	global	_ANSELH
   807  0189                     _ANSELH  equ     393
   808                           	global	_BAUDCTL
   809  0187                     _BAUDCTL  equ     391
   810                           	global	_EECON1
   811  018C                     _EECON1  equ     396
   812                           	global	_EECON2
   813  018D                     _EECON2  equ     397
   814                           	global	_SRCON
   815  0185                     _SRCON  equ     389
   816                           	global	_ABDEN
   817  0C38                     _ABDEN  equ     3128
   818                           	global	_ABDOVF
   819  0C3F                     _ABDOVF  equ     3135
   820                           	global	_ANS0
   821  0C40                     _ANS0  equ     3136
   822                           	global	_ANS1
   823  0C41                     _ANS1  equ     3137
   824                           	global	_ANS10
   825  0C4A                     _ANS10  equ     3146
   826                           	global	_ANS11
   827  0C4B                     _ANS11  equ     3147
   828                           	global	_ANS12
   829  0C4C                     _ANS12  equ     3148
   830                           	global	_ANS13
   831  0C4D                     _ANS13  equ     3149
   832                           	global	_ANS2
   833  0C42                     _ANS2  equ     3138
   834                           	global	_ANS3
   835  0C43                     _ANS3  equ     3139
   836                           	global	_ANS4
   837  0C44                     _ANS4  equ     3140
   838                           	global	_ANS5
   839  0C45                     _ANS5  equ     3141
   840                           	global	_ANS6
   841  0C46                     _ANS6  equ     3142
   842                           	global	_ANS7
   843  0C47                     _ANS7  equ     3143
   844                           	global	_ANS8
   845  0C48                     _ANS8  equ     3144
   846                           	global	_ANS9
   847  0C49                     _ANS9  equ     3145
   848                           	global	_BRG16
   849  0C3B                     _BRG16  equ     3131
   850                           	global	_C1SEN
   851  0C2D                     _C1SEN  equ     3117
   852                           	global	_C2REN
   853  0C2C                     _C2REN  equ     3116
   854                           	global	_EEPGD
   855  0C67                     _EEPGD  equ     3175
   856                           	global	_FVREN
   857  0C28                     _FVREN  equ     3112
   858                           	global	_PULSR
   859  0C2A                     _PULSR  equ     3114
   860                           	global	_PULSS
   861  0C2B                     _PULSS  equ     3115
   862                           	global	_RCIDL
   863  0C3E                     _RCIDL  equ     3134
   864                           	global	_RD
   865  0C60                     _RD  equ     3168
   866                           	global	_SCKP
   867  0C3C                     _SCKP  equ     3132
   868                           	global	_SR0
   869  0C2E                     _SR0  equ     3118
   870                           	global	_SR1
   871  0C2F                     _SR1  equ     3119
   872                           	global	_WR
   873  0C61                     _WR  equ     3169
   874                           	global	_WREN
   875  0C62                     _WREN  equ     3170
   876                           	global	_WRERR
   877  0C63                     _WRERR  equ     3171
   878                           	global	_WUE
   879  0C39                     _WUE  equ     3129
   880                           	file	"LED Arithmetic.as"
   881                           	line	#
   882                           psect cinit,class=CODE,delta=2
   883                           global start_initialization
   884  0733                     start_initialization:
   885                           
   886                           psect	bssCOMMON,class=COMMON,space=1
   887                           global __pbssCOMMON
   888  007A                     __pbssCOMMON:
   889  007A                     main@count1:
   890  007A                            ds      2
   891                           
   892  007C                     main@count2:
   893  007C                            ds      2
   894                           
   895                           ; Clear objects allocated to COMMON
   896                           psect cinit,class=CODE,delta=2
   897  0733  01FA               	clrf	((__pbssCOMMON)+0)&07Fh
   898  0734  01FB               	clrf	((__pbssCOMMON)+1)&07Fh
   899  0735  01FC               	clrf	((__pbssCOMMON)+2)&07Fh
   900  0736  01FD               	clrf	((__pbssCOMMON)+3)&07Fh
   901                           psect cinit,class=CODE,delta=2
   902                           global end_of_initialization
   903                           
   904                           ;End of C runtime variable initationation code
   905                           
   906  0737                     end_of_initialization:
   907  0737  0183               clrf status
   908  0738  120A  118A  2F3B   ljmp _main	;jump to C main() function
   909                           psect	cstackCOMMON,class=COMMON,space=1
   910                           global __pcstackCOMMON
   911  0070                     __pcstackCOMMON:
   912                           	global	??_main
   913  0070                     ??_main: ;@ 0x0
   914  0070                     	ds	2
   915                           	global	main@sum
   916  0072                     main@sum:	; 2 bytes @ 0x2
   917  0072                     	ds	2
   918                           	global	main@difference
   919  0074                     main@difference:	; 2 bytes @ 0x4
   920  0074                     	ds	2
   921                           	global	main@i
   922  0076                     main@i:	; 2 bytes @ 0x6
   923  0076                     	ds	2
   924                           	global	main@j
   925  0078                     main@j:	; 2 bytes @ 0x8
   926  0078                     	ds	2
   927                           	global	?_main
   928  007A                     ?_main: ;@ 0xA
   929                           ;Data sizes: Strings 0, constant 0, data 0, bss 4, persistent 0 stack 0
   930                           ;Auto spaces:   Size  Autos    Used
   931                           ; COMMON          14     10      14
   932                           ; BANK0           80      0       0
   933                           ; BANK1           80      0       0
   934                           ; BANK3           96      0       0
   935                           ; BANK2           96      0       0
   936                           
   937                           
   938                           ;Pointer list with targets:
   939                           
   940                           
   941                           
   942                           ;Main: autosize = 0, tempsize = 2, incstack = 0, save=0
   943                           
   944                           
   945                           ;Call graph:                      Base Space Used Autos Args Refs Density
   946                           ;_main                                               10    0   60   0.00
   947                           ;                                    0 COMMO   10
   948                           ; Estimated maximum call depth 0
   949                           ; Address spaces:
   950                           
   951                           ;Name               Size   Autos  Total    Cost      Usage
   952                           ;BITCOMMON            E      0       0       0        0.0%
   953                           ;CODE                 0      0       0       0        0.0%
   954                           ;NULL                 0      0       0       0        0.0%
   955                           ;COMMON               E      A       E       1      100.0%
   956                           ;SFR0                 0      0       0       1        0.0%
   957                           ;BITSFR0              0      0       0       1        0.0%
   958                           ;BITSFR1              0      0       0       2        0.0%
   959                           ;SFR1                 0      0       0       2        0.0%
   960                           ;ABS                  0      0       E       2        0.0%
   961                           ;STACK                0      0       0       3        0.0%
   962                           ;BITBANK0            50      0       0       4        0.0%
   963                           ;SFR3                 0      0       0       4        0.0%
   964                           ;BITSFR3              0      0       0       4        0.0%
   965                           ;BANK0               50      0       0       5        0.0%
   966                           ;BITSFR2              0      0       0       5        0.0%
   967                           ;SFR2                 0      0       0       5        0.0%
   968                           ;BITBANK1            50      0       0       6        0.0%
   969                           ;BANK1               50      0       0       7        0.0%
   970                           ;BITBANK3            60      0       0       8        0.0%
   971                           ;BANK3               60      0       0       9        0.0%
   972                           ;BITBANK2            60      0       0      10        0.0%
   973                           ;BANK2               60      0       0      11        0.0%
   974                           ;DATA                 0      0       E      12        0.0%
   975                           ;EEDATA             100      0       0    1000        0.0%
   976                           
   977                           	global	_main
   978                           psect	maintext
   979                           
   980                           ; *************** function _main *****************
   981                           ; Defined at:
   982                           ;		line 9 in file "C:\Users\gowth\Documents\PIC Programs\LED task\LED Arithmetic\LED Ari
                                 thmetic.c"
   983                           ; Parameters:    Size  Location     Type
   984                           ;		None
   985                           ; Auto vars:     Size  Location     Type
   986                           ;  j               2    8[COMMON] int 
   987                           ;  i               2    6[COMMON] int 
   988                           ;  sum             2    2[COMMON] int 
   989                           ;  difference      2    4[COMMON] int 
   990                           ; Return value:  Size  Location     Type
   991                           ;		None               void
   992                           ; Registers used:
   993                           ;		wreg, status,2, status,0
   994                           ; Tracked objects:
   995                           ;		On entry : 17F/0
   996                           ;		On exit  : 0/0
   997                           ;		Unchanged: 0/0
   998                           ; Data sizes:     COMMON   BANK0   BANK1   BANK3   BANK2
   999                           ;      Locals:        10       0       0       0       0
  1000                           ;      Temp:     2
  1001                           ;      Total:   10
  1002                           ; This function calls:
  1003                           ;		Nothing
  1004                           ; This function is called by:
  1005                           ;		Startup code after reset
  1006                           ; This function uses a non-reentrant model
  1007                           ; 
  1008                           psect	maintext
  1009                           	file	"C:\Users\gowth\Documents\PIC Programs\LED task\LED Arithmetic\LED Arithmetic.c"
  1010                           	line	9
  1011                           	global	__size_of_main
  1012  00C5                     	__size_of_main	equ	__end_of_main-_main
  1013                           ;LED Arithmetic.c: 8: void main()
  1014                           ;LED Arithmetic.c: 9: {
  1015                           	
  1016  073B                     _main:	
  1017                           	opt stack 8
  1018                           ; Regs used in _main: [wreg+status,2+status,0]
  1019                           	line	14
  1020                           	
  1021  073B                     l30000506:	
  1022                           ;LED Arithmetic.c: 11: static int count1=0;
  1023                           ;LED Arithmetic.c: 12: static int count2=0;
  1024                           ;LED Arithmetic.c: 14: TRISA=0X0F;
  1025  073B  300F               	movlw	(0Fh)
  1026  073C  1683               	bsf	status, 5	;RP0=1, select bank1
  1027  073D  1303               	bcf	status, 6	;RP1=0, select bank1
  1028  073E  0085               	movwf	(133)^080h	;volatile
  1029                           	
  1030  073F                     l30000507:	
  1031                           	line	15
  1032                           ;LED Arithmetic.c: 15: TRISC=0X00;
  1033  073F  1003               	clrc
  1034  0740  3000               	movlw	0
  1035  0741  1803               	btfsc	status,0
  1036  0742  3001               	movlw	1
  1037  0743  0087               	movwf	(135)^080h	;volatile
  1038                           	
  1039  0744                     l30000508:	
  1040                           	line	16
  1041                           ;LED Arithmetic.c: 16: ANSEL=0X00;
  1042  0744  1003               	clrc
  1043  0745  3000               	movlw	0
  1044  0746  1803               	btfsc	status,0
  1045  0747  3001               	movlw	1
  1046  0748  1683               	bsf	status, 5	;RP0=1, select bank3
  1047  0749  1703               	bsf	status, 6	;RP1=1, select bank3
  1048  074A  0088               	movwf	(392)^0180h
  1049                           	
  1050  074B                     l30000509:	
  1051                           	line	17
  1052                           ;LED Arithmetic.c: 17: ANSELH=0X00;
  1053  074B  1003               	clrc
  1054  074C  3000               	movlw	0
  1055  074D  1803               	btfsc	status,0
  1056  074E  3001               	movlw	1
  1057  074F  0089               	movwf	(393)^0180h
  1058                           	
  1059  0750                     l30000510:	
  1060                           	line	18
  1061                           ;LED Arithmetic.c: 18: PORTA=PORTC=0X00;
  1062  0750  3000               	movlw	(0)
  1063  0751  1283               	bcf	status, 5	;RP0=0, select bank0
  1064  0752  1303               	bcf	status, 6	;RP1=0, select bank0
  1065  0753  0087               	movwf	(7)	;volatile
  1066  0754  0085               	movwf	(5)	;volatile
  1067                           	
  1068  0755                     l30000511:	
  1069                           	line	25
  1070                           ;LED Arithmetic.c: 23: {
  1071                           ;LED Arithmetic.c: 25: if(RA0==1)
  1072  0755  1C05               	btfss	(40/8),(40)&7
  1073  0756  2F58               	goto	u11
  1074  0757  2F59               	goto	u10
  1075  0758                     u11:
  1076  0758  2F63               	goto	l5
  1077  0759                     u10:
  1078                           	
  1079  0759                     l30000512:	
  1080                           	line	27
  1081                           ;LED Arithmetic.c: 26: {
  1082                           ;LED Arithmetic.c: 27: count1++;
  1083  0759  3001               	movlw	low(01h)
  1084  075A  07FA               	addwf	(main@count1),f
  1085  075B  1803               	skipnc
  1086  075C  0AFB               	incf	(main@count1+1),f
  1087  075D  3000               	movlw	high(01h)
  1088  075E  07FB               	addwf	(main@count1+1),f
  1089                           	
  1090  075F                     l6:	
  1091                           	line	28
  1092  075F  1805               	btfsc	(40/8),(40)&7
  1093  0760  2F62               	goto	u21
  1094  0761  2F63               	goto	u20
  1095  0762                     u21:
  1096  0762  2F5F               	goto	l6
  1097  0763                     u20:
  1098                           	
  1099  0763                     l5:	
  1100                           	line	31
  1101                           ;LED Arithmetic.c: 29: }
  1102                           ;LED Arithmetic.c: 31: if(RA1==1)
  1103  0763  1C85               	btfss	(41/8),(41)&7
  1104  0764  2F66               	goto	u31
  1105  0765  2F67               	goto	u30
  1106  0766                     u31:
  1107  0766  2F71               	goto	l9
  1108  0767                     u30:
  1109                           	
  1110  0767                     l30000513:	
  1111                           	line	33
  1112                           ;LED Arithmetic.c: 32: {
  1113                           ;LED Arithmetic.c: 33: count2++;
  1114  0767  3001               	movlw	low(01h)
  1115  0768  07FC               	addwf	(main@count2),f
  1116  0769  1803               	skipnc
  1117  076A  0AFD               	incf	(main@count2+1),f
  1118  076B  3000               	movlw	high(01h)
  1119  076C  07FD               	addwf	(main@count2+1),f
  1120                           	
  1121  076D                     l10:	
  1122                           	line	34
  1123  076D  1885               	btfsc	(41/8),(41)&7
  1124  076E  2F70               	goto	u41
  1125  076F  2F71               	goto	u40
  1126  0770                     u41:
  1127  0770  2F6D               	goto	l10
  1128  0771                     u40:
  1129                           	
  1130  0771                     l9:	
  1131                           	line	37
  1132                           ;LED Arithmetic.c: 35: }
  1133                           ;LED Arithmetic.c: 37: if(RA2==1)
  1134  0771  1D05               	btfss	(42/8),(42)&7
  1135  0772  2F74               	goto	u51
  1136  0773  2F75               	goto	u50
  1137  0774                     u51:
  1138  0774  2FB3               	goto	l30000520
  1139  0775                     u50:
  1140                           	
  1141  0775                     l30000514:	
  1142                           	line	39
  1143                           ;LED Arithmetic.c: 38: {
  1144                           ;LED Arithmetic.c: 39: sum=count1+count2;
  1145  0775  087C               	movf	(main@count2),w
  1146  0776  077A               	addwf	(main@count1),w
  1147  0777  00F2               	movwf	(main@sum)
  1148  0778  087D               	movf	(main@count2+1),w
  1149  0779  1803               	skipnc
  1150  077A  0A7D               	incf	(main@count2+1),w
  1151  077B  077B               	addwf	(main@count1+1),w
  1152  077C  00F3               	movwf	1+(main@sum)
  1153                           	
  1154  077D                     l30000515:	
  1155                           	line	40
  1156                           ;LED Arithmetic.c: 40: for(i=0;i<sum;i++)
  1157  077D  3000               	movlw	low(0)
  1158  077E  00F6               	movwf	(main@i)
  1159  077F  3000               	movlw	high(0)
  1160  0780  00F7               	movwf	((main@i))+1
  1161  0781  2F96               	goto	l30000518
  1162                           	
  1163  0782                     l30000516:	
  1164                           	line	42
  1165                           ;LED Arithmetic.c: 41: {
  1166                           ;LED Arithmetic.c: 42: PORTC=PORTC|(1<<i);
  1167  0782  3001               	movlw	(01h)
  1168  0783  00F0               	movwf	(??_main+0+0)
  1169  0784  0A76               	incf	(main@i),w
  1170  0785  2F88               	goto	u64
  1171  0786                     u65:
  1172  0786  1003               	clrc
  1173  0787  0DF0               	rlf	(??_main+0+0),f
  1174  0788                     u64:
  1175  0788  3EFF               	addlw	-1
  1176  0789  1D03               	skipz
  1177  078A  2F86               	goto	u65
  1178  078B  0870               	movf	0+(??_main+0+0),w
  1179  078C  1283               	bcf	status, 5	;RP0=0, select bank0
  1180  078D  1303               	bcf	status, 6	;RP1=0, select bank0
  1181  078E  0407               	iorwf	(7),w	;volatile
  1182  078F  0087               	movwf	(7)	;volatile
  1183                           	
  1184  0790                     l30000517:	
  1185                           	line	40
  1186  0790  3001               	movlw	low(01h)
  1187  0791  07F6               	addwf	(main@i),f
  1188  0792  1803               	skipnc
  1189  0793  0AF7               	incf	(main@i+1),f
  1190  0794  3000               	movlw	high(01h)
  1191  0795  07F7               	addwf	(main@i+1),f
  1192                           	
  1193  0796                     l30000518:	
  1194  0796  0877               	movf	(main@i+1),w
  1195  0797  3A80               	xorlw	80h
  1196  0798  00F0               	movwf	(??_main+0+0)
  1197  0799  0873               	movf	(main@sum+1),w
  1198  079A  3A80               	xorlw	80h
  1199  079B  0270               	subwf	(??_main+0+0),w
  1200  079C  1D03               	skipz
  1201  079D  2FA0               	goto	u75
  1202  079E  0872               	movf	(main@sum),w
  1203  079F  0276               	subwf	(main@i),w
  1204  07A0                     u75:
  1205                           
  1206  07A0  1C03               	skipc
  1207  07A1  2FA3               	goto	u71
  1208  07A2  2FA4               	goto	u70
  1209  07A3                     u71:
  1210  07A3  2F82               	goto	l30000516
  1211  07A4                     u70:
  1212                           	
  1213  07A4                     l18:	
  1214                           	line	44
  1215  07A4  1283               	bcf	status, 5	;RP0=0, select bank0
  1216  07A5  1303               	bcf	status, 6	;RP1=0, select bank0
  1217  07A6  1905               	btfsc	(42/8),(42)&7
  1218  07A7  2FA9               	goto	u81
  1219  07A8  2FAA               	goto	u80
  1220  07A9                     u81:
  1221  07A9  2FA4               	goto	l18
  1222  07AA                     u80:
  1223                           	
  1224  07AA                     l20:	
  1225                           	line	45
  1226                           ;LED Arithmetic.c: 45: if(RA2==0)
  1227  07AA  1905               	btfsc	(42/8),(42)&7
  1228  07AB  2FAD               	goto	u91
  1229  07AC  2FAE               	goto	u90
  1230  07AD                     u91:
  1231  07AD  2FB3               	goto	l30000520
  1232  07AE                     u90:
  1233                           	
  1234  07AE                     l30000519:	
  1235                           	line	47
  1236                           ;LED Arithmetic.c: 46: {
  1237                           ;LED Arithmetic.c: 47: PORTC=0X00;
  1238  07AE  1003               	clrc
  1239  07AF  3000               	movlw	0
  1240  07B0  1803               	btfsc	status,0
  1241  07B1  3001               	movlw	1
  1242  07B2  0087               	movwf	(7)	;volatile
  1243                           	
  1244  07B3                     l30000520:	
  1245                           	line	51
  1246                           ;LED Arithmetic.c: 48: }
  1247                           ;LED Arithmetic.c: 49: }
  1248                           ;LED Arithmetic.c: 51: if(RA3==1)
  1249  07B3  1D85               	btfss	(43/8),(43)&7
  1250  07B4  2FB6               	goto	u101
  1251  07B5  2FB7               	goto	u100
  1252  07B6                     u101:
  1253  07B6  2F55               	goto	l30000511
  1254  07B7                     u100:
  1255                           	
  1256  07B7                     l30000521:	
  1257                           	line	53
  1258                           ;LED Arithmetic.c: 52: {
  1259                           ;LED Arithmetic.c: 53: difference=count1-count2;
  1260  07B7  097C               	comf	(main@count2),w
  1261  07B8  00F0               	movwf	??_main+0+0
  1262  07B9  097D               	comf	(main@count2+1),w
  1263  07BA  00F1               	movwf	??_main+0+0+1
  1264  07BB  0AF0               	incf	??_main+0+0,f
  1265  07BC  1903               	skipnz
  1266  07BD  0AF1               	incf	??_main+0+0+1,f
  1267  07BE  087A               	movf	(main@count1),w
  1268  07BF  0770               	addwf	0+(??_main+0+0),w
  1269  07C0  00F4               	movwf	(main@difference)
  1270  07C1  087B               	movf	(main@count1+1),w
  1271  07C2  1803               	skipnc
  1272  07C3  0A7B               	incf	(main@count1+1),w
  1273  07C4  0771               	addwf	1+(??_main+0+0),w
  1274  07C5  00F5               	movwf	1+(main@difference)
  1275                           	
  1276  07C6                     l30000522:	
  1277                           	line	54
  1278                           ;LED Arithmetic.c: 54: for(j=0;j<difference;j++)
  1279  07C6  3000               	movlw	low(0)
  1280  07C7  00F8               	movwf	(main@j)
  1281  07C8  3000               	movlw	high(0)
  1282  07C9  00F9               	movwf	((main@j))+1
  1283  07CA  2FDF               	goto	l30000525
  1284                           	
  1285  07CB                     l30000523:	
  1286                           	line	56
  1287                           ;LED Arithmetic.c: 55: {
  1288                           ;LED Arithmetic.c: 56: PORTC=PORTC|(1<<j);
  1289  07CB  3001               	movlw	(01h)
  1290  07CC  00F0               	movwf	(??_main+0+0)
  1291  07CD  0A78               	incf	(main@j),w
  1292  07CE  2FD1               	goto	u114
  1293  07CF                     u115:
  1294  07CF  1003               	clrc
  1295  07D0  0DF0               	rlf	(??_main+0+0),f
  1296  07D1                     u114:
  1297  07D1  3EFF               	addlw	-1
  1298  07D2  1D03               	skipz
  1299  07D3  2FCF               	goto	u115
  1300  07D4  0870               	movf	0+(??_main+0+0),w
  1301  07D5  1283               	bcf	status, 5	;RP0=0, select bank0
  1302  07D6  1303               	bcf	status, 6	;RP1=0, select bank0
  1303  07D7  0407               	iorwf	(7),w	;volatile
  1304  07D8  0087               	movwf	(7)	;volatile
  1305                           	
  1306  07D9                     l30000524:	
  1307                           	line	54
  1308  07D9  3001               	movlw	low(01h)
  1309  07DA  07F8               	addwf	(main@j),f
  1310  07DB  1803               	skipnc
  1311  07DC  0AF9               	incf	(main@j+1),f
  1312  07DD  3000               	movlw	high(01h)
  1313  07DE  07F9               	addwf	(main@j+1),f
  1314                           	
  1315  07DF                     l30000525:	
  1316  07DF  0879               	movf	(main@j+1),w
  1317  07E0  3A80               	xorlw	80h
  1318  07E1  00F0               	movwf	(??_main+0+0)
  1319  07E2  0875               	movf	(main@difference+1),w
  1320  07E3  3A80               	xorlw	80h
  1321  07E4  0270               	subwf	(??_main+0+0),w
  1322  07E5  1D03               	skipz
  1323  07E6  2FE9               	goto	u125
  1324  07E7  0874               	movf	(main@difference),w
  1325  07E8  0278               	subwf	(main@j),w
  1326  07E9                     u125:
  1327                           
  1328  07E9  1C03               	skipc
  1329  07EA  2FEC               	goto	u121
  1330  07EB  2FED               	goto	u120
  1331  07EC                     u121:
  1332  07EC  2FCB               	goto	l30000523
  1333  07ED                     u120:
  1334                           	
  1335  07ED                     l27:	
  1336                           	line	58
  1337  07ED  1283               	bcf	status, 5	;RP0=0, select bank0
  1338  07EE  1303               	bcf	status, 6	;RP1=0, select bank0
  1339  07EF  1985               	btfsc	(43/8),(43)&7
  1340  07F0  2FF2               	goto	u131
  1341  07F1  2FF3               	goto	u130
  1342  07F2                     u131:
  1343  07F2  2FED               	goto	l27
  1344  07F3                     u130:
  1345                           	
  1346  07F3                     l29:	
  1347                           	line	59
  1348                           ;LED Arithmetic.c: 59: if(RA3==0)
  1349  07F3  1985               	btfsc	(43/8),(43)&7
  1350  07F4  2FF6               	goto	u141
  1351  07F5  2FF7               	goto	u140
  1352  07F6                     u141:
  1353  07F6  2F55               	goto	l30000511
  1354  07F7                     u140:
  1355                           	
  1356  07F7                     l30000526:	
  1357                           	line	61
  1358                           ;LED Arithmetic.c: 60: {
  1359                           ;LED Arithmetic.c: 61: PORTC=0X00;
  1360  07F7  1003               	clrc
  1361  07F8  3000               	movlw	0
  1362  07F9  1803               	btfsc	status,0
  1363  07FA  3001               	movlw	1
  1364  07FB  0087               	movwf	(7)	;volatile
  1365  07FC  2F55               	goto	l30000511
  1366                           	global	start
  1367  07FD  120A  118A  2800   	ljmp	start
  1368                           	opt stack 0
  1369                           GLOBAL	__end_of_main
  1370  0800                     	__end_of_main:


HI-TECH Software PICC Macro Assembler V9.70 build 5239 
Symbol Table                                                                                   Thu Mar 16 14:53:15 2023

                   l5 0763                     l6 075F                     l9 0771                    l10 076D  
                  l20 07AA                    _DA 04A5                    _BF 04A0                    _DC 0019  
                  l18 07A4                    l27 07ED                    l29 07F3                    _PD 001B  
                  _RD 0C60                    u10 0759                    u11 0758                    _UA 04A1  
                  u20 0763                    u21 0762                    u30 0767                    u31 0766  
                  u40 0771                    u41 0770                    u50 0775                    u51 0774  
                  u70 07A4                    u71 07A3                    _TO 001C                    u80 07AA  
                  u64 0788                    u81 07A9                    u65 0786                    u90 07AE  
                  u91 07AD                    u75 07A0                    _RW 04A2                    _WR 0C61  
         __pbssCOMMON 007A                   _C1R 083A                   _C2R 0842                   _CKE 04A6  
                 _CKP 00A4                   _GIE 005F                   _BOR 0470                   _RA0 0028  
                 _RA1 0029                   _RB0 0030                   _RA2 002A                   _RB1 0031  
                 _RA3 002B                   _RC0 0038                   _RB2 0032                   _RA4 002C  
                 _RC1 0039                   _RB3 0033                   _RA5 002D                   _RD0 0040  
                 _RC2 003A                   _RB4 0034                   _RA6 002E                   _RD1 0041  
                 _RC3 003B                   _RB5 0035                   _RA7 002F                   _RE0 0048  
                 _RD2 0042                   _RC4 003C                   _RB6 0036                   _RE1 0049  
                 _RD3 0043                   _RC5 003D                   _RB7 0037                   u100 07B7  
                 _RE2 004A                   _RD4 0044                   _RC6 003E                   u101 07B6  
                 _RE3 004B                   _RD5 0045                   _RC7 003F                   _RD6 0046  
                 _RD7 0047                   u120 07ED                   u121 07EC                   u130 07F3  
                 u114 07D1                   u131 07F2                   u115 07CF                   u140 07F7  
                 u141 07F6                   u125 07E9                   _FSR 0004                   _PCL 0002  
                 _PS0 0408                   _PR2 0092                   _PS1 0409                   _PS2 040A  
                 _PEN 048A                   _RP0 001D                   _IRP 001F                   _RP1 001E  
                 _HTS 047A                   _SR0 0C2E                   _SR1 0C2F                   _SEN 0488  
                 _SCS 0478                   _PSA 040B                   _LTS 0479                   _VR0 04B8  
                 _VR1 04B9                   _VR2 04BA                   _VR3 04BB                   _POR 0471  
                 _RX9 00C6                   _SMP 04A7                   _TX9 04C6                   _WUE 0C39  
                 _VRR 04BD                  _C1IE 046D                  _C1IF 006D                  _C2IE 046E  
                _C2IF 006E                  _C1OE 083D                  _C2OE 0845                  _C1ON 083F  
                _C2ON 0847                  _ADIE 0466                  _ADIF 0066                  _ADFM 04FF  
                _ADON 00F8                  _P1M0 00BE                  _CHS0 00FA                  _P1M1 00BF  
                _CHS1 00FB                  _CHS2 00FC                  _CHS3 00FD                  _EEIE 046C  
                _EEIF 006C                  _ANS0 0C40                  _BRG0 04C8                  _ANS1 0C41  
                _BRG1 04C9                  _ANS2 0C42                  _BRG2 04CA                  _ANS3 0C43  
                _BRG3 04CB                  _ANS4 0C44                  _BRG4 04CC                  _ANS5 0C45  
                _BRG5 04CD                  _ANS6 0C46                  _GCEN 048F                  _BRG6 04CE  
                _ANS7 0C47                  _BRG7 04CF                  _ANS8 0C48                  _BRG8 04D0  
                _ANS9 0C49                  _BRG9 04D1                  _BRGH 04C2                  _T0IE 005D  
                _T0IF 005A                  _CREN 00C4                  _T0CS 040D                  _FERR 00C2  
                _PDC0 04D8                  _PDC1 04D9                  _PDC2 04DA                  _PDC3 04DB  
                _PDC4 04DC                  _T0SE 040C                  _PDC5 04DD                  _CSRC 04C7  
                _PDC6 04DE                  _IOCB 0096                  _INDF 0000                  _PIE1 008C  
                _PIE2 008D                  _PEIE 005E                  _INTE 005C                  _INTF 0059  
                _RBIE 005B                  _RBIF 0058                  _RCIE 0465                  _RCEN 048B  
                _RCIF 0065                  _PCON 008E                  _PIR1 000C                  _PIR2 000D  
                _OERR 00C1                  _SCKP 0C3C                  _RBPU 040F                  _RX9D 00C0  
                _TMR0 0001                  _TMR2 0011                  _WCOL 00A7                  _SPEN 00C7  
                _RSEN 0489                  _TX9D 04C0                  _SREN 00C5                  _OSTS 047B  
                _TUN0 0480                  _TUN1 0481                  _TUN2 0482                  _TUN3 0483  
                _TUN4 0484                  _STRA 04E8                  _STRB 04E9                  _STRC 04EA  
                _VREN 04BF                  _STRD 04EB                  _TRMT 04C1                  _STOP 04A4  
                _TXIE 0464                  _ZERO 001A                  _WREN 0C62                  _TXEN 04C5  
                _TXIF 0064                  _VROE 04BE                  _SYNC 04C4                  _WPUB 0095  
                _VRSS 04BC                  _main 073B                  start 0000   start_initialization 0733  
             _CM1CON0 0107               _CM2CON0 0108               _CCP1CON 0017               _CM2CON1 0109  
             _CCP2CON 001D               _ACKSTAT 048E               _BAUDCTL 0187               _ECCPAS0 04E4  
             _ECCPAS1 04E5               _ECCPAS2 04E6            main@count1 007A            main@count2 007C  
             _ECCPASE 04E7                 _C1CH0 0838                 _C1CH1 0839                 _C2CH0 0840  
               _C2CH1 0841                 _DC1B0 00BC                 _DC1B1 00BD                 _C1SEN 0C2D  
               _C2REN 0C2C                 _C1POL 083C                 _C2POL 0844                 _C1OUT 083E  
               _C2OUT 0846                 _ABDEN 0C38                 _ADCS0 00FE                 _ADCS1 00FF  
               _ADDEN 00C3                 ?_main 007A                 _ACKEN 048C                 _ACKDT 048D  
               _BCLIE 046B                 _BCLIF 006B                 _CCP2X 00ED                 _CCP2Y 00EC  
               _EEADR 010D                 _ANS10 0C4A                 _EEDAT 010C                 _BRG10 04D2  
               _ANS11 0C4B                 _BRG11 04D3                 _ANS12 0C4C                 _BRG12 04D4  
               _ANS13 0C4D                 _BRG13 04D5                 _BRG14 04D6                 _BRG15 04D7  
               _BRG16 0C3B                 _CARRY 0018                 _EEPGD 0C67                 _ANSEL 0188  
               _T1CON 0010                 _IOCB0 04B0                 _T2CON 0012                 _IOCB1 04B1  
               _IOCB2 04B2                 _IOCB3 04B3                 _IOCB4 04B4                 _IOCB5 04B5  
               _IOCB6 04B6                 _IOCB7 04B7                 _T1GSS 0849               _T1CKPS0 0084  
             _T1CKPS1 0085                 _IRCF0 047C                 _IRCF1 047D                 _IRCF2 047E  
             _T2CKPS0 0090               _T2CKPS1 0091                 _RABIE 005B                 _RABIF 0058  
               _RABPU 040F                 _RCIDL 0C3E                 _FVREN 0C28                 _VCFG0 04FC  
               _VCFG1 04FD                 _RCREG 001A                 _SENDB 04C3                 _RCSTA 0018  
               _OSFIE 046F                 _OSFIF 006F                 _TMR1H 000F                 _TMR1L 000E  
               _SPBRG 0099                 _PORTA 0005                 _PORTB 0006               _T1OSCEN 0083  
               _PORTC 0007                 _PORTD 0008                 _PORTE 0009                 _PRSEN 04DF  
               _SRCON 0185                 _START 04A3                 _PULSR 0C2A                 _PULSS 0C2B  
               _SSPM0 00A0                 _SSPM1 00A1                 _SSPM2 00A2                 _SSPM3 00A3  
               _TRISA 0085                 _TRISB 0086                 _TRISC 0087                 _TRISD 0088  
               _SSPIE 0463                 _TRISE 0089                 _SSPIF 0063                 _SSPEN 00A5  
               _VRCON 0097                 _WPUB0 04A8                 _WPUB1 04A9                 _WPUB2 04AA  
               _WPUB3 04AB                 _WPUB4 04AC                 _SSPOV 00A6                 _WPUB5 04AD  
               _WPUB6 04AE                 _WPUB7 04AF                 _WRERR 0C63                 _TXREG 0019  
               _TXSTA 0098        __pcstackCOMMON 0070               _OSCTUNE 0090               _PWM1CON 009B  
             _PSTRCON 009D               _SSPCON2 0091                 main@i 0076                 main@j 0078  
             _ULPWUIE 046A               _ULPWUIF 006A               _SSPSTAT 0094               _TOUTPS0 0093  
             _TOUTPS1 0094               _TOUTPS2 0095               _TOUTPS3 0096               _STRSYNC 04EC  
               status 0003         __size_of_main 00C5              l30000510 0750              l30000511 0755  
            l30000520 07B3              l30000512 0759              l30000521 07B7              l30000513 0767  
            l30000522 07C6              l30000514 0775              l30000506 073B              l30000523 07CB  
            l30000515 077D              l30000507 073F              l30000524 07D9              l30000516 0782  
            l30000508 0744              l30000525 07DF              l30000517 0790              l30000509 074B  
            l30000526 07F7              l30000518 0796              l30000519 07AE                ??_main 0070  
          __pmaintext 073B                _C1RSEL 084D                _C2RSEL 084C                _C2SYNC 0848  
              _ADCON0 001F                _ADCON1 009F                _ABDOVF 0C3F                _CCP1M0 00B8  
              _CCP1M1 00B9                _CCP1M2 00BA                _CCP1M3 00BB                _CCP2M0 00E8  
              _CCP2M1 00E9                _CCP2M2 00EA                _CCP2M3 00EB                _CCP1IE 0462  
              _CCP1IF 0062                _CCP2IE 0468                _CCP2IF 0068                _ADRESH 001E  
              _EEADRH 010F                _ADRESL 009E                _EEADRL 010D                _EEDATA 010C  
              _ECCPAS 009C                _CCPR1H 0016                _EEDATH 010E                _CCPR2H 001C  
              _CCPR1L 0015                _CCPR2L 001B                _EECON1 018C                _EECON2 018D  
              _ANSELH 0189                _MC1OUT 084F                _MC2OUT 084E               main@sum 0072  
        __end_of_main 0800                _T1GINV 0087                _GODONE 00F9  end_of_initialization 0737  
              _T1SYNC 0082                _INTEDG 040E                _PCLATH 000A                _INTCON 000B  
              _SBOREN 0474                _OSCCON 008F                _TMR1GE 0086                _TMR1IE 0460  
              _TMR1IF 0060                _TMR1CS 0081                _TMR2IE 0461                _TMR2IF 0061  
              _PSSAC0 04E2                _PSSAC1 04E3                _PSSBD0 04E0                _PSSBD1 04E1  
              _SPBRGH 009A                _OPTION 0081                _TMR1ON 0080                _TMR2ON 0092  
              _WDTCON 0105                _WDTPS0 0829                _WDTPS1 082A                _WDTPS2 082B  
              _WDTPS3 082C                _SSPADD 0093                _TRISA0 0428                _TRISA1 0429  
              _TRISB0 0430                _TRISA2 042A                _TRISB1 0431                _TRISA3 042B  
              _TRISC0 0438                _TRISB2 0432                _TRISA4 042C                _TRISC1 0439  
              _TRISB3 0433                _TRISA5 042D                _TRISD0 0440                _TRISC2 043A  
              _TRISB4 0434                _TRISA6 042E                _TRISD1 0441                _TRISC3 043B  
              _TRISB5 0435                _TRISA7 042F                _TRISE0 0448                _TRISD2 0442  
              _TRISC4 043C                _TRISB6 0436                _TRISE1 0449                _TRISD3 0443  
              _TRISC5 043D                _TRISB7 0437                _TRISE2 044A                _TRISD4 0444  
              _TRISC6 043E                _TRISE3 044B                _TRISD5 0445                _TRISC7 043F  
              _TRISD6 0446                _TRISD7 0447                _STATUS 0003                _SSPCON 0014  
              _SSPBUF 0013                _SWDTEN 0828                _ULPWUE 0475                _SSPMSK 0093  
      main@difference 0074  
