

HI-TECH Software PIC LITE Macro Assembler V9.70 build 5239 
                                                                                               Fri Mar 31 14:53:17 2023

HI-TECH Software Omniscient Code Generator (Lite mode) build 5239
     1  0000                     opt subtitle "HI-TECH Software Omniscient Code Generator (Lite mode) build 5239"
     2                           
     3                           opt pagewidth 120
     4                           
     5                           	opt lm
     6                           
     7                           	processor	16F887
     8                           clrc	macro
     9                           	bcf	3,0
    10  0000                     	endm
    11                           clrz	macro
    12                           	bcf	3,2
    13  0000                     	endm
    14                           setc	macro
    15                           	bsf	3,0
    16  0000                     	endm
    17                           setz	macro
    18                           	bsf	3,2
    19  0000                     	endm
    20                           skipc	macro
    21                           	btfss	3,0
    22  0000                     	endm
    23                           skipz	macro
    24                           	btfss	3,2
    25  0000                     	endm
    26                           skipnc	macro
    27                           	btfsc	3,0
    28  0000                     	endm
    29                           skipnz	macro
    30                           	btfsc	3,2
    31  0000                     	endm
    32  0000                     indf	equ	0
    33  0000                     indf0	equ	0
    34  0002                     pc	equ	2
    35  0002                     pcl	equ	2
    36  0003                     status	equ	3
    37  0004                     fsr	equ	4
    38  0004                     fsr0	equ	4
    39  0001                     c	equ	1
    40  0000                     z	equ	0
    41  000A                     pclath	equ	10
    42                           ;COMMON:	_main->___awmod
    43                           	FNCALL	_main,___awmod
    44                           	FNROOT	_main
    45                           	global	_k
    46                           psect	idataBANK0,class=CODE,space=0,delta=2
    47                           global __pidataBANK0
    48  06C5                     __pidataBANK0:
    49                           	file	"C:\Users\gowth\Documents\PIC Programs\Timer\Timer0\Timer0 Traffic\Timer0 Traffic.
                                 c"
    50                           	line	4
    51                           
    52                           ;initializer for _k
    53  06C5  347D               	retlw	07Dh
    54  06C6  3400               	retlw	0
    55                           
    56                           	global	_b
    57                           	global	_a
    58                           	global	_c
    59                           	global	_count
    60                           	global	_ADCON0
    61  001F                     _ADCON0  equ     31
    62                           	global	_ADRESH
    63  001E                     _ADRESH  equ     30
    64                           	global	_CCP1CON
    65  0017                     _CCP1CON  equ     23
    66                           	global	_CCP2CON
    67  001D                     _CCP2CON  equ     29
    68                           	global	_CCPR1H
    69  0016                     _CCPR1H  equ     22
    70                           	global	_CCPR1L
    71  0015                     _CCPR1L  equ     21
    72                           	global	_CCPR2H
    73  001C                     _CCPR2H  equ     28
    74                           	global	_CCPR2L
    75  001B                     _CCPR2L  equ     27
    76                           	global	_FSR
    77  0004                     _FSR  equ     4
    78                           	global	_INDF
    79  0000                     _INDF  equ     0
    80                           	global	_INTCON
    81  000B                     _INTCON  equ     11
    82                           	global	_PCL
    83  0002                     _PCL  equ     2
    84                           	global	_PCLATH
    85  000A                     _PCLATH  equ     10
    86                           	global	_PIR1
    87  000C                     _PIR1  equ     12
    88                           	global	_PIR2
    89  000D                     _PIR2  equ     13
    90                           	global	_PORTA
    91  0005                     _PORTA  equ     5
    92                           	global	_PORTB
    93  0006                     _PORTB  equ     6
    94                           	global	_PORTC
    95  0007                     _PORTC  equ     7
    96                           	global	_PORTD
    97  0008                     _PORTD  equ     8
    98                           	global	_PORTE
    99  0009                     _PORTE  equ     9
   100                           	global	_RCREG
   101  001A                     _RCREG  equ     26
   102                           	global	_RCSTA
   103  0018                     _RCSTA  equ     24
   104                           	global	_SSPBUF
   105  0013                     _SSPBUF  equ     19
   106                           	global	_SSPCON
   107  0014                     _SSPCON  equ     20
   108                           	global	_STATUS
   109  0003                     _STATUS  equ     3
   110                           	global	_T1CON
   111  0010                     _T1CON  equ     16
   112                           	global	_T2CON
   113  0012                     _T2CON  equ     18
   114                           	global	_TMR0
   115  0001                     _TMR0  equ     1
   116                           	global	_TMR1H
   117  000F                     _TMR1H  equ     15
   118                           	global	_TMR1L
   119  000E                     _TMR1L  equ     14
   120                           	global	_TMR2
   121  0011                     _TMR2  equ     17
   122                           	global	_TXREG
   123  0019                     _TXREG  equ     25
   124                           	global	_ADCS0
   125  00FE                     _ADCS0  equ     254
   126                           	global	_ADCS1
   127  00FF                     _ADCS1  equ     255
   128                           	global	_ADDEN
   129  00C3                     _ADDEN  equ     195
   130                           	global	_ADIF
   131  0066                     _ADIF  equ     102
   132                           	global	_ADON
   133  00F8                     _ADON  equ     248
   134                           	global	_BCLIF
   135  006B                     _BCLIF  equ     107
   136                           	global	_C1IF
   137  006D                     _C1IF  equ     109
   138                           	global	_C2IF
   139  006E                     _C2IF  equ     110
   140                           	global	_CARRY
   141  0018                     _CARRY  equ     24
   142                           	global	_CCP1IF
   143  0062                     _CCP1IF  equ     98
   144                           	global	_CCP1M0
   145  00B8                     _CCP1M0  equ     184
   146                           	global	_CCP1M1
   147  00B9                     _CCP1M1  equ     185
   148                           	global	_CCP1M2
   149  00BA                     _CCP1M2  equ     186
   150                           	global	_CCP1M3
   151  00BB                     _CCP1M3  equ     187
   152                           	global	_CCP2IF
   153  0068                     _CCP2IF  equ     104
   154                           	global	_CCP2M0
   155  00E8                     _CCP2M0  equ     232
   156                           	global	_CCP2M1
   157  00E9                     _CCP2M1  equ     233
   158                           	global	_CCP2M2
   159  00EA                     _CCP2M2  equ     234
   160                           	global	_CCP2M3
   161  00EB                     _CCP2M3  equ     235
   162                           	global	_CCP2X
   163  00ED                     _CCP2X  equ     237
   164                           	global	_CCP2Y
   165  00EC                     _CCP2Y  equ     236
   166                           	global	_CHS0
   167  00FA                     _CHS0  equ     250
   168                           	global	_CHS1
   169  00FB                     _CHS1  equ     251
   170                           	global	_CHS2
   171  00FC                     _CHS2  equ     252
   172                           	global	_CHS3
   173  00FD                     _CHS3  equ     253
   174                           	global	_CKP
   175  00A4                     _CKP  equ     164
   176                           	global	_CREN
   177  00C4                     _CREN  equ     196
   178                           	global	_DC
   179  0019                     _DC  equ     25
   180                           	global	_DC1B0
   181  00BC                     _DC1B0  equ     188
   182                           	global	_DC1B1
   183  00BD                     _DC1B1  equ     189
   184                           	global	_EEIF
   185  006C                     _EEIF  equ     108
   186                           	global	_FERR
   187  00C2                     _FERR  equ     194
   188                           	global	_GIE
   189  005F                     _GIE  equ     95
   190                           	global	_GODONE
   191  00F9                     _GODONE  equ     249
   192                           	global	_INTE
   193  005C                     _INTE  equ     92
   194                           	global	_INTF
   195  0059                     _INTF  equ     89
   196                           	global	_IRP
   197  001F                     _IRP  equ     31
   198                           	global	_OERR
   199  00C1                     _OERR  equ     193
   200                           	global	_OSFIF
   201  006F                     _OSFIF  equ     111
   202                           	global	_P1M0
   203  00BE                     _P1M0  equ     190
   204                           	global	_P1M1
   205  00BF                     _P1M1  equ     191
   206                           	global	_PD
   207  001B                     _PD  equ     27
   208                           	global	_PEIE
   209  005E                     _PEIE  equ     94
   210                           	global	_RA0
   211  0028                     _RA0  equ     40
   212                           	global	_RA1
   213  0029                     _RA1  equ     41
   214                           	global	_RA2
   215  002A                     _RA2  equ     42
   216                           	global	_RA3
   217  002B                     _RA3  equ     43
   218                           	global	_RA4
   219  002C                     _RA4  equ     44
   220                           	global	_RA5
   221  002D                     _RA5  equ     45
   222                           	global	_RA6
   223  002E                     _RA6  equ     46
   224                           	global	_RA7
   225  002F                     _RA7  equ     47
   226                           	global	_RABIE
   227  005B                     _RABIE  equ     91
   228                           	global	_RABIF
   229  0058                     _RABIF  equ     88
   230                           	global	_RB0
   231  0030                     _RB0  equ     48
   232                           	global	_RB1
   233  0031                     _RB1  equ     49
   234                           	global	_RB2
   235  0032                     _RB2  equ     50
   236                           	global	_RB3
   237  0033                     _RB3  equ     51
   238                           	global	_RB4
   239  0034                     _RB4  equ     52
   240                           	global	_RB5
   241  0035                     _RB5  equ     53
   242                           	global	_RB6
   243  0036                     _RB6  equ     54
   244                           	global	_RB7
   245  0037                     _RB7  equ     55
   246                           	global	_RBIE
   247  005B                     _RBIE  equ     91
   248                           	global	_RBIF
   249  0058                     _RBIF  equ     88
   250                           	global	_RC0
   251  0038                     _RC0  equ     56
   252                           	global	_RC1
   253  0039                     _RC1  equ     57
   254                           	global	_RC2
   255  003A                     _RC2  equ     58
   256                           	global	_RC3
   257  003B                     _RC3  equ     59
   258                           	global	_RC4
   259  003C                     _RC4  equ     60
   260                           	global	_RC5
   261  003D                     _RC5  equ     61
   262                           	global	_RC6
   263  003E                     _RC6  equ     62
   264                           	global	_RC7
   265  003F                     _RC7  equ     63
   266                           	global	_RCIF
   267  0065                     _RCIF  equ     101
   268                           	global	_RD0
   269  0040                     _RD0  equ     64
   270                           	global	_RD1
   271  0041                     _RD1  equ     65
   272                           	global	_RD2
   273  0042                     _RD2  equ     66
   274                           	global	_RD3
   275  0043                     _RD3  equ     67
   276                           	global	_RD4
   277  0044                     _RD4  equ     68
   278                           	global	_RD5
   279  0045                     _RD5  equ     69
   280                           	global	_RD6
   281  0046                     _RD6  equ     70
   282                           	global	_RD7
   283  0047                     _RD7  equ     71
   284                           	global	_RE0
   285  0048                     _RE0  equ     72
   286                           	global	_RE1
   287  0049                     _RE1  equ     73
   288                           	global	_RE2
   289  004A                     _RE2  equ     74
   290                           	global	_RE3
   291  004B                     _RE3  equ     75
   292                           	global	_RP0
   293  001D                     _RP0  equ     29
   294                           	global	_RP1
   295  001E                     _RP1  equ     30
   296                           	global	_RX9
   297  00C6                     _RX9  equ     198
   298                           	global	_RX9D
   299  00C0                     _RX9D  equ     192
   300                           	global	_SPEN
   301  00C7                     _SPEN  equ     199
   302                           	global	_SREN
   303  00C5                     _SREN  equ     197
   304                           	global	_SSPEN
   305  00A5                     _SSPEN  equ     165
   306                           	global	_SSPIF
   307  0063                     _SSPIF  equ     99
   308                           	global	_SSPM0
   309  00A0                     _SSPM0  equ     160
   310                           	global	_SSPM1
   311  00A1                     _SSPM1  equ     161
   312                           	global	_SSPM2
   313  00A2                     _SSPM2  equ     162
   314                           	global	_SSPM3
   315  00A3                     _SSPM3  equ     163
   316                           	global	_SSPOV
   317  00A6                     _SSPOV  equ     166
   318                           	global	_T0IE
   319  005D                     _T0IE  equ     93
   320                           	global	_T0IF
   321  005A                     _T0IF  equ     90
   322                           	global	_T1CKPS0
   323  0084                     _T1CKPS0  equ     132
   324                           	global	_T1CKPS1
   325  0085                     _T1CKPS1  equ     133
   326                           	global	_T1GINV
   327  0087                     _T1GINV  equ     135
   328                           	global	_T1OSCEN
   329  0083                     _T1OSCEN  equ     131
   330                           	global	_T1SYNC
   331  0082                     _T1SYNC  equ     130
   332                           	global	_T2CKPS0
   333  0090                     _T2CKPS0  equ     144
   334                           	global	_T2CKPS1
   335  0091                     _T2CKPS1  equ     145
   336                           	global	_TMR1CS
   337  0081                     _TMR1CS  equ     129
   338                           	global	_TMR1GE
   339  0086                     _TMR1GE  equ     134
   340                           	global	_TMR1IF
   341  0060                     _TMR1IF  equ     96
   342                           	global	_TMR1ON
   343  0080                     _TMR1ON  equ     128
   344                           	global	_TMR2IF
   345  0061                     _TMR2IF  equ     97
   346                           	global	_TMR2ON
   347  0092                     _TMR2ON  equ     146
   348                           	global	_TO
   349  001C                     _TO  equ     28
   350                           	global	_TOUTPS0
   351  0093                     _TOUTPS0  equ     147
   352                           	global	_TOUTPS1
   353  0094                     _TOUTPS1  equ     148
   354                           	global	_TOUTPS2
   355  0095                     _TOUTPS2  equ     149
   356                           	global	_TOUTPS3
   357  0096                     _TOUTPS3  equ     150
   358                           	global	_TXIF
   359  0064                     _TXIF  equ     100
   360                           	global	_ULPWUIF
   361  006A                     _ULPWUIF  equ     106
   362                           	global	_WCOL
   363  00A7                     _WCOL  equ     167
   364                           	global	_ZERO
   365  001A                     _ZERO  equ     26
   366                           	global	_ADCON1
   367  009F                     _ADCON1  equ     159
   368                           	global	_ADRESL
   369  009E                     _ADRESL  equ     158
   370                           	global	_ECCPAS
   371  009C                     _ECCPAS  equ     156
   372                           	global	_IOCB
   373  0096                     _IOCB  equ     150
   374                           	global	_OPTION
   375  0081                     _OPTION  equ     129
   376                           	global	_OSCCON
   377  008F                     _OSCCON  equ     143
   378                           	global	_OSCTUNE
   379  0090                     _OSCTUNE  equ     144
   380                           	global	_PCON
   381  008E                     _PCON  equ     142
   382                           	global	_PIE1
   383  008C                     _PIE1  equ     140
   384                           	global	_PIE2
   385  008D                     _PIE2  equ     141
   386                           	global	_PR2
   387  0092                     _PR2  equ     146
   388                           	global	_PSTRCON
   389  009D                     _PSTRCON  equ     157
   390                           	global	_PWM1CON
   391  009B                     _PWM1CON  equ     155
   392                           	global	_SPBRG
   393  0099                     _SPBRG  equ     153
   394                           	global	_SPBRGH
   395  009A                     _SPBRGH  equ     154
   396                           	global	_SSPADD
   397  0093                     _SSPADD  equ     147
   398                           	global	_SSPCON2
   399  0091                     _SSPCON2  equ     145
   400                           	global	_SSPMSK
   401  0093                     _SSPMSK  equ     147
   402                           	global	_SSPSTAT
   403  0094                     _SSPSTAT  equ     148
   404                           	global	_TRISA
   405  0085                     _TRISA  equ     133
   406                           	global	_TRISB
   407  0086                     _TRISB  equ     134
   408                           	global	_TRISC
   409  0087                     _TRISC  equ     135
   410                           	global	_TRISD
   411  0088                     _TRISD  equ     136
   412                           	global	_TRISE
   413  0089                     _TRISE  equ     137
   414                           	global	_TXSTA
   415  0098                     _TXSTA  equ     152
   416                           	global	_VRCON
   417  0097                     _VRCON  equ     151
   418                           	global	_WPUB
   419  0095                     _WPUB  equ     149
   420                           	global	_ACKDT
   421  048D                     _ACKDT  equ     1165
   422                           	global	_ACKEN
   423  048C                     _ACKEN  equ     1164
   424                           	global	_ACKSTAT
   425  048E                     _ACKSTAT  equ     1166
   426                           	global	_ADFM
   427  04FF                     _ADFM  equ     1279
   428                           	global	_ADIE
   429  0466                     _ADIE  equ     1126
   430                           	global	_BCLIE
   431  046B                     _BCLIE  equ     1131
   432                           	global	_BF
   433  04A0                     _BF  equ     1184
   434                           	global	_BOR
   435  0470                     _BOR  equ     1136
   436                           	global	_BRG0
   437  04C8                     _BRG0  equ     1224
   438                           	global	_BRG1
   439  04C9                     _BRG1  equ     1225
   440                           	global	_BRG10
   441  04D2                     _BRG10  equ     1234
   442                           	global	_BRG11
   443  04D3                     _BRG11  equ     1235
   444                           	global	_BRG12
   445  04D4                     _BRG12  equ     1236
   446                           	global	_BRG13
   447  04D5                     _BRG13  equ     1237
   448                           	global	_BRG14
   449  04D6                     _BRG14  equ     1238
   450                           	global	_BRG15
   451  04D7                     _BRG15  equ     1239
   452                           	global	_BRG2
   453  04CA                     _BRG2  equ     1226
   454                           	global	_BRG3
   455  04CB                     _BRG3  equ     1227
   456                           	global	_BRG4
   457  04CC                     _BRG4  equ     1228
   458                           	global	_BRG5
   459  04CD                     _BRG5  equ     1229
   460                           	global	_BRG6
   461  04CE                     _BRG6  equ     1230
   462                           	global	_BRG7
   463  04CF                     _BRG7  equ     1231
   464                           	global	_BRG8
   465  04D0                     _BRG8  equ     1232
   466                           	global	_BRG9
   467  04D1                     _BRG9  equ     1233
   468                           	global	_BRGH
   469  04C2                     _BRGH  equ     1218
   470                           	global	_C1IE
   471  046D                     _C1IE  equ     1133
   472                           	global	_C2IE
   473  046E                     _C2IE  equ     1134
   474                           	global	_CCP1IE
   475  0462                     _CCP1IE  equ     1122
   476                           	global	_CCP2IE
   477  0468                     _CCP2IE  equ     1128
   478                           	global	_CKE
   479  04A6                     _CKE  equ     1190
   480                           	global	_CSRC
   481  04C7                     _CSRC  equ     1223
   482                           	global	_DA
   483  04A5                     _DA  equ     1189
   484                           	global	_ECCPAS0
   485  04E4                     _ECCPAS0  equ     1252
   486                           	global	_ECCPAS1
   487  04E5                     _ECCPAS1  equ     1253
   488                           	global	_ECCPAS2
   489  04E6                     _ECCPAS2  equ     1254
   490                           	global	_ECCPASE
   491  04E7                     _ECCPASE  equ     1255
   492                           	global	_EEIE
   493  046C                     _EEIE  equ     1132
   494                           	global	_GCEN
   495  048F                     _GCEN  equ     1167
   496                           	global	_HTS
   497  047A                     _HTS  equ     1146
   498                           	global	_INTEDG
   499  040E                     _INTEDG  equ     1038
   500                           	global	_IOCB0
   501  04B0                     _IOCB0  equ     1200
   502                           	global	_IOCB1
   503  04B1                     _IOCB1  equ     1201
   504                           	global	_IOCB2
   505  04B2                     _IOCB2  equ     1202
   506                           	global	_IOCB3
   507  04B3                     _IOCB3  equ     1203
   508                           	global	_IOCB4
   509  04B4                     _IOCB4  equ     1204
   510                           	global	_IOCB5
   511  04B5                     _IOCB5  equ     1205
   512                           	global	_IOCB6
   513  04B6                     _IOCB6  equ     1206
   514                           	global	_IOCB7
   515  04B7                     _IOCB7  equ     1207
   516                           	global	_IRCF0
   517  047C                     _IRCF0  equ     1148
   518                           	global	_IRCF1
   519  047D                     _IRCF1  equ     1149
   520                           	global	_IRCF2
   521  047E                     _IRCF2  equ     1150
   522                           	global	_LTS
   523  0479                     _LTS  equ     1145
   524                           	global	_OSFIE
   525  046F                     _OSFIE  equ     1135
   526                           	global	_OSTS
   527  047B                     _OSTS  equ     1147
   528                           	global	_PDC0
   529  04D8                     _PDC0  equ     1240
   530                           	global	_PDC1
   531  04D9                     _PDC1  equ     1241
   532                           	global	_PDC2
   533  04DA                     _PDC2  equ     1242
   534                           	global	_PDC3
   535  04DB                     _PDC3  equ     1243
   536                           	global	_PDC4
   537  04DC                     _PDC4  equ     1244
   538                           	global	_PDC5
   539  04DD                     _PDC5  equ     1245
   540                           	global	_PDC6
   541  04DE                     _PDC6  equ     1246
   542                           	global	_PEN
   543  048A                     _PEN  equ     1162
   544                           	global	_POR
   545  0471                     _POR  equ     1137
   546                           	global	_PRSEN
   547  04DF                     _PRSEN  equ     1247
   548                           	global	_PS0
   549  0408                     _PS0  equ     1032
   550                           	global	_PS1
   551  0409                     _PS1  equ     1033
   552                           	global	_PS2
   553  040A                     _PS2  equ     1034
   554                           	global	_PSA
   555  040B                     _PSA  equ     1035
   556                           	global	_PSSAC0
   557  04E2                     _PSSAC0  equ     1250
   558                           	global	_PSSAC1
   559  04E3                     _PSSAC1  equ     1251
   560                           	global	_PSSBD0
   561  04E0                     _PSSBD0  equ     1248
   562                           	global	_PSSBD1
   563  04E1                     _PSSBD1  equ     1249
   564                           	global	_RABPU
   565  040F                     _RABPU  equ     1039
   566                           	global	_RBPU
   567  040F                     _RBPU  equ     1039
   568                           	global	_RCEN
   569  048B                     _RCEN  equ     1163
   570                           	global	_RCIE
   571  0465                     _RCIE  equ     1125
   572                           	global	_RSEN
   573  0489                     _RSEN  equ     1161
   574                           	global	_RW
   575  04A2                     _RW  equ     1186
   576                           	global	_SBOREN
   577  0474                     _SBOREN  equ     1140
   578                           	global	_SCS
   579  0478                     _SCS  equ     1144
   580                           	global	_SEN
   581  0488                     _SEN  equ     1160
   582                           	global	_SENDB
   583  04C3                     _SENDB  equ     1219
   584                           	global	_SMP
   585  04A7                     _SMP  equ     1191
   586                           	global	_SSPIE
   587  0463                     _SSPIE  equ     1123
   588                           	global	_START
   589  04A3                     _START  equ     1187
   590                           	global	_STOP
   591  04A4                     _STOP  equ     1188
   592                           	global	_STRA
   593  04E8                     _STRA  equ     1256
   594                           	global	_STRB
   595  04E9                     _STRB  equ     1257
   596                           	global	_STRC
   597  04EA                     _STRC  equ     1258
   598                           	global	_STRD
   599  04EB                     _STRD  equ     1259
   600                           	global	_STRSYNC
   601  04EC                     _STRSYNC  equ     1260
   602                           	global	_SYNC
   603  04C4                     _SYNC  equ     1220
   604                           	global	_T0CS
   605  040D                     _T0CS  equ     1037
   606                           	global	_T0SE
   607  040C                     _T0SE  equ     1036
   608                           	global	_TMR1IE
   609  0460                     _TMR1IE  equ     1120
   610                           	global	_TMR2IE
   611  0461                     _TMR2IE  equ     1121
   612                           	global	_TRISA0
   613  0428                     _TRISA0  equ     1064
   614                           	global	_TRISA1
   615  0429                     _TRISA1  equ     1065
   616                           	global	_TRISA2
   617  042A                     _TRISA2  equ     1066
   618                           	global	_TRISA3
   619  042B                     _TRISA3  equ     1067
   620                           	global	_TRISA4
   621  042C                     _TRISA4  equ     1068
   622                           	global	_TRISA5
   623  042D                     _TRISA5  equ     1069
   624                           	global	_TRISA6
   625  042E                     _TRISA6  equ     1070
   626                           	global	_TRISA7
   627  042F                     _TRISA7  equ     1071
   628                           	global	_TRISB0
   629  0430                     _TRISB0  equ     1072
   630                           	global	_TRISB1
   631  0431                     _TRISB1  equ     1073
   632                           	global	_TRISB2
   633  0432                     _TRISB2  equ     1074
   634                           	global	_TRISB3
   635  0433                     _TRISB3  equ     1075
   636                           	global	_TRISB4
   637  0434                     _TRISB4  equ     1076
   638                           	global	_TRISB5
   639  0435                     _TRISB5  equ     1077
   640                           	global	_TRISB6
   641  0436                     _TRISB6  equ     1078
   642                           	global	_TRISB7
   643  0437                     _TRISB7  equ     1079
   644                           	global	_TRISC0
   645  0438                     _TRISC0  equ     1080
   646                           	global	_TRISC1
   647  0439                     _TRISC1  equ     1081
   648                           	global	_TRISC2
   649  043A                     _TRISC2  equ     1082
   650                           	global	_TRISC3
   651  043B                     _TRISC3  equ     1083
   652                           	global	_TRISC4
   653  043C                     _TRISC4  equ     1084
   654                           	global	_TRISC5
   655  043D                     _TRISC5  equ     1085
   656                           	global	_TRISC6
   657  043E                     _TRISC6  equ     1086
   658                           	global	_TRISC7
   659  043F                     _TRISC7  equ     1087
   660                           	global	_TRISD0
   661  0440                     _TRISD0  equ     1088
   662                           	global	_TRISD1
   663  0441                     _TRISD1  equ     1089
   664                           	global	_TRISD2
   665  0442                     _TRISD2  equ     1090
   666                           	global	_TRISD3
   667  0443                     _TRISD3  equ     1091
   668                           	global	_TRISD4
   669  0444                     _TRISD4  equ     1092
   670                           	global	_TRISD5
   671  0445                     _TRISD5  equ     1093
   672                           	global	_TRISD6
   673  0446                     _TRISD6  equ     1094
   674                           	global	_TRISD7
   675  0447                     _TRISD7  equ     1095
   676                           	global	_TRISE0
   677  0448                     _TRISE0  equ     1096
   678                           	global	_TRISE1
   679  0449                     _TRISE1  equ     1097
   680                           	global	_TRISE2
   681  044A                     _TRISE2  equ     1098
   682                           	global	_TRISE3
   683  044B                     _TRISE3  equ     1099
   684                           	global	_TRMT
   685  04C1                     _TRMT  equ     1217
   686                           	global	_TUN0
   687  0480                     _TUN0  equ     1152
   688                           	global	_TUN1
   689  0481                     _TUN1  equ     1153
   690                           	global	_TUN2
   691  0482                     _TUN2  equ     1154
   692                           	global	_TUN3
   693  0483                     _TUN3  equ     1155
   694                           	global	_TUN4
   695  0484                     _TUN4  equ     1156
   696                           	global	_TX9
   697  04C6                     _TX9  equ     1222
   698                           	global	_TX9D
   699  04C0                     _TX9D  equ     1216
   700                           	global	_TXEN
   701  04C5                     _TXEN  equ     1221
   702                           	global	_TXIE
   703  0464                     _TXIE  equ     1124
   704                           	global	_UA
   705  04A1                     _UA  equ     1185
   706                           	global	_ULPWUE
   707  0475                     _ULPWUE  equ     1141
   708                           	global	_ULPWUIE
   709  046A                     _ULPWUIE  equ     1130
   710                           	global	_VCFG0
   711  04FC                     _VCFG0  equ     1276
   712                           	global	_VCFG1
   713  04FD                     _VCFG1  equ     1277
   714                           	global	_VR0
   715  04B8                     _VR0  equ     1208
   716                           	global	_VR1
   717  04B9                     _VR1  equ     1209
   718                           	global	_VR2
   719  04BA                     _VR2  equ     1210
   720                           	global	_VR3
   721  04BB                     _VR3  equ     1211
   722                           	global	_VREN
   723  04BF                     _VREN  equ     1215
   724                           	global	_VROE
   725  04BE                     _VROE  equ     1214
   726                           	global	_VRR
   727  04BD                     _VRR  equ     1213
   728                           	global	_VRSS
   729  04BC                     _VRSS  equ     1212
   730                           	global	_WPUB0
   731  04A8                     _WPUB0  equ     1192
   732                           	global	_WPUB1
   733  04A9                     _WPUB1  equ     1193
   734+                          	global	_WPUB2
   735+ 04AA                     _WPUB2  equ     1194
   736+                          	global	_WPUB3
   737+ 04AB                     _WPUB3  equ     1195
   738                           	global	_WPUB4
   739  04AC                     _WPUB4  equ     1196
   740                           	global	_WPUB5
   741  04AD                     _WPUB5  equ     1197
   742                           	global	_WPUB6
   743  04AE                     _WPUB6  equ     1198
   744                           	global	_WPUB7
   745  04AF                     _WPUB7  equ     1199
   746                           	global	_CM1CON0
   747  0107                     _CM1CON0  equ     263
   748                           	global	_CM2CON0
   749  0108                     _CM2CON0  equ     264
   750                           	global	_CM2CON1
   751  0109                     _CM2CON1  equ     265
   752                           	global	_EEADR
   753  010D                     _EEADR  equ     269
   754                           	global	_EEADRH
   755  010F                     _EEADRH  equ     271
   756                           	global	_EEADRL
   757  010D                     _EEADRL  equ     269
   758                           	global	_EEDAT
   759  010C                     _EEDAT  equ     268
   760                           	global	_EEDATA
   761  010C                     _EEDATA  equ     268
   762                           	global	_EEDATH
   763  010E                     _EEDATH  equ     270
   764                           	global	_WDTCON
   765  0105                     _WDTCON  equ     261
   766                           	global	_C1CH0
   767  0838                     _C1CH0  equ     2104
   768                           	global	_C1CH1
   769  0839                     _C1CH1  equ     2105
   770                           	global	_C1OE
   771  083D                     _C1OE  equ     2109
   772                           	global	_C1ON
   773  083F                     _C1ON  equ     2111
   774                           	global	_C1OUT
   775  083E                     _C1OUT  equ     2110
   776                           	global	_C1POL
   777  083C                     _C1POL  equ     2108
   778                           	global	_C1R
   779  083A                     _C1R  equ     2106
   780                           	global	_C1RSEL
   781  084D                     _C1RSEL  equ     2125
   782                           	global	_C2CH0
   783  0840                     _C2CH0  equ     2112
   784                           	global	_C2CH1
   785  0841                     _C2CH1  equ     2113
   786                           	global	_C2OE
   787  0845                     _C2OE  equ     2117
   788                           	global	_C2ON
   789  0847                     _C2ON  equ     2119
   790                           	global	_C2OUT
   791  0846                     _C2OUT  equ     2118
   792                           	global	_C2POL
   793  0844                     _C2POL  equ     2116
   794                           	global	_C2R
   795  0842                     _C2R  equ     2114
   796                           	global	_C2RSEL
   797  084C                     _C2RSEL  equ     2124
   798                           	global	_C2SYNC
   799  0848                     _C2SYNC  equ     2120
   800                           	global	_MC1OUT
   801  084F                     _MC1OUT  equ     2127
   802                           	global	_MC2OUT
   803  084E                     _MC2OUT  equ     2126
   804                           	global	_SWDTEN
   805  0828                     _SWDTEN  equ     2088
   806                           	global	_T1GSS
   807  0849                     _T1GSS  equ     2121
   808                           	global	_WDTPS0
   809  0829                     _WDTPS0  equ     2089
   810                           	global	_WDTPS1
   811  082A                     _WDTPS1  equ     2090
   812                           	global	_WDTPS2
   813  082B                     _WDTPS2  equ     2091
   814                           	global	_WDTPS3
   815  082C                     _WDTPS3  equ     2092
   816                           	global	_ANSEL
   817  0188                     _ANSEL  equ     392
   818                           	global	_ANSELH
   819  0189                     _ANSELH  equ     393
   820                           	global	_BAUDCTL
   821  0187                     _BAUDCTL  equ     391
   822                           	global	_EECON1
   823  018C                     _EECON1  equ     396
   824                           	global	_EECON2
   825  018D                     _EECON2  equ     397
   826                           	global	_SRCON
   827  0185                     _SRCON  equ     389
   828                           	global	_ABDEN
   829  0C38                     _ABDEN  equ     3128
   830                           	global	_ABDOVF
   831  0C3F                     _ABDOVF  equ     3135
   832                           	global	_ANS0
   833  0C40                     _ANS0  equ     3136
   834                           	global	_ANS1
   835  0C41                     _ANS1  equ     3137
   836                           	global	_ANS10
   837  0C4A                     _ANS10  equ     3146
   838                           	global	_ANS11
   839  0C4B                     _ANS11  equ     3147
   840                           	global	_ANS12
   841  0C4C                     _ANS12  equ     3148
   842                           	global	_ANS13
   843  0C4D                     _ANS13  equ     3149
   844                           	global	_ANS2
   845  0C42                     _ANS2  equ     3138
   846                           	global	_ANS3
   847  0C43                     _ANS3  equ     3139
   848                           	global	_ANS4
   849  0C44                     _ANS4  equ     3140
   850                           	global	_ANS5
   851  0C45                     _ANS5  equ     3141
   852                           	global	_ANS6
   853  0C46                     _ANS6  equ     3142
   854                           	global	_ANS7
   855  0C47                     _ANS7  equ     3143
   856                           	global	_ANS8
   857  0C48                     _ANS8  equ     3144
   858                           	global	_ANS9
   859  0C49                     _ANS9  equ     3145
   860                           	global	_BRG16
   861  0C3B                     _BRG16  equ     3131
   862                           	global	_C1SEN
   863  0C2D                     _C1SEN  equ     3117
   864                           	global	_C2REN
   865  0C2C                     _C2REN  equ     3116
   866                           	global	_EEPGD
   867  0C67                     _EEPGD  equ     3175
   868                           	global	_FVREN
   869  0C28                     _FVREN  equ     3112
   870                           	global	_PULSR
   871  0C2A                     _PULSR  equ     3114
   872                           	global	_PULSS
   873  0C2B                     _PULSS  equ     3115
   874                           	global	_RCIDL
   875  0C3E                     _RCIDL  equ     3134
   876                           	global	_RD
   877  0C60                     _RD  equ     3168
   878                           	global	_SCKP
   879  0C3C                     _SCKP  equ     3132
   880                           	global	_SR0
   881  0C2E                     _SR0  equ     3118
   882                           	global	_SR1
   883  0C2F                     _SR1  equ     3119
   884                           	global	_WR
   885  0C61                     _WR  equ     3169
   886                           	global	_WREN
   887  0C62                     _WREN  equ     3170
   888                           	global	_WRERR
   889  0C63                     _WRERR  equ     3171
   890                           	global	_WUE
   891  0C39                     _WUE  equ     3129
   892                           	file	"Timer0 Traffic.as"
   893                           	line	#
   894                           psect cinit,class=CODE,delta=2
   895                           global start_initialization
   896  06C7                     start_initialization:
   897                           
   898                           psect	bssCOMMON,class=COMMON,space=1
   899                           global __pbssCOMMON
   900  0077                     __pbssCOMMON:
   901  0077                     _a:
   902  0077                            ds      2
   903                           
   904  0079                     _c:
   905  0079                            ds      2
   906                           
   907  007B                     _count:
   908  007B                            ds      2
   909                           
   910                           psect	bssBANK0,class=BANK0,space=1
   911                           global __pbssBANK0
   912  0020                     __pbssBANK0:
   913  0020                     _b:
   914  0020                            ds      2
   915                           
   916                           psect	dataBANK0,class=BANK0,space=1
   917                           global __pdataBANK0
   918  0022                     __pdataBANK0:
   919                           	file	"C:\Users\gowth\Documents\PIC Programs\Timer\Timer0\Timer0 Traffic\Timer0 Traffic.
                                 c"
   920                           	line	4
   921  0022                     _k:
   922  0022                            ds      2
   923                           
   924                           ; Clear objects allocated to COMMON
   925                           psect cinit,class=CODE,delta=2
   926  06C7  01F7               	clrf	((__pbssCOMMON)+0)&07Fh
   927  06C8  01F8               	clrf	((__pbssCOMMON)+1)&07Fh
   928  06C9  01F9               	clrf	((__pbssCOMMON)+2)&07Fh
   929  06CA  01FA               	clrf	((__pbssCOMMON)+3)&07Fh
   930  06CB  01FB               	clrf	((__pbssCOMMON)+4)&07Fh
   931  06CC  01FC               	clrf	((__pbssCOMMON)+5)&07Fh
   932                           ; Clear objects allocated to BANK0
   933                           psect cinit,class=CODE,delta=2
   934  06CD  01A0               	clrf	((__pbssBANK0)+0)&07Fh
   935  06CE  01A1               	clrf	((__pbssBANK0)+1)&07Fh
   936                           ; Initialize objects allocated to BANK0
   937                           	global __pidataBANK0
   938                           psect cinit,class=CODE,delta=2
   939  06CF  120A  118A  26C5   	fcall	__pidataBANK0+0		;fetch initializer
              120A  118A         
   940  06D4  00A2               	movwf	__pdataBANK0+0&07fh		
   941  06D5  120A  118A  26C6   	fcall	__pidataBANK0+1		;fetch initializer
              120A  118A         
   942  06DA  00A3               	movwf	__pdataBANK0+1&07fh		
   943                           psect cinit,class=CODE,delta=2
   944                           global end_of_initialization
   945                           
   946                           ;End of C runtime variable initationation code
   947                           
   948  06DB                     end_of_initialization:
   949  06DB  0183               clrf status
   950  06DC  120A  118A  2F3F   ljmp _main	;jump to C main() function
   951                           psect	cstackCOMMON,class=COMMON,space=1
   952                           global __pcstackCOMMON
   953  0070                     __pcstackCOMMON:
   954                           	global	??___awmod
   955  0070                     ??___awmod: ;@ 0x0
   956+ 0070                     	ds	1
   957                           	global	??_main
   958  0071                     ??_main: ;@ 0x1
   959                           	global	___awmod@sign
   960  0071                     ___awmod@sign:	; 1 bytes @ 0x1
   961  0071                     	ds	1
   962                           	global	___awmod@counter
   963  0072                     ___awmod@counter:	; 1 bytes @ 0x2
   964  0072                     	ds	1
   965                           	global	?___awmod
   966  0073                     ?___awmod: ;@ 0x3
   967                           	global	___awmod@dividend
   968  0073                     ___awmod@dividend:	; 2 bytes @ 0x3
   969  0073                     	ds	2
   970                           	global	___awmod@divisor
   971  0075                     ___awmod@divisor:	; 2 bytes @ 0x5
   972  0075                     	ds	2
   973                           	global	?_main
   974  0077                     ?_main: ;@ 0x7
   975                           ;Data sizes: Strings 0, constant 0, data 2, bss 8, persistent 0 stack 0
   976                           ;Auto spaces:   Size  Autos    Used
   977                           ; COMMON          14      7      13
   978                           ; BANK0           80      0       4
   979                           ; BANK1           80      0       0
   980                           ; BANK3           96      0       0
   981                           ; BANK2           96      0       0
   982                           
   983                           
   984                           ;Pointer list with targets:
   985                           
   986                           ;?___awmod	int  size(1); Largest target is 0
   987                           
   988                           
   989                           ;Main: autosize = 0, tempsize = 0, incstack = 0, save=0
   990                           
   991                           
   992                           ;Call graph:                      Base Space Used Autos Args Refs Density
   993                           ;_main                                                0    0  218   0.00
   994                           ;            ___awmod
   995                           ;  ___awmod                                           3    4  218   0.00
   996                           ;                                    0 COMMO    7
   997                           ; Estimated maximum call depth 1
   998                           ; Address spaces:
   999                           
  1000                           ;Name               Size   Autos  Total    Cost      Usage
  1001                           ;BITCOMMON            E      0       0       0        0.0%
  1002                           ;CODE                 0      0       0       0        0.0%
  1003                           ;NULL                 0      0       0       0        0.0%
  1004                           ;COMMON               E      7       D       1       92.9%
  1005                           ;SFR0                 0      0       0       1        0.0%
  1006                           ;BITSFR0              0      0       0       1        0.0%
  1007                           ;BITSFR1              0      0       0       2        0.0%
  1008                           ;SFR1                 0      0       0       2        0.0%
  1009                           ;ABS                  0      0      11       2        0.0%
  1010                           ;STACK                0      0       0       3        0.0%
  1011                           ;BITBANK0            50      0       0       4        0.0%
  1012                           ;SFR3                 0      0       0       4        0.0%
  1013                           ;BITSFR3              0      0       0       4        0.0%
  1014                           ;BANK0               50      0       4       5        5.0%
  1015                           ;BITSFR2              0      0       0       5        0.0%
  1016                           ;SFR2                 0      0       0       5        0.0%
  1017                           ;BITBANK1            50      0       0       6        0.0%
  1018                           ;BANK1               50      0       0       7        0.0%
  1019                           ;BITBANK3            60      0       0       8        0.0%
  1020                           ;BANK3               60      0       0       9        0.0%
  1021                           ;BITBANK2            60      0       0      10        0.0%
  1022                           ;BANK2               60      0       0      11        0.0%
  1023                           ;DATA                 0      0      11      12        0.0%
  1024                           ;EEDATA             100      0       0    1000        0.0%
  1025                           
  1026                           	global	_main
  1027                           psect	maintext,local,class=CODE,delta=2
  1028                           global __pmaintext
  1029  073F                     __pmaintext:
  1030                           
  1031                           ; *************** function _main *****************
  1032                           ; Defined at:
  1033                           ;		line 9 in file "C:\Users\gowth\Documents\PIC Programs\Timer\Timer0\Timer0 Traffic\Tim
                                 er0 Traffic.c"
  1034                           ; Parameters:    Size  Location     Type
  1035                           ;		None
  1036                           ; Auto vars:     Size  Location     Type
  1037                           ;		None
  1038                           ; Return value:  Size  Location     Type
  1039                           ;		None               void
  1040                           ; Registers used:
  1041                           ;		wreg, status,2, status,0, pclath, cstack
  1042                           ; Tracked objects:
  1043                           ;		On entry : 17F/0
  1044                           ;		On exit  : 0/0
  1045                           ;		Unchanged: 0/0
  1046                           ; Data sizes:     COMMON   BANK0   BANK1   BANK3   BANK2
  1047                           ;      Locals:         0       0       0       0       0
  1048                           ;      Temp:     0
  1049                           ;      Total:    0
  1050                           ; This function calls:
  1051                           ;		___awmod
  1052                           ; This function is called by:
  1053                           ;		Startup code after reset
  1054                           ; This function uses a non-reentrant model
  1055                           ; 
  1056                           psect	maintext
  1057                           	file	"C:\Users\gowth\Documents\PIC Programs\Timer\Timer0\Timer0 Traffic\Timer0 Traffic.
                                 c"
  1058                           	line	9
  1059                           	global	__size_of_main
  1060  00C1                     	__size_of_main	equ	__end_of_main-_main
  1061                           ;pic16f887.h: 19: volatile unsigned char INDF @ 0x000;
  1062                           ;pic16f887.h: 20: volatile unsigned char TMR0 @ 0x001;
  1063                           ;pic16f887.h: 21: volatile unsigned char PCL @ 0x002;
  1064                           ;pic16f887.h: 22: volatile unsigned char STATUS @ 0x003;
  1065                           ;pic16f887.h: 23: unsigned char FSR @ 0x004;
  1066                           ;pic16f887.h: 24: volatile unsigned char PORTA @ 0x005;
  1067                           ;pic16f887.h: 25: volatile unsigned char PORTB @ 0x006;
  1068                           ;pic16f887.h: 26: volatile unsigned char PORTC @ 0x007;
  1069                           ;pic16f887.h: 28: volatile unsigned char PORTD @ 0x008;
  1070                           ;pic16f887.h: 30: volatile unsigned char PORTE @ 0x009;
  1071                           	
  1072  073F                     _main:	
  1073                           	opt stack 8
  1074                           ; Regs used in _main: [wreg+status,2+status,0+pclath+cstack]
  1075                           	line	10
  1076                           	
  1077  073F                     l30000567:	
  1078                           ;Timer0 Traffic.c: 10: TRISB=0X00; PORTB=0X00; ANSEL=0; ANSELH=0;
  1079  073F  1003               	clrc
  1080  0740  3000               	movlw	0
  1081  0741  1803               	btfsc	status,0
  1082  0742  3001               	movlw	1
  1083  0743  1683               	bsf	status, 5	;RP0=1, select bank1
  1084  0744  1303               	bcf	status, 6	;RP1=0, select bank1
  1085  0745  0086               	movwf	(134)^080h	;volatile
  1086  0746  1003               	clrc
  1087  0747  3000               	movlw	0
  1088  0748  1803               	btfsc	status,0
  1089  0749  3001               	movlw	1
  1090  074A  1283               	bcf	status, 5	;RP0=0, select bank0
  1091  074B  1303               	bcf	status, 6	;RP1=0, select bank0
  1092  074C  0086               	movwf	(6)	;volatile
  1093  074D  1003               	clrc
  1094  074E  3000               	movlw	0
  1095  074F  1803               	btfsc	status,0
  1096  0750  3001               	movlw	1
  1097  0751  1683               	bsf	status, 5	;RP0=1, select bank3
  1098  0752  1703               	bsf	status, 6	;RP1=1, select bank3
  1099  0753  0088               	movwf	(392)^0180h
  1100  0754  1003               	clrc
  1101  0755  3000               	movlw	0
  1102  0756  1803               	btfsc	status,0
  1103  0757  3001               	movlw	1
  1104  0758  0089               	movwf	(393)^0180h
  1105                           	line	11
  1106                           ;Timer0 Traffic.c: 11: TRISC=0X00; PORTC=0X00;
  1107  0759  1003               	clrc
  1108  075A  3000               	movlw	0
  1109  075B  1803               	btfsc	status,0
  1110  075C  3001               	movlw	1
  1111  075D  1683               	bsf	status, 5	;RP0=1, select bank1
  1112  075E  1303               	bcf	status, 6	;RP1=0, select bank1
  1113  075F  0087               	movwf	(135)^080h	;volatile
  1114  0760  1003               	clrc
  1115  0761  3000               	movlw	0
  1116  0762  1803               	btfsc	status,0
  1117+ 0763  3001               	movlw	1
  1118  0764  1283               	bcf	status, 5	;RP0=0, select bank0
  1119  0765  1303               	bcf	status, 6	;RP1=0, select bank0
  1120  0766  0087               	movwf	(7)	;volatile
  1121                           	
  1122  0767                     l30000568:	
  1123                           	line	13
  1124                           ;Timer0 Traffic.c: 13: OPTION=0X05;
  1125  0767  3005               	movlw	(05h)
  1126  0768  1683               	bsf	status, 5	;RP0=1, select bank1
  1127  0769  1303               	bcf	status, 6	;RP1=0, select bank1
  1128  076A  0081               	movwf	(129)^080h
  1129                           	
  1130  076B                     l30000569:	
  1131                           	line	18
  1132                           ;Timer0 Traffic.c: 16: {
  1133                           ;Timer0 Traffic.c: 18: if(T0IF==1)
  1134  076B  1283               	bcf	status, 5	;RP0=0, select bank0
  1135  076C  1303               	bcf	status, 6	;RP1=0, select bank0
  1136  076D  1D0B               	btfss	(90/8),(90)&7
  1137  076E  2F70               	goto	u211
  1138  076F  2F71               	goto	u210
  1139  0770                     u211:
  1140  0770  2F7A               	goto	l30000572
  1141  0771                     u210:
  1142                           	
  1143  0771                     l30000570:	
  1144                           	line	20
  1145                           ;Timer0 Traffic.c: 19: {
  1146                           ;Timer0 Traffic.c: 20: count++;
  1147  0771  3001               	movlw	low(01h)
  1148  0772  07FB               	addwf	(_count),f
  1149  0773  1803               	skipnc
  1150  0774  0AFC               	incf	(_count+1),f
  1151  0775  3000               	movlw	high(01h)
  1152  0776  07FC               	addwf	(_count+1),f
  1153                           	
  1154  0777                     l30000571:	
  1155                           	line	21
  1156                           ;Timer0 Traffic.c: 21: T0IF=0;
  1157  0777  110B               	bcf	(90/8),(90)&7
  1158                           	line	22
  1159                           ;Timer0 Traffic.c: 22: TMR0=131;
  1160  0778  3083               	movlw	(083h)
  1161  0779  0081               	movwf	(1)	;volatile
  1162                           	
  1163  077A                     l30000572:	
  1164                           	line	25
  1165                           ;Timer0 Traffic.c: 23: }
  1166                           ;Timer0 Traffic.c: 25: if(count==0)
  1167  077A  087C               	movf	((_count+1)),w
  1168  077B  047B               	iorwf	((_count)),w
  1169  077C  1D03               	skipz
  1170  077D  2F7F               	goto	u221
  1171  077E  2F80               	goto	u220
  1172  077F                     u221:
  1173  077F  2F83               	goto	l30000574
  1174  0780                     u220:
  1175                           	
  1176  0780                     l30000573:	
  1177                           	line	27
  1178                           ;Timer0 Traffic.c: 26: {
  1179                           ;Timer0 Traffic.c: 27: RC0=1;
  1180  0780  1407               	bsf	(56/8),(56)&7
  1181                           	line	28
  1182                           ;Timer0 Traffic.c: 28: RC1=1;
  1183  0781  1487               	bsf	(57/8),(57)&7
  1184                           	line	29
  1185                           ;Timer0 Traffic.c: 29: RC2=1;
  1186  0782  1507               	bsf	(58/8),(58)&7
  1187                           	
  1188  0783                     l30000574:	
  1189                           	line	32
  1190                           ;Timer0 Traffic.c: 30: }
  1191                           ;Timer0 Traffic.c: 32: if(count%500==0)
  1192  0783  087C               	movf	(_count+1),w
  1193  0784  01F4               	clrf	(?___awmod+1)
  1194  0785  07F4               	addwf	(?___awmod+1)
  1195  0786  087B               	movf	(_count),w
  1196  0787  01F3               	clrf	(?___awmod)
  1197  0788  07F3               	addwf	(?___awmod)
  1198                           
  1199  0789  30F4               	movlw	low(01F4h)
  1200  078A  00F5               	movwf	0+(?___awmod)+02h
  1201  078B  3001               	movlw	high(01F4h)
  1202  078C  00F6               	movwf	(0+(?___awmod)+02h)+1
  1203  078D  120A  118A  26DF   	fcall	___awmod
              120A  118A         
  1204  0792  0874               	movf	((1+(?___awmod))),w
  1205  0793  0473               	iorwf	((0+(?___awmod))),w
  1206  0794  1D03               	skipz
  1207  0795  2F97               	goto	u231
  1208  0796  2F98               	goto	u230
  1209  0797                     u231:
  1210  0797  2FAC               	goto	l30000579
  1211  0798                     u230:
  1212                           	
  1213  0798                     l30000575:	
  1214                           	line	34
  1215                           ;Timer0 Traffic.c: 33: {
  1216                           ;Timer0 Traffic.c: 34: c++;
  1217  0798  3001               	movlw	low(01h)
  1218  0799  07F9               	addwf	(_c),f
  1219  079A  1803               	skipnc
  1220  079B  0AFA               	incf	(_c+1),f
  1221  079C  3000               	movlw	high(01h)
  1222  079D  07FA               	addwf	(_c+1),f
  1223                           	
  1224  079E                     l30000576:	
  1225                           	line	35
  1226                           ;Timer0 Traffic.c: 35: if(c%2!=0)
  1227  079E  1C79               	btfss	(_c),(0)&7
  1228  079F  2FA1               	goto	u241
  1229  07A0  2FA2               	goto	u240
  1230  07A1                     u241:
  1231  07A1  2FA5               	goto	l8
  1232  07A2                     u240:
  1233                           	
  1234  07A2                     l30000577:	
  1235                           	line	37
  1236                           ;Timer0 Traffic.c: 36: {
  1237                           ;Timer0 Traffic.c: 37: RC0=1;
  1238  07A2  1283               	bcf	status, 5	;RP0=0, select bank0
  1239  07A3  1303               	bcf	status, 6	;RP1=0, select bank0
  1240  07A4  1407               	bsf	(56/8),(56)&7
  1241                           	
  1242  07A5                     l8:	
  1243                           	line	39
  1244                           ;Timer0 Traffic.c: 38: }
  1245                           ;Timer0 Traffic.c: 39: if(c%2==0)
  1246  07A5  1879               	btfsc	(_c),(0)&7
  1247  07A6  2FA8               	goto	u251
  1248  07A7  2FA9               	goto	u250
  1249  07A8                     u251:
  1250  07A8  2FAC               	goto	l30000579
  1251  07A9                     u250:
  1252                           	
  1253  07A9                     l30000578:	
  1254                           	line	41
  1255                           ;Timer0 Traffic.c: 40: {
  1256                           ;Timer0 Traffic.c: 41: RC0=0;
  1257  07A9  1283               	bcf	status, 5	;RP0=0, select bank0
  1258  07AA  1303               	bcf	status, 6	;RP1=0, select bank0
  1259  07AB  1007               	bcf	(56/8),(56)&7
  1260                           	
  1261  07AC                     l30000579:	
  1262                           	line	45
  1263                           ;Timer0 Traffic.c: 42: }
  1264                           ;Timer0 Traffic.c: 43: }
  1265                           ;Timer0 Traffic.c: 45: if(count%125==0)
  1266  07AC  087C               	movf	(_count+1),w
  1267  07AD  01F4               	clrf	(?___awmod+1)
  1268  07AE  07F4               	addwf	(?___awmod+1)
  1269  07AF  087B               	movf	(_count),w
  1270  07B0  01F3               	clrf	(?___awmod)
  1271  07B1  07F3               	addwf	(?___awmod)
  1272                           
  1273  07B2  307D               	movlw	low(07Dh)
  1274  07B3  00F5               	movwf	0+(?___awmod)+02h
  1275  07B4  3000               	movlw	high(07Dh)
  1276  07B5  00F6               	movwf	(0+(?___awmod)+02h)+1
  1277  07B6  120A  118A  26DF   	fcall	___awmod
              120A  118A         
  1278  07BB  0874               	movf	((1+(?___awmod))),w
  1279  07BC  0473               	iorwf	((0+(?___awmod))),w
  1280  07BD  1D03               	skipz
  1281  07BE  2FC0               	goto	u261
  1282  07BF  2FC1               	goto	u260
  1283  07C0                     u261:
  1284  07C0  2FD5               	goto	l30000584
  1285  07C1                     u260:
  1286                           	
  1287  07C1                     l30000580:	
  1288                           	line	47
  1289                           ;Timer0 Traffic.c: 46: {
  1290                           ;Timer0 Traffic.c: 47: a++;
  1291  07C1  3001               	movlw	low(01h)
  1292  07C2  07F7               	addwf	(_a),f
  1293  07C3  1803               	skipnc
  1294+ 07C4  0AF8               	incf	(_a+1),f
  1295+ 07C5  3000               	movlw	high(01h)
  1296  07C6  07F8               	addwf	(_a+1),f
  1297                           	
  1298  07C7                     l30000581:	
  1299                           	line	48
  1300                           ;Timer0 Traffic.c: 48: if(a%2!=0)
  1301  07C7  1C77               	btfss	(_a),(0)&7
  1302  07C8  2FCA               	goto	u271
  1303  07C9  2FCB               	goto	u270
  1304  07CA                     u271:
  1305  07CA  2FCE               	goto	l11
  1306  07CB                     u270:
  1307                           	
  1308  07CB                     l30000582:	
  1309                           	line	50
  1310                           ;Timer0 Traffic.c: 49: {
  1311                           ;Timer0 Traffic.c: 50: RC1=1;
  1312  07CB  1283               	bcf	status, 5	;RP0=0, select bank0
  1313  07CC  1303               	bcf	status, 6	;RP1=0, select bank0
  1314  07CD  1487               	bsf	(57/8),(57)&7
  1315                           	
  1316  07CE                     l11:	
  1317                           	line	52
  1318                           ;Timer0 Traffic.c: 51: }
  1319                           ;Timer0 Traffic.c: 52: if(a%2==0)
  1320  07CE  1877               	btfsc	(_a),(0)&7
  1321  07CF  2FD1               	goto	u281
  1322  07D0  2FD2               	goto	u280
  1323  07D1                     u281:
  1324  07D1  2FD5               	goto	l30000584
  1325  07D2                     u280:
  1326                           	
  1327  07D2                     l30000583:	
  1328                           	line	54
  1329                           ;Timer0 Traffic.c: 53: {
  1330                           ;Timer0 Traffic.c: 54: RC1=0;
  1331  07D2  1283               	bcf	status, 5	;RP0=0, select bank0
  1332  07D3  1303               	bcf	status, 6	;RP1=0, select bank0
  1333  07D4  1087               	bcf	(57/8),(57)&7
  1334                           	
  1335  07D5                     l30000584:	
  1336                           	line	58
  1337                           ;Timer0 Traffic.c: 55: }
  1338                           ;Timer0 Traffic.c: 56: }
  1339                           ;Timer0 Traffic.c: 58: if(count%375==0)
  1340  07D5  087C               	movf	(_count+1),w
  1341  07D6  01F4               	clrf	(?___awmod+1)
  1342  07D7  07F4               	addwf	(?___awmod+1)
  1343  07D8  087B               	movf	(_count),w
  1344  07D9  01F3               	clrf	(?___awmod)
  1345  07DA  07F3               	addwf	(?___awmod)
  1346                           
  1347  07DB  3077               	movlw	low(0177h)
  1348  07DC  00F5               	movwf	0+(?___awmod)+02h
  1349  07DD  3001               	movlw	high(0177h)
  1350  07DE  00F6               	movwf	(0+(?___awmod)+02h)+1
  1351  07DF  120A  118A  26DF   	fcall	___awmod
              120A  118A         
  1352  07E4  0874               	movf	((1+(?___awmod))),w
  1353  07E5  0473               	iorwf	((0+(?___awmod))),w
  1354  07E6  1D03               	skipz
  1355  07E7  2FE9               	goto	u291
  1356  07E8  2FEA               	goto	u290
  1357  07E9                     u291:
  1358  07E9  2F6B               	goto	l30000569
  1359  07EA                     u290:
  1360                           	
  1361  07EA                     l30000585:	
  1362                           	line	60
  1363                           ;Timer0 Traffic.c: 59: {
  1364                           ;Timer0 Traffic.c: 60: b++;
  1365  07EA  3001               	movlw	low(01h)
  1366  07EB  1283               	bcf	status, 5	;RP0=0, select bank0
  1367  07EC  1303               	bcf	status, 6	;RP1=0, select bank0
  1368  07ED  07A0               	addwf	(_b),f
  1369  07EE  1803               	skipnc
  1370  07EF  0AA1               	incf	(_b+1),f
  1371  07F0  3000               	movlw	high(01h)
  1372  07F1  07A1               	addwf	(_b+1),f
  1373                           	
  1374  07F2                     l30000586:	
  1375                           	line	61
  1376                           ;Timer0 Traffic.c: 61: if(b%2!=0)
  1377  07F2  1C20               	btfss	(_b),(0)&7
  1378  07F3  2FF5               	goto	u301
  1379  07F4  2FF6               	goto	u300
  1380  07F5                     u301:
  1381  07F5  2FF7               	goto	l14
  1382  07F6                     u300:
  1383                           	
  1384  07F6                     l30000587:	
  1385                           	line	63
  1386                           ;Timer0 Traffic.c: 62: {
  1387                           ;Timer0 Traffic.c: 63: RC2=1;
  1388  07F6  1507               	bsf	(58/8),(58)&7
  1389                           	
  1390  07F7                     l14:	
  1391                           	line	65
  1392                           ;Timer0 Traffic.c: 64: }
  1393                           ;Timer0 Traffic.c: 65: if(b%2==0)
  1394  07F7  1820               	btfsc	(_b),(0)&7
  1395  07F8  2FFA               	goto	u311
  1396  07F9  2FFB               	goto	u310
  1397  07FA                     u311:
  1398  07FA  2F6B               	goto	l30000569
  1399  07FB                     u310:
  1400                           	
  1401  07FB                     l30000588:	
  1402                           	line	67
  1403                           ;Timer0 Traffic.c: 66: {
  1404                           ;Timer0 Traffic.c: 67: RC2=0;
  1405  07FB  1107               	bcf	(58/8),(58)&7
  1406  07FC  2F6B               	goto	l30000569
  1407                           	global	start
  1408  07FD  120A  118A  2800   	ljmp	start
  1409                           	opt stack 0
  1410                           GLOBAL	__end_of_main
  1411  0800                     	__end_of_main:
  1412                           ; =============== function _main ends ============
  1413                           
  1414                           psect	maintext
  1415                           	line	72
  1416                           	signat	_main,88
  1417                           	global	___awmod
  1418                           psect	text12,local,class=CODE,delta=2
  1419                           global __ptext12
  1420  06DF                     __ptext12:
  1421                           
  1422                           ; *************** function ___awmod *****************
  1423                           ; Defined at:
  1424                           ;		line 5 in file "C:\Program Files (x86)\HI-TECH Software\PICC\9.70\sources\awmod.c"
  1425                           ; Parameters:    Size  Location     Type
  1426                           ;  dividend        2    3[COMMON] int 
  1427                           ;  divisor         2    5[COMMON] int 
  1428                           ; Auto vars:     Size  Location     Type
  1429                           ;  sign            1    1[COMMON] unsigned char 
  1430                           ;  counter         1    2[COMMON] unsigned char 
  1431                           ; Return value:  Size  Location     Type
  1432                           ;                  2    3[COMMON] int 
  1433                           ; Registers used:
  1434                           ;		wreg, status,2, status,0
  1435                           ; Tracked objects:
  1436                           ;		On entry : 0/0
  1437                           ;		On exit  : 0/0
  1438                           ;		Unchanged: 0/0
  1439                           ; Data sizes:     COMMON   BANK0   BANK1   BANK3   BANK2
  1440                           ;      Locals:         7       0       0       0       0
  1441                           ;      Temp:     1
  1442                           ;      Total:    7
  1443                           ; This function calls:
  1444                           ;		Nothing
  1445                           ; This function is called by:
  1446                           ;		_main
  1447                           ; This function uses a non-reentrant model
  1448                           ; 
  1449                           psect	text12
  1450                           	file	"C:\Program Files (x86)\HI-TECH Software\PICC\9.70\sources\awmod.c"
  1451                           	line	5
  1452                           	global	__size_of___awmod
  1453  0060                     	__size_of___awmod	equ	__end_of___awmod-___awmod
  1454                           	
  1455  06DF                     ___awmod:	
  1456                           	opt stack 7
  1457                           ; Regs used in ___awmod: [wreg+status,2+status,0]
  1458                           	line	8
  1459                           	
  1460  06DF                     l30000589:	
  1461  06DF  1003               	clrc
  1462  06E0  3000               	movlw	0
  1463  06E1  1803               	btfsc	status,0
  1464  06E2  3001               	movlw	1
  1465  06E3  00F1               	movwf	(___awmod@sign)
  1466                           	
  1467  06E4                     l30000590:	
  1468                           	line	9
  1469  06E4  1FF4               	btfss	(___awmod@dividend+1),7
  1470  06E5  2EE7               	goto	u321
  1471  06E6  2EE8               	goto	u320
  1472  06E7                     u321:
  1473  06E7  2EF0               	goto	l30000592
  1474  06E8                     u320:
  1475                           	
  1476  06E8                     l30000591:	
  1477                           	line	10
  1478  06E8  09F3               	comf	(___awmod@dividend),f
  1479  06E9  09F4               	comf	(___awmod@dividend+1),f
  1480  06EA  0AF3               	incf	(___awmod@dividend),f
  1481  06EB  1903               	skipnz
  1482  06EC  0AF4               	incf	(___awmod@dividend+1),f
  1483                           	line	11
  1484  06ED  01F1               	clrf	(___awmod@sign)
  1485  06EE  1403               	bsf	status,0
  1486  06EF  0DF1               	rlf	(___awmod@sign),f
  1487                           	
  1488  06F0                     l30000592:	
  1489                           	line	13
  1490  06F0  1FF6               	btfss	(___awmod@divisor+1),7
  1491  06F1  2EF3               	goto	u331
  1492  06F2  2EF4               	goto	u330
  1493  06F3                     u331:
  1494  06F3  2EF9               	goto	l30000594
  1495  06F4                     u330:
  1496                           	
  1497  06F4                     l30000593:	
  1498                           	line	14
  1499  06F4  09F5               	comf	(___awmod@divisor),f
  1500  06F5  09F6               	comf	(___awmod@divisor+1),f
  1501  06F6  0AF5               	incf	(___awmod@divisor),f
  1502  06F7  1903               	skipnz
  1503  06F8  0AF6               	incf	(___awmod@divisor+1),f
  1504                           	
  1505  06F9                     l30000594:	
  1506                           	line	15
  1507  06F9  0876               	movf	(___awmod@divisor+1),w
  1508  06FA  0475               	iorwf	(___awmod@divisor),w
  1509  06FB  1903               	skipnz
  1510  06FC  2EFE               	goto	u341
  1511  06FD  2EFF               	goto	u340
  1512  06FE                     u341:
  1513  06FE  2F2F               	goto	l30000603
  1514  06FF                     u340:
  1515                           	
  1516  06FF                     l30000595:	
  1517                           	line	16
  1518  06FF  01F2               	clrf	(___awmod@counter)
  1519  0700  1403               	bsf	status,0
  1520  0701  0DF2               	rlf	(___awmod@counter),f
  1521  0702  2F0E               	goto	l30000598
  1522                           	
  1523  0703                     l30000596:	
  1524                           	line	18
  1525  0703  3001               	movlw	01h
  1526  0704                     u355:
  1527  0704  1003               	clrc
  1528  0705  0DF5               	rlf	(___awmod@divisor),f
  1529  0706  0DF6               	rlf	(___awmod@divisor+1),f
  1530  0707  3EFF               	addlw	-1
  1531  0708  1D03               	skipz
  1532  0709  2F04               	goto	u355
  1533                           	
  1534  070A                     l30000597:	
  1535                           	line	19
  1536  070A  3001               	movlw	(01h)
  1537  070B  00F0               	movwf	(??___awmod+0+0)
  1538  070C  0870               	movf	(??___awmod+0+0),w
  1539  070D  07F2               	addwf	(___awmod@counter),f
  1540                           	
  1541  070E                     l30000598:	
  1542                           	line	17
  1543  070E  1FF6               	btfss	(___awmod@divisor+1),(15)&7
  1544  070F  2F11               	goto	u361
  1545  0710  2F12               	goto	u360
  1546  0711                     u361:
  1547  0711  2F03               	goto	l30000596
  1548  0712                     u360:
  1549                           	
  1550  0712                     l30000599:	
  1551                           	line	22
  1552  0712  0876               	movf	(___awmod@divisor+1),w
  1553  0713  0274               	subwf	(___awmod@dividend+1),w
  1554  0714  1D03               	skipz
  1555  0715  2F18               	goto	u375
  1556  0716  0875               	movf	(___awmod@divisor),w
  1557  0717  0273               	subwf	(___awmod@dividend),w
  1558  0718                     u375:
  1559  0718  1C03               	skipc
  1560  0719  2F1B               	goto	u371
  1561  071A  2F1C               	goto	u370
  1562  071B                     u371:
  1563  071B  2F22               	goto	l30000601
  1564  071C                     u370:
  1565                           	
  1566  071C                     l30000600:	
  1567                           	line	23
  1568  071C  0875               	movf	(___awmod@divisor),w
  1569  071D  02F3               	subwf	(___awmod@dividend),f
  1570  071E  0876               	movf	(___awmod@divisor+1),w
  1571  071F  1C03               	skipc
  1572  0720  03F4               	decf	(___awmod@dividend+1),f
  1573  0721  02F4               	subwf	(___awmod@dividend+1),f
  1574                           	
  1575  0722                     l30000601:	
  1576                           	line	24
  1577  0722  3001               	movlw	01h
  1578  0723                     u385:
  1579  0723  1003               	clrc
  1580  0724  0CF6               	rrf	(___awmod@divisor+1),f
  1581  0725  0CF5               	rrf	(___awmod@divisor),f
  1582  0726  3EFF               	addlw	-1
  1583  0727  1D03               	skipz
  1584  0728  2F23               	goto	u385
  1585                           	
  1586  0729                     l30000602:	
  1587                           	line	25
  1588  0729  3001               	movlw	low(01h)
  1589  072A  02F2               	subwf	(___awmod@counter),f
  1590  072B  1D03               	btfss	status,2
  1591  072C  2F2E               	goto	u391
  1592  072D  2F2F               	goto	u390
  1593  072E                     u391:
  1594  072E  2F12               	goto	l30000599
  1595  072F                     u390:
  1596                           	
  1597  072F                     l30000603:	
  1598                           	line	27
  1599  072F  0871               	movf	(___awmod@sign),w
  1600  0730  1D03               	skipz
  1601  0731  2F33               	goto	u400
  1602  0732  2F38               	goto	l30000605
  1603  0733                     u400:
  1604                           	
  1605  0733                     l30000604:	
  1606                           	line	28
  1607  0733  09F3               	comf	(___awmod@dividend),f
  1608  0734  09F4               	comf	(___awmod@dividend+1),f
  1609  0735  0AF3               	incf	(___awmod@dividend),f
  1610  0736  1903               	skipnz
  1611  0737  0AF4               	incf	(___awmod@dividend+1),f
  1612                           	
  1613  0738                     l30000605:	
  1614                           	line	29
  1615  0738  0874               	movf	(___awmod@dividend+1),w
  1616  0739  01F4               	clrf	(?___awmod+1)
  1617  073A  07F4               	addwf	(?___awmod+1)
  1618  073B  0873               	movf	(___awmod@dividend),w
  1619  073C  01F3               	clrf	(?___awmod)
  1620  073D  07F3               	addwf	(?___awmod)
  1621                           
  1622                           	
  1623  073E                     l245:	
  1624  073E  0008               	return
  1625                           	opt stack 0
  1626                           GLOBAL	__end_of___awmod
  1627  073F                     	__end_of___awmod:
  1628                           ; =============== function ___awmod ends ============
  1629                           
  1630                           psect	text13,local,class=CODE,delta=2
  1631                           global __ptext13
  1632  0003                     __ptext13:


HI-TECH Software PICC Macro Assembler V9.70 build 5239 
Symbol Table                                                                                   Fri Mar 31 14:53:17 2023

                   l8 07A5                     _a 0077                     _b 0020                     _c 0079  
                   _k 0022                    l11 07CE                    _DA 04A5                    l14 07F7  
                  _BF 04A0                    _DC 0019                    _PD 001B                    _RD 0C60  
                  _UA 04A1                    _TO 001C                    _RW 04A2                    _WR 0C61  
         __pbssCOMMON 0077                   _C1R 083A                   _C2R 0842                   l245 073E  
                 _CKE 04A6                   _CKP 00A4                   _GIE 005F                   _BOR 0470  
                 _RA0 0028                   _RA1 0029                   _RB0 0030                   _RA2 002A  
                 _RB1 0031                   _RA3 002B                   _RC0 0038                   _RB2 0032  
                 _RA4 002C                   _RC1 0039                   _RB3 0033                   _RA5 002D  
                 _RD0 0040                   _RC2 003A                   _RB4 0034                   _RA6 002E  
                 _RD1 0041                   _RC3 003B                   _RB5 0035                   _RA7 002F  
                 _RE0 0048                   _RD2 0042                   _RC4 003C                   _RB6 0036  
                 _RE1 0049                   _RD3 0043                   _RC5 003D                   _RB7 0037  
                 _RE2 004A                   _RD4 0044                   _RC6 003E                   _RE3 004B  
                 _RD5 0045                   _RC7 003F                   _RD6 0046                   _RD7 0047  
                 u210 0771                   u211 0770                   u300 07F6                   u220 0780  
                 u301 07F5                   u221 077F                   u310 07FB                   u230 0798  
                 u311 07FA                   u231 0797                   u400 0733                   u320 06E8  
                 u240 07A2                   _FSR 0004                   u321 06E7                   u241 07A1  
                 u330 06F4                   u250 07A9                   _PCL 0002                   u331 06F3  
                 u251 07A8                   u340 06FF                   u260 07C1                   u341 06FE  
                 u261 07C0                   u270 07CB                   _PS0 0408                   _PR2 0092  
                 u271 07CA                   _PS1 0409                   u360 0712                   u280 07D2  
                 _PS2 040A                   _PEN 048A                   _RP0 001D                   _IRP 001F  
                 u361 0711                   u281 07D1                   _RP1 001E                   u370 071C  
                 u290 07EA                   u371 071B                   u355 0704                   u291 07E9  
                 _HTS 047A                   u390 072F                   u391 072E                   u375 0718  
                 _SR0 0C2E                   u385 0723                   _SR1 0C2F                   _SEN 0488  
                 _SCS 0478                   _PSA 040B                   _LTS 0479                   _VR0 04B8  
                 _VR1 04B9                   _VR2 04BA                   _VR3 04BB                   _POR 0471  
                 _RX9 00C6                   _SMP 04A7                   _TX9 04C6                   _WUE 0C39  
                 _VRR 04BD      __size_of___awmod 0060                  _C1IE 046D                  _C1IF 006D  
                _C2IE 046E                  _C2IF 006E                  _C1OE 083D                  _C2OE 0845  
                _C1ON 083F                  _C2ON 0847                  _ADIE 0466                  _ADIF 0066  
                _ADFM 04FF              __ptext12 06DF              __ptext13 0003                  _ADON 00F8  
                _P1M0 00BE                  _CHS0 00FA                  _P1M1 00BF                  _CHS1 00FB  
                _CHS2 00FC                  _CHS3 00FD                  _EEIE 046C                  _EEIF 006C  
                _ANS0 0C40                  _BRG0 04C8                  _ANS1 0C41                  _BRG1 04C9  
                _ANS2 0C42                  _BRG2 04CA                  _ANS3 0C43                  _BRG3 04CB  
                _ANS4 0C44                  _BRG4 04CC                  _ANS5 0C45                  _BRG5 04CD  
                _ANS6 0C46                  _GCEN 048F                  _BRG6 04CE                  _ANS7 0C47  
                _BRG7 04CF                  _ANS8 0C48                  _BRG8 04D0                  _ANS9 0C49  
                _BRG9 04D1                  _BRGH 04C2                  _T0IE 005D                  _T0IF 005A  
                _CREN 00C4                  _T0CS 040D                  _FERR 00C2                  _PDC0 04D8  
                _PDC1 04D9                  _PDC2 04DA                  _PDC3 04DB                  _PDC4 04DC  
                _T0SE 040C                  _PDC5 04DD                  _CSRC 04C7                  _PDC6 04DE  
                _IOCB 0096                  _INDF 0000                  _PIE1 008C                  _PIE2 008D  
                _PEIE 005E                  _INTE 005C                  _INTF 0059                  _RBIE 005B  
                _RBIF 0058                  _RCIE 0465                  _RCEN 048B                  _RCIF 0065  
                _PCON 008E                  _PIR1 000C                  _PIR2 000D                  _OERR 00C1  
                _SCKP 0C3C                  _RBPU 040F          __pidataBANK0 06C5                  _RX9D 00C0  
                _TMR0 0001                  _TMR2 0011                  _WCOL 00A7                  _SPEN 00C7  
                _RSEN 0489                  _TX9D 04C0                  _SREN 00C5                  _OSTS 047B  
                _TUN0 0480                  _TUN1 0481                  _TUN2 0482                  _TUN3 0483  
                _TUN4 0484                  _STRA 04E8                  _STRB 04E9                  _STRC 04EA  
                _VREN 04BF                  _STRD 04EB                  _TRMT 04C1                  _STOP 04A4  
                _TXIE 0464                  _ZERO 001A                  _WREN 0C62                  _TXEN 04C5  
                _TXIF 0064                  _VROE 04BE                  _SYNC 04C4                  _WPUB 0095  
                _VRSS 04BC                  _main 073F                  start 0000   start_initialization 06C7  
        ___awmod@sign 0071       __end_of___awmod 073F               _CM1CON0 0107               _CM2CON0 0108  
             _CCP1CON 0017               _CM2CON1 0109               _CCP2CON 001D               _ACKSTAT 048E  
             _BAUDCTL 0187               _ECCPAS0 04E4               _ECCPAS1 04E5               _ECCPAS2 04E6  
             _ECCPASE 04E7                 _C1CH0 0838                 _C1CH1 0839                 _C2CH0 0840  
               _C2CH1 0841                 _DC1B0 00BC                 _DC1B1 00BD                 _C1SEN 0C2D  
               _C2REN 0C2C                 _C1POL 083C                 _C2POL 0844                 _C1OUT 083E  
               _C2OUT 0846                 _ABDEN 0C38                 _ADCS0 00FE                 _ADCS1 00FF  
               _ADDEN 00C3                 ?_main 0077                 _ACKEN 048C                 _ACKDT 048D  
               _BCLIE 046B                 _BCLIF 006B                 _CCP2X 00ED                 _CCP2Y 00EC  
               _EEADR 010D                 _ANS10 0C4A                 _EEDAT 010C                 _BRG10 04D2  
               _ANS11 0C4B                 _BRG11 04D3                 _ANS12 0C4C                 _BRG12 04D4  
               _ANS13 0C4D                 _BRG13 04D5                 _BRG14 04D6                 _BRG15 04D7  
               _BRG16 0C3B                 _CARRY 0018                 _EEPGD 0C67                 _ANSEL 0188  
               _T1CON 0010                 _IOCB0 04B0                 _T2CON 0012                 _IOCB1 04B1  
               _IOCB2 04B2                 _IOCB3 04B3                 _IOCB4 04B4                 _IOCB5 04B5  
               _IOCB6 04B6                 _IOCB7 04B7                 _T1GSS 0849               _T1CKPS0 0084  
             _T1CKPS1 0085                 _IRCF0 047C                 _IRCF1 047D                 _IRCF2 047E  
             _T2CKPS0 0090               _T2CKPS1 0091                 _RABIE 005B                 _RABIF 0058  
               _RABPU 040F                 _RCIDL 0C3E                 _FVREN 0C28                 _VCFG0 04FC  
               _VCFG1 04FD                 _RCREG 001A                 _SENDB 04C3                 _RCSTA 0018  
               _OSFIE 046F                 _OSFIF 006F                 _TMR1H 000F                 _TMR1L 000E  
               _SPBRG 0099                 _PORTA 0005                 _PORTB 0006               _T1OSCEN 0083  
               _PORTC 0007                 _PORTD 0008                 _PORTE 0009                 _PRSEN 04DF  
               _SRCON 0185                 _START 04A3                 _PULSR 0C2A                 _PULSS 0C2B  
               _SSPM0 00A0                 _SSPM1 00A1                 _SSPM2 00A2                 _SSPM3 00A3  
               _TRISA 0085                 _TRISB 0086                 _TRISC 0087                 _TRISD 0088  
               _SSPIE 0463                 _TRISE 0089                 _SSPIF 0063                 _SSPEN 00A5  
               _VRCON 0097                 _WPUB0 04A8                 _WPUB1 04A9                 _WPUB2 04AA  
               _WPUB3 04AB                 _WPUB4 04AC                 _SSPOV 00A6                 _WPUB5 04AD  
               _WPUB6 04AE                 _WPUB7 04AF                 _WRERR 0C63                 _TXREG 0019  
               _TXSTA 0098        __pcstackCOMMON 0070               _OSCTUNE 0090               _PWM1CON 009B  
               _count 007B               _PSTRCON 009D               _SSPCON2 0091               _ULPWUIE 046A  
             _ULPWUIF 006A               _SSPSTAT 0094               _TOUTPS0 0093               _TOUTPS1 0094  
             _TOUTPS2 0095               _TOUTPS3 0096               _STRSYNC 04EC                 status 0003  
       __size_of_main 00C1            __pbssBANK0 0020              l30000600 071C              l30000601 0722  
            l30000602 0729              l30000603 072F              l30000604 0733              l30000605 0738  
            l30000570 0771              l30000571 0777              l30000580 07C1              l30000572 077A  
            l30000581 07C7              l30000573 0780              l30000590 06E4              l30000582 07CB  
            l30000574 0783              l30000591 06E8              l30000583 07D2              l30000575 0798  
            l30000567 073F              l30000592 06F0              l30000584 07D5              l30000576 079E  
            l30000568 0767              l30000593 06F4              l30000585 07EA              l30000577 07A2  
            l30000569 076B              l30000594 06F9              l30000586 07F2              l30000578 07A9  
            l30000595 06FF              l30000587 07F6              l30000579 07AC              l30000596 0703  
            l30000588 07FB              l30000597 070A              l30000589 06DF              l30000598 070E  
            l30000599 0712               ___awmod 06DF              ?___awmod 0073             ??___awmod 0070  
              ??_main 0071            __pmaintext 073F                _C1RSEL 084D                _C2RSEL 084C  
              _C2SYNC 0848                _ADCON0 001F                _ADCON1 009F                _ABDOVF 0C3F  
              _CCP1M0 00B8                _CCP1M1 00B9                _CCP1M2 00BA                _CCP1M3 00BB  
              _CCP2M0 00E8                _CCP2M1 00E9                _CCP2M2 00EA                _CCP2M3 00EB  
              _CCP1IE 0462                _CCP1IF 0062                _CCP2IE 0468                _CCP2IF 0068  
              _ADRESH 001E                _EEADRH 010F                _ADRESL 009E                _EEADRL 010D  
              _EEDATA 010C                _ECCPAS 009C                _CCPR1H 0016                _EEDATH 010E  
              _CCPR2H 001C                _CCPR1L 0015                _CCPR2L 001B                _EECON1 018C  
              _EECON2 018D                _ANSELH 0189                _MC1OUT 084F                _MC2OUT 084E  
        __end_of_main 0800                _T1GINV 0087                _GODONE 00F9  end_of_initialization 06DB  
              _T1SYNC 0082                _INTEDG 040E                _PCLATH 000A                _INTCON 000B  
              _SBOREN 0474                _OSCCON 008F                _TMR1GE 0086                _TMR1IE 0460  
              _TMR1IF 0060                _TMR1CS 0081                _TMR2IE 0461                _TMR2IF 0061  
              _PSSAC0 04E2                _PSSAC1 04E3                _PSSBD0 04E0                _PSSBD1 04E1  
              _SPBRGH 009A                _OPTION 0081                _TMR1ON 0080                _TMR2ON 0092  
              _WDTCON 0105                _WDTPS0 0829                _WDTPS1 082A                _WDTPS2 082B  
              _WDTPS3 082C                _SSPADD 0093                _TRISA0 0428                _TRISA1 0429  
              _TRISB0 0430                _TRISA2 042A                _TRISB1 0431                _TRISA3 042B  
              _TRISC0 0438                _TRISB2 0432                _TRISA4 042C                _TRISC1 0439  
              _TRISB3 0433                _TRISA5 042D                _TRISD0 0440                _TRISC2 043A  
              _TRISB4 0434                _TRISA6 042E                _TRISD1 0441                _TRISC3 043B  
              _TRISB5 0435                _TRISA7 042F                _TRISE0 0448                _TRISD2 0442  
              _TRISC4 043C                _TRISB6 0436                _TRISE1 0449                _TRISD3 0443  
              _TRISC5 043D                _TRISB7 0437                _TRISE2 044A                _TRISD4 0444  
              _TRISC6 043E                _TRISE3 044B                _TRISD5 0445                _TRISC7 043F  
              _TRISD6 0446                _TRISD7 0447                _STATUS 0003                _SSPCON 0014  
              _SSPBUF 0013                _SWDTEN 0828                _ULPWUE 0475                _SSPMSK 0093  
    ___awmod@dividend 0073           __pdataBANK0 0022       ___awmod@divisor 0075       ___awmod@counter 0072  
