

HI-TECH Software PIC LITE Macro Assembler V9.70 build 5239 
                                                                                               Fri Apr 07 15:28:51 2023

HI-TECH Software Omniscient Code Generator (Lite mode) build 5239
     1  0000                     opt subtitle "HI-TECH Software Omniscient Code Generator (Lite mode) build 5239"
     2                           
     3                           opt pagewidth 120
     4                           
     5                           	opt lm
     6                           
     7                           	processor	16F887
     8                           clrc	macro
     9                           	bcf	3,0
    10  0000                     	endm
    11                           clrz	macro
    12                           	bcf	3,2
    13  0000                     	endm
    14                           setc	macro
    15                           	bsf	3,0
    16  0000                     	endm
    17                           setz	macro
    18                           	bsf	3,2
    19  0000                     	endm
    20                           skipc	macro
    21                           	btfss	3,0
    22  0000                     	endm
    23                           skipz	macro
    24                           	btfss	3,2
    25  0000                     	endm
    26                           skipnc	macro
    27                           	btfsc	3,0
    28  0000                     	endm
    29                           skipnz	macro
    30                           	btfsc	3,2
    31  0000                     	endm
    32  0000                     indf	equ	0
    33  0000                     indf0	equ	0
    34  0002                     pc	equ	2
    35  0002                     pcl	equ	2
    36  0003                     status	equ	3
    37  0004                     fsr	equ	4
    38  0004                     fsr0	equ	4
    39  0001                     c	equ	1
    40  0000                     z	equ	0
    41  000A                     pclath	equ	10
    42                           ;COMMON:	_main->_delay
    43                           	FNCALL	_main,_delay
    44                           	FNROOT	_main
    45                           	global	_ADCON0
    46                           psect	text7,local,class=CODE,delta=2
    47                           global __ptext7
    48  0003                     __ptext7:
    49  001F                     _ADCON0  equ     31
    50                           	global	_ADRESH
    51  001E                     _ADRESH  equ     30
    52                           	global	_CCP1CON
    53  0017                     _CCP1CON  equ     23
    54                           	global	_CCP2CON
    55  001D                     _CCP2CON  equ     29
    56                           	global	_CCPR1H
    57  0016                     _CCPR1H  equ     22
    58                           	global	_CCPR1L
    59  0015                     _CCPR1L  equ     21
    60                           	global	_CCPR2H
    61  001C                     _CCPR2H  equ     28
    62                           	global	_CCPR2L
    63  001B                     _CCPR2L  equ     27
    64                           	global	_FSR
    65  0004                     _FSR  equ     4
    66                           	global	_INDF
    67  0000                     _INDF  equ     0
    68                           	global	_INTCON
    69  000B                     _INTCON  equ     11
    70                           	global	_PCL
    71  0002                     _PCL  equ     2
    72                           	global	_PCLATH
    73  000A                     _PCLATH  equ     10
    74                           	global	_PIR1
    75  000C                     _PIR1  equ     12
    76                           	global	_PIR2
    77  000D                     _PIR2  equ     13
    78                           	global	_PORTA
    79  0005                     _PORTA  equ     5
    80                           	global	_PORTB
    81  0006                     _PORTB  equ     6
    82                           	global	_PORTC
    83  0007                     _PORTC  equ     7
    84                           	global	_PORTD
    85  0008                     _PORTD  equ     8
    86                           	global	_PORTE
    87  0009                     _PORTE  equ     9
    88                           	global	_RCREG
    89  001A                     _RCREG  equ     26
    90                           	global	_RCSTA
    91  0018                     _RCSTA  equ     24
    92                           	global	_SSPBUF
    93  0013                     _SSPBUF  equ     19
    94                           	global	_SSPCON
    95  0014                     _SSPCON  equ     20
    96                           	global	_STATUS
    97  0003                     _STATUS  equ     3
    98                           	global	_T1CON
    99  0010                     _T1CON  equ     16
   100                           	global	_T2CON
   101  0012                     _T2CON  equ     18
   102                           	global	_TMR0
   103  0001                     _TMR0  equ     1
   104                           	global	_TMR1H
   105  000F                     _TMR1H  equ     15
   106                           	global	_TMR1L
   107  000E                     _TMR1L  equ     14
   108                           	global	_TMR2
   109  0011                     _TMR2  equ     17
   110                           	global	_TXREG
   111  0019                     _TXREG  equ     25
   112                           	global	_ADCS0
   113  00FE                     _ADCS0  equ     254
   114                           	global	_ADCS1
   115  00FF                     _ADCS1  equ     255
   116                           	global	_ADDEN
   117  00C3                     _ADDEN  equ     195
   118                           	global	_ADIF
   119  0066                     _ADIF  equ     102
   120                           	global	_ADON
   121  00F8                     _ADON  equ     248
   122                           	global	_BCLIF
   123  006B                     _BCLIF  equ     107
   124                           	global	_C1IF
   125  006D                     _C1IF  equ     109
   126                           	global	_C2IF
   127  006E                     _C2IF  equ     110
   128                           	global	_CARRY
   129  0018                     _CARRY  equ     24
   130                           	global	_CCP1IF
   131  0062                     _CCP1IF  equ     98
   132                           	global	_CCP1M0
   133  00B8                     _CCP1M0  equ     184
   134                           	global	_CCP1M1
   135  00B9                     _CCP1M1  equ     185
   136                           	global	_CCP1M2
   137  00BA                     _CCP1M2  equ     186
   138                           	global	_CCP1M3
   139  00BB                     _CCP1M3  equ     187
   140                           	global	_CCP2IF
   141  0068                     _CCP2IF  equ     104
   142                           	global	_CCP2M0
   143  00E8                     _CCP2M0  equ     232
   144                           	global	_CCP2M1
   145  00E9                     _CCP2M1  equ     233
   146                           	global	_CCP2M2
   147  00EA                     _CCP2M2  equ     234
   148                           	global	_CCP2M3
   149  00EB                     _CCP2M3  equ     235
   150                           	global	_CCP2X
   151  00ED                     _CCP2X  equ     237
   152                           	global	_CCP2Y
   153  00EC                     _CCP2Y  equ     236
   154                           	global	_CHS0
   155  00FA                     _CHS0  equ     250
   156                           	global	_CHS1
   157  00FB                     _CHS1  equ     251
   158                           	global	_CHS2
   159  00FC                     _CHS2  equ     252
   160                           	global	_CHS3
   161  00FD                     _CHS3  equ     253
   162                           	global	_CKP
   163  00A4                     _CKP  equ     164
   164                           	global	_CREN
   165  00C4                     _CREN  equ     196
   166                           	global	_DC
   167  0019                     _DC  equ     25
   168                           	global	_DC1B0
   169  00BC                     _DC1B0  equ     188
   170                           	global	_DC1B1
   171  00BD                     _DC1B1  equ     189
   172                           	global	_EEIF
   173  006C                     _EEIF  equ     108
   174                           	global	_FERR
   175  00C2                     _FERR  equ     194
   176                           	global	_GIE
   177  005F                     _GIE  equ     95
   178                           	global	_GODONE
   179  00F9                     _GODONE  equ     249
   180                           	global	_INTE
   181  005C                     _INTE  equ     92
   182                           	global	_INTF
   183  0059                     _INTF  equ     89
   184                           	global	_IRP
   185  001F                     _IRP  equ     31
   186                           	global	_OERR
   187  00C1                     _OERR  equ     193
   188                           	global	_OSFIF
   189  006F                     _OSFIF  equ     111
   190                           	global	_P1M0
   191  00BE                     _P1M0  equ     190
   192                           	global	_P1M1
   193  00BF                     _P1M1  equ     191
   194                           	global	_PD
   195  001B                     _PD  equ     27
   196                           	global	_PEIE
   197  005E                     _PEIE  equ     94
   198                           	global	_RA0
   199  0028                     _RA0  equ     40
   200                           	global	_RA1
   201  0029                     _RA1  equ     41
   202                           	global	_RA2
   203  002A                     _RA2  equ     42
   204                           	global	_RA3
   205  002B                     _RA3  equ     43
   206                           	global	_RA4
   207  002C                     _RA4  equ     44
   208                           	global	_RA5
   209  002D                     _RA5  equ     45
   210                           	global	_RA6
   211  002E                     _RA6  equ     46
   212                           	global	_RA7
   213  002F                     _RA7  equ     47
   214                           	global	_RABIE
   215  005B                     _RABIE  equ     91
   216                           	global	_RABIF
   217  0058                     _RABIF  equ     88
   218                           	global	_RB0
   219  0030                     _RB0  equ     48
   220                           	global	_RB1
   221  0031                     _RB1  equ     49
   222                           	global	_RB2
   223  0032                     _RB2  equ     50
   224                           	global	_RB3
   225  0033                     _RB3  equ     51
   226                           	global	_RB4
   227  0034                     _RB4  equ     52
   228                           	global	_RB5
   229  0035                     _RB5  equ     53
   230                           	global	_RB6
   231  0036                     _RB6  equ     54
   232                           	global	_RB7
   233  0037                     _RB7  equ     55
   234                           	global	_RBIE
   235  005B                     _RBIE  equ     91
   236                           	global	_RBIF
   237  0058                     _RBIF  equ     88
   238                           	global	_RC0
   239  0038                     _RC0  equ     56
   240                           	global	_RC1
   241  0039                     _RC1  equ     57
   242                           	global	_RC2
   243  003A                     _RC2  equ     58
   244                           	global	_RC3
   245  003B                     _RC3  equ     59
   246                           	global	_RC4
   247  003C                     _RC4  equ     60
   248                           	global	_RC5
   249  003D                     _RC5  equ     61
   250                           	global	_RC6
   251  003E                     _RC6  equ     62
   252                           	global	_RC7
   253  003F                     _RC7  equ     63
   254                           	global	_RCIF
   255  0065                     _RCIF  equ     101
   256                           	global	_RD0
   257  0040                     _RD0  equ     64
   258                           	global	_RD1
   259  0041                     _RD1  equ     65
   260                           	global	_RD2
   261  0042                     _RD2  equ     66
   262                           	global	_RD3
   263  0043                     _RD3  equ     67
   264                           	global	_RD4
   265  0044                     _RD4  equ     68
   266                           	global	_RD5
   267  0045                     _RD5  equ     69
   268                           	global	_RD6
   269  0046                     _RD6  equ     70
   270                           	global	_RD7
   271  0047                     _RD7  equ     71
   272                           	global	_RE0
   273  0048                     _RE0  equ     72
   274                           	global	_RE1
   275  0049                     _RE1  equ     73
   276                           	global	_RE2
   277  004A                     _RE2  equ     74
   278                           	global	_RE3
   279  004B                     _RE3  equ     75
   280                           	global	_RP0
   281  001D                     _RP0  equ     29
   282                           	global	_RP1
   283  001E                     _RP1  equ     30
   284                           	global	_RX9
   285  00C6                     _RX9  equ     198
   286                           	global	_RX9D
   287  00C0                     _RX9D  equ     192
   288                           	global	_SPEN
   289  00C7                     _SPEN  equ     199
   290                           	global	_SREN
   291  00C5                     _SREN  equ     197
   292                           	global	_SSPEN
   293  00A5                     _SSPEN  equ     165
   294                           	global	_SSPIF
   295  0063                     _SSPIF  equ     99
   296                           	global	_SSPM0
   297  00A0                     _SSPM0  equ     160
   298                           	global	_SSPM1
   299  00A1                     _SSPM1  equ     161
   300                           	global	_SSPM2
   301  00A2                     _SSPM2  equ     162
   302                           	global	_SSPM3
   303  00A3                     _SSPM3  equ     163
   304                           	global	_SSPOV
   305  00A6                     _SSPOV  equ     166
   306                           	global	_T0IE
   307  005D                     _T0IE  equ     93
   308                           	global	_T0IF
   309  005A                     _T0IF  equ     90
   310                           	global	_T1CKPS0
   311  0084                     _T1CKPS0  equ     132
   312                           	global	_T1CKPS1
   313  0085                     _T1CKPS1  equ     133
   314                           	global	_T1GINV
   315  0087                     _T1GINV  equ     135
   316                           	global	_T1OSCEN
   317  0083                     _T1OSCEN  equ     131
   318                           	global	_T1SYNC
   319  0082                     _T1SYNC  equ     130
   320                           	global	_T2CKPS0
   321  0090                     _T2CKPS0  equ     144
   322                           	global	_T2CKPS1
   323  0091                     _T2CKPS1  equ     145
   324                           	global	_TMR1CS
   325  0081                     _TMR1CS  equ     129
   326                           	global	_TMR1GE
   327  0086                     _TMR1GE  equ     134
   328                           	global	_TMR1IF
   329  0060                     _TMR1IF  equ     96
   330                           	global	_TMR1ON
   331  0080                     _TMR1ON  equ     128
   332                           	global	_TMR2IF
   333  0061                     _TMR2IF  equ     97
   334                           	global	_TMR2ON
   335  0092                     _TMR2ON  equ     146
   336                           	global	_TO
   337  001C                     _TO  equ     28
   338                           	global	_TOUTPS0
   339  0093                     _TOUTPS0  equ     147
   340                           	global	_TOUTPS1
   341  0094                     _TOUTPS1  equ     148
   342                           	global	_TOUTPS2
   343  0095                     _TOUTPS2  equ     149
   344                           	global	_TOUTPS3
   345  0096                     _TOUTPS3  equ     150
   346                           	global	_TXIF
   347  0064                     _TXIF  equ     100
   348                           	global	_ULPWUIF
   349  006A                     _ULPWUIF  equ     106
   350                           	global	_WCOL
   351  00A7                     _WCOL  equ     167
   352                           	global	_ZERO
   353  001A                     _ZERO  equ     26
   354                           	global	_ADCON1
   355  009F                     _ADCON1  equ     159
   356                           	global	_ADRESL
   357  009E                     _ADRESL  equ     158
   358                           	global	_ECCPAS
   359  009C                     _ECCPAS  equ     156
   360                           	global	_IOCB
   361  0096                     _IOCB  equ     150
   362                           	global	_OPTION
   363  0081                     _OPTION  equ     129
   364                           	global	_OSCCON
   365  008F                     _OSCCON  equ     143
   366                           	global	_OSCTUNE
   367  0090                     _OSCTUNE  equ     144
   368                           	global	_PCON
   369  008E                     _PCON  equ     142
   370                           	global	_PIE1
   371  008C                     _PIE1  equ     140
   372                           	global	_PIE2
   373  008D                     _PIE2  equ     141
   374                           	global	_PR2
   375  0092                     _PR2  equ     146
   376                           	global	_PSTRCON
   377  009D                     _PSTRCON  equ     157
   378                           	global	_PWM1CON
   379  009B                     _PWM1CON  equ     155
   380                           	global	_SPBRG
   381  0099                     _SPBRG  equ     153
   382                           	global	_SPBRGH
   383  009A                     _SPBRGH  equ     154
   384                           	global	_SSPADD
   385  0093                     _SSPADD  equ     147
   386                           	global	_SSPCON2
   387  0091                     _SSPCON2  equ     145
   388                           	global	_SSPMSK
   389  0093                     _SSPMSK  equ     147
   390                           	global	_SSPSTAT
   391  0094                     _SSPSTAT  equ     148
   392                           	global	_TRISA
   393  0085                     _TRISA  equ     133
   394                           	global	_TRISB
   395  0086                     _TRISB  equ     134
   396                           	global	_TRISC
   397  0087                     _TRISC  equ     135
   398                           	global	_TRISD
   399  0088                     _TRISD  equ     136
   400                           	global	_TRISE
   401  0089                     _TRISE  equ     137
   402                           	global	_TXSTA
   403  0098                     _TXSTA  equ     152
   404                           	global	_VRCON
   405  0097                     _VRCON  equ     151
   406                           	global	_WPUB
   407  0095                     _WPUB  equ     149
   408                           	global	_ACKDT
   409  048D                     _ACKDT  equ     1165
   410                           	global	_ACKEN
   411  048C                     _ACKEN  equ     1164
   412                           	global	_ACKSTAT
   413  048E                     _ACKSTAT  equ     1166
   414                           	global	_ADFM
   415  04FF                     _ADFM  equ     1279
   416                           	global	_ADIE
   417  0466                     _ADIE  equ     1126
   418                           	global	_BCLIE
   419  046B                     _BCLIE  equ     1131
   420                           	global	_BF
   421  04A0                     _BF  equ     1184
   422                           	global	_BOR
   423  0470                     _BOR  equ     1136
   424                           	global	_BRG0
   425  04C8                     _BRG0  equ     1224
   426                           	global	_BRG1
   427  04C9                     _BRG1  equ     1225
   428                           	global	_BRG10
   429  04D2                     _BRG10  equ     1234
   430                           	global	_BRG11
   431  04D3                     _BRG11  equ     1235
   432                           	global	_BRG12
   433  04D4                     _BRG12  equ     1236
   434                           	global	_BRG13
   435  04D5                     _BRG13  equ     1237
   436                           	global	_BRG14
   437  04D6                     _BRG14  equ     1238
   438                           	global	_BRG15
   439  04D7                     _BRG15  equ     1239
   440                           	global	_BRG2
   441  04CA                     _BRG2  equ     1226
   442                           	global	_BRG3
   443  04CB                     _BRG3  equ     1227
   444                           	global	_BRG4
   445  04CC                     _BRG4  equ     1228
   446                           	global	_BRG5
   447  04CD                     _BRG5  equ     1229
   448                           	global	_BRG6
   449  04CE                     _BRG6  equ     1230
   450                           	global	_BRG7
   451  04CF                     _BRG7  equ     1231
   452                           	global	_BRG8
   453  04D0                     _BRG8  equ     1232
   454                           	global	_BRG9
   455  04D1                     _BRG9  equ     1233
   456                           	global	_BRGH
   457  04C2                     _BRGH  equ     1218
   458                           	global	_C1IE
   459  046D                     _C1IE  equ     1133
   460                           	global	_C2IE
   461  046E                     _C2IE  equ     1134
   462                           	global	_CCP1IE
   463  0462                     _CCP1IE  equ     1122
   464                           	global	_CCP2IE
   465  0468                     _CCP2IE  equ     1128
   466                           	global	_CKE
   467  04A6                     _CKE  equ     1190
   468                           	global	_CSRC
   469  04C7                     _CSRC  equ     1223
   470                           	global	_DA
   471  04A5                     _DA  equ     1189
   472                           	global	_ECCPAS0
   473  04E4                     _ECCPAS0  equ     1252
   474                           	global	_ECCPAS1
   475  04E5                     _ECCPAS1  equ     1253
   476                           	global	_ECCPAS2
   477  04E6                     _ECCPAS2  equ     1254
   478                           	global	_ECCPASE
   479  04E7                     _ECCPASE  equ     1255
   480                           	global	_EEIE
   481  046C                     _EEIE  equ     1132
   482                           	global	_GCEN
   483  048F                     _GCEN  equ     1167
   484                           	global	_HTS
   485  047A                     _HTS  equ     1146
   486                           	global	_INTEDG
   487  040E                     _INTEDG  equ     1038
   488                           	global	_IOCB0
   489  04B0                     _IOCB0  equ     1200
   490                           	global	_IOCB1
   491  04B1                     _IOCB1  equ     1201
   492                           	global	_IOCB2
   493  04B2                     _IOCB2  equ     1202
   494                           	global	_IOCB3
   495  04B3                     _IOCB3  equ     1203
   496                           	global	_IOCB4
   497  04B4                     _IOCB4  equ     1204
   498                           	global	_IOCB5
   499  04B5                     _IOCB5  equ     1205
   500                           	global	_IOCB6
   501  04B6                     _IOCB6  equ     1206
   502                           	global	_IOCB7
   503  04B7                     _IOCB7  equ     1207
   504                           	global	_IRCF0
   505  047C                     _IRCF0  equ     1148
   506                           	global	_IRCF1
   507  047D                     _IRCF1  equ     1149
   508                           	global	_IRCF2
   509  047E                     _IRCF2  equ     1150
   510                           	global	_LTS
   511  0479                     _LTS  equ     1145
   512                           	global	_OSFIE
   513  046F                     _OSFIE  equ     1135
   514                           	global	_OSTS
   515  047B                     _OSTS  equ     1147
   516                           	global	_PDC0
   517  04D8                     _PDC0  equ     1240
   518                           	global	_PDC1
   519  04D9                     _PDC1  equ     1241
   520                           	global	_PDC2
   521  04DA                     _PDC2  equ     1242
   522                           	global	_PDC3
   523  04DB                     _PDC3  equ     1243
   524                           	global	_PDC4
   525  04DC                     _PDC4  equ     1244
   526                           	global	_PDC5
   527  04DD                     _PDC5  equ     1245
   528                           	global	_PDC6
   529  04DE                     _PDC6  equ     1246
   530                           	global	_PEN
   531  048A                     _PEN  equ     1162
   532                           	global	_POR
   533  0471                     _POR  equ     1137
   534                           	global	_PRSEN
   535  04DF                     _PRSEN  equ     1247
   536                           	global	_PS0
   537  0408                     _PS0  equ     1032
   538                           	global	_PS1
   539  0409                     _PS1  equ     1033
   540                           	global	_PS2
   541  040A                     _PS2  equ     1034
   542                           	global	_PSA
   543  040B                     _PSA  equ     1035
   544                           	global	_PSSAC0
   545  04E2                     _PSSAC0  equ     1250
   546                           	global	_PSSAC1
   547  04E3                     _PSSAC1  equ     1251
   548                           	global	_PSSBD0
   549  04E0                     _PSSBD0  equ     1248
   550                           	global	_PSSBD1
   551  04E1                     _PSSBD1  equ     1249
   552                           	global	_RABPU
   553  040F                     _RABPU  equ     1039
   554                           	global	_RBPU
   555  040F                     _RBPU  equ     1039
   556                           	global	_RCEN
   557  048B                     _RCEN  equ     1163
   558                           	global	_RCIE
   559  0465                     _RCIE  equ     1125
   560                           	global	_RSEN
   561  0489                     _RSEN  equ     1161
   562                           	global	_RW
   563  04A2                     _RW  equ     1186
   564                           	global	_SBOREN
   565  0474                     _SBOREN  equ     1140
   566                           	global	_SCS
   567  0478                     _SCS  equ     1144
   568                           	global	_SEN
   569  0488                     _SEN  equ     1160
   570                           	global	_SENDB
   571  04C3                     _SENDB  equ     1219
   572                           	global	_SMP
   573  04A7                     _SMP  equ     1191
   574                           	global	_SSPIE
   575  0463                     _SSPIE  equ     1123
   576                           	global	_START
   577  04A3                     _START  equ     1187
   578                           	global	_STOP
   579  04A4                     _STOP  equ     1188
   580                           	global	_STRA
   581  04E8                     _STRA  equ     1256
   582                           	global	_STRB
   583  04E9                     _STRB  equ     1257
   584                           	global	_STRC
   585  04EA                     _STRC  equ     1258
   586                           	global	_STRD
   587  04EB                     _STRD  equ     1259
   588                           	global	_STRSYNC
   589  04EC                     _STRSYNC  equ     1260
   590                           	global	_SYNC
   591  04C4                     _SYNC  equ     1220
   592                           	global	_T0CS
   593  040D                     _T0CS  equ     1037
   594                           	global	_T0SE
   595  040C                     _T0SE  equ     1036
   596                           	global	_TMR1IE
   597  0460                     _TMR1IE  equ     1120
   598                           	global	_TMR2IE
   599  0461                     _TMR2IE  equ     1121
   600                           	global	_TRISA0
   601  0428                     _TRISA0  equ     1064
   602                           	global	_TRISA1
   603  0429                     _TRISA1  equ     1065
   604                           	global	_TRISA2
   605  042A                     _TRISA2  equ     1066
   606                           	global	_TRISA3
   607  042B                     _TRISA3  equ     1067
   608                           	global	_TRISA4
   609  042C                     _TRISA4  equ     1068
   610                           	global	_TRISA5
   611  042D                     _TRISA5  equ     1069
   612                           	global	_TRISA6
   613  042E                     _TRISA6  equ     1070
   614                           	global	_TRISA7
   615  042F                     _TRISA7  equ     1071
   616                           	global	_TRISB0
   617  0430                     _TRISB0  equ     1072
   618                           	global	_TRISB1
   619  0431                     _TRISB1  equ     1073
   620                           	global	_TRISB2
   621  0432                     _TRISB2  equ     1074
   622                           	global	_TRISB3
   623  0433                     _TRISB3  equ     1075
   624                           	global	_TRISB4
   625  0434                     _TRISB4  equ     1076
   626                           	global	_TRISB5
   627  0435                     _TRISB5  equ     1077
   628                           	global	_TRISB6
   629  0436                     _TRISB6  equ     1078
   630                           	global	_TRISB7
   631  0437                     _TRISB7  equ     1079
   632                           	global	_TRISC0
   633  0438                     _TRISC0  equ     1080
   634                           	global	_TRISC1
   635  0439                     _TRISC1  equ     1081
   636                           	global	_TRISC2
   637  043A                     _TRISC2  equ     1082
   638                           	global	_TRISC3
   639  043B                     _TRISC3  equ     1083
   640                           	global	_TRISC4
   641  043C                     _TRISC4  equ     1084
   642                           	global	_TRISC5
   643  043D                     _TRISC5  equ     1085
   644                           	global	_TRISC6
   645  043E                     _TRISC6  equ     1086
   646                           	global	_TRISC7
   647  043F                     _TRISC7  equ     1087
   648                           	global	_TRISD0
   649  0440                     _TRISD0  equ     1088
   650                           	global	_TRISD1
   651  0441                     _TRISD1  equ     1089
   652                           	global	_TRISD2
   653  0442                     _TRISD2  equ     1090
   654                           	global	_TRISD3
   655  0443                     _TRISD3  equ     1091
   656                           	global	_TRISD4
   657  0444                     _TRISD4  equ     1092
   658                           	global	_TRISD5
   659  0445                     _TRISD5  equ     1093
   660                           	global	_TRISD6
   661  0446                     _TRISD6  equ     1094
   662                           	global	_TRISD7
   663  0447                     _TRISD7  equ     1095
   664                           	global	_TRISE0
   665  0448                     _TRISE0  equ     1096
   666                           	global	_TRISE1
   667  0449                     _TRISE1  equ     1097
   668                           	global	_TRISE2
   669  044A                     _TRISE2  equ     1098
   670                           	global	_TRISE3
   671  044B                     _TRISE3  equ     1099
   672                           	global	_TRMT
   673  04C1                     _TRMT  equ     1217
   674                           	global	_TUN0
   675  0480                     _TUN0  equ     1152
   676                           	global	_TUN1
   677  0481                     _TUN1  equ     1153
   678                           	global	_TUN2
   679  0482                     _TUN2  equ     1154
   680                           	global	_TUN3
   681  0483                     _TUN3  equ     1155
   682                           	global	_TUN4
   683  0484                     _TUN4  equ     1156
   684                           	global	_TX9
   685  04C6                     _TX9  equ     1222
   686                           	global	_TX9D
   687  04C0                     _TX9D  equ     1216
   688                           	global	_TXEN
   689  04C5                     _TXEN  equ     1221
   690                           	global	_TXIE
   691  0464                     _TXIE  equ     1124
   692                           	global	_UA
   693  04A1                     _UA  equ     1185
   694                           	global	_ULPWUE
   695  0475                     _ULPWUE  equ     1141
   696                           	global	_ULPWUIE
   697  046A                     _ULPWUIE  equ     1130
   698                           	global	_VCFG0
   699  04FC                     _VCFG0  equ     1276
   700                           	global	_VCFG1
   701  04FD                     _VCFG1  equ     1277
   702                           	global	_VR0
   703  04B8                     _VR0  equ     1208
   704                           	global	_VR1
   705  04B9                     _VR1  equ     1209
   706                           	global	_VR2
   707  04BA                     _VR2  equ     1210
   708                           	global	_VR3
   709  04BB                     _VR3  equ     1211
   710                           	global	_VREN
   711  04BF                     _VREN  equ     1215
   712                           	global	_VROE
   713  04BE                     _VROE  equ     1214
   714                           	global	_VRR
   715  04BD                     _VRR  equ     1213
   716                           	global	_VRSS
   717  04BC                     _VRSS  equ     1212
   718                           	global	_WPUB0
   719  04A8                     _WPUB0  equ     1192
   720                           	global	_WPUB1
   721  04A9                     _WPUB1  equ     1193
   722                           	global	_WPUB2
   723  04AA                     _WPUB2  equ     1194
   724                           	global	_WPUB3
   725  04AB                     _WPUB3  equ     1195
   726                           	global	_WPUB4
   727  04AC                     _WPUB4  equ     1196
   728                           	global	_WPUB5
   729  04AD                     _WPUB5  equ     1197
   730                           	global	_WPUB6
   731  04AE                     _WPUB6  equ     1198
   732                           	global	_WPUB7
   733  04AF                     _WPUB7  equ     1199
   734                           	global	_CM1CON0
   735  0107                     _CM1CON0  equ     263
   736                           	global	_CM2CON0
   737  0108                     _CM2CON0  equ     264
   738                           	global	_CM2CON1
   739  0109                     _CM2CON1  equ     265
   740                           	global	_EEADR
   741  010D                     _EEADR  equ     269
   742                           	global	_EEADRH
   743  010F                     _EEADRH  equ     271
   744                           	global	_EEADRL
   745  010D                     _EEADRL  equ     269
   746                           	global	_EEDAT
   747  010C                     _EEDAT  equ     268
   748                           	global	_EEDATA
   749  010C                     _EEDATA  equ     268
   750                           	global	_EEDATH
   751  010E                     _EEDATH  equ     270
   752                           	global	_WDTCON
   753  0105                     _WDTCON  equ     261
   754                           	global	_C1CH0
   755  0838                     _C1CH0  equ     2104
   756                           	global	_C1CH1
   757  0839                     _C1CH1  equ     2105
   758                           	global	_C1OE
   759  083D                     _C1OE  equ     2109
   760                           	global	_C1ON
   761  083F                     _C1ON  equ     2111
   762                           	global	_C1OUT
   763  083E                     _C1OUT  equ     2110
   764                           	global	_C1POL
   765  083C                     _C1POL  equ     2108
   766                           	global	_C1R
   767  083A                     _C1R  equ     2106
   768                           	global	_C1RSEL
   769  084D                     _C1RSEL  equ     2125
   770                           	global	_C2CH0
   771  0840                     _C2CH0  equ     2112
   772                           	global	_C2CH1
   773  0841                     _C2CH1  equ     2113
   774                           	global	_C2OE
   775  0845                     _C2OE  equ     2117
   776                           	global	_C2ON
   777  0847                     _C2ON  equ     2119
   778                           	global	_C2OUT
   779  0846                     _C2OUT  equ     2118
   780                           	global	_C2POL
   781  0844                     _C2POL  equ     2116
   782                           	global	_C2R
   783  0842                     _C2R  equ     2114
   784                           	global	_C2RSEL
   785  084C                     _C2RSEL  equ     2124
   786                           	global	_C2SYNC
   787  0848                     _C2SYNC  equ     2120
   788                           	global	_MC1OUT
   789  084F                     _MC1OUT  equ     2127
   790                           	global	_MC2OUT
   791  084E                     _MC2OUT  equ     2126
   792                           	global	_SWDTEN
   793  0828                     _SWDTEN  equ     2088
   794                           	global	_T1GSS
   795  0849                     _T1GSS  equ     2121
   796                           	global	_WDTPS0
   797  0829                     _WDTPS0  equ     2089
   798                           	global	_WDTPS1
   799  082A                     _WDTPS1  equ     2090
   800                           	global	_WDTPS2
   801  082B                     _WDTPS2  equ     2091
   802                           	global	_WDTPS3
   803  082C                     _WDTPS3  equ     2092
   804                           	global	_ANSEL
   805  0188                     _ANSEL  equ     392
   806                           	global	_ANSELH
   807  0189                     _ANSELH  equ     393
   808                           	global	_BAUDCTL
   809  0187                     _BAUDCTL  equ     391
   810                           	global	_EECON1
   811  018C                     _EECON1  equ     396
   812                           	global	_EECON2
   813  018D                     _EECON2  equ     397
   814                           	global	_SRCON
   815  0185                     _SRCON  equ     389
   816                           	global	_ABDEN
   817  0C38                     _ABDEN  equ     3128
   818                           	global	_ABDOVF
   819  0C3F                     _ABDOVF  equ     3135
   820                           	global	_ANS0
   821  0C40                     _ANS0  equ     3136
   822                           	global	_ANS1
   823  0C41                     _ANS1  equ     3137
   824                           	global	_ANS10
   825  0C4A                     _ANS10  equ     3146
   826                           	global	_ANS11
   827  0C4B                     _ANS11  equ     3147
   828                           	global	_ANS12
   829  0C4C                     _ANS12  equ     3148
   830                           	global	_ANS13
   831  0C4D                     _ANS13  equ     3149
   832                           	global	_ANS2
   833  0C42                     _ANS2  equ     3138
   834                           	global	_ANS3
   835  0C43                     _ANS3  equ     3139
   836                           	global	_ANS4
   837  0C44                     _ANS4  equ     3140
   838                           	global	_ANS5
   839  0C45                     _ANS5  equ     3141
   840                           	global	_ANS6
   841  0C46                     _ANS6  equ     3142
   842                           	global	_ANS7
   843  0C47                     _ANS7  equ     3143
   844                           	global	_ANS8
   845  0C48                     _ANS8  equ     3144
   846                           	global	_ANS9
   847  0C49                     _ANS9  equ     3145
   848                           	global	_BRG16
   849  0C3B                     _BRG16  equ     3131
   850                           	global	_C1SEN
   851  0C2D                     _C1SEN  equ     3117
   852                           	global	_C2REN
   853  0C2C                     _C2REN  equ     3116
   854                           	global	_EEPGD
   855  0C67                     _EEPGD  equ     3175
   856                           	global	_FVREN
   857  0C28                     _FVREN  equ     3112
   858                           	global	_PULSR
   859  0C2A                     _PULSR  equ     3114
   860                           	global	_PULSS
   861  0C2B                     _PULSS  equ     3115
   862                           	global	_RCIDL
   863  0C3E                     _RCIDL  equ     3134
   864                           	global	_RD
   865  0C60                     _RD  equ     3168
   866                           	global	_SCKP
   867  0C3C                     _SCKP  equ     3132
   868                           	global	_SR0
   869  0C2E                     _SR0  equ     3118
   870                           	global	_SR1
   871  0C2F                     _SR1  equ     3119
   872                           	global	_WR
   873  0C61                     _WR  equ     3169
   874                           	global	_WREN
   875  0C62                     _WREN  equ     3170
   876                           	global	_WRERR
   877  0C63                     _WRERR  equ     3171
   878                           	global	_WUE
   879  0C39                     _WUE  equ     3129
   880                           	file	"LED hardware.as"
   881                           	line	#
   882                           psect cinit,class=CODE,delta=2
   883                           global start_initialization
   884  07A2                     start_initialization:
   885                           
   886                           psect cinit,class=CODE,delta=2
   887                           global end_of_initialization
   888                           
   889                           ;End of C runtime variable initationation code
   890                           
   891  07A2                     end_of_initialization:
   892  07A2  0183               clrf status
   893  07A3  120A  118A  2FB7   ljmp _main	;jump to C main() function
   894                           psect	cstackCOMMON,class=COMMON,space=1
   895                           global __pcstackCOMMON
   896  0070                     __pcstackCOMMON:
   897                           	global	?_delay
   898  0070                     ?_delay: ;@ 0x0
   899                           	global	??_main
   900  0070                     ??_main: ;@ 0x0
   901                           	global	??_delay
   902  0070                     ??_delay: ;@ 0x0
   903                           	global	delay@x
   904  0070                     delay@x:	; 2 bytes @ 0x0
   905  0070                     	ds	2
   906                           	global	?_main
   907  0072                     ?_main: ;@ 0x2
   908                           ;Data sizes: Strings 0, constant 0, data 0, bss 0, persistent 0 stack 0
   909                           ;Auto spaces:   Size  Autos    Used
   910                           ; COMMON          14      2       2
   911                           ; BANK0           80      0       0
   912                           ; BANK1           80      0       0
   913                           ; BANK3           96      0       0
   914                           ; BANK2           96      0       0
   915                           
   916                           
   917                           ;Pointer list with targets:
   918                           
   919                           
   920                           
   921                           ;Main: autosize = 0, tempsize = 0, incstack = 0, save=0
   922                           
   923                           
   924                           ;Call graph:                      Base Space Used Autos Args Refs Density
   925                           ;_main                                                0    0   10   0.00
   926                           ;              _delay
   927                           ;  _delay                                             0    2   10   0.00
   928                           ;                                    0 COMMO    2
   929                           ; Estimated maximum call depth 1
   930                           ; Address spaces:
   931                           
   932                           ;Name               Size   Autos  Total    Cost      Usage
   933                           ;BITCOMMON            E      0       0       0        0.0%
   934                           ;CODE                 0      0       0       0        0.0%
   935                           ;NULL                 0      0       0       0        0.0%
   936                           ;COMMON               E      2       2       1       14.3%
   937                           ;SFR0                 0      0       0       1        0.0%
   938                           ;BITSFR0              0      0       0       1        0.0%
   939                           ;BITSFR1              0      0       0       2        0.0%
   940                           ;SFR1                 0      0       0       2        0.0%
   941                           ;ABS                  0      0       0       2        0.0%
   942                           ;STACK                0      0       0       3        0.0%
   943                           ;BITBANK0            50      0       0       4        0.0%
   944                           ;SFR3                 0      0       0       4        0.0%
   945                           ;BITSFR3              0      0       0       4        0.0%
   946                           ;BANK0               50      0       0       5        0.0%
   947                           ;BITSFR2              0      0       0       5        0.0%
   948                           ;SFR2                 0      0       0       5        0.0%
   949                           ;BITBANK1            50      0       0       6        0.0%
   950                           ;BANK1               50      0       0       7        0.0%
   951                           ;BITBANK3            60      0       0       8        0.0%
   952                           ;BANK3               60      0       0       9        0.0%
   953                           ;BITBANK2            60      0       0      10        0.0%
   954                           ;BANK2               60      0       0      11        0.0%
   955                           ;DATA                 0      0       0      12        0.0%
   956                           ;EEDATA             100      0       0    1000        0.0%
   957                           
   958                           	global	_main
   959                           psect	maintext,local,class=CODE,delta=2
   960                           global __pmaintext
   961  07B7                     __pmaintext:
   962                           
   963                           ; *************** function _main *****************
   964                           ; Defined at:
   965                           ;		line 9 in file "C:\Users\gowth\Documents\PIC Programs\LED task\LED Hardware\LED Hardw
                                 are.c"
   966                           ; Parameters:    Size  Location     Type
   967                           ;		None
   968                           ; Auto vars:     Size  Location     Type
   969                           ;		None
   970                           ; Return value:  Size  Location     Type
   971                           ;		None               void
   972                           ; Registers used:
   973                           ;		wreg, status,2, status,0, pclath, cstack
   974                           ; Tracked objects:
   975                           ;		On entry : 17F/0
   976                           ;		On exit  : 0/0
   977                           ;		Unchanged: 0/0
   978                           ; Data sizes:     COMMON   BANK0   BANK1   BANK3   BANK2
   979                           ;      Locals:         0       0       0       0       0
   980                           ;      Temp:     0
   981                           ;      Total:    0
   982                           ; This function calls:
   983                           ;		_delay
   984                           ; This function is called by:
   985                           ;		Startup code after reset
   986                           ; This function uses a non-reentrant model
   987                           ; 
   988                           psect	maintext
   989                           	file	"C:\Users\gowth\Documents\PIC Programs\LED task\LED Hardware\LED Hardware.c"
   990                           	line	9
   991                           	global	__size_of_main
   992  0049                     	__size_of_main	equ	__end_of_main-_main
   993                           ;LED Hardware.c: 8: void main()
   994                           ;LED Hardware.c: 9: {
   995                           	
   996  07B7                     _main:	
   997                           	opt stack 8
   998                           ; Regs used in _main: [wreg+status,2+status,0+pclath+cstack]
   999                           	line	10
  1000                           	
  1001  07B7                     l30000507:	
  1002                           ;LED Hardware.c: 10: TRISA=0XFF;
  1003  07B7  30FF               	movlw	(0FFh)
  1004  07B8  1683               	bsf	status, 5	;RP0=1, select bank1
  1005  07B9  1303               	bcf	status, 6	;RP1=0, select bank1
  1006  07BA  0085               	movwf	(133)^080h	;volatile
  1007                           	
  1008  07BB                     l30000508:	
  1009                           	line	11
  1010                           ;LED Hardware.c: 11: TRISC=0X00;
  1011  07BB  1003               	clrc
  1012  07BC  3000               	movlw	0
  1013  07BD  1803               	btfsc	status,0
  1014  07BE  3001               	movlw	1
  1015  07BF  0087               	movwf	(135)^080h	;volatile
  1016                           	
  1017  07C0                     l30000509:	
  1018                           	line	13
  1019                           ;LED Hardware.c: 13: PORTA=0X00;
  1020  07C0  1003               	clrc
  1021  07C1  3000               	movlw	0
  1022  07C2  1803               	btfsc	status,0
  1023  07C3  3001               	movlw	1
  1024  07C4  1283               	bcf	status, 5	;RP0=0, select bank0
  1025  07C5  1303               	bcf	status, 6	;RP1=0, select bank0
  1026  07C6  0085               	movwf	(5)	;volatile
  1027                           	
  1028  07C7                     l30000510:	
  1029                           	line	14
  1030                           ;LED Hardware.c: 14: PORTC=0X00;
  1031  07C7  1003               	clrc
  1032  07C8  3000               	movlw	0
  1033  07C9  1803               	btfsc	status,0
  1034  07CA  3001               	movlw	1
  1035  07CB  0087               	movwf	(7)	;volatile
  1036                           	
  1037  07CC                     l30000511:	
  1038                           	line	16
  1039                           ;LED Hardware.c: 16: ANSEL=0X00;
  1040  07CC  1003               	clrc
  1041  07CD  3000               	movlw	0
  1042  07CE  1803               	btfsc	status,0
  1043  07CF  3001               	movlw	1
  1044  07D0  1683               	bsf	status, 5	;RP0=1, select bank3
  1045  07D1  1703               	bsf	status, 6	;RP1=1, select bank3
  1046  07D2  0088               	movwf	(392)^0180h
  1047                           	
  1048  07D3                     l30000512:	
  1049                           	line	17
  1050                           ;LED Hardware.c: 17: ANSELH=0X00;
  1051  07D3  1003               	clrc
  1052  07D4  3000               	movlw	0
  1053  07D5  1803               	btfsc	status,0
  1054  07D6  3001               	movlw	1
  1055  07D7  0089               	movwf	(393)^0180h
  1056                           	
  1057  07D8                     l30000513:	
  1058                           	line	25
  1059                           ;LED Hardware.c: 21: {
  1060                           ;LED Hardware.c: 25: RC0=1;
  1061  07D8  1283               	bcf	status, 5	;RP0=0, select bank0
  1062  07D9  1303               	bcf	status, 6	;RP1=0, select bank0
  1063  07DA  1407               	bsf	(56/8),(56)&7
  1064                           	
  1065  07DB                     l30000514:	
  1066                           	line	28
  1067                           ;LED Hardware.c: 28: RC2=1;
  1068  07DB  1507               	bsf	(58/8),(58)&7
  1069                           	
  1070  07DC                     l30000515:	
  1071                           	line	31
  1072                           ;LED Hardware.c: 31: RC4=1;
  1073  07DC  1607               	bsf	(60/8),(60)&7
  1074                           	
  1075  07DD                     l30000516:	
  1076                           	line	34
  1077                           ;LED Hardware.c: 34: RC6=1;
  1078  07DD  1707               	bsf	(62/8),(62)&7
  1079                           	
  1080  07DE                     l30000517:	
  1081                           	line	37
  1082                           ;LED Hardware.c: 37: delay(20000);
  1083  07DE  3020               	movlw	low(04E20h)
  1084  07DF  00F0               	movwf	(?_delay)
  1085  07E0  304E               	movlw	high(04E20h)
  1086  07E1  00F1               	movwf	((?_delay))+1
  1087  07E2  120A  118A  27A6   	fcall	_delay
              120A  118A         
  1088                           	
  1089  07E7                     l30000518:	
  1090                           	line	39
  1091                           ;LED Hardware.c: 39: RC0=0;
  1092  07E7  1283               	bcf	status, 5	;RP0=0, select bank0
  1093  07E8  1303               	bcf	status, 6	;RP1=0, select bank0
  1094  07E9  1007               	bcf	(56/8),(56)&7
  1095                           	
  1096  07EA                     l30000519:	
  1097                           	line	42
  1098                           ;LED Hardware.c: 42: RC2=0;
  1099  07EA  1107               	bcf	(58/8),(58)&7
  1100                           	
  1101  07EB                     l30000520:	
  1102                           	line	45
  1103                           ;LED Hardware.c: 45: RC4=0;
  1104  07EB  1207               	bcf	(60/8),(60)&7
  1105                           	
  1106  07EC                     l30000521:	
  1107                           	line	48
  1108                           ;LED Hardware.c: 48: RC6=0;
  1109  07EC  1307               	bcf	(62/8),(62)&7
  1110                           	
  1111  07ED                     l30000522:	
  1112                           	line	50
  1113                           ;LED Hardware.c: 50: delay(30000);
  1114  07ED  3030               	movlw	low(07530h)
  1115  07EE  00F0               	movwf	(?_delay)
  1116  07EF  3075               	movlw	high(07530h)
  1117  07F0  00F1               	movwf	((?_delay))+1
  1118  07F1  120A  118A  27A6   	fcall	_delay
              120A  118A         
  1119                           	
  1120  07F6                     l30000523:	
  1121                           	line	52
  1122                           ;LED Hardware.c: 52: RC1=1;
  1123  07F6  1283               	bcf	status, 5	;RP0=0, select bank0
  1124  07F7  1303               	bcf	status, 6	;RP1=0, select bank0
  1125  07F8  1487               	bsf	(57/8),(57)&7
  1126                           	
  1127  07F9                     l30000524:	
  1128                           	line	55
  1129                           ;LED Hardware.c: 55: RC3=1;
  1130  07F9  1587               	bsf	(59/8),(59)&7
  1131                           	
  1132  07FA                     l30000525:	
  1133                           	line	58
  1134                           ;LED Hardware.c: 58: RC5=1;
  1135  07FA  1687               	bsf	(61/8),(61)&7
  1136                           	
  1137  07FB                     l30000526:	
  1138                           	line	61
  1139                           ;LED Hardware.c: 61: RC7=1;
  1140  07FB  1787               	bsf	(63/8),(63)&7
  1141  07FC  2FD8               	goto	l30000513
  1142+                          	global	start
  1143+ 07FD  120A  118A  2800   	ljmp	start
  1144+                          	opt stack 0
  1145+                          GLOBAL	__end_of_main
  1146+ 0800                     	__end_of_main:
  1147                           ; =============== function _main ends ============
  1148                           
  1149                           psect	maintext
  1150                           	line	67
  1151                           	signat	_main,88
  1152                           	global	_delay
  1153                           psect	text8,local,class=CODE,delta=2
  1154                           global __ptext8
  1155  07A6                     __ptext8:
  1156                           
  1157                           ; *************** function _delay *****************
  1158                           ; Defined at:
  1159                           ;		line 4 in file "C:\Users\gowth\Documents\PIC Programs\LED task\LED Hardware\LED Hardw
                                 are.c"
  1160                           ; Parameters:    Size  Location     Type
  1161                           ;  x               2    0[COMMON] int 
  1162                           ; Auto vars:     Size  Location     Type
  1163                           ;		None
  1164                           ; Return value:  Size  Location     Type
  1165                           ;		None               void
  1166                           ; Registers used:
  1167                           ;		wreg
  1168                           ; Tracked objects:
  1169                           ;		On entry : 0/0
  1170                           ;		On exit  : 0/0
  1171                           ;		Unchanged: 0/0
  1172                           ; Data sizes:     COMMON   BANK0   BANK1   BANK3   BANK2
  1173                           ;      Locals:         2       0       0       0       0
  1174                           ;      Temp:     0
  1175                           ;      Total:    2
  1176                           ; This function calls:
  1177                           ;		Nothing
  1178                           ; This function is called by:
  1179                           ;		_main
  1180                           ; This function uses a non-reentrant model
  1181                           ; 
  1182                           psect	text8
  1183                           	file	"C:\Users\gowth\Documents\PIC Programs\LED task\LED Hardware\LED Hardware.c"
  1184                           	line	4
  1185                           	global	__size_of_delay
  1186  0011                     	__size_of_delay	equ	__end_of_delay-_delay
  1187                           ;LED Hardware.c: 3: void delay(int x)
  1188                           ;LED Hardware.c: 4: {
  1189                           	
  1190  07A6                     _delay:	
  1191                           	opt stack 7
  1192                           ; Regs used in _delay: [wreg]
  1193                           	
  1194  07A6                     l30000505:	
  1195                           	
  1196  07A6                     l30000506:	
  1197                           	line	5
  1198  07A6  30FF               	movlw	low(-1)
  1199  07A7  07F0               	addwf	(delay@x),f
  1200  07A8  1803               	skipnc
  1201  07A9  0AF1               	incf	(delay@x+1),f
  1202  07AA  30FF               	movlw	high(-1)
  1203  07AB  07F1               	addwf	(delay@x+1),f
  1204  07AC  30FF               	movlw	high(-1)
  1205  07AD  0671               	xorwf	((delay@x+1))&07fh,w
  1206  07AE  1D03               	skipz
  1207  07AF  2FB2               	goto	u15
  1208  07B0  30FF               	movlw	low(-1)
  1209  07B1  0670               	xorwf	((delay@x))&07fh,w
  1210  07B2                     u15:
  1211                           
  1212  07B2  1D03               	skipz
  1213  07B3  2FB5               	goto	u11
  1214  07B4  2FB6               	goto	u10
  1215  07B5                     u11:
  1216  07B5  2FA6               	goto	l30000506
  1217  07B6                     u10:
  1218                           	
  1219  07B6                     l1:	
  1220  07B6  0008               	return
  1221                           	opt stack 0
  1222                           GLOBAL	__end_of_delay
  1223  07B7                     	__end_of_delay:
  1224                           ; =============== function _delay ends ============
  1225                           
  1226                           psect	text9,local,class=CODE,delta=2
  1227                           global __ptext9
  1228  0003                     __ptext9:


HI-TECH Software PICC Macro Assembler V9.70 build 5239 
Symbol Table                                                                                   Fri Apr 07 15:28:51 2023

                   l1 07B6        __size_of_delay 0011                    _DA 04A5                    _BF 04A0  
                  _DC 0019                    _PD 001B                    _RD 0C60                    u10 07B6  
                  u11 07B5                    _UA 04A1                    u15 07B2                    _TO 001C  
                  _RW 04A2                    _WR 0C61                   _C1R 083A                   _C2R 0842  
                 _CKE 04A6                   _CKP 00A4                   _GIE 005F                   _BOR 0470  
                 _RA0 0028                   _RA1 0029                   _RB0 0030                   _RA2 002A  
                 _RB1 0031                   _RA3 002B                   _RC0 0038                   _RB2 0032  
                 _RA4 002C                   _RC1 0039                   _RB3 0033                   _RA5 002D  
                 _RD0 0040                   _RC2 003A                   _RB4 0034                   _RA6 002E  
                 _RD1 0041                   _RC3 003B                   _RB5 0035                   _RA7 002F  
                 _RE0 0048                   _RD2 0042                   _RC4 003C                   _RB6 0036  
                 _RE1 0049                   _RD3 0043                   _RC5 003D                   _RB7 0037  
                 _RE2 004A                   _RD4 0044                   _RC6 003E                   _RE3 004B  
                 _RD5 0045                   _RC7 003F                   _RD6 0046                   _RD7 0047  
                 _FSR 0004                   _PCL 0002                   _PS0 0408                   _PR2 0092  
                 _PS1 0409                   _PS2 040A                   _PEN 048A                   _RP0 001D  
                 _IRP 001F                   _RP1 001E                   _HTS 047A                   _SR0 0C2E  
                 _SR1 0C2F                   _SEN 0488                   _SCS 0478                   _PSA 040B  
                 _LTS 0479                   _VR0 04B8                   _VR1 04B9                   _VR2 04BA  
                 _VR3 04BB                   _POR 0471                   _RX9 00C6                   _SMP 04A7  
                 _TX9 04C6                   _WUE 0C39                   _VRR 04BD               ??_delay 0070  
                _C1IE 046D                  _C1IF 006D                  _C2IE 046E                  _C2IF 006E  
                _C1OE 083D                  _C2OE 0845                  _C1ON 083F                  _C2ON 0847  
                _ADIE 0466                  _ADIF 0066                  _ADFM 04FF                  _ADON 00F8  
                _P1M0 00BE                  _CHS0 00FA                  _P1M1 00BF                  _CHS1 00FB  
                _CHS2 00FC                  _CHS3 00FD                  _EEIE 046C                  _EEIF 006C  
                _ANS0 0C40                  _BRG0 04C8                  _ANS1 0C41                  _BRG1 04C9  
                _ANS2 0C42                  _BRG2 04CA                  _ANS3 0C43                  _BRG3 04CB  
                _ANS4 0C44                  _BRG4 04CC                  _ANS5 0C45                  _BRG5 04CD  
                _ANS6 0C46                  _GCEN 048F                  _BRG6 04CE                  _ANS7 0C47  
                _BRG7 04CF                  _ANS8 0C48                  _BRG8 04D0                  _ANS9 0C49  
                _BRG9 04D1                  _BRGH 04C2                  _T0IE 005D                  _T0IF 005A  
                _CREN 00C4                  _T0CS 040D                  _FERR 00C2                  _PDC0 04D8  
                _PDC1 04D9                  _PDC2 04DA                  _PDC3 04DB                  _PDC4 04DC  
                _T0SE 040C                  _PDC5 04DD                  _CSRC 04C7                  _PDC6 04DE  
                _IOCB 0096                  _INDF 0000                  _PIE1 008C                  _PIE2 008D  
                _PEIE 005E                  _INTE 005C                  _INTF 0059                  _RBIE 005B  
                _RBIF 0058                  _RCIE 0465                  _RCEN 048B                  _RCIF 0065  
                _PCON 008E                  _PIR1 000C                  _PIR2 000D                  _OERR 00C1  
                _SCKP 0C3C                  _RBPU 040F                  _RX9D 00C0                  _TMR0 0001  
                _TMR2 0011                  _WCOL 00A7                  _SPEN 00C7                  _RSEN 0489  
                _TX9D 04C0                  _SREN 00C5                  _OSTS 047B                  _TUN0 0480  
                _TUN1 0481                  _TUN2 0482                  _TUN3 0483                  _TUN4 0484  
                _STRA 04E8                  _STRB 04E9                  _STRC 04EA                  _VREN 04BF  
                _STRD 04EB                  _TRMT 04C1                  _STOP 04A4                  _TXIE 0464  
                _ZERO 001A                  _WREN 0C62                  _TXEN 04C5                  _TXIF 0064  
                _VROE 04BE                  _SYNC 04C4                  _WPUB 0095                  _VRSS 04BC  
                _main 07B7                  start 0000   start_initialization 07A2               _CM1CON0 0107  
             _CM2CON0 0108               _CCP1CON 0017               _CM2CON1 0109               _CCP2CON 001D  
             _ACKSTAT 048E               _BAUDCTL 0187               _ECCPAS0 04E4               _ECCPAS1 04E5  
             _ECCPAS2 04E6               _ECCPASE 04E7                 _C1CH0 0838                 _C1CH1 0839  
               _C2CH0 0840                 _C2CH1 0841                 _DC1B0 00BC                 _DC1B1 00BD  
               _C1SEN 0C2D                 _C2REN 0C2C                 _C1POL 083C                 _C2POL 0844  
               _C1OUT 083E                 _C2OUT 0846                 _ABDEN 0C38                 _ADCS0 00FE  
               _ADCS1 00FF                 _ADDEN 00C3                 ?_main 0072                 _ACKEN 048C  
               _ACKDT 048D                 _BCLIE 046B                 _BCLIF 006B                 _CCP2X 00ED  
               _CCP2Y 00EC                 _EEADR 010D                 _ANS10 0C4A                 _EEDAT 010C  
               _BRG10 04D2                 _ANS11 0C4B                 _BRG11 04D3                 _ANS12 0C4C  
               _BRG12 04D4                 _ANS13 0C4D                 _BRG13 04D5                 _BRG14 04D6  
               _BRG15 04D7                 _BRG16 0C3B         __end_of_delay 07B7                 _CARRY 0018  
               _EEPGD 0C67                 _ANSEL 0188                 _T1CON 0010                 _IOCB0 04B0  
               _T2CON 0012                 _IOCB1 04B1                 _IOCB2 04B2                 _IOCB3 04B3  
               _IOCB4 04B4                 _IOCB5 04B5                 _IOCB6 04B6                 _IOCB7 04B7  
               _T1GSS 0849               _T1CKPS0 0084               _T1CKPS1 0085                 _IRCF0 047C  
               _IRCF1 047D                 _IRCF2 047E               _T2CKPS0 0090               _T2CKPS1 0091  
               _RABIE 005B                 _RABIF 0058                 _RABPU 040F                 _RCIDL 0C3E  
               _FVREN 0C28                 _VCFG0 04FC                 _VCFG1 04FD                 _RCREG 001A  
               _SENDB 04C3                 _RCSTA 0018                 _OSFIE 046F                 _OSFIF 006F  
               _TMR1H 000F                 _TMR1L 000E                 _SPBRG 0099                 _PORTA 0005  
               _PORTB 0006               _T1OSCEN 0083                 _PORTC 0007                 _PORTD 0008  
               _PORTE 0009                 _PRSEN 04DF                 _SRCON 0185                 _START 04A3  
               _PULSR 0C2A                 _PULSS 0C2B                 _SSPM0 00A0                 _SSPM1 00A1  
               _SSPM2 00A2                 _SSPM3 00A3                 _TRISA 0085                 _TRISB 0086  
               _TRISC 0087                 _TRISD 0088                 _SSPIE 0463                 _TRISE 0089  
               _SSPIF 0063                 _SSPEN 00A5                 _VRCON 0097                 _WPUB0 04A8  
               _WPUB1 04A9                 _WPUB2 04AA                 _WPUB3 04AB                 _WPUB4 04AC  
               _SSPOV 00A6                 _WPUB5 04AD                 _WPUB6 04AE                 _WPUB7 04AF  
               _WRERR 0C63                 _TXREG 0019                 _TXSTA 0098        __pcstackCOMMON 0070  
             _OSCTUNE 0090               _PWM1CON 009B                 _delay 07A6               _PSTRCON 009D  
             _SSPCON2 0091               _ULPWUIE 046A               _ULPWUIF 006A               _SSPSTAT 0094  
             _TOUTPS0 0093               _TOUTPS1 0094               _TOUTPS2 0095               _TOUTPS3 0096  
             _STRSYNC 04EC                 status 0003         __size_of_main 0049              l30000510 07C7  
            l30000511 07CC              l30000520 07EB              l30000512 07D3              l30000505 07A6  
            l30000521 07EC              l30000513 07D8              l30000506 07A6              l30000522 07ED  
            l30000514 07DB              l30000523 07F6              l30000515 07DC              l30000507 07B7  
            l30000524 07F9              l30000516 07DD              l30000508 07BB              l30000525 07FA  
            l30000517 07DE              l30000509 07C0              l30000526 07FB              l30000518 07E7  
            l30000519 07EA                ??_main 0070               __ptext7 0003               __ptext8 07A6  
             __ptext9 0003            __pmaintext 07B7                _C1RSEL 084D                _C2RSEL 084C  
              ?_delay 0070                _C2SYNC 0848                _ADCON0 001F                _ADCON1 009F  
              _ABDOVF 0C3F                _CCP1M0 00B8                _CCP1M1 00B9                _CCP1M2 00BA  
              _CCP1M3 00BB                _CCP2M0 00E8                _CCP2M1 00E9                _CCP2M2 00EA  
              _CCP2M3 00EB                _CCP1IE 0462                _CCP1IF 0062                _CCP2IE 0468  
              _CCP2IF 0068                _ADRESH 001E                _EEADRH 010F                _ADRESL 009E  
              _EEADRL 010D                _EEDATA 010C                _ECCPAS 009C                _CCPR1H 0016  
              _EEDATH 010E                _CCPR2H 001C                _CCPR1L 0015                _CCPR2L 001B  
              _EECON1 018C                _EECON2 018D                _ANSELH 0189                _MC1OUT 084F  
              _MC2OUT 084E          __end_of_main 0800                _T1GINV 0087                _GODONE 00F9  
end_of_initialization 07A2                _T1SYNC 0082                _INTEDG 040E                _PCLATH 000A  
              _INTCON 000B                _SBOREN 0474                _OSCCON 008F                _TMR1GE 0086  
              _TMR1IE 0460                _TMR1IF 0060                _TMR1CS 0081                _TMR2IE 0461  
              _TMR2IF 0061                _PSSAC0 04E2                _PSSAC1 04E3                _PSSBD0 04E0  
              _PSSBD1 04E1                _SPBRGH 009A                _OPTION 0081                _TMR1ON 0080  
              _TMR2ON 0092                _WDTCON 0105                _WDTPS0 0829                _WDTPS1 082A  
              _WDTPS2 082B                _WDTPS3 082C                _SSPADD 0093                _TRISA0 0428  
              _TRISA1 0429                _TRISB0 0430                _TRISA2 042A                _TRISB1 0431  
              _TRISA3 042B                _TRISC0 0438                _TRISB2 0432                _TRISA4 042C  
              _TRISC1 0439                _TRISB3 0433                _TRISA5 042D                _TRISD0 0440  
              _TRISC2 043A                _TRISB4 0434                _TRISA6 042E                _TRISD1 0441  
              _TRISC3 043B                _TRISB5 0435                _TRISA7 042F                _TRISE0 0448  
              _TRISD2 0442                _TRISC4 043C                _TRISB6 0436                _TRISE1 0449  
              _TRISD3 0443                _TRISC5 043D                _TRISB7 0437                _TRISE2 044A  
              _TRISD4 0444                _TRISC6 043E                _TRISE3 044B                _TRISD5 0445  
              _TRISC7 043F                _TRISD6 0446                _TRISD7 0447                _STATUS 0003  
              _SSPCON 0014                _SSPBUF 0013                _SWDTEN 0828                _ULPWUE 0475  
              _SSPMSK 0093                delay@x 0070  
