

HI-TECH Software PIC LITE Macro Assembler V9.70 build 5239 
                                                                                               Thu Apr 13 12:34:01 2023

HI-TECH Software Omniscient Code Generator (Lite mode) build 5239
     1  0000                     opt subtitle "HI-TECH Software Omniscient Code Generator (Lite mode) build 5239"
     2                           
     3                           opt pagewidth 120
     4                           
     5                           	opt lm
     6                           
     7                           	processor	16F887
     8                           clrc	macro
     9                           	bcf	3,0
    10  0000                     	endm
    11                           clrz	macro
    12                           	bcf	3,2
    13  0000                     	endm
    14                           setc	macro
    15                           	bsf	3,0
    16  0000                     	endm
    17                           setz	macro
    18                           	bsf	3,2
    19  0000                     	endm
    20                           skipc	macro
    21                           	btfss	3,0
    22  0000                     	endm
    23                           skipz	macro
    24                           	btfss	3,2
    25  0000                     	endm
    26                           skipnc	macro
    27                           	btfsc	3,0
    28  0000                     	endm
    29                           skipnz	macro
    30                           	btfsc	3,2
    31  0000                     	endm
    32  0000                     indf	equ	0
    33  0000                     indf0	equ	0
    34  0002                     pc	equ	2
    35  0002                     pcl	equ	2
    36  0003                     status	equ	3
    37  0004                     fsr	equ	4
    38  0004                     fsr0	equ	4
    39  0001                     c	equ	1
    40  0000                     z	equ	0
    41  000A                     pclath	equ	10
    42                           ;COMMON:	_main->_eeprom_read
    43                           ;COMMON:	_main->_eeprom_write
    44                           ;BANK0:	_main->__delay
    45                           	FNCALL	_main,_eeprom_read
    46                           	FNCALL	_main,_eeprom_write
    47                           	FNROOT	_main
    48                           	global	main@F771
    49                           psect	idataBANK0,class=CODE,space=0,delta=2
    50                           global __pidataBANK0
    51  06D8                     __pidataBANK0:
    52                           	file	"C:\Program Files (x86)\HI-TECH Software\PICC\9.70\sources\EEPROM.c"
    53                           	line	10
    54                           
    55                           ;initializer for main@F771
    56  06D8  343F               	retlw	03Fh
    57  06D9  3406               	retlw	06h
    58  06DA  345B               	retlw	05Bh
    59  06DB  344F               	retlw	04Fh
    60  06DC  3466               	retlw	066h
    61  06DD  346D               	retlw	06Dh
    62  06DE  347D               	retlw	07Dh
    63  06DF  3407               	retlw	07h
    64  06E0  347F               	retlw	07Fh
    65  06E1  3467               	retlw	067h
    66                           	global	_ADCON0
    67  001F                     _ADCON0  equ     31
    68                           	global	_ADRESH
    69  001E                     _ADRESH  equ     30
    70                           	global	_CCP1CON
    71  0017                     _CCP1CON  equ     23
    72                           	global	_CCP2CON
    73  001D                     _CCP2CON  equ     29
    74                           	global	_CCPR1H
    75  0016                     _CCPR1H  equ     22
    76                           	global	_CCPR1L
    77  0015                     _CCPR1L  equ     21
    78                           	global	_CCPR2H
    79  001C                     _CCPR2H  equ     28
    80                           	global	_CCPR2L
    81  001B                     _CCPR2L  equ     27
    82                           	global	_FSR
    83  0004                     _FSR  equ     4
    84                           	global	_INDF
    85  0000                     _INDF  equ     0
    86                           	global	_INTCON
    87  000B                     _INTCON  equ     11
    88                           	global	_PCL
    89  0002                     _PCL  equ     2
    90                           	global	_PCLATH
    91  000A                     _PCLATH  equ     10
    92                           	global	_PIR1
    93  000C                     _PIR1  equ     12
    94                           	global	_PIR2
    95  000D                     _PIR2  equ     13
    96                           	global	_PORTA
    97  0005                     _PORTA  equ     5
    98                           	global	_PORTB
    99  0006                     _PORTB  equ     6
   100                           	global	_PORTC
   101  0007                     _PORTC  equ     7
   102                           	global	_PORTD
   103  0008                     _PORTD  equ     8
   104                           	global	_PORTE
   105  0009                     _PORTE  equ     9
   106                           	global	_RCREG
   107  001A                     _RCREG  equ     26
   108                           	global	_RCSTA
   109  0018                     _RCSTA  equ     24
   110                           	global	_SSPBUF
   111  0013                     _SSPBUF  equ     19
   112                           	global	_SSPCON
   113  0014                     _SSPCON  equ     20
   114                           	global	_STATUS
   115  0003                     _STATUS  equ     3
   116                           	global	_T1CON
   117  0010                     _T1CON  equ     16
   118                           	global	_T2CON
   119  0012                     _T2CON  equ     18
   120                           	global	_TMR0
   121  0001                     _TMR0  equ     1
   122                           	global	_TMR1H
   123  000F                     _TMR1H  equ     15
   124                           	global	_TMR1L
   125  000E                     _TMR1L  equ     14
   126                           	global	_TMR2
   127  0011                     _TMR2  equ     17
   128                           	global	_TXREG
   129  0019                     _TXREG  equ     25
   130                           	global	_ADCS0
   131  00FE                     _ADCS0  equ     254
   132                           	global	_ADCS1
   133  00FF                     _ADCS1  equ     255
   134                           	global	_ADDEN
   135  00C3                     _ADDEN  equ     195
   136                           	global	_ADIF
   137  0066                     _ADIF  equ     102
   138                           	global	_ADON
   139  00F8                     _ADON  equ     248
   140                           	global	_BCLIF
   141  006B                     _BCLIF  equ     107
   142                           	global	_C1IF
   143  006D                     _C1IF  equ     109
   144                           	global	_C2IF
   145  006E                     _C2IF  equ     110
   146                           	global	_CARRY
   147  0018                     _CARRY  equ     24
   148                           	global	_CCP1IF
   149  0062                     _CCP1IF  equ     98
   150                           	global	_CCP1M0
   151  00B8                     _CCP1M0  equ     184
   152                           	global	_CCP1M1
   153  00B9                     _CCP1M1  equ     185
   154                           	global	_CCP1M2
   155  00BA                     _CCP1M2  equ     186
   156                           	global	_CCP1M3
   157  00BB                     _CCP1M3  equ     187
   158                           	global	_CCP2IF
   159  0068                     _CCP2IF  equ     104
   160                           	global	_CCP2M0
   161  00E8                     _CCP2M0  equ     232
   162                           	global	_CCP2M1
   163  00E9                     _CCP2M1  equ     233
   164                           	global	_CCP2M2
   165  00EA                     _CCP2M2  equ     234
   166                           	global	_CCP2M3
   167  00EB                     _CCP2M3  equ     235
   168                           	global	_CCP2X
   169  00ED                     _CCP2X  equ     237
   170                           	global	_CCP2Y
   171  00EC                     _CCP2Y  equ     236
   172                           	global	_CHS0
   173  00FA                     _CHS0  equ     250
   174                           	global	_CHS1
   175  00FB                     _CHS1  equ     251
   176                           	global	_CHS2
   177  00FC                     _CHS2  equ     252
   178                           	global	_CHS3
   179  00FD                     _CHS3  equ     253
   180                           	global	_CKP
   181  00A4                     _CKP  equ     164
   182                           	global	_CREN
   183  00C4                     _CREN  equ     196
   184                           	global	_DC
   185  0019                     _DC  equ     25
   186                           	global	_DC1B0
   187  00BC                     _DC1B0  equ     188
   188                           	global	_DC1B1
   189  00BD                     _DC1B1  equ     189
   190                           	global	_EEIF
   191  006C                     _EEIF  equ     108
   192                           	global	_FERR
   193  00C2                     _FERR  equ     194
   194                           	global	_GIE
   195  005F                     _GIE  equ     95
   196                           	global	_GODONE
   197  00F9                     _GODONE  equ     249
   198                           	global	_INTE
   199  005C                     _INTE  equ     92
   200                           	global	_INTF
   201  0059                     _INTF  equ     89
   202                           	global	_IRP
   203  001F                     _IRP  equ     31
   204                           	global	_OERR
   205  00C1                     _OERR  equ     193
   206                           	global	_OSFIF
   207  006F                     _OSFIF  equ     111
   208                           	global	_P1M0
   209  00BE                     _P1M0  equ     190
   210                           	global	_P1M1
   211  00BF                     _P1M1  equ     191
   212                           	global	_PD
   213  001B                     _PD  equ     27
   214                           	global	_PEIE
   215  005E                     _PEIE  equ     94
   216                           	global	_RA0
   217  0028                     _RA0  equ     40
   218                           	global	_RA1
   219  0029                     _RA1  equ     41
   220                           	global	_RA2
   221  002A                     _RA2  equ     42
   222                           	global	_RA3
   223  002B                     _RA3  equ     43
   224                           	global	_RA4
   225  002C                     _RA4  equ     44
   226                           	global	_RA5
   227  002D                     _RA5  equ     45
   228                           	global	_RA6
   229  002E                     _RA6  equ     46
   230                           	global	_RA7
   231  002F                     _RA7  equ     47
   232                           	global	_RABIE
   233  005B                     _RABIE  equ     91
   234                           	global	_RABIF
   235  0058                     _RABIF  equ     88
   236                           	global	_RB0
   237  0030                     _RB0  equ     48
   238                           	global	_RB1
   239  0031                     _RB1  equ     49
   240                           	global	_RB2
   241  0032                     _RB2  equ     50
   242                           	global	_RB3
   243  0033                     _RB3  equ     51
   244                           	global	_RB4
   245  0034                     _RB4  equ     52
   246                           	global	_RB5
   247  0035                     _RB5  equ     53
   248                           	global	_RB6
   249  0036                     _RB6  equ     54
   250                           	global	_RB7
   251  0037                     _RB7  equ     55
   252                           	global	_RBIE
   253  005B                     _RBIE  equ     91
   254                           	global	_RBIF
   255  0058                     _RBIF  equ     88
   256                           	global	_RC0
   257  0038                     _RC0  equ     56
   258                           	global	_RC1
   259  0039                     _RC1  equ     57
   260                           	global	_RC2
   261  003A                     _RC2  equ     58
   262                           	global	_RC3
   263  003B                     _RC3  equ     59
   264                           	global	_RC4
   265  003C                     _RC4  equ     60
   266                           	global	_RC5
   267  003D                     _RC5  equ     61
   268                           	global	_RC6
   269  003E                     _RC6  equ     62
   270                           	global	_RC7
   271  003F                     _RC7  equ     63
   272                           	global	_RCIF
   273  0065                     _RCIF  equ     101
   274                           	global	_RD0
   275  0040                     _RD0  equ     64
   276                           	global	_RD1
   277  0041                     _RD1  equ     65
   278                           	global	_RD2
   279  0042                     _RD2  equ     66
   280                           	global	_RD3
   281  0043                     _RD3  equ     67
   282                           	global	_RD4
   283  0044                     _RD4  equ     68
   284                           	global	_RD5
   285  0045                     _RD5  equ     69
   286                           	global	_RD6
   287  0046                     _RD6  equ     70
   288                           	global	_RD7
   289  0047                     _RD7  equ     71
   290                           	global	_RE0
   291  0048                     _RE0  equ     72
   292                           	global	_RE1
   293  0049                     _RE1  equ     73
   294                           	global	_RE2
   295  004A                     _RE2  equ     74
   296                           	global	_RE3
   297  004B                     _RE3  equ     75
   298                           	global	_RP0
   299  001D                     _RP0  equ     29
   300                           	global	_RP1
   301  001E                     _RP1  equ     30
   302                           	global	_RX9
   303  00C6                     _RX9  equ     198
   304                           	global	_RX9D
   305  00C0                     _RX9D  equ     192
   306                           	global	_SPEN
   307  00C7                     _SPEN  equ     199
   308                           	global	_SREN
   309  00C5                     _SREN  equ     197
   310                           	global	_SSPEN
   311  00A5                     _SSPEN  equ     165
   312                           	global	_SSPIF
   313  0063                     _SSPIF  equ     99
   314                           	global	_SSPM0
   315  00A0                     _SSPM0  equ     160
   316                           	global	_SSPM1
   317  00A1                     _SSPM1  equ     161
   318                           	global	_SSPM2
   319  00A2                     _SSPM2  equ     162
   320                           	global	_SSPM3
   321  00A3                     _SSPM3  equ     163
   322                           	global	_SSPOV
   323  00A6                     _SSPOV  equ     166
   324                           	global	_T0IE
   325  005D                     _T0IE  equ     93
   326                           	global	_T0IF
   327  005A                     _T0IF  equ     90
   328                           	global	_T1CKPS0
   329  0084                     _T1CKPS0  equ     132
   330                           	global	_T1CKPS1
   331  0085                     _T1CKPS1  equ     133
   332                           	global	_T1GINV
   333  0087                     _T1GINV  equ     135
   334                           	global	_T1OSCEN
   335  0083                     _T1OSCEN  equ     131
   336                           	global	_T1SYNC
   337  0082                     _T1SYNC  equ     130
   338                           	global	_T2CKPS0
   339  0090                     _T2CKPS0  equ     144
   340                           	global	_T2CKPS1
   341  0091                     _T2CKPS1  equ     145
   342                           	global	_TMR1CS
   343  0081                     _TMR1CS  equ     129
   344                           	global	_TMR1GE
   345  0086                     _TMR1GE  equ     134
   346                           	global	_TMR1IF
   347  0060                     _TMR1IF  equ     96
   348                           	global	_TMR1ON
   349  0080                     _TMR1ON  equ     128
   350                           	global	_TMR2IF
   351  0061                     _TMR2IF  equ     97
   352                           	global	_TMR2ON
   353  0092                     _TMR2ON  equ     146
   354                           	global	_TO
   355  001C                     _TO  equ     28
   356                           	global	_TOUTPS0
   357  0093                     _TOUTPS0  equ     147
   358                           	global	_TOUTPS1
   359  0094                     _TOUTPS1  equ     148
   360                           	global	_TOUTPS2
   361  0095                     _TOUTPS2  equ     149
   362                           	global	_TOUTPS3
   363  0096                     _TOUTPS3  equ     150
   364                           	global	_TXIF
   365  0064                     _TXIF  equ     100
   366                           	global	_ULPWUIF
   367  006A                     _ULPWUIF  equ     106
   368                           	global	_WCOL
   369  00A7                     _WCOL  equ     167
   370                           	global	_ZERO
   371  001A                     _ZERO  equ     26
   372                           	global	_ADCON1
   373  009F                     _ADCON1  equ     159
   374                           	global	_ADRESL
   375  009E                     _ADRESL  equ     158
   376                           	global	_ECCPAS
   377  009C                     _ECCPAS  equ     156
   378                           	global	_IOCB
   379  0096                     _IOCB  equ     150
   380                           	global	_OPTION
   381  0081                     _OPTION  equ     129
   382                           	global	_OSCCON
   383  008F                     _OSCCON  equ     143
   384                           	global	_OSCTUNE
   385  0090                     _OSCTUNE  equ     144
   386                           	global	_PCON
   387  008E                     _PCON  equ     142
   388                           	global	_PIE1
   389  008C                     _PIE1  equ     140
   390                           	global	_PIE2
   391  008D                     _PIE2  equ     141
   392                           	global	_PR2
   393  0092                     _PR2  equ     146
   394                           	global	_PSTRCON
   395  009D                     _PSTRCON  equ     157
   396                           	global	_PWM1CON
   397  009B                     _PWM1CON  equ     155
   398                           	global	_SPBRG
   399  0099                     _SPBRG  equ     153
   400                           	global	_SPBRGH
   401  009A                     _SPBRGH  equ     154
   402                           	global	_SSPADD
   403  0093                     _SSPADD  equ     147
   404                           	global	_SSPCON2
   405  0091                     _SSPCON2  equ     145
   406                           	global	_SSPMSK
   407  0093                     _SSPMSK  equ     147
   408                           	global	_SSPSTAT
   409  0094                     _SSPSTAT  equ     148
   410                           	global	_TRISA
   411  0085                     _TRISA  equ     133
   412                           	global	_TRISB
   413  0086                     _TRISB  equ     134
   414                           	global	_TRISC
   415  0087                     _TRISC  equ     135
   416                           	global	_TRISD
   417  0088                     _TRISD  equ     136
   418                           	global	_TRISE
   419  0089                     _TRISE  equ     137
   420                           	global	_TXSTA
   421  0098                     _TXSTA  equ     152
   422                           	global	_VRCON
   423  0097                     _VRCON  equ     151
   424                           	global	_WPUB
   425  0095                     _WPUB  equ     149
   426                           	global	_ACKDT
   427  048D                     _ACKDT  equ     1165
   428                           	global	_ACKEN
   429  048C                     _ACKEN  equ     1164
   430                           	global	_ACKSTAT
   431  048E                     _ACKSTAT  equ     1166
   432                           	global	_ADFM
   433  04FF                     _ADFM  equ     1279
   434                           	global	_ADIE
   435  0466                     _ADIE  equ     1126
   436                           	global	_BCLIE
   437  046B                     _BCLIE  equ     1131
   438                           	global	_BF
   439  04A0                     _BF  equ     1184
   440                           	global	_BOR
   441  0470                     _BOR  equ     1136
   442                           	global	_BRG0
   443  04C8                     _BRG0  equ     1224
   444                           	global	_BRG1
   445  04C9                     _BRG1  equ     1225
   446                           	global	_BRG10
   447  04D2                     _BRG10  equ     1234
   448                           	global	_BRG11
   449  04D3                     _BRG11  equ     1235
   450                           	global	_BRG12
   451  04D4                     _BRG12  equ     1236
   452                           	global	_BRG13
   453  04D5                     _BRG13  equ     1237
   454                           	global	_BRG14
   455  04D6                     _BRG14  equ     1238
   456                           	global	_BRG15
   457  04D7                     _BRG15  equ     1239
   458                           	global	_BRG2
   459  04CA                     _BRG2  equ     1226
   460                           	global	_BRG3
   461  04CB                     _BRG3  equ     1227
   462                           	global	_BRG4
   463  04CC                     _BRG4  equ     1228
   464                           	global	_BRG5
   465  04CD                     _BRG5  equ     1229
   466                           	global	_BRG6
   467  04CE                     _BRG6  equ     1230
   468                           	global	_BRG7
   469  04CF                     _BRG7  equ     1231
   470                           	global	_BRG8
   471  04D0                     _BRG8  equ     1232
   472                           	global	_BRG9
   473  04D1                     _BRG9  equ     1233
   474                           	global	_BRGH
   475  04C2                     _BRGH  equ     1218
   476                           	global	_C1IE
   477  046D                     _C1IE  equ     1133
   478                           	global	_C2IE
   479  046E                     _C2IE  equ     1134
   480                           	global	_CCP1IE
   481  0462                     _CCP1IE  equ     1122
   482                           	global	_CCP2IE
   483  0468                     _CCP2IE  equ     1128
   484                           	global	_CKE
   485  04A6                     _CKE  equ     1190
   486                           	global	_CSRC
   487  04C7                     _CSRC  equ     1223
   488                           	global	_DA
   489  04A5                     _DA  equ     1189
   490                           	global	_ECCPAS0
   491  04E4                     _ECCPAS0  equ     1252
   492                           	global	_ECCPAS1
   493  04E5                     _ECCPAS1  equ     1253
   494                           	global	_ECCPAS2
   495  04E6                     _ECCPAS2  equ     1254
   496                           	global	_ECCPASE
   497  04E7                     _ECCPASE  equ     1255
   498                           	global	_EEIE
   499  046C                     _EEIE  equ     1132
   500                           	global	_GCEN
   501  048F                     _GCEN  equ     1167
   502                           	global	_HTS
   503  047A                     _HTS  equ     1146
   504                           	global	_INTEDG
   505  040E                     _INTEDG  equ     1038
   506                           	global	_IOCB0
   507  04B0                     _IOCB0  equ     1200
   508                           	global	_IOCB1
   509  04B1                     _IOCB1  equ     1201
   510                           	global	_IOCB2
   511  04B2                     _IOCB2  equ     1202
   512                           	global	_IOCB3
   513  04B3                     _IOCB3  equ     1203
   514                           	global	_IOCB4
   515  04B4                     _IOCB4  equ     1204
   516                           	global	_IOCB5
   517  04B5                     _IOCB5  equ     1205
   518                           	global	_IOCB6
   519  04B6                     _IOCB6  equ     1206
   520                           	global	_IOCB7
   521  04B7                     _IOCB7  equ     1207
   522                           	global	_IRCF0
   523  047C                     _IRCF0  equ     1148
   524                           	global	_IRCF1
   525  047D                     _IRCF1  equ     1149
   526                           	global	_IRCF2
   527  047E                     _IRCF2  equ     1150
   528                           	global	_LTS
   529  0479                     _LTS  equ     1145
   530                           	global	_OSFIE
   531  046F                     _OSFIE  equ     1135
   532                           	global	_OSTS
   533  047B                     _OSTS  equ     1147
   534                           	global	_PDC0
   535  04D8                     _PDC0  equ     1240
   536                           	global	_PDC1
   537  04D9                     _PDC1  equ     1241
   538                           	global	_PDC2
   539  04DA                     _PDC2  equ     1242
   540                           	global	_PDC3
   541  04DB                     _PDC3  equ     1243
   542                           	global	_PDC4
   543  04DC                     _PDC4  equ     1244
   544                           	global	_PDC5
   545  04DD                     _PDC5  equ     1245
   546                           	global	_PDC6
   547  04DE                     _PDC6  equ     1246
   548                           	global	_PEN
   549  048A                     _PEN  equ     1162
   550                           	global	_POR
   551  0471                     _POR  equ     1137
   552                           	global	_PRSEN
   553  04DF                     _PRSEN  equ     1247
   554                           	global	_PS0
   555  0408                     _PS0  equ     1032
   556                           	global	_PS1
   557  0409                     _PS1  equ     1033
   558                           	global	_PS2
   559  040A                     _PS2  equ     1034
   560                           	global	_PSA
   561  040B                     _PSA  equ     1035
   562                           	global	_PSSAC0
   563  04E2                     _PSSAC0  equ     1250
   564                           	global	_PSSAC1
   565  04E3                     _PSSAC1  equ     1251
   566                           	global	_PSSBD0
   567  04E0                     _PSSBD0  equ     1248
   568                           	global	_PSSBD1
   569  04E1                     _PSSBD1  equ     1249
   570                           	global	_RABPU
   571  040F                     _RABPU  equ     1039
   572                           	global	_RBPU
   573  040F                     _RBPU  equ     1039
   574                           	global	_RCEN
   575  048B                     _RCEN  equ     1163
   576                           	global	_RCIE
   577  0465                     _RCIE  equ     1125
   578                           	global	_RSEN
   579  0489                     _RSEN  equ     1161
   580                           	global	_RW
   581  04A2                     _RW  equ     1186
   582                           	global	_SBOREN
   583  0474                     _SBOREN  equ     1140
   584                           	global	_SCS
   585  0478                     _SCS  equ     1144
   586                           	global	_SEN
   587  0488                     _SEN  equ     1160
   588                           	global	_SENDB
   589  04C3                     _SENDB  equ     1219
   590                           	global	_SMP
   591  04A7                     _SMP  equ     1191
   592                           	global	_SSPIE
   593  0463                     _SSPIE  equ     1123
   594                           	global	_START
   595  04A3                     _START  equ     1187
   596                           	global	_STOP
   597  04A4                     _STOP  equ     1188
   598                           	global	_STRA
   599  04E8                     _STRA  equ     1256
   600                           	global	_STRB
   601  04E9                     _STRB  equ     1257
   602                           	global	_STRC
   603  04EA                     _STRC  equ     1258
   604                           	global	_STRD
   605  04EB                     _STRD  equ     1259
   606                           	global	_STRSYNC
   607  04EC                     _STRSYNC  equ     1260
   608                           	global	_SYNC
   609  04C4                     _SYNC  equ     1220
   610                           	global	_T0CS
   611  040D                     _T0CS  equ     1037
   612                           	global	_T0SE
   613  040C                     _T0SE  equ     1036
   614                           	global	_TMR1IE
   615  0460                     _TMR1IE  equ     1120
   616                           	global	_TMR2IE
   617  0461                     _TMR2IE  equ     1121
   618                           	global	_TRISA0
   619  0428                     _TRISA0  equ     1064
   620                           	global	_TRISA1
   621  0429                     _TRISA1  equ     1065
   622                           	global	_TRISA2
   623  042A                     _TRISA2  equ     1066
   624                           	global	_TRISA3
   625  042B                     _TRISA3  equ     1067
   626                           	global	_TRISA4
   627  042C                     _TRISA4  equ     1068
   628                           	global	_TRISA5
   629  042D                     _TRISA5  equ     1069
   630                           	global	_TRISA6
   631  042E                     _TRISA6  equ     1070
   632                           	global	_TRISA7
   633  042F                     _TRISA7  equ     1071
   634                           	global	_TRISB0
   635  0430                     _TRISB0  equ     1072
   636                           	global	_TRISB1
   637  0431                     _TRISB1  equ     1073
   638                           	global	_TRISB2
   639  0432                     _TRISB2  equ     1074
   640                           	global	_TRISB3
   641  0433                     _TRISB3  equ     1075
   642                           	global	_TRISB4
   643  0434                     _TRISB4  equ     1076
   644                           	global	_TRISB5
   645  0435                     _TRISB5  equ     1077
   646                           	global	_TRISB6
   647  0436                     _TRISB6  equ     1078
   648                           	global	_TRISB7
   649  0437                     _TRISB7  equ     1079
   650                           	global	_TRISC0
   651  0438                     _TRISC0  equ     1080
   652                           	global	_TRISC1
   653  0439                     _TRISC1  equ     1081
   654                           	global	_TRISC2
   655  043A                     _TRISC2  equ     1082
   656                           	global	_TRISC3
   657  043B                     _TRISC3  equ     1083
   658                           	global	_TRISC4
   659  043C                     _TRISC4  equ     1084
   660                           	global	_TRISC5
   661  043D                     _TRISC5  equ     1085
   662                           	global	_TRISC6
   663  043E                     _TRISC6  equ     1086
   664                           	global	_TRISC7
   665  043F                     _TRISC7  equ     1087
   666                           	global	_TRISD0
   667  0440                     _TRISD0  equ     1088
   668                           	global	_TRISD1
   669  0441                     _TRISD1  equ     1089
   670                           	global	_TRISD2
   671  0442                     _TRISD2  equ     1090
   672                           	global	_TRISD3
   673  0443                     _TRISD3  equ     1091
   674                           	global	_TRISD4
   675  0444                     _TRISD4  equ     1092
   676                           	global	_TRISD5
   677  0445                     _TRISD5  equ     1093
   678                           	global	_TRISD6
   679  0446                     _TRISD6  equ     1094
   680                           	global	_TRISD7
   681  0447                     _TRISD7  equ     1095
   682                           	global	_TRISE0
   683  0448                     _TRISE0  equ     1096
   684                           	global	_TRISE1
   685  0449                     _TRISE1  equ     1097
   686                           	global	_TRISE2
   687  044A                     _TRISE2  equ     1098
   688                           	global	_TRISE3
   689  044B                     _TRISE3  equ     1099
   690                           	global	_TRMT
   691  04C1                     _TRMT  equ     1217
   692                           	global	_TUN0
   693  0480                     _TUN0  equ     1152
   694                           	global	_TUN1
   695  0481                     _TUN1  equ     1153
   696                           	global	_TUN2
   697  0482                     _TUN2  equ     1154
   698                           	global	_TUN3
   699  0483                     _TUN3  equ     1155
   700                           	global	_TUN4
   701  0484                     _TUN4  equ     1156
   702                           	global	_TX9
   703  04C6                     _TX9  equ     1222
   704                           	global	_TX9D
   705  04C0                     _TX9D  equ     1216
   706                           	global	_TXEN
   707  04C5                     _TXEN  equ     1221
   708                           	global	_TXIE
   709  0464                     _TXIE  equ     1124
   710                           	global	_UA
   711  04A1                     _UA  equ     1185
   712                           	global	_ULPWUE
   713  0475                     _ULPWUE  equ     1141
   714                           	global	_ULPWUIE
   715  046A                     _ULPWUIE  equ     1130
   716                           	global	_VCFG0
   717  04FC                     _VCFG0  equ     1276
   718                           	global	_VCFG1
   719  04FD                     _VCFG1  equ     1277
   720                           	global	_VR0
   721  04B8                     _VR0  equ     1208
   722                           	global	_VR1
   723  04B9                     _VR1  equ     1209
   724                           	global	_VR2
   725  04BA                     _VR2  equ     1210
   726                           	global	_VR3
   727  04BB                     _VR3  equ     1211
   728                           	global	_VREN
   729  04BF                     _VREN  equ     1215
   730                           	global	_VROE
   731  04BE                     _VROE  equ     1214
   732                           	global	_VRR
   733  04BD                     _VRR  equ     1213
   734                           	global	_VRSS
   735  04BC                     _VRSS  equ     1212
   736                           	global	_WPUB0
   737  04A8                     _WPUB0  equ     1192
   738                           	global	_WPUB1
   739  04A9                     _WPUB1  equ     1193
   740                           	global	_WPUB2
   741  04AA                     _WPUB2  equ     1194
   742                           	global	_WPUB3
   743  04AB                     _WPUB3  equ     1195
   744                           	global	_WPUB4
   745  04AC                     _WPUB4  equ     1196
   746                           	global	_WPUB5
   747  04AD                     _WPUB5  equ     1197
   748                           	global	_WPUB6
   749  04AE                     _WPUB6  equ     1198
   750                           	global	_WPUB7
   751  04AF                     _WPUB7  equ     1199
   752                           	global	_CM1CON0
   753  0107                     _CM1CON0  equ     263
   754                           	global	_CM2CON0
   755  0108                     _CM2CON0  equ     264
   756                           	global	_CM2CON1
   757  0109                     _CM2CON1  equ     265
   758                           	global	_EEADR
   759  010D                     _EEADR  equ     269
   760                           	global	_EEADRH
   761  010F                     _EEADRH  equ     271
   762                           	global	_EEADRL
   763  010D                     _EEADRL  equ     269
   764                           	global	_EEDAT
   765  010C                     _EEDAT  equ     268
   766                           	global	_EEDATA
   767  010C                     _EEDATA  equ     268
   768                           	global	_EEDATH
   769  010E                     _EEDATH  equ     270
   770                           	global	_WDTCON
   771  0105                     _WDTCON  equ     261
   772                           	global	_C1CH0
   773  0838                     _C1CH0  equ     2104
   774                           	global	_C1CH1
   775  0839                     _C1CH1  equ     2105
   776                           	global	_C1OE
   777  083D                     _C1OE  equ     2109
   778                           	global	_C1ON
   779  083F                     _C1ON  equ     2111
   780                           	global	_C1OUT
   781  083E                     _C1OUT  equ     2110
   782                           	global	_C1POL
   783  083C                     _C1POL  equ     2108
   784                           	global	_C1R
   785  083A                     _C1R  equ     2106
   786                           	global	_C1RSEL
   787  084D                     _C1RSEL  equ     2125
   788                           	global	_C2CH0
   789  0840                     _C2CH0  equ     2112
   790                           	global	_C2CH1
   791  0841                     _C2CH1  equ     2113
   792                           	global	_C2OE
   793  0845                     _C2OE  equ     2117
   794                           	global	_C2ON
   795  0847                     _C2ON  equ     2119
   796                           	global	_C2OUT
   797  0846                     _C2OUT  equ     2118
   798                           	global	_C2POL
   799  0844                     _C2POL  equ     2116
   800                           	global	_C2R
   801  0842                     _C2R  equ     2114
   802                           	global	_C2RSEL
   803  084C                     _C2RSEL  equ     2124
   804                           	global	_C2SYNC
   805  0848                     _C2SYNC  equ     2120
   806                           	global	_MC1OUT
   807  084F                     _MC1OUT  equ     2127
   808                           	global	_MC2OUT
   809  084E                     _MC2OUT  equ     2126
   810                           	global	_SWDTEN
   811  0828                     _SWDTEN  equ     2088
   812                           	global	_T1GSS
   813  0849                     _T1GSS  equ     2121
   814                           	global	_WDTPS0
   815  0829                     _WDTPS0  equ     2089
   816                           	global	_WDTPS1
   817  082A                     _WDTPS1  equ     2090
   818                           	global	_WDTPS2
   819  082B                     _WDTPS2  equ     2091
   820                           	global	_WDTPS3
   821  082C                     _WDTPS3  equ     2092
   822                           	global	_ANSEL
   823  0188                     _ANSEL  equ     392
   824                           	global	_ANSELH
   825  0189                     _ANSELH  equ     393
   826                           	global	_BAUDCTL
   827  0187                     _BAUDCTL  equ     391
   828                           	global	_EECON1
   829  018C                     _EECON1  equ     396
   830                           	global	_EECON2
   831  018D                     _EECON2  equ     397
   832                           	global	_SRCON
   833  0185                     _SRCON  equ     389
   834                           	global	_ABDEN
   835  0C38                     _ABDEN  equ     3128
   836                           	global	_ABDOVF
   837  0C3F                     _ABDOVF  equ     3135
   838                           	global	_ANS0
   839  0C40                     _ANS0  equ     3136
   840                           	global	_ANS1
   841  0C41                     _ANS1  equ     3137
   842                           	global	_ANS10
   843  0C4A                     _ANS10  equ     3146
   844                           	global	_ANS11
   845  0C4B                     _ANS11  equ     3147
   846                           	global	_ANS12
   847  0C4C                     _ANS12  equ     3148
   848                           	global	_ANS13
   849  0C4D                     _ANS13  equ     3149
   850                           	global	_ANS2
   851  0C42                     _ANS2  equ     3138
   852                           	global	_ANS3
   853  0C43                     _ANS3  equ     3139
   854                           	global	_ANS4
   855  0C44                     _ANS4  equ     3140
   856                           	global	_ANS5
   857  0C45                     _ANS5  equ     3141
   858                           	global	_ANS6
   859  0C46                     _ANS6  equ     3142
   860                           	global	_ANS7
   861  0C47                     _ANS7  equ     3143
   862                           	global	_ANS8
   863  0C48                     _ANS8  equ     3144
   864                           	global	_ANS9
   865  0C49                     _ANS9  equ     3145
   866                           	global	_BRG16
   867  0C3B                     _BRG16  equ     3131
   868                           	global	_C1SEN
   869  0C2D                     _C1SEN  equ     3117
   870                           	global	_C2REN
   871  0C2C                     _C2REN  equ     3116
   872                           	global	_EEPGD
   873  0C67                     _EEPGD  equ     3175
   874                           	global	_FVREN
   875  0C28                     _FVREN  equ     3112
   876                           	global	_PULSR
   877  0C2A                     _PULSR  equ     3114
   878                           	global	_PULSS
   879  0C2B                     _PULSS  equ     3115
   880                           	global	_RCIDL
   881  0C3E                     _RCIDL  equ     3134
   882                           	global	_RD
   883  0C60                     _RD  equ     3168
   884                           	global	_SCKP
   885  0C3C                     _SCKP  equ     3132
   886                           	global	_SR0
   887  0C2E                     _SR0  equ     3118
   888                           	global	_SR1
   889  0C2F                     _SR1  equ     3119
   890                           	global	_WR
   891  0C61                     _WR  equ     3169
   892                           	global	_WREN
   893  0C62                     _WREN  equ     3170
   894                           	global	_WRERR
   895  0C63                     _WRERR  equ     3171
   896                           	global	_WUE
   897  0C39                     _WUE  equ     3129
   898                           	file	"EEPROM.as"
   899                           	line	#
   900                           psect cinit,class=CODE,delta=2
   901                           global start_initialization
   902  06F3                     start_initialization:
   903                           
   904                           psect	dataBANK0,class=BANK0,space=1
   905                           global __pdataBANK0
   906  0034                     __pdataBANK0:
   907                           	file	"C:\Program Files (x86)\HI-TECH Software\PICC\9.70\sources\EEPROM.c"
   908                           	line	10
   909  0034                     main@F771:
   910  0034                            ds      10
   911                           
   912                           global btemp
   913                           psect inittext,class=CODE,delta=2
   914                           global init_fetch,btemp
   915                           ;	Called with low address in FSR and high address in W
   916  06E2                     init_fetch:
   917  06E2  087E               	movf btemp,w
   918  06E3  008A               	movwf pclath
   919  06E4  087F               	movf btemp+1,w
   920  06E5  0082               	movwf pc
   921                           global init_ram
   922                           ;Called with:
   923                           ;	high address of idata address in btemp 
   924                           ;	low address of idata address in btemp+1 
   925                           ;	low address of data in FSR
   926                           ;	high address + 1 of data in btemp-1
   927  06E6                     init_ram:
   928  06E6  26E2  120A  118A   	fcall init_fetch
   929  06E9  0080               	movwf indf,f
   930  06EA  0A84               	incf fsr,f
   931  06EB  0804               	movf fsr,w
   932  06EC  067D               	xorwf btemp-1,w
   933  06ED  1903               	btfsc status,2
   934  06EE  3400               	retlw 0
   935  06EF  0AFF               	incf btemp+1,f
   936  06F0  1903               	btfsc status,2
   937  06F1  0AFE               	incf btemp,f
   938  06F2  2EE6               	goto init_ram
   939                           ; Initialize objects allocated to BANK0
   940                           psect cinit,class=CODE,delta=2
   941                           global init_ram, __pidataBANK0
   942  06F3  1383               	bcf	status, 7	;select IRP bank0
   943  06F4  303E               	movlw low(__pdataBANK0+10)
   944  06F5  00FD               	movwf btemp-1,f
   945  06F6  3006               	movlw high(__pidataBANK0)
   946  06F7  00FE               	movwf btemp,f
   947  06F8  30D8               	movlw low(__pidataBANK0)
   948  06F9  00FF               	movwf btemp+1,f
   949  06FA  3034               	movlw low(__pdataBANK0)
   950  06FB  0084               	movwf fsr,f
   951  06FC  120A  118A  26E6   	fcall init_ram
              120A  118A         
   952                           psect cinit,class=CODE,delta=2
   953                           global end_of_initialization
   954                           
   955                           ;End of C runtime variable initationation code
   956                           
   957  0701                     end_of_initialization:
   958  0701  0183               clrf status
   959  0702  120A  118A  2F54   ljmp _main	;jump to C main() function
   960                           psect	cstackCOMMON,class=COMMON,space=1
   961                           global __pcstackCOMMON
   962  0070                     __pcstackCOMMON:
   963                           	global	??_eeprom_write
   964  0070                     ??_eeprom_write: ;@ 0x0
   965                           	global	??__delay
   966  0070                     ??__delay: ;@ 0x0
   967                           	global	??_eeprom_read
   968  0070                     ??_eeprom_read: ;@ 0x0
   969  0070                     	ds	1
   970                           	global	eeprom_write@addr
   971  0071                     eeprom_write@addr:	; 1 bytes @ 0x1
   972  0071                     	ds	1
   973                           	global	?_eeprom_write
   974  0072                     ?_eeprom_write: ;@ 0x2
   975                           	global	eeprom_write@value
   976  0072                     eeprom_write@value:	; 1 bytes @ 0x2
   977  0072                     	ds	1
   978                           	global	??_main
   979  0073                     ??_main: ;@ 0x3
   980                           	global	?_eeprom_read
   981  0073                     ?_eeprom_read: ;@ 0x3
   982  0073                     	ds	4
   983                           	global	?_main
   984  0077                     ?_main: ;@ 0x7
   985                           psect	cstackBANK0,class=BANK0,space=1
   986                           global __pcstackBANK0
   987  0020                     __pcstackBANK0:
   988                           	global	?__delay
   989  0020                     ?__delay: ;@ 0x0
   990                           	global	eeprom_read@addr
   991  0020                     eeprom_read@addr:	; 1 bytes @ 0x0
   992                           	global	__delay$0
   993  0020                     __delay$0:	; 4 bytes @ 0x0
   994  0020                     	ds	4
   995                           	global	main@number
   996  0024                     main@number:	; 10 bytes @ 0x4
   997  0024                     	ds	10
   998                           	global	main@j
   999  002E                     main@j:	; 2 bytes @ 0xE
  1000  002E                     	ds	2
  1001                           	global	main@value
  1002  0030                     main@value:	; 2 bytes @ 0x10
  1003  0030                     	ds	2
  1004                           	global	main@i
  1005  0032                     main@i:	; 2 bytes @ 0x12
  1006  0032                     	ds	2
  1007                           ;Data sizes: Strings 0, constant 0, data 10, bss 0, persistent 0 stack 0
  1008                           ;Auto spaces:   Size  Autos    Used
  1009                           ; COMMON          14      7       7
  1010                           ; BANK0           80     20      30
  1011                           ; BANK1           80      0       0
  1012                           ; BANK3           96      0       0
  1013                           ; BANK2           96      0       0
  1014                           
  1015                           
  1016                           ;Pointer list with targets:
  1017                           
  1018                           
  1019                           
  1020                           ;Main: autosize = 0, tempsize = 4, incstack = 0, save=0
  1021                           
  1022                           
  1023                           ;Call graph:                      Base Space Used Autos Args Refs Density
  1024                           ;_main                                               20    0  216   0.00
  1025                           ;                                    3 COMMO    4
  1026                           ;                                    4 BANK0   16
  1027                           ;        _eeprom_read
  1028                           ;       _eeprom_write
  1029                           ;             __delay
  1030                           ;  __delay                                            0    4    0   0.00
  1031                           ;                                    0 BANK0    4
  1032                           ;  _eeprom_write                                      2    1   32   0.00
  1033                           ;                                    0 COMMO    3
  1034                           ;  _eeprom_read                                       4    0   16   0.00
  1035                           ;                                    0 COMMO    3
  1036                           ;                                    0 BANK0    1
  1037                           ; Estimated maximum call depth 1
  1038                           ; Address spaces:
  1039                           
  1040                           ;Name               Size   Autos  Total    Cost      Usage
  1041                           ;BITCOMMON            E      0       0       0        0.0%
  1042                           ;CODE                 0      0       0       0        0.0%
  1043                           ;NULL                 0      0       0       0        0.0%
  1044                           ;COMMON               E      7       7       1       50.0%
  1045                           ;SFR0                 0      0       0       1        0.0%
  1046                           ;BITSFR0              0      0       0       1        0.0%
  1047                           ;BITSFR1              0      0       0       2        0.0%
  1048                           ;SFR1                 0      0       0       2        0.0%
  1049                           ;ABS                  0      0      25       2        0.0%
  1050                           ;STACK                0      0       0       3        0.0%
  1051                           ;BITBANK0            50      0       0       4        0.0%
  1052                           ;SFR3                 0      0       0       4        0.0%
  1053                           ;BITSFR3              0      0       0       4        0.0%
  1054                           ;BANK0               50     14      1E       5       37.5%
  1055                           ;BITSFR2              0      0       0       5        0.0%
  1056                           ;SFR2                 0      0       0       5        0.0%
  1057                           ;BITBANK1            50      0       0       6        0.0%
  1058                           ;BANK1               50      0       0       7        0.0%
  1059                           ;BITBANK3            60      0       0       8        0.0%
  1060                           ;BANK3               60      0       0       9        0.0%
  1061                           ;BITBANK2            60      0       0      10        0.0%
  1062                           ;BANK2               60      0       0      11        0.0%
  1063                           ;DATA                 0      0      25      12        0.0%
  1064                           ;EEDATA             100      0       0    1000        0.0%
  1065                           
  1066                           	global	_main
  1067                           psect	maintext,local,class=CODE,delta=2
  1068                           global __pmaintext
  1069  0754                     __pmaintext:
  1070                           
  1071                           ; *************** function _main *****************
  1072                           ; Defined at:
  1073                           ;		line 5 in file "C:\Users\gowth\Documents\PIC Programs\EEPROM\EEPROM.c"
  1074                           ; Parameters:    Size  Location     Type
  1075                           ;		None
  1076                           ; Auto vars:     Size  Location     Type
  1077                           ;  number         10    4[BANK0 ] unsigned char [10]
  1078                           ;  i               2   18[BANK0 ] int 
  1079                           ;  value           2   16[BANK0 ] int 
  1080                           ;  j               2   14[BANK0 ] int 
  1081                           ; Return value:  Size  Location     Type
  1082                           ;		None               void
  1083                           ; Registers used:
  1084                           ;		wreg, fsr0l, fsr0h, status,2, status,0, pclath, cstack
  1085                           ; Tracked objects:
  1086                           ;		On entry : 17F/0
  1087                           ;		On exit  : 0/0
  1088                           ;		Unchanged: 0/0
  1089                           ; Data sizes:     COMMON   BANK0   BANK1   BANK3   BANK2
  1090                           ;      Locals:         4      16       0       0       0
  1091                           ;      Temp:     4
  1092                           ;      Total:   20
  1093                           ; This function calls:
  1094                           ;		_eeprom_read
  1095                           ;		_eeprom_write
  1096                           ;		__delay
  1097                           ; This function is called by:
  1098                           ;		Startup code after reset
  1099                           ; This function uses a non-reentrant model
  1100                           ; 
  1101                           psect	maintext
  1102                           	file	"C:\Users\gowth\Documents\PIC Programs\EEPROM\EEPROM.c"
  1103                           	line	5
  1104                           	global	__size_of_main
  1105  00AC                     	__size_of_main	equ	__end_of_main-_main
  1106                           ;EEPROM.c: 4: void main()
  1107                           ;EEPROM.c: 5: {
  1108                           	
  1109  0754                     _main:	
  1110                           	opt stack 8
  1111                           ; Regs used in _main: [wreg-fsr0h+status,2+status,0+pclath+cstack]
  1112                           	line	6
  1113                           	
  1114  0754                     l30000553:	
  1115                           ;EEPROM.c: 6: TRISA=0X00; PORTA=0X00;
  1116  0754  1003               	clrc
  1117  0755  3000               	movlw	0
  1118  0756  1803               	btfsc	status,0
  1119  0757  3001               	movlw	1
  1120  0758  1683               	bsf	status, 5	;RP0=1, select bank1
  1121  0759  1303               	bcf	status, 6	;RP1=0, select bank1
  1122  075A  0085               	movwf	(133)^080h	;volatile
  1123  075B  1003               	clrc
  1124  075C  3000               	movlw	0
  1125  075D  1803               	btfsc	status,0
  1126  075E  3001               	movlw	1
  1127  075F  1283               	bcf	status, 5	;RP0=0, select bank0
  1128  0760  1303               	bcf	status, 6	;RP1=0, select bank0
  1129  0761  0085               	movwf	(5)	;volatile
  1130                           	
  1131  0762                     l30000554:	
  1132                           	line	10
  1133                           ;EEPROM.c: 9: int i,j;
  1134                           ;EEPROM.c: 10: char number[]={0X3F,0X06,0X5B,0X4F,0X66,0X6D,0X7D,0X07,0X7F,0X67};
  1135  0762  3024               	movlw	(main@number)&0ffh
  1136  0763  0084               	movwf	fsr0
  1137  0764  3034               	movlw	main@F771&0ffh
  1138  0765  00F3               	movwf	(??_main+0+0)
  1139  0766  0804               	movf	fsr0,w
  1140  0767  00F4               	movwf	(??_main+0+0+1)
  1141+ 0768  300A               	movlw	10
  1142+ 0769  00F5               	movwf	(??_main+0+0+2)
  1143  076A                     u100:
  1144  076A  0873               	movf	(??_main+0+0),w
  1145  076B  0084               	movwf	fsr0
  1146  076C  1383               	bcf	status, 7	;select IRP bank0
  1147                           	
  1148  076D  0800               	movf	indf,w
  1149  076E  00F6               	movwf	(??_main+0+0+3)
  1150  076F  0AF3               	incf	(??_main+0+0),f
  1151  0770  0874               	movf	(??_main+0+0+1),w
  1152  0771  0084               	movwf	fsr0
  1153  0772  0876               	movf	(??_main+0+0+3),w
  1154  0773  0080               	movwf	indf
  1155  0774  0AF4               	incf	(??_main+0+0+1),f
  1156  0775  0BF5               	decfsz	(??_main+0+0+2),f
  1157  0776  2F6A               	goto	u100
  1158                           	
  1159  0777                     l30000555:	
  1160                           	
  1161  0777                     l30000556:	
  1162                           	line	12
  1163                           ;EEPROM.c: 12: value = eeprom_read(11);
  1164  0777  300B               	movlw	(0Bh)
  1165  0778  120A  118A  2705   	fcall	_eeprom_read
              120A  118A         
  1166  077D  00F3               	movwf	(??_main+0+0)
  1167  077E  01F4               	clrf	(??_main+0+0+1)
  1168  077F  0873               	movf	0+(??_main+0+0),w
  1169  0780  1283               	bcf	status, 5	;RP0=0, select bank0
  1170  0781  1303               	bcf	status, 6	;RP1=0, select bank0
  1171  0782  00B0               	movwf	(main@value)
  1172  0783  0874               	movf	1+(??_main+0+0),w
  1173  0784  00B1               	movwf	(main@value+1)
  1174                           	
  1175  0785                     l30000557:	
  1176                           	line	16
  1177                           ;EEPROM.c: 15: {
  1178                           ;EEPROM.c: 16: for(i=value;i<10;i++)
  1179  0785  1283               	bcf	status, 5	;RP0=0, select bank0
  1180  0786  1303               	bcf	status, 6	;RP1=0, select bank0
  1181  0787  0831               	movf	(main@value+1),w
  1182  0788  01B3               	clrf	(main@i+1)
  1183  0789  07B3               	addwf	(main@i+1)
  1184  078A  0830               	movf	(main@value),w
  1185  078B  01B2               	clrf	(main@i)
  1186  078C  07B2               	addwf	(main@i)
  1187                           
  1188                           	
  1189  078D                     l30000558:	
  1190  078D  0833               	movf	(main@i+1),w
  1191  078E  3A80               	xorlw	80h
  1192  078F  00F3               	movwf	(??_main+0+0)
  1193  0790  3080               	movlw	(high(0Ah))^80h
  1194  0791  0273               	subwf	(??_main+0+0),w
  1195  0792  1D03               	skipz
  1196  0793  2F96               	goto	u115
  1197  0794  300A               	movlw	low(0Ah)
  1198  0795  0232               	subwf	(main@i),w
  1199  0796                     u115:
  1200                           
  1201  0796  1C03               	skipc
  1202  0797  2F99               	goto	u111
  1203  0798  2F9A               	goto	u110
  1204  0799                     u111:
  1205  0799  2F9B               	goto	l30000560
  1206  079A                     u110:
  1207  079A  2F85               	goto	l30000557
  1208                           	
  1209  079B                     l30000560:	
  1210                           	line	18
  1211                           ;EEPROM.c: 17: {
  1212                           ;EEPROM.c: 18: PORTA=number[i];
  1213  079B  1283               	bcf	status, 5	;RP0=0, select bank0
  1214  079C  1303               	bcf	status, 6	;RP1=0, select bank0
  1215  079D  0832               	movf	(main@i),w
  1216  079E  3E24               	addlw	(main@number)&0ffh
  1217  079F  0084               	movwf	fsr0
  1218  07A0  1383               	bcf	status, 7	;select IRP bank0
  1219  07A1  0800               	movf	indf,w
  1220  07A2  0085               	movwf	(5)	;volatile
  1221                           	
  1222  07A3                     l30000561:	
  1223                           	line	19
  1224                           ;EEPROM.c: 19: eeprom_write(11,i);
  1225  07A3  0832               	movf	(main@i),w
  1226  07A4  00F2               	movwf	(?_eeprom_write)
  1227  07A5  300B               	movlw	(0Bh)
  1228  07A6  120A  118A  2727   	fcall	_eeprom_write
              120A  118A         
  1229                           	
  1230  07AB                     l30000562:	
  1231                           	line	21
  1232                           ;EEPROM.c: 21: if(i==9)
  1233  07AB  3009               	movlw	09h
  1234  07AC  1283               	bcf	status, 5	;RP0=0, select bank0
  1235  07AD  1303               	bcf	status, 6	;RP1=0, select bank0
  1236  07AE  0632               	xorwf	(main@i),w
  1237  07AF  0433               	iorwf	(main@i+1),w
  1238  07B0  1D03               	skipz
  1239  07B1  2FB3               	goto	u121
  1240  07B2  2FB4               	goto	u120
  1241  07B3                     u121:
  1242  07B3  2FC3               	goto	l30000565
  1243  07B4                     u120:
  1244                           	
  1245  07B4                     l30000563:	
  1246                           	line	23
  1247                           ;EEPROM.c: 22: {
  1248                           ;EEPROM.c: 23: value=0;
  1249  07B4  3000               	movlw	low(0)
  1250  07B5  00B0               	movwf	(main@value)
  1251  07B6  3000               	movlw	high(0)
  1252  07B7  00B1               	movwf	((main@value))+1
  1253                           	
  1254  07B8                     l30000564:	
  1255                           	line	24
  1256                           ;EEPROM.c: 24: eeprom_write(11,value);
  1257  07B8  1003               	clrc
  1258  07B9  3000               	movlw	0
  1259  07BA  1803               	btfsc	status,0
  1260  07BB  3001               	movlw	1
  1261  07BC  00F2               	movwf	(?_eeprom_write)
  1262  07BD  300B               	movlw	(0Bh)
  1263  07BE  120A  118A  2727   	fcall	_eeprom_write
              120A  118A         
  1264                           	
  1265  07C3                     l30000565:	
  1266                           	line	27
  1267                           ;EEPROM.c: 25: }
  1268                           ;EEPROM.c: 27: for(j=0;j<4;j++)
  1269  07C3  3000               	movlw	low(0)
  1270  07C4  1283               	bcf	status, 5	;RP0=0, select bank0
  1271  07C5  1303               	bcf	status, 6	;RP1=0, select bank0
  1272  07C6  00AE               	movwf	(main@j)
  1273  07C7  3000               	movlw	high(0)
  1274  07C8  00AF               	movwf	((main@j))+1
  1275                           	
  1276  07C9                     l30000568:	
  1277                           	line	29
  1278                           ;EEPROM.c: 28: {
  1279                           ;EEPROM.c: 29: _delay((unsigned long)((100)*(4000000/4000.0)));
  1280  07C9  3082               	movlw	130
  1281  07CA  00F4               movwf	(??_main+0+0+1),f
  1282  07CB  30DD               	movlw	221
  1283  07CC  00F3               movwf	(??_main+0+0),f
  1284  07CD                     u197:
  1285  07CD  0BF3               	decfsz	(??_main+0+0),f
  1286  07CE  2FCD               	goto	u197
  1287  07CF  0BF4               	decfsz	(??_main+0+0+1),f
  1288  07D0  2FCD               	goto	u197
  1289  07D1  2FD2               	nop2
  1290                           
  1291                           	line	27
  1292  07D2  3001               	movlw	low(01h)
  1293  07D3  1283               	bcf	status, 5	;RP0=0, select bank0
  1294  07D4  1303               	bcf	status, 6	;RP1=0, select bank0
  1295  07D5  07AE               	addwf	(main@j),f
  1296+ 07D6  1803               	skipnc
  1297  07D7  0AAF               	incf	(main@j+1),f
  1298  07D8  3000               	movlw	high(01h)
  1299  07D9  07AF               	addwf	(main@j+1),f
  1300  07DA  082F               	movf	(main@j+1),w
  1301  07DB  3A80               	xorlw	80h
  1302  07DC  00F3               	movwf	(??_main+0+0)
  1303  07DD  3080               	movlw	(high(04h))^80h
  1304  07DE  0273               	subwf	(??_main+0+0),w
  1305  07DF  1D03               	skipz
  1306  07E0  2FE3               	goto	u135
  1307  07E1  3004               	movlw	low(04h)
  1308  07E2  022E               	subwf	(main@j),w
  1309  07E3                     u135:
  1310                           
  1311  07E3  1C03               	skipc
  1312  07E4  2FE6               	goto	u131
  1313  07E5  2FE7               	goto	u130
  1314  07E6                     u131:
  1315  07E6  2FC9               	goto	l30000568
  1316  07E7                     u130:
  1317                           	
  1318  07E7                     l30000569:	
  1319                           	line	16
  1320  07E7  3001               	movlw	low(01h)
  1321  07E8  1283               	bcf	status, 5	;RP0=0, select bank0
  1322  07E9  1303               	bcf	status, 6	;RP1=0, select bank0
  1323  07EA  07B2               	addwf	(main@i),f
  1324  07EB  1803               	skipnc
  1325  07EC  0AB3               	incf	(main@i+1),f
  1326  07ED  3000               	movlw	high(01h)
  1327  07EE  07B3               	addwf	(main@i+1),f
  1328  07EF  0833               	movf	(main@i+1),w
  1329  07F0  3A80               	xorlw	80h
  1330  07F1  00F3               	movwf	(??_main+0+0)
  1331  07F2  3080               	movlw	(high(0Ah))^80h
  1332  07F3  0273               	subwf	(??_main+0+0),w
  1333  07F4  1D03               	skipz
  1334  07F5  2FF8               	goto	u145
  1335  07F6  300A               	movlw	low(0Ah)
  1336  07F7  0232               	subwf	(main@i),w
  1337  07F8                     u145:
  1338                           
  1339  07F8  1C03               	skipc
  1340  07F9  2FFB               	goto	u141
  1341  07FA  2FFC               	goto	u140
  1342  07FB                     u141:
  1343  07FB  2F9B               	goto	l30000560
  1344  07FC                     u140:
  1345  07FC  2F85               	goto	l30000557
  1346                           	global	start
  1347  07FD  120A  118A  2800   	ljmp	start
  1348                           	opt stack 0
  1349                           GLOBAL	__end_of_main
  1350  0800                     	__end_of_main:
  1351                           ; =============== function _main ends ============
  1352                           
  1353                           psect	maintext
  1354                           	line	35
  1355                           	signat	_main,88
  1356                           	global	_eeprom_write
  1357                           psect	text20,local,class=CODE,delta=2
  1358                           global __ptext20
  1359  0727                     __ptext20:
  1360                           
  1361                           ; *************** function _eeprom_write *****************
  1362                           ; Defined at:
  1363                           ;		line 8 in file "C:\Program Files (x86)\HI-TECH Software\PICC\9.70\sources\eewrite.c"
  1364                           ; Parameters:    Size  Location     Type
  1365                           ;  addr            1    wreg     unsigned char 
  1366                           ;  value           1    2[COMMON] unsigned char 
  1367                           ; Auto vars:     Size  Location     Type
  1368                           ;  addr            1    1[COMMON] unsigned char 
  1369                           ; Return value:  Size  Location     Type
  1370                           ;		None               void
  1371                           ; Registers used:
  1372                           ;		wreg, status,2, status,0
  1373                           ; Tracked objects:
  1374                           ;		On entry : 0/0
  1375                           ;		On exit  : 0/0
  1376                           ;		Unchanged: 0/0
  1377                           ; Data sizes:     COMMON   BANK0   BANK1   BANK3   BANK2
  1378                           ;      Locals:         3       0       0       0       0
  1379                           ;      Temp:     1
  1380                           ;      Total:    3
  1381                           ; This function calls:
  1382                           ;		Nothing
  1383                           ; This function is called by:
  1384                           ;		_main
  1385                           ; This function uses a non-reentrant model
  1386                           ; 
  1387                           psect	text20
  1388                           	file	"C:\Program Files (x86)\HI-TECH Software\PICC\9.70\sources\eewrite.c"
  1389                           	line	8
  1390                           	global	__size_of_eeprom_write
  1391  002D                     	__size_of_eeprom_write	equ	__end_of_eeprom_write-_eeprom_write
  1392                           	
  1393  0727                     _eeprom_write:	
  1394                           	opt stack 7
  1395                           ; Regs used in _eeprom_write: [wreg+status,2+status,0]
  1396                           ;eeprom_write@addr stored from wreg
  1397  0727  00F1               	movwf	(eeprom_write@addr)
  1398                           	
  1399  0728                     l18:	
  1400                           	
  1401  0728                     l19:	
  1402                           	line	9
  1403  0728  1683               	bsf	status, 5	;RP0=1, select bank3
  1404  0729  1703               	bsf	status, 6	;RP1=1, select bank3
  1405  072A  188C               	btfsc	(3169/8)^0180h,(3169)&7
  1406  072B  2F2D               	goto	u161
  1407  072C  2F2E               	goto	u160
  1408  072D                     u161:
  1409  072D  2F28               	goto	l19
  1410  072E                     u160:
  1411                           	
  1412  072E                     l30000573:	
  1413  072E  0871               	movf	(eeprom_write@addr),w
  1414  072F  1283               	bcf	status, 5	;RP0=0, select bank2
  1415  0730  1703               	bsf	status, 6	;RP1=1, select bank2
  1416  0731  008D               	movwf	(269)^0100h	;volatile
  1417  0732  0872               	movf	(eeprom_write@value),w
  1418  0733  008C               	movwf	(268)^0100h	;volatile
  1419                           	
  1420  0734                     l30000574:	
  1421  0734  303F               	movlw	(03Fh)
  1422  0735  00F0               	movwf	(??_eeprom_write+0+0)
  1423  0736  0870               	movf	(??_eeprom_write+0+0),w
  1424  0737  1683               	bsf	status, 5	;RP0=1, select bank3
  1425  0738  1703               	bsf	status, 6	;RP1=1, select bank3
  1426  0739  058C               	andwf	(396)^0180h,f	;volatile
  1427                           	
  1428  073A                     l30000575:	
  1429  073A  1283               	bcf	status, 5	;RP0=0, select bank0
  1430  073B  1303               	bcf	status, 6	;RP1=0, select bank0
  1431  073C  1003               	bcf	(24/8),(24)&7
  1432                           	
  1433  073D                     l30000576:	
  1434  073D  1F8B               	btfss	(95/8),(95)&7
  1435  073E  2F40               	goto	u171
  1436  073F  2F41               	goto	u170
  1437  0740                     u171:
  1438  0740  2F42               	goto	l22
  1439  0741                     u170:
  1440                           	
  1441  0741                     l30000577:	
  1442  0741  1403               	bsf	(24/8),(24)&7
  1443                           	
  1444  0742                     l22:	
  1445  0742  138B               	bcf	(95/8),(95)&7
  1446  0743  1683               	bsf	status, 5	;RP0=1, select bank3
  1447  0744  1703               	bsf	status, 6	;RP1=1, select bank3
  1448  0745  150C               	bsf	(3170/8)^0180h,(3170)&7
  1449                           	
  1450  0746                     l30000578:	
  1451  0746  3055               	movlw	(055h)
  1452  0747  008D               	movwf	(397)^0180h	;volatile
  1453  0748  30AA               	movlw	(0AAh)
  1454  0749  008D               	movwf	(397)^0180h	;volatile
  1455                           	
  1456  074A                     l30000579:	
  1457  074A  148C               	bsf	(3169/8)^0180h,(3169)&7
  1458                           	
  1459  074B                     l30000580:	
  1460  074B  110C               	bcf	(3170/8)^0180h,(3170)&7
  1461                           	
  1462  074C                     l30000581:	
  1463  074C  1283               	bcf	status, 5	;RP0=0, select bank0
  1464  074D  1303               	bcf	status, 6	;RP1=0, select bank0
  1465  074E  1C03               	btfss	(24/8),(24)&7
  1466  074F  2F51               	goto	u181
  1467  0750  2F52               	goto	u180
  1468  0751                     u181:
  1469  0751  2F53               	goto	l15
  1470  0752                     u180:
  1471                           	
  1472  0752                     l30000582:	
  1473  0752  178B               	bsf	(95/8),(95)&7
  1474                           	
  1475  0753                     l15:	
  1476  0753  0008               	return
  1477                           	opt stack 0
  1478                           GLOBAL	__end_of_eeprom_write
  1479  0754                     	__end_of_eeprom_write:
  1480                           ; =============== function _eeprom_write ends ============
  1481                           
  1482                           psect	text21,local,class=CODE,delta=2
  1483                           global __ptext21
  1484  0705                     __ptext21:
  1485                           	line	10
  1486                           	signat	_eeprom_write,8312
  1487                           	global	_eeprom_read
  1488                           
  1489                           ; *************** function _eeprom_read *****************
  1490                           ; Defined at:
  1491                           ;		line 8 in file "eeread.c"
  1492                           ; Parameters:    Size  Location     Type
  1493                           ;  addr            1    wreg     unsigned char 
  1494                           ; Auto vars:     Size  Location     Type
  1495                           ;  addr            1    0[BANK0 ] unsigned char 
  1496                           ; Return value:  Size  Location     Type
  1497                           ;                  1    wreg      unsigned char 
  1498                           ; Registers used:
  1499                           ;		wreg, status,2, status,0
  1500                           ; Tracked objects:
  1501                           ;		On entry : 0/0
  1502                           ;		On exit  : 0/0
  1503                           ;		Unchanged: 0/0
  1504                           ; Data sizes:     COMMON   BANK0   BANK1   BANK3   BANK2
  1505                           ;      Locals:         3       1       0       0       0
  1506                           ;      Temp:     3
  1507                           ;      Total:    4
  1508                           ; This function calls:
  1509                           ;		Nothing
  1510                           ; This function is called by:
  1511                           ;		_main
  1512                           ; This function uses a non-reentrant model
  1513                           ; 
  1514                           psect	text21
  1515                           	file	"C:\Program Files (x86)\HI-TECH Software\PICC\9.70\sources\eeread.c"
  1516                           	line	8
  1517                           	global	__size_of_eeprom_read
  1518  0022                     	__size_of_eeprom_read	equ	__end_of_eeprom_read-_eeprom_read
  1519                           	
  1520  0705                     _eeprom_read:	
  1521                           	opt stack 7
  1522                           ; Regs used in _eeprom_read: [wreg+status,2+status,0]
  1523                           ;eeprom_read@addr stored from wreg
  1524  0705  1283               	bcf	status, 5	;RP0=0, select bank0
  1525  0706  1303               	bcf	status, 6	;RP1=0, select bank0
  1526  0707  00A0               	movwf	(eeprom_read@addr)
  1527                           	
  1528  0708                     l30000570:	
  1529                           	
  1530  0708                     l12:	
  1531                           	line	9
  1532  0708  1683               	bsf	status, 5	;RP0=1, select bank3
  1533  0709  1703               	bsf	status, 6	;RP1=1, select bank3
  1534  070A  188C               	btfsc	(3169/8)^0180h,(3169)&7
  1535  070B  2F0D               	goto	u151
  1536  070C  2F0E               	goto	u150
  1537  070D                     u151:
  1538  070D  2F08               	goto	l12
  1539  070E                     u150:
  1540                           	
  1541  070E                     l30000571:	
  1542                           	line	10
  1543  070E  1283               	bcf	status, 5	;RP0=0, select bank0
  1544  070F  1303               	bcf	status, 6	;RP1=0, select bank0
  1545  0710  0820               	movf	(eeprom_read@addr),w
  1546  0711  1283               	bcf	status, 5	;RP0=0, select bank2
  1547  0712  1703               	bsf	status, 6	;RP1=1, select bank2
  1548  0713  008D               	movwf	(269)^0100h	;volatile
  1549  0714  303F               	movlw	(03Fh)
  1550  0715  00F0               	movwf	(??_eeprom_read+0+0)
  1551  0716  0870               	movf	(??_eeprom_read+0+0),w
  1552  0717  1683               	bsf	status, 5	;RP0=1, select bank3
  1553  0718  1703               	bsf	status, 6	;RP1=1, select bank3
  1554  0719  058C               	andwf	(396)^0180h,f	;volatile
  1555  071A  140C               	bsf	(3168/8)^0180h,(3168)&7
  1556  071B  1003               	clrc
  1557  071C  180C               	btfsc	(3168/8)^0180h,(3168)&7
  1558  071D  1403               	setc
  1559  071E  3000               	movlw	0
  1560  071F  1803               	skipnc
  1561  0720  3001               	movlw	1
  1562                           
  1563  0721  00F1               	movwf	(??_eeprom_read+1+0)
  1564  0722  01F2               	clrf	(??_eeprom_read+1+0+1)
  1565  0723  1283               	bcf	status, 5	;RP0=0, select bank2
  1566  0724  1703               	bsf	status, 6	;RP1=1, select bank2
  1567  0725  080C               	movf	(268)^0100h,w	;volatile
  1568                           	
  1569  0726                     l11:	
  1570  0726  0008               	return
  1571                           	opt stack 0
  1572                           GLOBAL	__end_of_eeprom_read
  1573  0727                     	__end_of_eeprom_read:
  1574                           ; =============== function _eeprom_read ends ============
  1575                           
  1576                           psect	text22,local,class=CODE,delta=2
  1577                           global __ptext22
  1578  0003                     __ptext22:
  1579                           	line	11
  1580                           	signat	_eeprom_read,4217
  1581                           	global	btemp
  1582  007E                     	btemp set 07Eh


HI-TECH Software PICC Macro Assembler V9.70 build 5239 
Symbol Table                                                                                   Thu Apr 13 12:34:01 2023

                    pc 0002                     l11 0726                     l12 0708                     _DA 04A5  
                   l22 0742                     _BF 04A0                     l15 0753                     _DC 0019  
                   l18 0728                     l19 0728                     _PD 001B                     _RD 0C60  
                   _UA 04A1                     _TO 001C                     _RW 04A2                     _WR 0C61  
                   fsr 0004                    _C1R 083A                    _C2R 0842               __delay$0 0020  
                  _CKE 04A6                    _CKP 00A4                    _GIE 005F                    _BOR 0470  
                  _RA0 0028                    _RA1 0029                    _RB0 0030                    _RA2 002A  
                  _RB1 0031                    _RA3 002B                    _RC0 0038                    _RB2 0032  
                  _RA4 002C                    _RC1 0039                    _RB3 0033                    _RA5 002D  
                  _RD0 0040                    _RC2 003A                    _RB4 0034                    _RA6 002E  
                  _RD1 0041                    _RC3 003B                    _RB5 0035                    _RA7 002F  
                  _RE0 0048                    _RD2 0042                    _RC4 003C                    _RB6 0036  
                  _RE1 0049                    _RD3 0043                    _RC5 003D                    _RB7 0037  
                  u100 076A                    _RE2 004A                    _RD4 0044                    _RC6 003E  
                  _RE3 004B                    _RD5 0045                    _RC7 003F                    u110 079A  
                  _RD6 0046                    u111 0799                    _RD7 0047                    u120 07B4  
                  u121 07B3                    u130 07E7                    u131 07E6                    u115 0796  
                  u140 07FC                    u141 07FB                    u150 070E                    u151 070D  
                  u135 07E3                    u160 072E                    _FSR 0004                    u161 072D  
                  u145 07F8                    u170 0741                    _PCL 0002                    u171 0740  
                  u180 0752                    u181 0751                    _PS0 0408                    _PR2 0092  
                  _PS1 0409                    _PS2 040A                    _PEN 048A                    _RP0 001D  
                  _IRP 001F                    _RP1 001E                    _HTS 047A                    u197 07CD  
                  _SR0 0C2E                    _SR1 0C2F                    _SEN 0488                    _SCS 0478  
                  _PSA 040B                    _LTS 0479                    _VR0 04B8                    _VR1 04B9  
                  _VR2 04BA                    _VR3 04BB                    _POR 0471                    _RX9 00C6  
                  _SMP 04A7                    _TX9 04C6                    _WUE 0C39                    _VRR 04BD  
                  fsr0 0004                    indf 0000          ?_eeprom_write 0072                   _C1IE 046D  
                 _C1IF 006D                   _C2IE 046E                   _C2IF 006E                   _C1OE 083D  
                 _C2OE 0845                   _C1ON 083F                   _C2ON 0847                   _ADIE 0466  
                 _ADIF 0066                   _ADFM 04FF               __ptext20 0727               __ptext21 0705  
             __ptext22 0003                   _ADON 00F8                   _P1M0 00BE                   _CHS0 00FA  
                 _P1M1 00BF                   _CHS1 00FB                   _CHS2 00FC                   _CHS3 00FD  
                 _EEIE 046C                   _EEIF 006C                   _ANS0 0C40                   _BRG0 04C8  
                 _ANS1 0C41                   _BRG1 04C9                   _ANS2 0C42                   _BRG2 04CA  
                 _ANS3 0C43                   _BRG3 04CB                   _ANS4 0C44                   _BRG4 04CC  
                 _ANS5 0C45                   _BRG5 04CD                   _ANS6 0C46                   _GCEN 048F  
                 _BRG6 04CE                   _ANS7 0C47                   _BRG7 04CF                   _ANS8 0C48  
                 _BRG8 04D0                   _ANS9 0C49                   _BRG9 04D1                   _BRGH 04C2  
                 _T0IE 005D                   _T0IF 005A                   _CREN 00C4                   _T0CS 040D  
                 _FERR 00C2                   _PDC0 04D8                   _PDC1 04D9                   _PDC2 04DA  
                 _PDC3 04DB                   _PDC4 04DC                   _T0SE 040C                   _PDC5 04DD  
                 _CSRC 04C7                   _PDC6 04DE                   _IOCB 0096                   _INDF 0000  
                 _PIE1 008C                   _PIE2 008D                   _PEIE 005E                   _INTE 005C  
                 _INTF 0059                   _RBIE 005B                   _RBIF 0058                   _RCIE 0465  
                 _RCEN 048B                   _RCIF 0065                   _PCON 008E                   _PIR1 000C  
                 _PIR2 000D                   _OERR 00C1                   _SCKP 0C3C                   _RBPU 040F  
         __pidataBANK0 06D8                   _RX9D 00C0                   _TMR0 0001                   _TMR2 0011  
                 _WCOL 00A7                   _SPEN 00C7                   _RSEN 0489                   _TX9D 04C0  
                 _SREN 00C5                   _OSTS 047B                   _TUN0 0480                   _TUN1 0481  
                 _TUN2 0482                   _TUN3 0483                   _TUN4 0484                   _STRA 04E8  
                 _STRB 04E9                   _STRC 04EA                   _VREN 04BF                   _STRD 04EB  
                 _TRMT 04C1                   _STOP 04A4                   _TXIE 0464                   _ZERO 001A  
                 _WREN 0C62                   _TXEN 04C5                   _TXIF 0064                   _VROE 04BE  
                 _SYNC 04C4                   _WPUB 0095                   _VRSS 04BC                   _main 0754  
__size_of_eeprom_write 002D                   btemp 007E                   start 0000    start_initialization 06F3  
              ?__delay 0020               ??__delay 0070               main@F771 0034       eeprom_write@addr 0071  
              _CM1CON0 0107                _CM2CON0 0108                _CCP1CON 0017                _CM2CON1 0109  
              _CCP2CON 001D                _ACKSTAT 048E                _BAUDCTL 0187                _ECCPAS0 04E4  
              _ECCPAS1 04E5                _ECCPAS2 04E6                _ECCPASE 04E7                  _C1CH0 0838  
                _C1CH1 0839                  _C2CH0 0840                  _C2CH1 0841                  _DC1B0 00BC  
                _DC1B1 00BD                  _C1SEN 0C2D                  _C2REN 0C2C                  _C1POL 083C  
                _C2POL 0844                  _C1OUT 083E                  _C2OUT 0846                  _ABDEN 0C38  
                _ADCS0 00FE                  _ADCS1 00FF                  _ADDEN 00C3                  ?_main 0077  
                _ACKEN 048C                  _ACKDT 048D                  _BCLIE 046B                  _BCLIF 006B  
                _CCP2X 00ED                  _CCP2Y 00EC                  _EEADR 010D                  _ANS10 0C4A  
                _EEDAT 010C                  _BRG10 04D2                  _ANS11 0C4B                  _BRG11 04D3  
                _ANS12 0C4C                  _BRG12 04D4                  _ANS13 0C4D                  _BRG13 04D5  
                _BRG14 04D6                  _BRG15 04D7                  _BRG16 0C3B                  _CARRY 0018  
                _EEPGD 0C67                  _ANSEL 0188                  _T1CON 0010                  _IOCB0 04B0  
                _T2CON 0012                  _IOCB1 04B1                  _IOCB2 04B2                  _IOCB3 04B3  
                _IOCB4 04B4                  _IOCB5 04B5                  _IOCB6 04B6             main@number 0024  
                _IOCB7 04B7                  _T1GSS 0849                _T1CKPS0 0084                _T1CKPS1 0085  
                _IRCF0 047C                  _IRCF1 047D                  _IRCF2 047E                _T2CKPS0 0090  
              _T2CKPS1 0091                  _RABIE 005B                  _RABIF 0058                  _RABPU 040F  
                _RCIDL 0C3E                  _FVREN 0C28                  _VCFG0 04FC                  _VCFG1 04FD  
                _RCREG 001A                  _SENDB 04C3                  _RCSTA 0018                  _OSFIE 046F  
                _OSFIF 006F                  _TMR1H 000F                  _TMR1L 000E                  _SPBRG 0099  
                _PORTA 0005                  _PORTB 0006                _T1OSCEN 0083                  _PORTC 0007  
                _PORTD 0008                  _PORTE 0009                  _PRSEN 04DF                  _SRCON 0185  
                _START 04A3                  _PULSR 0C2A                  _PULSS 0C2B                  _SSPM0 00A0  
                _SSPM1 00A1                  _SSPM2 00A2                  _SSPM3 00A3                  _TRISA 0085  
                _TRISB 0086                  _TRISC 0087                  _TRISD 0088                  _SSPIE 0463  
                _TRISE 0089                  _SSPIF 0063                  _SSPEN 00A5                  _VRCON 0097  
                _WPUB0 04A8                  _WPUB1 04A9                  _WPUB2 04AA                  _WPUB3 04AB  
                _WPUB4 04AC                  _SSPOV 00A6                  _WPUB5 04AD                  _WPUB6 04AE  
                _WPUB7 04AF                  _WRERR 0C63                  _TXREG 0019                  _TXSTA 0098  
      eeprom_read@addr 0020         __pcstackCOMMON 0070                _OSCTUNE 0090                _PWM1CON 009B  
              _PSTRCON 009D                _SSPCON2 0091                  main@i 0032                  main@j 002E  
              _ULPWUIE 046A                _ULPWUIF 006A                _SSPSTAT 0094                _TOUTPS0 0093  
              _TOUTPS1 0094                _TOUTPS2 0095                _TOUTPS3 0096            _eeprom_read 0705  
              _STRSYNC 04EC                  pclath 000A    __end_of_eeprom_read 0727                  status 0003  
        __size_of_main 00AC               l30000560 079B               l30000561 07A3               l30000553 0754  
             l30000570 0708               l30000562 07AB               l30000554 0762               l30000571 070E  
             l30000563 07B4               l30000555 0777               l30000580 074B               l30000564 07B8  
             l30000556 0777               l30000581 074C               l30000573 072E               l30000565 07C3  
             l30000557 0785               l30000582 0752               l30000574 0734               l30000558 078D  
             l30000575 073A               l30000576 073D               l30000568 07C9               l30000577 0741  
             l30000569 07E7               l30000578 0746               l30000579 074A           ?_eeprom_read 0073  
               ??_main 0073   __size_of_eeprom_read 0022             __pmaintext 0754      eeprom_write@value 0072  
       ??_eeprom_write 0070                 _C1RSEL 084D                 _C2RSEL 084C                 _C2SYNC 0848  
               _ADCON0 001F                 _ADCON1 009F                 _ABDOVF 0C3F                 _CCP1M0 00B8  
               _CCP1M1 00B9                 _CCP1M2 00BA                 _CCP1M3 00BB                 _CCP2M0 00E8  
               _CCP2M1 00E9                 _CCP2M2 00EA                 _CCP2M3 00EB                 _CCP1IE 0462  
               _CCP1IF 0062                 _CCP2IE 0468                 _CCP2IF 0068                 _ADRESH 001E  
               _EEADRH 010F                 _ADRESL 009E                 _EEADRL 010D                 _EEDATA 010C  
               _ECCPAS 009C                 _CCPR1H 0016                 _EEDATH 010E                 _CCPR2H 001C  
               _CCPR1L 0015                 _CCPR2L 001B                 _EECON1 018C                 _EECON2 018D  
               _ANSELH 0189                 _MC1OUT 084F                 _MC2OUT 084E              main@value 0030  
         __end_of_main 0800                 _T1GINV 0087                 _GODONE 00F9   end_of_initialization 0701  
               _T1SYNC 0082                 _INTEDG 040E                 _PCLATH 000A                 _INTCON 000B  
        __pcstackBANK0 0020                 _SBOREN 0474                 _OSCCON 008F                 _TMR1GE 0086  
               _TMR1IE 0460                 _TMR1IF 0060                 _TMR1CS 0081                 _TMR2IE 0461  
               _TMR2IF 0061                 _PSSAC0 04E2                 _PSSAC1 04E3                 _PSSBD0 04E0  
               _PSSBD1 04E1                 _SPBRGH 009A                 _OPTION 0081                 _TMR1ON 0080  
               _TMR2ON 0092                 _WDTCON 0105                 _WDTPS0 0829                 _WDTPS1 082A  
               _WDTPS2 082B                 _WDTPS3 082C                 _SSPADD 0093                 _TRISA0 0428  
               _TRISA1 0429                 _TRISB0 0430                 _TRISA2 042A                 _TRISB1 0431  
               _TRISA3 042B                 _TRISC0 0438                 _TRISB2 0432                 _TRISA4 042C  
               _TRISC1 0439                 _TRISB3 0433                 _TRISA5 042D                 _TRISD0 0440  
               _TRISC2 043A                 _TRISB4 0434                 _TRISA6 042E                 _TRISD1 0441  
               _TRISC3 043B                 _TRISB5 0435                 _TRISA7 042F                 _TRISE0 0448  
               _TRISD2 0442                 _TRISC4 043C                 _TRISB6 0436                 _TRISE1 0449  
               _TRISD3 0443                 _TRISC5 043D                 _TRISB7 0437                 _TRISE2 044A  
               _TRISD4 0444                 _TRISC6 043E                 _TRISE3 044B                 _TRISD5 0445  
               _TRISC7 043F                 _TRISD6 0446                 _TRISD7 0447                 _STATUS 0003  
               _SSPCON 0014                 _SSPBUF 0013                init_ram 06E6                 _SWDTEN 0828  
               _ULPWUE 0475                 _SSPMSK 0093          ??_eeprom_read 0070              init_fetch 06E2  
         _eeprom_write 0727   __end_of_eeprom_write 0754            __pdataBANK0 0034  
