

HI-TECH Software PIC LITE Macro Assembler V9.70 build 5239 
                                                                                               Wed Mar 22 15:02:21 2023

HI-TECH Software Omniscient Code Generator (Lite mode) build 5239
     1  0000                     opt subtitle "HI-TECH Software Omniscient Code Generator (Lite mode) build 5239"
     2                           
     3                           opt pagewidth 120
     4                           
     5                           	opt lm
     6                           
     7                           	processor	16F887
     8                           clrc	macro
     9                           	bcf	3,0
    10  0000                     	endm
    11                           clrz	macro
    12                           	bcf	3,2
    13  0000                     	endm
    14                           setc	macro
    15                           	bsf	3,0
    16  0000                     	endm
    17                           setz	macro
    18                           	bsf	3,2
    19  0000                     	endm
    20                           skipc	macro
    21                           	btfss	3,0
    22  0000                     	endm
    23                           skipz	macro
    24                           	btfss	3,2
    25  0000                     	endm
    26                           skipnc	macro
    27                           	btfsc	3,0
    28  0000                     	endm
    29                           skipnz	macro
    30                           	btfsc	3,2
    31  0000                     	endm
    32  0000                     indf	equ	0
    33  0000                     indf0	equ	0
    34  0002                     pc	equ	2
    35  0002                     pcl	equ	2
    36  0003                     status	equ	3
    37  0004                     fsr	equ	4
    38  0004                     fsr0	equ	4
    39  0001                     c	equ	1
    40  0000                     z	equ	0
    41  000A                     pclath	equ	10
    42                           ;COMMON:	_main->_string
    43                           ;COMMON:	_string->_data
    44                           	FNCALL	_main,_command
    45                           	FNCALL	_main,_string
    46                           	FNCALL	_string,_data
    47                           	FNCALL	_command,_pulse
    48                           	FNCALL	_data,_pulse
    49                           	FNCALL	_pulse,_delay
    50                           	FNROOT	_main
    51                           	global	_ADCON0
    52                           psect	text14,local,class=CODE,delta=2
    53                           global __ptext14
    54  073A                     __ptext14:
    55  001F                     _ADCON0  equ     31
    56                           	global	_ADRESH
    57  001E                     _ADRESH  equ     30
    58                           	global	_CCP1CON
    59  0017                     _CCP1CON  equ     23
    60                           	global	_CCP2CON
    61  001D                     _CCP2CON  equ     29
    62                           	global	_CCPR1H
    63  0016                     _CCPR1H  equ     22
    64                           	global	_CCPR1L
    65  0015                     _CCPR1L  equ     21
    66                           	global	_CCPR2H
    67  001C                     _CCPR2H  equ     28
    68                           	global	_CCPR2L
    69  001B                     _CCPR2L  equ     27
    70                           	global	_FSR
    71  0004                     _FSR  equ     4
    72                           	global	_INDF
    73  0000                     _INDF  equ     0
    74                           	global	_INTCON
    75  000B                     _INTCON  equ     11
    76                           	global	_PCL
    77  0002                     _PCL  equ     2
    78                           	global	_PCLATH
    79  000A                     _PCLATH  equ     10
    80                           	global	_PIR1
    81  000C                     _PIR1  equ     12
    82                           	global	_PIR2
    83  000D                     _PIR2  equ     13
    84                           	global	_PORTA
    85  0005                     _PORTA  equ     5
    86                           	global	_PORTB
    87  0006                     _PORTB  equ     6
    88                           	global	_PORTC
    89  0007                     _PORTC  equ     7
    90                           	global	_PORTD
    91  0008                     _PORTD  equ     8
    92                           	global	_PORTE
    93  0009                     _PORTE  equ     9
    94                           	global	_RCREG
    95  001A                     _RCREG  equ     26
    96                           	global	_RCSTA
    97  0018                     _RCSTA  equ     24
    98                           	global	_SSPBUF
    99  0013                     _SSPBUF  equ     19
   100                           	global	_SSPCON
   101  0014                     _SSPCON  equ     20
   102                           	global	_STATUS
   103  0003                     _STATUS  equ     3
   104                           	global	_T1CON
   105  0010                     _T1CON  equ     16
   106                           	global	_T2CON
   107  0012                     _T2CON  equ     18
   108                           	global	_TMR0
   109  0001                     _TMR0  equ     1
   110                           	global	_TMR1H
   111  000F                     _TMR1H  equ     15
   112                           	global	_TMR1L
   113  000E                     _TMR1L  equ     14
   114                           	global	_TMR2
   115  0011                     _TMR2  equ     17
   116                           	global	_TXREG
   117  0019                     _TXREG  equ     25
   118                           	global	_ADCS0
   119  00FE                     _ADCS0  equ     254
   120                           	global	_ADCS1
   121  00FF                     _ADCS1  equ     255
   122                           	global	_ADDEN
   123  00C3                     _ADDEN  equ     195
   124                           	global	_ADIF
   125  0066                     _ADIF  equ     102
   126                           	global	_ADON
   127  00F8                     _ADON  equ     248
   128                           	global	_BCLIF
   129  006B                     _BCLIF  equ     107
   130                           	global	_C1IF
   131  006D                     _C1IF  equ     109
   132                           	global	_C2IF
   133  006E                     _C2IF  equ     110
   134                           	global	_CARRY
   135  0018                     _CARRY  equ     24
   136                           	global	_CCP1IF
   137  0062                     _CCP1IF  equ     98
   138                           	global	_CCP1M0
   139  00B8                     _CCP1M0  equ     184
   140                           	global	_CCP1M1
   141  00B9                     _CCP1M1  equ     185
   142                           	global	_CCP1M2
   143  00BA                     _CCP1M2  equ     186
   144                           	global	_CCP1M3
   145  00BB                     _CCP1M3  equ     187
   146                           	global	_CCP2IF
   147  0068                     _CCP2IF  equ     104
   148                           	global	_CCP2M0
   149  00E8                     _CCP2M0  equ     232
   150                           	global	_CCP2M1
   151  00E9                     _CCP2M1  equ     233
   152                           	global	_CCP2M2
   153  00EA                     _CCP2M2  equ     234
   154                           	global	_CCP2M3
   155  00EB                     _CCP2M3  equ     235
   156                           	global	_CCP2X
   157  00ED                     _CCP2X  equ     237
   158                           	global	_CCP2Y
   159  00EC                     _CCP2Y  equ     236
   160                           	global	_CHS0
   161  00FA                     _CHS0  equ     250
   162                           	global	_CHS1
   163  00FB                     _CHS1  equ     251
   164                           	global	_CHS2
   165  00FC                     _CHS2  equ     252
   166                           	global	_CHS3
   167  00FD                     _CHS3  equ     253
   168                           	global	_CKP
   169  00A4                     _CKP  equ     164
   170                           	global	_CREN
   171  00C4                     _CREN  equ     196
   172                           	global	_DC
   173  0019                     _DC  equ     25
   174                           	global	_DC1B0
   175  00BC                     _DC1B0  equ     188
   176                           	global	_DC1B1
   177  00BD                     _DC1B1  equ     189
   178                           	global	_EEIF
   179  006C                     _EEIF  equ     108
   180                           	global	_FERR
   181  00C2                     _FERR  equ     194
   182                           	global	_GIE
   183  005F                     _GIE  equ     95
   184                           	global	_GODONE
   185  00F9                     _GODONE  equ     249
   186                           	global	_INTE
   187  005C                     _INTE  equ     92
   188                           	global	_INTF
   189  0059                     _INTF  equ     89
   190                           	global	_IRP
   191  001F                     _IRP  equ     31
   192                           	global	_OERR
   193  00C1                     _OERR  equ     193
   194                           	global	_OSFIF
   195  006F                     _OSFIF  equ     111
   196                           	global	_P1M0
   197  00BE                     _P1M0  equ     190
   198                           	global	_P1M1
   199  00BF                     _P1M1  equ     191
   200                           	global	_PD
   201  001B                     _PD  equ     27
   202                           	global	_PEIE
   203  005E                     _PEIE  equ     94
   204                           	global	_RA0
   205  0028                     _RA0  equ     40
   206                           	global	_RA1
   207  0029                     _RA1  equ     41
   208                           	global	_RA2
   209  002A                     _RA2  equ     42
   210                           	global	_RA3
   211  002B                     _RA3  equ     43
   212                           	global	_RA4
   213  002C                     _RA4  equ     44
   214                           	global	_RA5
   215  002D                     _RA5  equ     45
   216                           	global	_RA6
   217  002E                     _RA6  equ     46
   218                           	global	_RA7
   219  002F                     _RA7  equ     47
   220                           	global	_RABIE
   221  005B                     _RABIE  equ     91
   222                           	global	_RABIF
   223  0058                     _RABIF  equ     88
   224                           	global	_RB0
   225  0030                     _RB0  equ     48
   226                           	global	_RB1
   227  0031                     _RB1  equ     49
   228                           	global	_RB2
   229  0032                     _RB2  equ     50
   230                           	global	_RB3
   231  0033                     _RB3  equ     51
   232                           	global	_RB4
   233  0034                     _RB4  equ     52
   234                           	global	_RB5
   235  0035                     _RB5  equ     53
   236                           	global	_RB6
   237  0036                     _RB6  equ     54
   238                           	global	_RB7
   239  0037                     _RB7  equ     55
   240                           	global	_RBIE
   241  005B                     _RBIE  equ     91
   242                           	global	_RBIF
   243  0058                     _RBIF  equ     88
   244                           	global	_RC0
   245  0038                     _RC0  equ     56
   246                           	global	_RC1
   247  0039                     _RC1  equ     57
   248                           	global	_RC2
   249  003A                     _RC2  equ     58
   250                           	global	_RC3
   251  003B                     _RC3  equ     59
   252                           	global	_RC4
   253  003C                     _RC4  equ     60
   254                           	global	_RC5
   255  003D                     _RC5  equ     61
   256                           	global	_RC6
   257  003E                     _RC6  equ     62
   258                           	global	_RC7
   259  003F                     _RC7  equ     63
   260                           	global	_RCIF
   261  0065                     _RCIF  equ     101
   262                           	global	_RD0
   263  0040                     _RD0  equ     64
   264                           	global	_RD1
   265  0041                     _RD1  equ     65
   266                           	global	_RD2
   267  0042                     _RD2  equ     66
   268                           	global	_RD3
   269  0043                     _RD3  equ     67
   270                           	global	_RD4
   271  0044                     _RD4  equ     68
   272                           	global	_RD5
   273  0045                     _RD5  equ     69
   274                           	global	_RD6
   275  0046                     _RD6  equ     70
   276                           	global	_RD7
   277  0047                     _RD7  equ     71
   278                           	global	_RE0
   279  0048                     _RE0  equ     72
   280                           	global	_RE1
   281  0049                     _RE1  equ     73
   282                           	global	_RE2
   283  004A                     _RE2  equ     74
   284                           	global	_RE3
   285  004B                     _RE3  equ     75
   286                           	global	_RP0
   287  001D                     _RP0  equ     29
   288                           	global	_RP1
   289  001E                     _RP1  equ     30
   290                           	global	_RX9
   291  00C6                     _RX9  equ     198
   292                           	global	_RX9D
   293  00C0                     _RX9D  equ     192
   294                           	global	_SPEN
   295  00C7                     _SPEN  equ     199
   296                           	global	_SREN
   297  00C5                     _SREN  equ     197
   298                           	global	_SSPEN
   299  00A5                     _SSPEN  equ     165
   300                           	global	_SSPIF
   301  0063                     _SSPIF  equ     99
   302                           	global	_SSPM0
   303  00A0                     _SSPM0  equ     160
   304                           	global	_SSPM1
   305  00A1                     _SSPM1  equ     161
   306                           	global	_SSPM2
   307  00A2                     _SSPM2  equ     162
   308                           	global	_SSPM3
   309  00A3                     _SSPM3  equ     163
   310                           	global	_SSPOV
   311  00A6                     _SSPOV  equ     166
   312                           	global	_T0IE
   313  005D                     _T0IE  equ     93
   314                           	global	_T0IF
   315  005A                     _T0IF  equ     90
   316                           	global	_T1CKPS0
   317  0084                     _T1CKPS0  equ     132
   318                           	global	_T1CKPS1
   319  0085                     _T1CKPS1  equ     133
   320                           	global	_T1GINV
   321  0087                     _T1GINV  equ     135
   322                           	global	_T1OSCEN
   323  0083                     _T1OSCEN  equ     131
   324                           	global	_T1SYNC
   325  0082                     _T1SYNC  equ     130
   326                           	global	_T2CKPS0
   327  0090                     _T2CKPS0  equ     144
   328                           	global	_T2CKPS1
   329  0091                     _T2CKPS1  equ     145
   330                           	global	_TMR1CS
   331  0081                     _TMR1CS  equ     129
   332                           	global	_TMR1GE
   333  0086                     _TMR1GE  equ     134
   334                           	global	_TMR1IF
   335  0060                     _TMR1IF  equ     96
   336                           	global	_TMR1ON
   337  0080                     _TMR1ON  equ     128
   338                           	global	_TMR2IF
   339  0061                     _TMR2IF  equ     97
   340                           	global	_TMR2ON
   341  0092                     _TMR2ON  equ     146
   342                           	global	_TO
   343  001C                     _TO  equ     28
   344                           	global	_TOUTPS0
   345  0093                     _TOUTPS0  equ     147
   346                           	global	_TOUTPS1
   347  0094                     _TOUTPS1  equ     148
   348                           	global	_TOUTPS2
   349  0095                     _TOUTPS2  equ     149
   350                           	global	_TOUTPS3
   351  0096                     _TOUTPS3  equ     150
   352                           	global	_TXIF
   353  0064                     _TXIF  equ     100
   354                           	global	_ULPWUIF
   355  006A                     _ULPWUIF  equ     106
   356                           	global	_WCOL
   357  00A7                     _WCOL  equ     167
   358                           	global	_ZERO
   359  001A                     _ZERO  equ     26
   360                           	global	_ADCON1
   361  009F                     _ADCON1  equ     159
   362                           	global	_ADRESL
   363  009E                     _ADRESL  equ     158
   364                           	global	_ECCPAS
   365  009C                     _ECCPAS  equ     156
   366                           	global	_IOCB
   367  0096                     _IOCB  equ     150
   368                           	global	_OPTION
   369  0081                     _OPTION  equ     129
   370                           	global	_OSCCON
   371  008F                     _OSCCON  equ     143
   372                           	global	_OSCTUNE
   373  0090                     _OSCTUNE  equ     144
   374                           	global	_PCON
   375  008E                     _PCON  equ     142
   376                           	global	_PIE1
   377  008C                     _PIE1  equ     140
   378                           	global	_PIE2
   379  008D                     _PIE2  equ     141
   380                           	global	_PR2
   381  0092                     _PR2  equ     146
   382                           	global	_PSTRCON
   383  009D                     _PSTRCON  equ     157
   384                           	global	_PWM1CON
   385  009B                     _PWM1CON  equ     155
   386                           	global	_SPBRG
   387  0099                     _SPBRG  equ     153
   388                           	global	_SPBRGH
   389  009A                     _SPBRGH  equ     154
   390                           	global	_SSPADD
   391  0093                     _SSPADD  equ     147
   392                           	global	_SSPCON2
   393  0091                     _SSPCON2  equ     145
   394                           	global	_SSPMSK
   395  0093                     _SSPMSK  equ     147
   396                           	global	_SSPSTAT
   397  0094                     _SSPSTAT  equ     148
   398                           	global	_TRISA
   399  0085                     _TRISA  equ     133
   400                           	global	_TRISB
   401  0086                     _TRISB  equ     134
   402                           	global	_TRISC
   403  0087                     _TRISC  equ     135
   404                           	global	_TRISD
   405  0088                     _TRISD  equ     136
   406                           	global	_TRISE
   407  0089                     _TRISE  equ     137
   408                           	global	_TXSTA
   409  0098                     _TXSTA  equ     152
   410                           	global	_VRCON
   411  0097                     _VRCON  equ     151
   412                           	global	_WPUB
   413  0095                     _WPUB  equ     149
   414                           	global	_ACKDT
   415  048D                     _ACKDT  equ     1165
   416                           	global	_ACKEN
   417  048C                     _ACKEN  equ     1164
   418                           	global	_ACKSTAT
   419  048E                     _ACKSTAT  equ     1166
   420                           	global	_ADFM
   421  04FF                     _ADFM  equ     1279
   422                           	global	_ADIE
   423  0466                     _ADIE  equ     1126
   424                           	global	_BCLIE
   425  046B                     _BCLIE  equ     1131
   426                           	global	_BF
   427  04A0                     _BF  equ     1184
   428                           	global	_BOR
   429  0470                     _BOR  equ     1136
   430                           	global	_BRG0
   431  04C8                     _BRG0  equ     1224
   432                           	global	_BRG1
   433  04C9                     _BRG1  equ     1225
   434                           	global	_BRG10
   435  04D2                     _BRG10  equ     1234
   436                           	global	_BRG11
   437  04D3                     _BRG11  equ     1235
   438                           	global	_BRG12
   439  04D4                     _BRG12  equ     1236
   440                           	global	_BRG13
   441  04D5                     _BRG13  equ     1237
   442                           	global	_BRG14
   443  04D6                     _BRG14  equ     1238
   444                           	global	_BRG15
   445  04D7                     _BRG15  equ     1239
   446                           	global	_BRG2
   447  04CA                     _BRG2  equ     1226
   448                           	global	_BRG3
   449  04CB                     _BRG3  equ     1227
   450                           	global	_BRG4
   451  04CC                     _BRG4  equ     1228
   452                           	global	_BRG5
   453  04CD                     _BRG5  equ     1229
   454                           	global	_BRG6
   455  04CE                     _BRG6  equ     1230
   456                           	global	_BRG7
   457  04CF                     _BRG7  equ     1231
   458                           	global	_BRG8
   459  04D0                     _BRG8  equ     1232
   460                           	global	_BRG9
   461  04D1                     _BRG9  equ     1233
   462                           	global	_BRGH
   463  04C2                     _BRGH  equ     1218
   464                           	global	_C1IE
   465  046D                     _C1IE  equ     1133
   466                           	global	_C2IE
   467  046E                     _C2IE  equ     1134
   468                           	global	_CCP1IE
   469  0462                     _CCP1IE  equ     1122
   470                           	global	_CCP2IE
   471  0468                     _CCP2IE  equ     1128
   472                           	global	_CKE
   473  04A6                     _CKE  equ     1190
   474                           	global	_CSRC
   475  04C7                     _CSRC  equ     1223
   476                           	global	_DA
   477  04A5                     _DA  equ     1189
   478                           	global	_ECCPAS0
   479  04E4                     _ECCPAS0  equ     1252
   480                           	global	_ECCPAS1
   481  04E5                     _ECCPAS1  equ     1253
   482                           	global	_ECCPAS2
   483  04E6                     _ECCPAS2  equ     1254
   484                           	global	_ECCPASE
   485  04E7                     _ECCPASE  equ     1255
   486                           	global	_EEIE
   487  046C                     _EEIE  equ     1132
   488                           	global	_GCEN
   489  048F                     _GCEN  equ     1167
   490                           	global	_HTS
   491  047A                     _HTS  equ     1146
   492                           	global	_INTEDG
   493  040E                     _INTEDG  equ     1038
   494                           	global	_IOCB0
   495  04B0                     _IOCB0  equ     1200
   496                           	global	_IOCB1
   497  04B1                     _IOCB1  equ     1201
   498                           	global	_IOCB2
   499  04B2                     _IOCB2  equ     1202
   500                           	global	_IOCB3
   501  04B3                     _IOCB3  equ     1203
   502                           	global	_IOCB4
   503  04B4                     _IOCB4  equ     1204
   504                           	global	_IOCB5
   505  04B5                     _IOCB5  equ     1205
   506                           	global	_IOCB6
   507  04B6                     _IOCB6  equ     1206
   508                           	global	_IOCB7
   509  04B7                     _IOCB7  equ     1207
   510                           	global	_IRCF0
   511  047C                     _IRCF0  equ     1148
   512                           	global	_IRCF1
   513  047D                     _IRCF1  equ     1149
   514                           	global	_IRCF2
   515  047E                     _IRCF2  equ     1150
   516                           	global	_LTS
   517  0479                     _LTS  equ     1145
   518                           	global	_OSFIE
   519  046F                     _OSFIE  equ     1135
   520                           	global	_OSTS
   521  047B                     _OSTS  equ     1147
   522                           	global	_PDC0
   523  04D8                     _PDC0  equ     1240
   524                           	global	_PDC1
   525  04D9                     _PDC1  equ     1241
   526                           	global	_PDC2
   527  04DA                     _PDC2  equ     1242
   528                           	global	_PDC3
   529  04DB                     _PDC3  equ     1243
   530                           	global	_PDC4
   531  04DC                     _PDC4  equ     1244
   532                           	global	_PDC5
   533  04DD                     _PDC5  equ     1245
   534                           	global	_PDC6
   535  04DE                     _PDC6  equ     1246
   536                           	global	_PEN
   537  048A                     _PEN  equ     1162
   538                           	global	_POR
   539  0471                     _POR  equ     1137
   540                           	global	_PRSEN
   541  04DF                     _PRSEN  equ     1247
   542                           	global	_PS0
   543  0408                     _PS0  equ     1032
   544                           	global	_PS1
   545  0409                     _PS1  equ     1033
   546                           	global	_PS2
   547  040A                     _PS2  equ     1034
   548                           	global	_PSA
   549  040B                     _PSA  equ     1035
   550                           	global	_PSSAC0
   551  04E2                     _PSSAC0  equ     1250
   552                           	global	_PSSAC1
   553  04E3                     _PSSAC1  equ     1251
   554                           	global	_PSSBD0
   555  04E0                     _PSSBD0  equ     1248
   556                           	global	_PSSBD1
   557  04E1                     _PSSBD1  equ     1249
   558                           	global	_RABPU
   559  040F                     _RABPU  equ     1039
   560                           	global	_RBPU
   561  040F                     _RBPU  equ     1039
   562                           	global	_RCEN
   563  048B                     _RCEN  equ     1163
   564                           	global	_RCIE
   565  0465                     _RCIE  equ     1125
   566                           	global	_RSEN
   567  0489                     _RSEN  equ     1161
   568                           	global	_RW
   569  04A2                     _RW  equ     1186
   570                           	global	_SBOREN
   571  0474                     _SBOREN  equ     1140
   572                           	global	_SCS
   573  0478                     _SCS  equ     1144
   574                           	global	_SEN
   575  0488                     _SEN  equ     1160
   576                           	global	_SENDB
   577  04C3                     _SENDB  equ     1219
   578                           	global	_SMP
   579  04A7                     _SMP  equ     1191
   580                           	global	_SSPIE
   581  0463                     _SSPIE  equ     1123
   582                           	global	_START
   583  04A3                     _START  equ     1187
   584                           	global	_STOP
   585  04A4                     _STOP  equ     1188
   586                           	global	_STRA
   587  04E8                     _STRA  equ     1256
   588                           	global	_STRB
   589  04E9                     _STRB  equ     1257
   590                           	global	_STRC
   591  04EA                     _STRC  equ     1258
   592                           	global	_STRD
   593  04EB                     _STRD  equ     1259
   594                           	global	_STRSYNC
   595  04EC                     _STRSYNC  equ     1260
   596                           	global	_SYNC
   597  04C4                     _SYNC  equ     1220
   598                           	global	_T0CS
   599  040D                     _T0CS  equ     1037
   600                           	global	_T0SE
   601  040C                     _T0SE  equ     1036
   602                           	global	_TMR1IE
   603  0460                     _TMR1IE  equ     1120
   604                           	global	_TMR2IE
   605  0461                     _TMR2IE  equ     1121
   606                           	global	_TRISA0
   607  0428                     _TRISA0  equ     1064
   608                           	global	_TRISA1
   609  0429                     _TRISA1  equ     1065
   610                           	global	_TRISA2
   611  042A                     _TRISA2  equ     1066
   612                           	global	_TRISA3
   613  042B                     _TRISA3  equ     1067
   614                           	global	_TRISA4
   615  042C                     _TRISA4  equ     1068
   616                           	global	_TRISA5
   617  042D                     _TRISA5  equ     1069
   618                           	global	_TRISA6
   619  042E                     _TRISA6  equ     1070
   620                           	global	_TRISA7
   621  042F                     _TRISA7  equ     1071
   622                           	global	_TRISB0
   623  0430                     _TRISB0  equ     1072
   624                           	global	_TRISB1
   625  0431                     _TRISB1  equ     1073
   626                           	global	_TRISB2
   627  0432                     _TRISB2  equ     1074
   628                           	global	_TRISB3
   629  0433                     _TRISB3  equ     1075
   630                           	global	_TRISB4
   631  0434                     _TRISB4  equ     1076
   632                           	global	_TRISB5
   633  0435                     _TRISB5  equ     1077
   634                           	global	_TRISB6
   635  0436                     _TRISB6  equ     1078
   636                           	global	_TRISB7
   637  0437                     _TRISB7  equ     1079
   638                           	global	_TRISC0
   639  0438                     _TRISC0  equ     1080
   640                           	global	_TRISC1
   641  0439                     _TRISC1  equ     1081
   642                           	global	_TRISC2
   643  043A                     _TRISC2  equ     1082
   644                           	global	_TRISC3
   645  043B                     _TRISC3  equ     1083
   646                           	global	_TRISC4
   647  043C                     _TRISC4  equ     1084
   648                           	global	_TRISC5
   649  043D                     _TRISC5  equ     1085
   650                           	global	_TRISC6
   651  043E                     _TRISC6  equ     1086
   652                           	global	_TRISC7
   653  043F                     _TRISC7  equ     1087
   654                           	global	_TRISD0
   655  0440                     _TRISD0  equ     1088
   656                           	global	_TRISD1
   657  0441                     _TRISD1  equ     1089
   658                           	global	_TRISD2
   659  0442                     _TRISD2  equ     1090
   660                           	global	_TRISD3
   661  0443                     _TRISD3  equ     1091
   662                           	global	_TRISD4
   663  0444                     _TRISD4  equ     1092
   664                           	global	_TRISD5
   665  0445                     _TRISD5  equ     1093
   666                           	global	_TRISD6
   667  0446                     _TRISD6  equ     1094
   668                           	global	_TRISD7
   669  0447                     _TRISD7  equ     1095
   670                           	global	_TRISE0
   671  0448                     _TRISE0  equ     1096
   672                           	global	_TRISE1
   673  0449                     _TRISE1  equ     1097
   674                           	global	_TRISE2
   675  044A                     _TRISE2  equ     1098
   676                           	global	_TRISE3
   677  044B                     _TRISE3  equ     1099
   678                           	global	_TRMT
   679  04C1                     _TRMT  equ     1217
   680                           	global	_TUN0
   681  0480                     _TUN0  equ     1152
   682                           	global	_TUN1
   683  0481                     _TUN1  equ     1153
   684                           	global	_TUN2
   685  0482                     _TUN2  equ     1154
   686                           	global	_TUN3
   687  0483                     _TUN3  equ     1155
   688                           	global	_TUN4
   689  0484                     _TUN4  equ     1156
   690                           	global	_TX9
   691  04C6                     _TX9  equ     1222
   692                           	global	_TX9D
   693  04C0                     _TX9D  equ     1216
   694                           	global	_TXEN
   695  04C5                     _TXEN  equ     1221
   696                           	global	_TXIE
   697  0464                     _TXIE  equ     1124
   698                           	global	_UA
   699  04A1                     _UA  equ     1185
   700                           	global	_ULPWUE
   701  0475                     _ULPWUE  equ     1141
   702                           	global	_ULPWUIE
   703  046A                     _ULPWUIE  equ     1130
   704                           	global	_VCFG0
   705  04FC                     _VCFG0  equ     1276
   706                           	global	_VCFG1
   707  04FD                     _VCFG1  equ     1277
   708                           	global	_VR0
   709  04B8                     _VR0  equ     1208
   710                           	global	_VR1
   711  04B9                     _VR1  equ     1209
   712                           	global	_VR2
   713  04BA                     _VR2  equ     1210
   714                           	global	_VR3
   715  04BB                     _VR3  equ     1211
   716                           	global	_VREN
   717  04BF                     _VREN  equ     1215
   718+                          	global	_VROE
   719+ 04BE                     _VROE  equ     1214
   720+                          	global	_VRR
   721+ 04BD                     _VRR  equ     1213
   722                           	global	_VRSS
   723  04BC                     _VRSS  equ     1212
   724                           	global	_WPUB0
   725  04A8                     _WPUB0  equ     1192
   726                           	global	_WPUB1
   727  04A9                     _WPUB1  equ     1193
   728                           	global	_WPUB2
   729  04AA                     _WPUB2  equ     1194
   730                           	global	_WPUB3
   731  04AB                     _WPUB3  equ     1195
   732                           	global	_WPUB4
   733  04AC                     _WPUB4  equ     1196
   734                           	global	_WPUB5
   735  04AD                     _WPUB5  equ     1197
   736                           	global	_WPUB6
   737  04AE                     _WPUB6  equ     1198
   738                           	global	_WPUB7
   739  04AF                     _WPUB7  equ     1199
   740                           	global	_CM1CON0
   741  0107                     _CM1CON0  equ     263
   742                           	global	_CM2CON0
   743  0108                     _CM2CON0  equ     264
   744                           	global	_CM2CON1
   745  0109                     _CM2CON1  equ     265
   746                           	global	_EEADR
   747  010D                     _EEADR  equ     269
   748                           	global	_EEADRH
   749  010F                     _EEADRH  equ     271
   750                           	global	_EEADRL
   751  010D                     _EEADRL  equ     269
   752                           	global	_EEDAT
   753  010C                     _EEDAT  equ     268
   754                           	global	_EEDATA
   755  010C                     _EEDATA  equ     268
   756                           	global	_EEDATH
   757  010E                     _EEDATH  equ     270
   758                           	global	_WDTCON
   759  0105                     _WDTCON  equ     261
   760                           	global	_C1CH0
   761  0838                     _C1CH0  equ     2104
   762                           	global	_C1CH1
   763  0839                     _C1CH1  equ     2105
   764                           	global	_C1OE
   765  083D                     _C1OE  equ     2109
   766                           	global	_C1ON
   767  083F                     _C1ON  equ     2111
   768                           	global	_C1OUT
   769  083E                     _C1OUT  equ     2110
   770                           	global	_C1POL
   771  083C                     _C1POL  equ     2108
   772                           	global	_C1R
   773  083A                     _C1R  equ     2106
   774                           	global	_C1RSEL
   775  084D                     _C1RSEL  equ     2125
   776                           	global	_C2CH0
   777  0840                     _C2CH0  equ     2112
   778                           	global	_C2CH1
   779  0841                     _C2CH1  equ     2113
   780                           	global	_C2OE
   781  0845                     _C2OE  equ     2117
   782                           	global	_C2ON
   783  0847                     _C2ON  equ     2119
   784                           	global	_C2OUT
   785  0846                     _C2OUT  equ     2118
   786                           	global	_C2POL
   787  0844                     _C2POL  equ     2116
   788                           	global	_C2R
   789  0842                     _C2R  equ     2114
   790                           	global	_C2RSEL
   791  084C                     _C2RSEL  equ     2124
   792                           	global	_C2SYNC
   793  0848                     _C2SYNC  equ     2120
   794                           	global	_MC1OUT
   795  084F                     _MC1OUT  equ     2127
   796                           	global	_MC2OUT
   797  084E                     _MC2OUT  equ     2126
   798                           	global	_SWDTEN
   799  0828                     _SWDTEN  equ     2088
   800                           	global	_T1GSS
   801  0849                     _T1GSS  equ     2121
   802                           	global	_WDTPS0
   803  0829                     _WDTPS0  equ     2089
   804                           	global	_WDTPS1
   805  082A                     _WDTPS1  equ     2090
   806                           	global	_WDTPS2
   807  082B                     _WDTPS2  equ     2091
   808                           	global	_WDTPS3
   809  082C                     _WDTPS3  equ     2092
   810                           	global	_ANSEL
   811  0188                     _ANSEL  equ     392
   812                           	global	_ANSELH
   813  0189                     _ANSELH  equ     393
   814                           	global	_BAUDCTL
   815  0187                     _BAUDCTL  equ     391
   816                           	global	_EECON1
   817  018C                     _EECON1  equ     396
   818                           	global	_EECON2
   819  018D                     _EECON2  equ     397
   820                           	global	_SRCON
   821  0185                     _SRCON  equ     389
   822                           	global	_ABDEN
   823  0C38                     _ABDEN  equ     3128
   824                           	global	_ABDOVF
   825  0C3F                     _ABDOVF  equ     3135
   826                           	global	_ANS0
   827  0C40                     _ANS0  equ     3136
   828                           	global	_ANS1
   829  0C41                     _ANS1  equ     3137
   830                           	global	_ANS10
   831  0C4A                     _ANS10  equ     3146
   832                           	global	_ANS11
   833  0C4B                     _ANS11  equ     3147
   834                           	global	_ANS12
   835  0C4C                     _ANS12  equ     3148
   836                           	global	_ANS13
   837  0C4D                     _ANS13  equ     3149
   838                           	global	_ANS2
   839  0C42                     _ANS2  equ     3138
   840                           	global	_ANS3
   841  0C43                     _ANS3  equ     3139
   842                           	global	_ANS4
   843  0C44                     _ANS4  equ     3140
   844                           	global	_ANS5
   845  0C45                     _ANS5  equ     3141
   846                           	global	_ANS6
   847  0C46                     _ANS6  equ     3142
   848                           	global	_ANS7
   849  0C47                     _ANS7  equ     3143
   850                           	global	_ANS8
   851  0C48                     _ANS8  equ     3144
   852                           	global	_ANS9
   853  0C49                     _ANS9  equ     3145
   854                           	global	_BRG16
   855  0C3B                     _BRG16  equ     3131
   856                           	global	_C1SEN
   857  0C2D                     _C1SEN  equ     3117
   858                           	global	_C2REN
   859  0C2C                     _C2REN  equ     3116
   860                           	global	_EEPGD
   861  0C67                     _EEPGD  equ     3175
   862                           	global	_FVREN
   863  0C28                     _FVREN  equ     3112
   864                           	global	_PULSR
   865  0C2A                     _PULSR  equ     3114
   866                           	global	_PULSS
   867  0C2B                     _PULSS  equ     3115
   868                           	global	_RCIDL
   869  0C3E                     _RCIDL  equ     3134
   870                           	global	_RD
   871  0C60                     _RD  equ     3168
   872                           	global	_SCKP
   873  0C3C                     _SCKP  equ     3132
   874                           	global	_SR0
   875  0C2E                     _SR0  equ     3118
   876                           	global	_SR1
   877  0C2F                     _SR1  equ     3119
   878                           	global	_WR
   879  0C61                     _WR  equ     3169
   880                           	global	_WREN
   881  0C62                     _WREN  equ     3170
   882                           	global	_WRERR
   883  0C63                     _WRERR  equ     3171
   884                           	global	_WUE
   885  0C39                     _WUE  equ     3129
   886                           psect	strings,class=CODE,delta=2,reloc=256
   887                           global __pstrings
   888  0700                     __pstrings:
   889                           	global	stringdir,stringtab,__stringbase,stringjmp
   890  0700                     stringtab:
   891                           ;	String table - string pointers are 1 byte each
   892  0700  00FE               	movwf	(btemp)&07Fh
   893  0701  1FFE               	btfss	(btemp)&07Fh,7
   894  0702  2F08               	goto	stringcode
   895  0703  1383               	bcf	status,7
   896  0704  187E               	btfsc	btemp&7Fh,0
   897  0705  1783               	bsf	status,7
   898  0706  0800               	movf	indf,w
   899  0707  0008               	return
   900  0708                     stringcode:
   901  0708  0804               	movf	fsr,w
   902  0709                     stringdir:
   903  0709  00FE               movwf btemp&07Fh
   904  070A  3007               movlw high(stringdir)
   905  070B  008A               movwf pclath
   906  070C  087E               movf btemp&07Fh,w
   907  070D                     stringjmp:
   908  070D  0782               	addwf pc
   909  070E                     __stringbase:
   910  070E  3400               	retlw	0
   911                           psect	strings
   912                           	
   913  070F                     STR_1:	
   914  070F  3447               	retlw	71	;'G'
   915  0710  346F               	retlw	111	;'o'
   916  0711  3477               	retlw	119	;'w'
   917  0712  3474               	retlw	116	;'t'
   918+ 0713  3468               	retlw	104	;'h'
   919  0714  3461               	retlw	97	;'a'
   920  0715  346D               	retlw	109	;'m'
   921  0716  3400               	retlw	0
   922                           psect	strings
   923                           	file	"Base Alternate.as"
   924                           	line	#
   925                           psect cinit,class=CODE,delta=2
   926                           global start_initialization
   927  0736                     start_initialization:
   928                           
   929                           psect cinit,class=CODE,delta=2
   930                           global end_of_initialization
   931                           
   932                           ;End of C runtime variable initationation code
   933                           
   934  0736                     end_of_initialization:
   935  0736  0183               clrf status
   936  0737  120A  118A  2FBA   ljmp _main	;jump to C main() function
   937                           psect	cstackCOMMON,class=COMMON,space=1
   938                           global __pcstackCOMMON
   939  0070                     __pcstackCOMMON:
   940                           	global	??_data
   941  0070                     ??_data: ;@ 0x0
   942                           	global	??_command
   943  0070                     ??_command: ;@ 0x0
   944                           	global	??_pulse
   945  0070                     ??_pulse: ;@ 0x0
   946                           	global	??_delay
   947  0070                     ??_delay: ;@ 0x0
   948                           	global	?_delay
   949  0070                     ?_delay: ;@ 0x0
   950                           	global	delay@x
   951  0070                     delay@x:	; 2 bytes @ 0x0
   952  0070                     	ds	1
   953                           	global	??_main
   954  0071                     ??_main: ;@ 0x1
   955  0071                     	ds	1
   956                           	global	?_pulse
   957  0072                     ?_pulse: ;@ 0x2
   958                           	global	data@data
   959  0072                     data@data:	; 1 bytes @ 0x2
   960                           	global	command@data
   961  0072                     command@data:	; 1 bytes @ 0x2
   962  0072                     	ds	1
   963                           	global	??_string
   964  0073                     ??_string: ;@ 0x3
   965                           	global	?_data
   966  0073                     ?_data: ;@ 0x3
   967                           	global	?_command
   968  0073                     ?_command: ;@ 0x3
   969  0073                     	ds	1
   970                           	global	string@ptr
   971  0074                     string@ptr:	; 1 bytes @ 0x4
   972  0074                     	ds	1
   973                           	global	?_main
   974  0075                     ?_main: ;@ 0x5
   975                           	global	?_string
   976  0075                     ?_string: ;@ 0x5
   977                           ;Data sizes: Strings 8, constant 0, data 0, bss 0, persistent 0 stack 0
   978                           ;Auto spaces:   Size  Autos    Used
   979                           ; COMMON          14      5       5
   980                           ; BANK0           80      0       0
   981                           ; BANK1           80      0       0
   982                           ; BANK3           96      0       0
   983                           ; BANK2           96      0       0
   984                           
   985                           
   986                           ;Pointer list with targets:
   987                           
   988                           ;string@ptr	PTR unsigned char  size(1); Largest target is 8
   989                           ;		 -> STR_1(CODE[8]), 
   990                           
   991                           
   992                           ;Main: autosize = 0, tempsize = 0, incstack = 0, save=0
   993                           
   994                           
   995                           ;Call graph:                      Base Space Used Autos Args Refs Density
   996                           ;_main                                                0    0   40   0.00
   997                           ;            _command
   998                           ;             _string
   999                           ;  _string                                            2    0   30   0.00
  1000                           ;                                    3 COMMO    2
  1001                           ;               _data
  1002                           ;  _command                                           1    0   10   0.00
  1003                           ;                                    2 COMMO    1
  1004                           ;              _pulse
  1005                           ;    _data                                            1    0   10   0.00
  1006                           ;                                    2 COMMO    1
  1007                           ;              _pulse
  1008                           ;      _pulse                                         0    0    0   0.00
  1009                           ;              _delay
  1010                           ;        _delay                                       0    2    0   0.00
  1011                           ;                                    0 COMMO    2
  1012                           ; Estimated maximum call depth 4
  1013                           ; Address spaces:
  1014                           
  1015                           ;Name               Size   Autos  Total    Cost      Usage
  1016                           ;BITCOMMON            E      0       0       0        0.0%
  1017                           ;CODE                 0      0       0       0        0.0%
  1018                           ;NULL                 0      0       0       0        0.0%
  1019                           ;COMMON               E      5       5       1       35.7%
  1020                           ;SFR0                 0      0       0       1        0.0%
  1021                           ;BITSFR0              0      0       0       1        0.0%
  1022                           ;BITSFR1              0      0       0       2        0.0%
  1023                           ;SFR1                 0      0       0       2        0.0%
  1024                           ;ABS                  0      0       1       2        0.0%
  1025                           ;STACK                0      0       0       3        0.0%
  1026                           ;BITBANK0            50      0       0       4        0.0%
  1027                           ;SFR3                 0      0       0       4        0.0%
  1028                           ;BITSFR3              0      0       0       4        0.0%
  1029                           ;BANK0               50      0       0       5        0.0%
  1030                           ;BITSFR2              0      0       0       5        0.0%
  1031                           ;SFR2                 0      0       0       5        0.0%
  1032                           ;BITBANK1            50      0       0       6        0.0%
  1033                           ;BANK1               50      0       0       7        0.0%
  1034                           ;BITBANK3            60      0       0       8        0.0%
  1035                           ;BANK3               60      0       0       9        0.0%
  1036                           ;BITBANK2            60      0       0      10        0.0%
  1037                           ;BANK2               60      0       0      11        0.0%
  1038                           ;DATA                 0      0       1      12        0.0%
  1039                           ;EEDATA             100      0       0    1000        0.0%
  1040                           
  1041                           	global	_main
  1042                           psect	maintext,local,class=CODE,delta=2
  1043                           global __pmaintext
  1044  07BA                     __pmaintext:
  1045                           
  1046                           ; *************** function _main *****************
  1047                           ; Defined at:
  1048                           ;		line 47 in file "C:\Users\gowth\Documents\PIC Programs\LCD\Base Alternate\Base Altern
                                 ate.c"
  1049                           ; Parameters:    Size  Location     Type
  1050                           ;		None
  1051                           ; Auto vars:     Size  Location     Type
  1052                           ;		None
  1053                           ; Return value:  Size  Location     Type
  1054                           ;		None               void
  1055                           ; Registers used:
  1056                           ;		wreg, status,2, status,0, pclath, cstack
  1057                           ; Tracked objects:
  1058                           ;		On entry : 17F/0
  1059                           ;		On exit  : 0/0
  1060                           ;		Unchanged: 0/0
  1061                           ; Data sizes:     COMMON   BANK0   BANK1   BANK3   BANK2
  1062                           ;      Locals:         0       0       0       0       0
  1063                           ;      Temp:     0
  1064                           ;      Total:    0
  1065                           ; This function calls:
  1066                           ;		_command
  1067                           ;		_string
  1068                           ; This function is called by:
  1069                           ;		Startup code after reset
  1070                           ; This function uses a non-reentrant model
  1071                           ; 
  1072                           psect	maintext
  1073                           	file	"C:\Users\gowth\Documents\PIC Programs\LCD\Base Alternate\Base Alternate.c"
  1074                           	line	47
  1075                           	global	__size_of_main
  1076  0046                     	__size_of_main	equ	__end_of_main-_main
  1077                           ;Base Alternate.c: 46: void main()
  1078                           ;Base Alternate.c: 47: {
  1079                           	
  1080  07BA                     _main:	
  1081                           	opt stack 7
  1082                           ; Regs used in _main: [wreg+status,2+status,0+pclath+cstack]
  1083                           	line	48
  1084                           	
  1085  07BA                     l30000523:	
  1086                           ;Base Alternate.c: 48: TRISD=0X00; PORTD=0X00; ANSEL=0;
  1087  07BA  1003               	clrc
  1088  07BB  3000               	movlw	0
  1089  07BC  1803               	btfsc	status,0
  1090  07BD  3001               	movlw	1
  1091  07BE  1683               	bsf	status, 5	;RP0=1, select bank1
  1092  07BF  1303               	bcf	status, 6	;RP1=0, select bank1
  1093  07C0  0088               	movwf	(136)^080h	;volatile
  1094  07C1  1003               	clrc
  1095  07C2  3000               	movlw	0
  1096  07C3  1803               	btfsc	status,0
  1097  07C4  3001               	movlw	1
  1098  07C5  1283               	bcf	status, 5	;RP0=0, select bank0
  1099  07C6  1303               	bcf	status, 6	;RP1=0, select bank0
  1100  07C7  0088               	movwf	(8)	;volatile
  1101  07C8  1003               	clrc
  1102  07C9  3000               	movlw	0
  1103  07CA  1803               	btfsc	status,0
  1104  07CB  3001               	movlw	1
  1105  07CC  1683               	bsf	status, 5	;RP0=1, select bank3
  1106  07CD  1703               	bsf	status, 6	;RP1=1, select bank3
  1107  07CE  0088               	movwf	(392)^0180h
  1108                           	line	49
  1109                           ;Base Alternate.c: 49: TRISE=0X00; PORTE=0X00; ANSELH=0;
  1110  07CF  1003               	clrc
  1111  07D0  3000               	movlw	0
  1112  07D1  1803               	btfsc	status,0
  1113  07D2  3001               	movlw	1
  1114  07D3  1683               	bsf	status, 5	;RP0=1, select bank1
  1115  07D4  1303               	bcf	status, 6	;RP1=0, select bank1
  1116  07D5  0089               	movwf	(137)^080h	;volatile
  1117  07D6  1003               	clrc
  1118  07D7  3000               	movlw	0
  1119  07D8  1803               	btfsc	status,0
  1120  07D9  3001               	movlw	1
  1121  07DA  1283               	bcf	status, 5	;RP0=0, select bank0
  1122  07DB  1303               	bcf	status, 6	;RP1=0, select bank0
  1123  07DC  0089               	movwf	(9)	;volatile
  1124  07DD  1003               	clrc
  1125  07DE  3000               	movlw	0
  1126  07DF  1803               	btfsc	status,0
  1127  07E0  3001               	movlw	1
  1128  07E1  1683               	bsf	status, 5	;RP0=1, select bank3
  1129  07E2  1703               	bsf	status, 6	;RP1=1, select bank3
  1130  07E3  0089               	movwf	(393)^0180h
  1131                           	
  1132  07E4                     l30000524:	
  1133                           	line	50
  1134                           ;Base Alternate.c: 50: command(0X0C);
  1135  07E4  300C               	movlw	(0Ch)
  1136  07E5  120A  118A  2717   	fcall	_command
              120A  118A         
  1137                           	
  1138  07EA                     l30000525:	
  1139                           	line	51
  1140                           ;Base Alternate.c: 51: command(0X38);
  1141  07EA  3038               	movlw	(038h)
  1142  07EB  120A  118A  2717   	fcall	_command
              120A  118A         
  1143                           	
  1144  07F0                     l30000526:	
  1145                           	line	55
  1146                           ;Base Alternate.c: 54: {
  1147                           ;Base Alternate.c: 55: command(0X80);
  1148  07F0  3080               	movlw	(080h)
  1149  07F1  120A  118A  2717   	fcall	_command
              120A  118A         
  1150                           	
  1151  07F6                     l30000527:	
  1152                           	line	56
  1153                           ;Base Alternate.c: 56: string("Gowtham");
  1154  07F6  3001               	movlw	((STR_1-__stringbase))&0ffh
  1155  07F7  120A  118A  279D   	fcall	_string
              120A  118A         
  1156  07FC  2FF0               	goto	l30000526
  1157                           	global	start
  1158  07FD  120A  118A  2800   	ljmp	start
  1159                           	opt stack 0
  1160                           GLOBAL	__end_of_main
  1161  0800                     	__end_of_main:
  1162                           ; =============== function _main ends ============
  1163                           
  1164                           psect	maintext
  1165                           	line	59
  1166                           	signat	_main,88
  1167                           	global	_string
  1168                           psect	text15,local,class=CODE,delta=2
  1169                           global __ptext15
  1170  079D                     __ptext15:
  1171                           
  1172                           ; *************** function _string *****************
  1173                           ; Defined at:
  1174                           ;		line 37 in file "C:\Users\gowth\Documents\PIC Programs\LCD\Base Alternate\Base Altern
                                 ate.c"
  1175                           ; Parameters:    Size  Location     Type
  1176                           ;  ptr             1    wreg     PTR unsigned char 
  1177                           ;		 -> STR_1(8), 
  1178                           ; Auto vars:     Size  Location     Type
  1179                           ;  ptr             1    4[COMMON] PTR unsigned char 
  1180                           ;		 -> STR_1(8), 
  1181                           ; Return value:  Size  Location     Type
  1182                           ;		None               void
  1183                           ; Registers used:
  1184                           ;		wreg, status,2, status,0, pclath, cstack
  1185                           ; Tracked objects:
  1186                           ;		On entry : 0/0
  1187                           ;		On exit  : 0/0
  1188                           ;		Unchanged: 0/0
  1189                           ; Data sizes:     COMMON   BANK0   BANK1   BANK3   BANK2
  1190                           ;      Locals:         2       0       0       0       0
  1191                           ;      Temp:     1
  1192                           ;      Total:    2
  1193                           ; This function calls:
  1194                           ;		_data
  1195                           ; This function is called by:
  1196                           ;		_main
  1197                           ; This function uses a non-reentrant model
  1198                           ; 
  1199                           psect	text15
  1200                           	file	"C:\Users\gowth\Documents\PIC Programs\LCD\Base Alternate\Base Alternate.c"
  1201                           	line	37
  1202                           	global	__size_of_string
  1203  001D                     	__size_of_string	equ	__end_of_string-_string
  1204                           ;Base Alternate.c: 36: void string(char *ptr)
  1205                           ;Base Alternate.c: 37: {
  1206                           	
  1207  079D                     _string:	
  1208                           	opt stack 6
  1209                           ; Regs used in _string: [wreg+status,2+status,0+pclath+cstack]
  1210                           ;string@ptr stored from wreg
  1211  079D  00F4               	movwf	(string@ptr)
  1212                           	
  1213  079E                     l30000519:	
  1214  079E  2FAE               	goto	l30000522
  1215                           	
  1216  079F                     l30000520:	
  1217                           	line	40
  1218                           ;Base Alternate.c: 39: {
  1219                           ;Base Alternate.c: 40: data(*ptr);
  1220  079F  0874               	movf	(string@ptr),w
  1221                           	FNCALL _string,stringtab
  1222  07A0  120A  118A  2709   	fcall	stringdir
              120A  118A         
  1223  07A5  120A  118A  2723   	fcall	_data
              120A  118A         
  1224                           	
  1225  07AA                     l30000521:	
  1226                           	line	41
  1227                           ;Base Alternate.c: 41: *ptr++;
  1228  07AA  3001               	movlw	(01h)
  1229  07AB  00F3               	movwf	(??_string+0+0)
  1230  07AC  0873               	movf	(??_string+0+0),w
  1231  07AD  07F4               	addwf	(string@ptr),f
  1232                           	
  1233  07AE                     l30000522:	
  1234                           	line	38
  1235  07AE  0874               	movf	(string@ptr),w
  1236                           	FNCALL _string,stringtab
  1237  07AF  120A  118A  2709   	fcall	stringdir
              120A  118A         
  1238  07B4  3800               	iorlw	0
  1239  07B5  1D03               	skipz
  1240  07B6  2FB8               	goto	u11
  1241  07B7  2FB9               	goto	u10
  1242  07B8                     u11:
  1243  07B8  2F9F               	goto	l30000520
  1244  07B9                     u10:
  1245                           	
  1246  07B9                     l5:	
  1247  07B9  0008               	return
  1248                           	opt stack 0
  1249                           GLOBAL	__end_of_string
  1250  07BA                     	__end_of_string:
  1251                           ; =============== function _string ends ============
  1252                           
  1253                           psect	text16,local,class=CODE,delta=2
  1254                           global __ptext16
  1255  0717                     __ptext16:
  1256                           	line	43
  1257                           	signat	_string,4216
  1258                           	global	_command
  1259                           
  1260                           ; *************** function _command *****************
  1261                           ; Defined at:
  1262                           ;		line 23 in file "C:\Users\gowth\Documents\PIC Programs\LCD\Base Alternate\Base Altern
                                 ate.c"
  1263                           ; Parameters:    Size  Location     Type
  1264                           ;  data            1    wreg     unsigned char 
  1265                           ; Auto vars:     Size  Location     Type
  1266                           ;  data            1    2[COMMON] unsigned char 
  1267                           ; Return value:  Size  Location     Type
  1268                           ;		None               void
  1269                           ; Registers used:
  1270                           ;		wreg, status,2, status,0, pclath, cstack
  1271                           ; Tracked objects:
  1272                           ;		On entry : 0/0
  1273                           ;		On exit  : 0/0
  1274                           ;		Unchanged: 0/0
  1275                           ; Data sizes:     COMMON   BANK0   BANK1   BANK3   BANK2
  1276                           ;      Locals:         1       0       0       0       0
  1277                           ;      Temp:     0
  1278                           ;      Total:    1
  1279                           ; This function calls:
  1280                           ;		_pulse
  1281                           ; This function is called by:
  1282                           ;		_main
  1283                           ; This function uses a non-reentrant model
  1284                           ; 
  1285                           psect	text16
  1286                           	file	"C:\Users\gowth\Documents\PIC Programs\LCD\Base Alternate\Base Alternate.c"
  1287                           	line	23
  1288                           	global	__size_of_command
  1289  000C                     	__size_of_command	equ	__end_of_command-_command
  1290                           ;Base Alternate.c: 22: void command(char data)
  1291                           ;Base Alternate.c: 23: {
  1292                           	
  1293  0717                     _command:	
  1294                           	opt stack 6
  1295                           ; Regs used in _command: [wreg+status,2+status,0+pclath+cstack]
  1296                           ;command@data stored from wreg
  1297  0717  00F2               	movwf	(command@data)
  1298                           	
  1299  0718                     l30000513:	
  1300                           	line	24
  1301                           ;Base Alternate.c: 24: RE0=0;
  1302  0718  1283               	bcf	status, 5	;RP0=0, select bank0
  1303  0719  1303               	bcf	status, 6	;RP1=0, select bank0
  1304  071A  1009               	bcf	(72/8),(72)&7
  1305                           	
  1306  071B                     l30000514:	
  1307                           	line	25
  1308                           ;Base Alternate.c: 25: PORTD=data;
  1309  071B  0872               	movf	(command@data),w
  1310  071C  0088               	movwf	(8)	;volatile
  1311                           	
  1312  071D                     l30000515:	
  1313                           	line	26
  1314                           ;Base Alternate.c: 26: pulse();
  1315  071D  120A  118A  2784   	fcall	_pulse
              120A  118A         
  1316                           	
  1317  0722                     l3:	
  1318  0722  0008               	return
  1319                           	opt stack 0
  1320                           GLOBAL	__end_of_command
  1321  0723                     	__end_of_command:
  1322                           ; =============== function _command ends ============
  1323                           
  1324                           psect	text17,local,class=CODE,delta=2
  1325                           global __ptext17
  1326  0723                     __ptext17:
  1327                           	line	27
  1328                           	signat	_command,4216
  1329                           	global	_data
  1330                           
  1331                           ; *************** function _data *****************
  1332                           ; Defined at:
  1333                           ;		line 30 in file "C:\Users\gowth\Documents\PIC Programs\LCD\Base Alternate\Base Altern
                                 ate.c"
  1334                           ; Parameters:    Size  Location     Type
  1335                           ;  data            1    wreg     unsigned char 
  1336                           ; Auto vars:     Size  Location     Type
  1337                           ;  data            1    2[COMMON] unsigned char 
  1338                           ; Return value:  Size  Location     Type
  1339                           ;		None               void
  1340                           ; Registers used:
  1341                           ;		wreg, status,2, status,0, pclath, cstack
  1342                           ; Tracked objects:
  1343                           ;		On entry : 0/0
  1344                           ;		On exit  : 0/0
  1345                           ;		Unchanged: 0/0
  1346                           ; Data sizes:     COMMON   BANK0   BANK1   BANK3   BANK2
  1347                           ;      Locals:         1       0       0       0       0
  1348                           ;      Temp:     0
  1349                           ;      Total:    1
  1350                           ; This function calls:
  1351                           ;		_pulse
  1352                           ; This function is called by:
  1353                           ;		_string
  1354                           ; This function uses a non-reentrant model
  1355                           ; 
  1356                           psect	text17
  1357                           	file	"C:\Users\gowth\Documents\PIC Programs\LCD\Base Alternate\Base Alternate.c"
  1358                           	line	30
  1359                           	global	__size_of_data
  1360  000C                     	__size_of_data	equ	__end_of_data-_data
  1361                           ;Base Alternate.c: 29: void data(char data)
  1362                           ;Base Alternate.c: 30: {
  1363                           	
  1364  0723                     _data:	
  1365                           	opt stack 5
  1366                           ; Regs used in _data: [wreg+status,2+status,0+pclath+cstack]
  1367                           ;data@data stored from wreg
  1368  0723  00F2               	movwf	(data@data)
  1369                           	
  1370  0724                     l30000516:	
  1371                           	line	31
  1372                           ;Base Alternate.c: 31: RE0=1;
  1373  0724  1283               	bcf	status, 5	;RP0=0, select bank0
  1374  0725  1303               	bcf	status, 6	;RP1=0, select bank0
  1375  0726  1409               	bsf	(72/8),(72)&7
  1376                           	
  1377  0727                     l30000517:	
  1378                           	line	32
  1379                           ;Base Alternate.c: 32: PORTD=data;
  1380  0727  0872               	movf	(data@data),w
  1381  0728  0088               	movwf	(8)	;volatile
  1382                           	
  1383  0729                     l30000518:	
  1384                           	line	33
  1385                           ;Base Alternate.c: 33: pulse();
  1386  0729  120A  118A  2784   	fcall	_pulse
              120A  118A         
  1387                           	
  1388  072E                     l4:	
  1389  072E  0008               	return
  1390                           	opt stack 0
  1391                           GLOBAL	__end_of_data
  1392  072F                     	__end_of_data:
  1393                           ; =============== function _data ends ============
  1394                           
  1395                           psect	text18,local,class=CODE,delta=2
  1396                           global __ptext18
  1397  0784                     __ptext18:
  1398                           	line	34
  1399                           	signat	_data,4216
  1400                           	global	_pulse
  1401                           
  1402                           ; *************** function _pulse *****************
  1403                           ; Defined at:
  1404                           ;		line 15 in file "C:\Users\gowth\Documents\PIC Programs\LCD\Base Alternate\Base Altern
                                 ate.c"
  1405                           ; Parameters:    Size  Location     Type
  1406                           ;		None
  1407                           ; Auto vars:     Size  Location     Type
  1408                           ;		None
  1409                           ; Return value:  Size  Location     Type
  1410                           ;		None               void
  1411                           ; Registers used:
  1412                           ;		wreg, status,2, status,0, pclath, cstack
  1413                           ; Tracked objects:
  1414                           ;		On entry : 0/0
  1415                           ;		On exit  : 0/0
  1416                           ;		Unchanged: 0/0
  1417                           ; Data sizes:     COMMON   BANK0   BANK1   BANK3   BANK2
  1418                           ;      Locals:         0       0       0       0       0
  1419                           ;      Temp:     0
  1420                           ;      Total:    0
  1421                           ; This function calls:
  1422                           ;		_delay
  1423                           ; This function is called by:
  1424                           ;		_command
  1425                           ;		_data
  1426                           ; This function uses a non-reentrant model
  1427                           ; 
  1428                           psect	text18
  1429                           	file	"C:\Users\gowth\Documents\PIC Programs\LCD\Base Alternate\Base Alternate.c"
  1430                           	line	15
  1431                           	global	__size_of_pulse
  1432  0019                     	__size_of_pulse	equ	__end_of_pulse-_pulse
  1433                           ;Base Alternate.c: 14: void pulse()
  1434                           ;Base Alternate.c: 15: {
  1435                           	
  1436  0784                     _pulse:	
  1437                           	opt stack 4
  1438                           ; Regs used in _pulse: [wreg+status,2+status,0+pclath+cstack]
  1439                           	line	16
  1440                           	
  1441  0784                     l30000510:	
  1442                           ;Base Alternate.c: 16: RE1=1;
  1443  0784  1283               	bcf	status, 5	;RP0=0, select bank0
  1444  0785  1303               	bcf	status, 6	;RP1=0, select bank0
  1445  0786  1489               	bsf	(73/8),(73)&7
  1446                           	
  1447  0787                     l30000511:	
  1448                           	line	17
  1449                           ;Base Alternate.c: 17: delay(100);
  1450  0787  3064               	movlw	low(064h)
  1451  0788  00F0               	movwf	(?_delay)
  1452  0789  3000               	movlw	high(064h)
  1453  078A  00F1               	movwf	((?_delay))+1
  1454  078B  120A  118A  272F   	fcall	_delay
              120A  118A         
  1455                           	
  1456  0790                     l30000512:	
  1457                           	line	18
  1458                           ;Base Alternate.c: 18: RE1=0;
  1459  0790  1283               	bcf	status, 5	;RP0=0, select bank0
  1460  0791  1303               	bcf	status, 6	;RP1=0, select bank0
  1461  0792  1089               	bcf	(73/8),(73)&7
  1462                           	line	19
  1463                           ;Base Alternate.c: 19: delay(100);
  1464  0793  3064               	movlw	low(064h)
  1465  0794  00F0               	movwf	(?_delay)
  1466  0795  3000               	movlw	high(064h)
  1467  0796  00F1               	movwf	((?_delay))+1
  1468  0797  120A  118A  272F   	fcall	_delay
              120A  118A         
  1469                           	
  1470  079C                     l2:	
  1471  079C  0008               	return
  1472                           	opt stack 0
  1473                           GLOBAL	__end_of_pulse
  1474  079D                     	__end_of_pulse:
  1475                           ; =============== function _pulse ends ============
  1476                           
  1477                           psect	text19,local,class=CODE,delta=2
  1478                           global __ptext19
  1479  072F                     __ptext19:
  1480                           	line	20
  1481                           	signat	_pulse,88
  1482                           	global	_delay
  1483                           
  1484                           ; *************** function _delay *****************
  1485                           ; Defined at:
  1486                           ;		line 10 in file "C:\Users\gowth\Documents\PIC Programs\LCD\Base Alternate\Base Altern
                                 ate.c"
  1487                           ; Parameters:    Size  Location     Type
  1488                           ;  x               2    0[COMMON] int 
  1489                           ; Auto vars:     Size  Location     Type
  1490                           ;		None
  1491                           ; Return value:  Size  Location     Type
  1492                           ;		None               void
  1493                           ; Registers used:
  1494                           ;		wreg
  1495                           ; Tracked objects:
  1496                           ;		On entry : 0/0
  1497                           ;		On exit  : 0/0
  1498                           ;		Unchanged: 0/0
  1499                           ; Data sizes:     COMMON   BANK0   BANK1   BANK3   BANK2
  1500                           ;      Locals:         2       0       0       0       0
  1501                           ;      Temp:     0
  1502                           ;      Total:    2
  1503                           ; This function calls:
  1504                           ;		Nothing
  1505                           ; This function is called by:
  1506                           ;		_pulse
  1507                           ; This function uses a non-reentrant model
  1508                           ; 
  1509                           psect	text19
  1510                           	file	"C:\Users\gowth\Documents\PIC Programs\LCD\Base Alternate\Base Alternate.c"
  1511                           	line	10
  1512                           	global	__size_of_delay
  1513  0007                     	__size_of_delay	equ	__end_of_delay-_delay
  1514                           ;Base Alternate.c: 9: void delay(int x)
  1515                           ;Base Alternate.c: 10: {
  1516                           	
  1517  072F                     _delay:	
  1518                           	opt stack 3
  1519                           ; Regs used in _delay: [wreg]
  1520                           	line	11
  1521                           	
  1522  072F                     l30000509:	
  1523                           ;Base Alternate.c: 11: x--;
  1524  072F  30FF               	movlw	low(-1)
  1525  0730  07F0               	addwf	(delay@x),f
  1526  0731  1803               	skipnc
  1527  0732  0AF1               	incf	(delay@x+1),f
  1528  0733  30FF               	movlw	high(-1)
  1529  0734  07F1               	addwf	(delay@x+1),f
  1530                           	
  1531  0735                     l1:	
  1532  0735  0008               	return
  1533                           	opt stack 0
  1534                           GLOBAL	__end_of_delay
  1535  0736                     	__end_of_delay:
  1536                           ; =============== function _delay ends ============
  1537                           
  1538                           psect	text20,local,class=CODE,delta=2
  1539                           global __ptext20
  1540  073A                     __ptext20:
  1541                           	line	12
  1542                           	signat	_delay,4216
  1543                           	global	btemp
  1544  007E                     	btemp set 07Eh


HI-TECH Software PICC Macro Assembler V9.70 build 5239 
Symbol Table                                                                                   Wed Mar 22 15:02:21 2023

                   l1 0735                     l2 079C                     l3 0722                     l4 072E  
                   l5 07B9                     pc 0002        __size_of_delay 0007                    _DA 04A5  
                  _BF 04A0                    _DC 0019                    _PD 001B                    _RD 0C60  
                  u10 07B9                    u11 07B8                    _UA 04A1                    _TO 001C  
                  _RW 04A2                    _WR 0C61                    fsr 0004        __size_of_pulse 0019  
                 _C1R 083A                   _C2R 0842                   _CKE 04A6                   _CKP 00A4  
                 _GIE 005F                   _BOR 0470                   _RA0 0028                   _RA1 0029  
                 _RB0 0030                   _RA2 002A                   _RB1 0031                   _RA3 002B  
                 _RC0 0038                   _RB2 0032                   _RA4 002C                   _RC1 0039  
                 _RB3 0033                   _RA5 002D                   _RD0 0040                   _RC2 003A  
                 _RB4 0034                   _RA6 002E                   _RD1 0041                   _RC3 003B  
                 _RB5 0035                   _RA7 002F                   _RE0 0048                   _RD2 0042  
                 _RC4 003C                   _RB6 0036                   _RE1 0049                   _RD3 0043  
                 _RC5 003D                   _RB7 0037                   _RE2 004A                   _RD4 0044  
                 _RC6 003E                   _RE3 004B                   _RD5 0045                   _RC7 003F  
                 _RD6 0046                   _RD7 0047                   _FSR 0004                   _PCL 0002  
                 _PS0 0408                   _PR2 0092                   _PS1 0409                   _PS2 040A  
                 _PEN 048A                   _RP0 001D                   _IRP 001F                   _RP1 001E  
                 _HTS 047A                   _SR0 0C2E                   _SR1 0C2F                   _SEN 0488  
                 _SCS 0478                   _PSA 040B                   _LTS 0479                   _VR0 04B8  
                 _VR1 04B9                   _VR2 04BA                   _VR3 04BB                   _POR 0471  
                 _RX9 00C6                   _SMP 04A7                   _TX9 04C6                   _WUE 0C39  
                 _VRR 04BD                   indf 0000       __size_of_string 001D               ??_delay 0070  
                _C1IE 046D                  _C1IF 006D                  _C2IE 046E                  _C2IF 006E  
                _C1OE 083D                  _C2OE 0845                  _C1ON 083F                  _C2ON 0847  
                _ADIE 0466                  _ADIF 0066                  _ADFM 04FF      __size_of_command 000C  
            __ptext20 073A              __ptext14 073A              __ptext15 079D                  _ADON 00F8  
            __ptext16 0717              __ptext17 0723              __ptext18 0784              __ptext19 072F  
                _P1M0 00BE                  _CHS0 00FA                  _P1M1 00BF                  _CHS1 00FB  
                _CHS2 00FC                  _CHS3 00FD                  _EEIE 046C                  _EEIF 006C  
                _ANS0 0C40                  _BRG0 04C8                  STR_1 070F                  _ANS1 0C41  
                _BRG1 04C9                  _ANS2 0C42                  _BRG2 04CA                  _ANS3 0C43  
                _BRG3 04CB                  _ANS4 0C44                  _BRG4 04CC                  _ANS5 0C45  
                _BRG5 04CD                  _ANS6 0C46                  _GCEN 048F                  _BRG6 04CE  
                _ANS7 0C47                  _BRG7 04CF                  _ANS8 0C48                  _BRG8 04D0  
                _ANS9 0C49                  _BRG9 04D1                  _BRGH 04C2                  _T0IE 005D  
                _T0IF 005A                  _CREN 00C4                  _T0CS 040D                  _FERR 00C2  
                _PDC0 04D8                  _PDC1 04D9                  _PDC2 04DA                  _PDC3 04DB  
                _PDC4 04DC                  _T0SE 040C                  _PDC5 04DD                  _CSRC 04C7  
                _PDC6 04DE                  _IOCB 0096                  _INDF 0000               ??_pulse 0070  
                _PIE1 008C                  _PIE2 008D                  _PEIE 005E                  _INTE 005C  
                _INTF 0059                  _RBIE 005B                  _RBIF 0058                  _RCIE 0465  
                _RCEN 048B                  _RCIF 0065                  _PCON 008E                  _PIR1 000C  
                _PIR2 000D                  _OERR 00C1                  _SCKP 0C3C                  _RBPU 040F  
                _RX9D 00C0                  _TMR0 0001                  _TMR2 0011                  _WCOL 00A7  
                _SPEN 00C7                  _RSEN 0489                  _TX9D 04C0                  _SREN 00C5  
                _OSTS 047B                  _TUN0 0480                  _TUN1 0481                  _TUN2 0482  
                _TUN3 0483                  _TUN4 0484                  _STRA 04E8                  _STRB 04E9  
                _STRC 04EA                  _VREN 04BF                  _STRD 04EB                  _TRMT 04C1  
                _STOP 04A4                  _TXIE 0464                  _ZERO 001A                  _WREN 0C62  
                _TXEN 04C5                  _TXIF 0064                  _VROE 04BE                  _SYNC 04C4  
                _WPUB 0095                  _VRSS 04BC                  _data 0723              data@data 0072  
                _main 07BA                  btemp 007E                  start 0000   start_initialization 0736  
           string@ptr 0074             stringcode 0708               _CM1CON0 0107               _CM2CON0 0108  
             _CCP1CON 0017               _CM2CON1 0109               _CCP2CON 001D               _ACKSTAT 048E  
             _BAUDCTL 0187               _ECCPAS0 04E4               _ECCPAS1 04E5               _ECCPAS2 04E6  
             _ECCPASE 04E7                 _C1CH0 0838                 _C1CH1 0839                 _C2CH0 0840  
               _C2CH1 0841                 _DC1B0 00BC                 _DC1B1 00BD                 _C1SEN 0C2D  
               ?_data 0073                 _C2REN 0C2C                 _C1POL 083C                 _C2POL 0844  
               _C1OUT 083E                 _C2OUT 0846                 _ABDEN 0C38                 _ADCS0 00FE  
               _ADCS1 00FF                 _ADDEN 00C3                 ?_main 0075                 _ACKEN 048C  
               _ACKDT 048D                 _BCLIE 046B                 _BCLIF 006B                 _CCP2X 00ED  
               _CCP2Y 00EC                 _EEADR 010D                 _ANS10 0C4A                 _EEDAT 010C  
               _BRG10 04D2                 _ANS11 0C4B                 _BRG11 04D3                 _ANS12 0C4C  
               _BRG12 04D4                 _ANS13 0C4D                 _BRG13 04D5                 _BRG14 04D6  
               _BRG15 04D7                 _BRG16 0C3B         __end_of_delay 0736                 _CARRY 0018  
               _EEPGD 0C67                 _ANSEL 0188                 _T1CON 0010                 _IOCB0 04B0  
               _T2CON 0012                 _IOCB1 04B1                 _IOCB2 04B2                 _IOCB3 04B3  
               _IOCB4 04B4                 _IOCB5 04B5                 _IOCB6 04B6                 _IOCB7 04B7  
               _T1GSS 0849               _T1CKPS0 0084               _T1CKPS1 0085                 _IRCF0 047C  
               _IRCF1 047D                 _IRCF2 047E               ?_string 0075               _T2CKPS0 0090  
             _T2CKPS1 0091                 _RABIE 005B                 _RABIF 0058                 _RABPU 040F  
     __end_of_command 0723                 _RCIDL 0C3E                 _FVREN 0C28                 _VCFG0 04FC  
               _VCFG1 04FD                 _RCREG 001A                 _SENDB 04C3                 _RCSTA 0018  
            ??_string 0073                 _OSFIE 046F                 _OSFIF 006F                 _TMR1H 000F  
               _TMR1L 000E                 _SPBRG 0099                 _PORTA 0005                 _PORTB 0006  
             _T1OSCEN 0083                 _PORTC 0007                 _PORTD 0008                 _PORTE 0009  
               _PRSEN 04DF                 _SRCON 0185         __end_of_pulse 079D                 _START 04A3  
               _PULSR 0C2A                 _PULSS 0C2B                 _SSPM0 00A0                 _SSPM1 00A1  
               _SSPM2 00A2                 _SSPM3 00A3                 _TRISA 0085                 _TRISB 0086  
               _TRISC 0087                 _TRISD 0088                 _SSPIE 0463                 _TRISE 0089  
               _SSPIF 0063                 _SSPEN 00A5                 _VRCON 0097                 _WPUB0 04A8  
               _WPUB1 04A9                 _WPUB2 04AA                 _WPUB3 04AB                 _WPUB4 04AC  
               _SSPOV 00A6                 _WPUB5 04AD                 _WPUB6 04AE                 _WPUB7 04AF  
               _WRERR 0C63                 _TXREG 0019                 _TXSTA 0098             __pstrings 0700  
      __pcstackCOMMON 0070               _OSCTUNE 0090               _PWM1CON 009B                 _delay 072F  
             _PSTRCON 009D               _SSPCON2 0091                 _pulse 0784               _ULPWUIE 046A  
             _ULPWUIF 006A               _SSPSTAT 0094               _TOUTPS0 0093               _TOUTPS1 0094  
             _TOUTPS2 0095               _TOUTPS3 0096               _STRSYNC 04EC                 pclath 000A  
               status 0003         __size_of_data 000C         __size_of_main 0046              l30000510 0784  
            l30000511 0787              l30000512 0790              l30000520 079F              l30000513 0718  
            l30000521 07AA              l30000514 071B              l30000522 07AE              l30000515 071D  
            l30000523 07BA              l30000516 0724              l30000524 07E4              l30000509 072F  
            l30000517 0727              l30000525 07EA              l30000518 0729              l30000526 07F0  
            l30000519 079E              l30000527 07F6           __stringbase 070E                ??_data 0070  
              ??_main 0071           command@data 0072               _command 0717              ?_command 0073  
          __pmaintext 07BA             ??_command 0070                _C1RSEL 084D                _C2RSEL 084C  
              ?_delay 0070              stringdir 0709                _C2SYNC 0848              stringjmp 070D  
            stringtab 0700                _ADCON0 001F                _ADCON1 009F                _ABDOVF 0C3F  
              _CCP1M0 00B8                _CCP1M1 00B9                _CCP1M2 00BA                _CCP1M3 00BB  
              _CCP2M0 00E8                _CCP2M1 00E9                _CCP2M2 00EA                _CCP2M3 00EB  
              _CCP1IE 0462                _CCP1IF 0062                _CCP2IE 0468                _CCP2IF 0068  
              _ADRESH 001E                _EEADRH 010F                _ADRESL 009E                _EEADRL 010D  
              _EEDATA 010C                _ECCPAS 009C                _CCPR1H 0016                _EEDATH 010E  
              _CCPR2H 001C                _CCPR1L 0015                _CCPR2L 001B                _EECON1 018C  
              _EECON2 018D          __end_of_data 072F                ?_pulse 0072                _ANSELH 0189  
              _MC1OUT 084F                _MC2OUT 084E          __end_of_main 0800                _T1GINV 0087  
              _GODONE 00F9  end_of_initialization 0736                _T1SYNC 0082                _INTEDG 040E  
              _PCLATH 000A                _INTCON 000B                _SBOREN 0474                _OSCCON 008F  
              _TMR1GE 0086                _TMR1IE 0460                _TMR1IF 0060                _TMR1CS 0081  
              _TMR2IE 0461                _TMR2IF 0061                _PSSAC0 04E2                _PSSAC1 04E3  
              _PSSBD0 04E0                _PSSBD1 04E1                _SPBRGH 009A                _OPTION 0081  
              _TMR1ON 0080                _TMR2ON 0092                _WDTCON 0105                _WDTPS0 0829  
              _WDTPS1 082A                _WDTPS2 082B                _WDTPS3 082C                _SSPADD 0093  
              _TRISA0 0428                _TRISA1 0429                _TRISB0 0430                _TRISA2 042A  
              _TRISB1 0431                _TRISA3 042B                _TRISC0 0438                _TRISB2 0432  
              _TRISA4 042C                _TRISC1 0439                _TRISB3 0433                _TRISA5 042D  
              _TRISD0 0440                _TRISC2 043A                _TRISB4 0434                _TRISA6 042E  
              _TRISD1 0441                _TRISC3 043B                _TRISB5 0435                _TRISA7 042F  
              _TRISE0 0448                _TRISD2 0442                _TRISC4 043C                _TRISB6 0436  
              _TRISE1 0449                _TRISD3 0443                _TRISC5 043D                _TRISB7 0437  
              _TRISE2 044A                _TRISD4 0444                _TRISC6 043E                _TRISE3 044B  
              _TRISD5 0445                _TRISC7 043F                _TRISD6 0446                _TRISD7 0447  
              _STATUS 0003                _SSPCON 0014                _SSPBUF 0013                _SWDTEN 0828  
              _ULPWUE 0475                _SSPMSK 0093        __end_of_string 07BA                delay@x 0070  
              _string 079D  
