

HI-TECH Software PIC LITE Macro Assembler V9.70 build 5239 
                                                                                               Tue Apr 04 14:20:43 2023

HI-TECH Software Omniscient Code Generator (Lite mode) build 5239
     1  0000                     opt subtitle "HI-TECH Software Omniscient Code Generator (Lite mode) build 5239"
     2                           
     3                           opt pagewidth 120
     4                           
     5                           	opt lm
     6                           
     7                           	processor	16F887
     8                           clrc	macro
     9                           	bcf	3,0
    10  0000                     	endm
    11                           clrz	macro
    12                           	bcf	3,2
    13  0000                     	endm
    14                           setc	macro
    15                           	bsf	3,0
    16  0000                     	endm
    17                           setz	macro
    18                           	bsf	3,2
    19  0000                     	endm
    20                           skipc	macro
    21                           	btfss	3,0
    22  0000                     	endm
    23                           skipz	macro
    24                           	btfss	3,2
    25  0000                     	endm
    26                           skipnc	macro
    27                           	btfsc	3,0
    28  0000                     	endm
    29                           skipnz	macro
    30                           	btfsc	3,2
    31  0000                     	endm
    32  0000                     indf	equ	0
    33  0000                     indf0	equ	0
    34  0002                     pc	equ	2
    35  0002                     pcl	equ	2
    36  0003                     status	equ	3
    37  0004                     fsr	equ	4
    38  0004                     fsr0	equ	4
    39  0001                     c	equ	1
    40  0000                     z	equ	0
    41  000A                     pclath	equ	10
    42                           	FNROOT	_main
    43                           	global	_a
    44                           	global	_a1
    45                           	global	_b
    46                           	global	_b1
    47                           	global	_c
    48                           	global	_c1
    49                           	global	_count
    50                           	global	_count1
    51                           	global	_ADCON0
    52                           psect	maintext,local,class=CODE,delta=2
    53                           global __pmaintext
    54  078D                     __pmaintext:
    55  001F                     _ADCON0  equ     31
    56                           	global	_ADRESH
    57  001E                     _ADRESH  equ     30
    58                           	global	_CCP1CON
    59  0017                     _CCP1CON  equ     23
    60                           	global	_CCP2CON
    61  001D                     _CCP2CON  equ     29
    62                           	global	_CCPR1H
    63  0016                     _CCPR1H  equ     22
    64                           	global	_CCPR1L
    65  0015                     _CCPR1L  equ     21
    66                           	global	_CCPR2H
    67  001C                     _CCPR2H  equ     28
    68                           	global	_CCPR2L
    69  001B                     _CCPR2L  equ     27
    70                           	global	_FSR
    71  0004                     _FSR  equ     4
    72                           	global	_INDF
    73  0000                     _INDF  equ     0
    74                           	global	_INTCON
    75  000B                     _INTCON  equ     11
    76                           	global	_PCL
    77  0002                     _PCL  equ     2
    78                           	global	_PCLATH
    79  000A                     _PCLATH  equ     10
    80                           	global	_PIR1
    81  000C                     _PIR1  equ     12
    82                           	global	_PIR2
    83  000D                     _PIR2  equ     13
    84                           	global	_PORTA
    85  0005                     _PORTA  equ     5
    86                           	global	_PORTB
    87  0006                     _PORTB  equ     6
    88                           	global	_PORTC
    89  0007                     _PORTC  equ     7
    90                           	global	_PORTD
    91  0008                     _PORTD  equ     8
    92                           	global	_PORTE
    93  0009                     _PORTE  equ     9
    94                           	global	_RCREG
    95  001A                     _RCREG  equ     26
    96                           	global	_RCSTA
    97  0018                     _RCSTA  equ     24
    98                           	global	_SSPBUF
    99  0013                     _SSPBUF  equ     19
   100                           	global	_SSPCON
   101  0014                     _SSPCON  equ     20
   102                           	global	_STATUS
   103  0003                     _STATUS  equ     3
   104                           	global	_T1CON
   105  0010                     _T1CON  equ     16
   106                           	global	_T2CON
   107  0012                     _T2CON  equ     18
   108                           	global	_TMR0
   109  0001                     _TMR0  equ     1
   110                           	global	_TMR1H
   111  000F                     _TMR1H  equ     15
   112                           	global	_TMR1L
   113  000E                     _TMR1L  equ     14
   114                           	global	_TMR2
   115  0011                     _TMR2  equ     17
   116                           	global	_TXREG
   117  0019                     _TXREG  equ     25
   118                           	global	_ADCS0
   119  00FE                     _ADCS0  equ     254
   120                           	global	_ADCS1
   121  00FF                     _ADCS1  equ     255
   122                           	global	_ADDEN
   123  00C3                     _ADDEN  equ     195
   124                           	global	_ADIF
   125  0066                     _ADIF  equ     102
   126                           	global	_ADON
   127  00F8                     _ADON  equ     248
   128                           	global	_BCLIF
   129  006B                     _BCLIF  equ     107
   130                           	global	_C1IF
   131  006D                     _C1IF  equ     109
   132                           	global	_C2IF
   133  006E                     _C2IF  equ     110
   134                           	global	_CARRY
   135  0018                     _CARRY  equ     24
   136                           	global	_CCP1IF
   137  0062                     _CCP1IF  equ     98
   138                           	global	_CCP1M0
   139  00B8                     _CCP1M0  equ     184
   140                           	global	_CCP1M1
   141  00B9                     _CCP1M1  equ     185
   142                           	global	_CCP1M2
   143  00BA                     _CCP1M2  equ     186
   144                           	global	_CCP1M3
   145  00BB                     _CCP1M3  equ     187
   146                           	global	_CCP2IF
   147  0068                     _CCP2IF  equ     104
   148                           	global	_CCP2M0
   149  00E8                     _CCP2M0  equ     232
   150                           	global	_CCP2M1
   151  00E9                     _CCP2M1  equ     233
   152                           	global	_CCP2M2
   153  00EA                     _CCP2M2  equ     234
   154                           	global	_CCP2M3
   155  00EB                     _CCP2M3  equ     235
   156                           	global	_CCP2X
   157  00ED                     _CCP2X  equ     237
   158                           	global	_CCP2Y
   159  00EC                     _CCP2Y  equ     236
   160                           	global	_CHS0
   161  00FA                     _CHS0  equ     250
   162                           	global	_CHS1
   163  00FB                     _CHS1  equ     251
   164                           	global	_CHS2
   165  00FC                     _CHS2  equ     252
   166                           	global	_CHS3
   167  00FD                     _CHS3  equ     253
   168                           	global	_CKP
   169  00A4                     _CKP  equ     164
   170                           	global	_CREN
   171  00C4                     _CREN  equ     196
   172                           	global	_DC
   173  0019                     _DC  equ     25
   174                           	global	_DC1B0
   175  00BC                     _DC1B0  equ     188
   176                           	global	_DC1B1
   177  00BD                     _DC1B1  equ     189
   178                           	global	_EEIF
   179  006C                     _EEIF  equ     108
   180                           	global	_FERR
   181  00C2                     _FERR  equ     194
   182                           	global	_GIE
   183  005F                     _GIE  equ     95
   184                           	global	_GODONE
   185  00F9                     _GODONE  equ     249
   186                           	global	_INTE
   187  005C                     _INTE  equ     92
   188                           	global	_INTF
   189  0059                     _INTF  equ     89
   190                           	global	_IRP
   191  001F                     _IRP  equ     31
   192                           	global	_OERR
   193  00C1                     _OERR  equ     193
   194                           	global	_OSFIF
   195  006F                     _OSFIF  equ     111
   196                           	global	_P1M0
   197  00BE                     _P1M0  equ     190
   198                           	global	_P1M1
   199  00BF                     _P1M1  equ     191
   200                           	global	_PD
   201  001B                     _PD  equ     27
   202                           	global	_PEIE
   203  005E                     _PEIE  equ     94
   204                           	global	_RA0
   205  0028                     _RA0  equ     40
   206                           	global	_RA1
   207  0029                     _RA1  equ     41
   208                           	global	_RA2
   209  002A                     _RA2  equ     42
   210                           	global	_RA3
   211  002B                     _RA3  equ     43
   212                           	global	_RA4
   213  002C                     _RA4  equ     44
   214                           	global	_RA5
   215  002D                     _RA5  equ     45
   216                           	global	_RA6
   217  002E                     _RA6  equ     46
   218                           	global	_RA7
   219  002F                     _RA7  equ     47
   220                           	global	_RABIE
   221  005B                     _RABIE  equ     91
   222                           	global	_RABIF
   223  0058                     _RABIF  equ     88
   224                           	global	_RB0
   225  0030                     _RB0  equ     48
   226                           	global	_RB1
   227  0031                     _RB1  equ     49
   228                           	global	_RB2
   229  0032                     _RB2  equ     50
   230                           	global	_RB3
   231  0033                     _RB3  equ     51
   232                           	global	_RB4
   233  0034                     _RB4  equ     52
   234                           	global	_RB5
   235  0035                     _RB5  equ     53
   236                           	global	_RB6
   237  0036                     _RB6  equ     54
   238                           	global	_RB7
   239  0037                     _RB7  equ     55
   240                           	global	_RBIE
   241  005B                     _RBIE  equ     91
   242                           	global	_RBIF
   243  0058                     _RBIF  equ     88
   244                           	global	_RC0
   245  0038                     _RC0  equ     56
   246                           	global	_RC1
   247  0039                     _RC1  equ     57
   248                           	global	_RC2
   249  003A                     _RC2  equ     58
   250                           	global	_RC3
   251  003B                     _RC3  equ     59
   252                           	global	_RC4
   253  003C                     _RC4  equ     60
   254                           	global	_RC5
   255  003D                     _RC5  equ     61
   256                           	global	_RC6
   257  003E                     _RC6  equ     62
   258                           	global	_RC7
   259  003F                     _RC7  equ     63
   260                           	global	_RCIF
   261  0065                     _RCIF  equ     101
   262                           	global	_RD0
   263  0040                     _RD0  equ     64
   264                           	global	_RD1
   265  0041                     _RD1  equ     65
   266                           	global	_RD2
   267  0042                     _RD2  equ     66
   268                           	global	_RD3
   269  0043                     _RD3  equ     67
   270                           	global	_RD4
   271  0044                     _RD4  equ     68
   272                           	global	_RD5
   273  0045                     _RD5  equ     69
   274                           	global	_RD6
   275  0046                     _RD6  equ     70
   276                           	global	_RD7
   277  0047                     _RD7  equ     71
   278                           	global	_RE0
   279  0048                     _RE0  equ     72
   280                           	global	_RE1
   281  0049                     _RE1  equ     73
   282                           	global	_RE2
   283  004A                     _RE2  equ     74
   284                           	global	_RE3
   285  004B                     _RE3  equ     75
   286                           	global	_RP0
   287  001D                     _RP0  equ     29
   288                           	global	_RP1
   289  001E                     _RP1  equ     30
   290                           	global	_RX9
   291  00C6                     _RX9  equ     198
   292                           	global	_RX9D
   293  00C0                     _RX9D  equ     192
   294                           	global	_SPEN
   295  00C7                     _SPEN  equ     199
   296                           	global	_SREN
   297  00C5                     _SREN  equ     197
   298                           	global	_SSPEN
   299  00A5                     _SSPEN  equ     165
   300                           	global	_SSPIF
   301  0063                     _SSPIF  equ     99
   302                           	global	_SSPM0
   303  00A0                     _SSPM0  equ     160
   304                           	global	_SSPM1
   305  00A1                     _SSPM1  equ     161
   306                           	global	_SSPM2
   307  00A2                     _SSPM2  equ     162
   308                           	global	_SSPM3
   309  00A3                     _SSPM3  equ     163
   310                           	global	_SSPOV
   311  00A6                     _SSPOV  equ     166
   312                           	global	_T0IE
   313  005D                     _T0IE  equ     93
   314                           	global	_T0IF
   315  005A                     _T0IF  equ     90
   316                           	global	_T1CKPS0
   317  0084                     _T1CKPS0  equ     132
   318                           	global	_T1CKPS1
   319  0085                     _T1CKPS1  equ     133
   320                           	global	_T1GINV
   321  0087                     _T1GINV  equ     135
   322                           	global	_T1OSCEN
   323  0083                     _T1OSCEN  equ     131
   324                           	global	_T1SYNC
   325  0082                     _T1SYNC  equ     130
   326                           	global	_T2CKPS0
   327  0090                     _T2CKPS0  equ     144
   328                           	global	_T2CKPS1
   329  0091                     _T2CKPS1  equ     145
   330                           	global	_TMR1CS
   331  0081                     _TMR1CS  equ     129
   332                           	global	_TMR1GE
   333  0086                     _TMR1GE  equ     134
   334                           	global	_TMR1IF
   335  0060                     _TMR1IF  equ     96
   336                           	global	_TMR1ON
   337  0080                     _TMR1ON  equ     128
   338                           	global	_TMR2IF
   339  0061                     _TMR2IF  equ     97
   340                           	global	_TMR2ON
   341  0092                     _TMR2ON  equ     146
   342                           	global	_TO
   343  001C                     _TO  equ     28
   344                           	global	_TOUTPS0
   345  0093                     _TOUTPS0  equ     147
   346                           	global	_TOUTPS1
   347  0094                     _TOUTPS1  equ     148
   348                           	global	_TOUTPS2
   349  0095                     _TOUTPS2  equ     149
   350                           	global	_TOUTPS3
   351  0096                     _TOUTPS3  equ     150
   352                           	global	_TXIF
   353  0064                     _TXIF  equ     100
   354                           	global	_ULPWUIF
   355  006A                     _ULPWUIF  equ     106
   356                           	global	_WCOL
   357  00A7                     _WCOL  equ     167
   358                           	global	_ZERO
   359  001A                     _ZERO  equ     26
   360                           	global	_ADCON1
   361  009F                     _ADCON1  equ     159
   362                           	global	_ADRESL
   363  009E                     _ADRESL  equ     158
   364                           	global	_ECCPAS
   365  009C                     _ECCPAS  equ     156
   366                           	global	_IOCB
   367  0096                     _IOCB  equ     150
   368                           	global	_OPTION
   369  0081                     _OPTION  equ     129
   370                           	global	_OSCCON
   371  008F                     _OSCCON  equ     143
   372                           	global	_OSCTUNE
   373  0090                     _OSCTUNE  equ     144
   374                           	global	_PCON
   375  008E                     _PCON  equ     142
   376                           	global	_PIE1
   377  008C                     _PIE1  equ     140
   378                           	global	_PIE2
   379  008D                     _PIE2  equ     141
   380                           	global	_PR2
   381  0092                     _PR2  equ     146
   382                           	global	_PSTRCON
   383  009D                     _PSTRCON  equ     157
   384                           	global	_PWM1CON
   385  009B                     _PWM1CON  equ     155
   386                           	global	_SPBRG
   387  0099                     _SPBRG  equ     153
   388                           	global	_SPBRGH
   389  009A                     _SPBRGH  equ     154
   390                           	global	_SSPADD
   391  0093                     _SSPADD  equ     147
   392                           	global	_SSPCON2
   393  0091                     _SSPCON2  equ     145
   394                           	global	_SSPMSK
   395  0093                     _SSPMSK  equ     147
   396                           	global	_SSPSTAT
   397  0094                     _SSPSTAT  equ     148
   398                           	global	_TRISA
   399  0085                     _TRISA  equ     133
   400                           	global	_TRISB
   401  0086                     _TRISB  equ     134
   402                           	global	_TRISC
   403  0087                     _TRISC  equ     135
   404                           	global	_TRISD
   405  0088                     _TRISD  equ     136
   406                           	global	_TRISE
   407  0089                     _TRISE  equ     137
   408                           	global	_TXSTA
   409  0098                     _TXSTA  equ     152
   410                           	global	_VRCON
   411  0097                     _VRCON  equ     151
   412                           	global	_WPUB
   413  0095                     _WPUB  equ     149
   414                           	global	_ACKDT
   415  048D                     _ACKDT  equ     1165
   416                           	global	_ACKEN
   417  048C                     _ACKEN  equ     1164
   418                           	global	_ACKSTAT
   419  048E                     _ACKSTAT  equ     1166
   420                           	global	_ADFM
   421  04FF                     _ADFM  equ     1279
   422                           	global	_ADIE
   423  0466                     _ADIE  equ     1126
   424                           	global	_BCLIE
   425  046B                     _BCLIE  equ     1131
   426                           	global	_BF
   427  04A0                     _BF  equ     1184
   428                           	global	_BOR
   429  0470                     _BOR  equ     1136
   430                           	global	_BRG0
   431  04C8                     _BRG0  equ     1224
   432                           	global	_BRG1
   433  04C9                     _BRG1  equ     1225
   434                           	global	_BRG10
   435  04D2                     _BRG10  equ     1234
   436                           	global	_BRG11
   437  04D3                     _BRG11  equ     1235
   438                           	global	_BRG12
   439  04D4                     _BRG12  equ     1236
   440                           	global	_BRG13
   441  04D5                     _BRG13  equ     1237
   442                           	global	_BRG14
   443  04D6                     _BRG14  equ     1238
   444                           	global	_BRG15
   445  04D7                     _BRG15  equ     1239
   446                           	global	_BRG2
   447  04CA                     _BRG2  equ     1226
   448                           	global	_BRG3
   449  04CB                     _BRG3  equ     1227
   450                           	global	_BRG4
   451  04CC                     _BRG4  equ     1228
   452                           	global	_BRG5
   453  04CD                     _BRG5  equ     1229
   454                           	global	_BRG6
   455  04CE                     _BRG6  equ     1230
   456                           	global	_BRG7
   457  04CF                     _BRG7  equ     1231
   458                           	global	_BRG8
   459  04D0                     _BRG8  equ     1232
   460                           	global	_BRG9
   461  04D1                     _BRG9  equ     1233
   462                           	global	_BRGH
   463  04C2                     _BRGH  equ     1218
   464                           	global	_C1IE
   465  046D                     _C1IE  equ     1133
   466                           	global	_C2IE
   467  046E                     _C2IE  equ     1134
   468                           	global	_CCP1IE
   469  0462                     _CCP1IE  equ     1122
   470                           	global	_CCP2IE
   471  0468                     _CCP2IE  equ     1128
   472                           	global	_CKE
   473  04A6                     _CKE  equ     1190
   474                           	global	_CSRC
   475  04C7                     _CSRC  equ     1223
   476                           	global	_DA
   477  04A5                     _DA  equ     1189
   478                           	global	_ECCPAS0
   479  04E4                     _ECCPAS0  equ     1252
   480                           	global	_ECCPAS1
   481  04E5                     _ECCPAS1  equ     1253
   482                           	global	_ECCPAS2
   483  04E6                     _ECCPAS2  equ     1254
   484                           	global	_ECCPASE
   485  04E7                     _ECCPASE  equ     1255
   486                           	global	_EEIE
   487  046C                     _EEIE  equ     1132
   488                           	global	_GCEN
   489  048F                     _GCEN  equ     1167
   490                           	global	_HTS
   491  047A                     _HTS  equ     1146
   492                           	global	_INTEDG
   493  040E                     _INTEDG  equ     1038
   494                           	global	_IOCB0
   495  04B0                     _IOCB0  equ     1200
   496                           	global	_IOCB1
   497  04B1                     _IOCB1  equ     1201
   498                           	global	_IOCB2
   499  04B2                     _IOCB2  equ     1202
   500                           	global	_IOCB3
   501  04B3                     _IOCB3  equ     1203
   502                           	global	_IOCB4
   503  04B4                     _IOCB4  equ     1204
   504                           	global	_IOCB5
   505  04B5                     _IOCB5  equ     1205
   506                           	global	_IOCB6
   507  04B6                     _IOCB6  equ     1206
   508                           	global	_IOCB7
   509  04B7                     _IOCB7  equ     1207
   510                           	global	_IRCF0
   511  047C                     _IRCF0  equ     1148
   512                           	global	_IRCF1
   513  047D                     _IRCF1  equ     1149
   514                           	global	_IRCF2
   515  047E                     _IRCF2  equ     1150
   516                           	global	_LTS
   517  0479                     _LTS  equ     1145
   518                           	global	_OSFIE
   519  046F                     _OSFIE  equ     1135
   520                           	global	_OSTS
   521  047B                     _OSTS  equ     1147
   522                           	global	_PDC0
   523  04D8                     _PDC0  equ     1240
   524                           	global	_PDC1
   525  04D9                     _PDC1  equ     1241
   526                           	global	_PDC2
   527  04DA                     _PDC2  equ     1242
   528                           	global	_PDC3
   529  04DB                     _PDC3  equ     1243
   530                           	global	_PDC4
   531  04DC                     _PDC4  equ     1244
   532                           	global	_PDC5
   533  04DD                     _PDC5  equ     1245
   534                           	global	_PDC6
   535  04DE                     _PDC6  equ     1246
   536                           	global	_PEN
   537  048A                     _PEN  equ     1162
   538                           	global	_POR
   539  0471                     _POR  equ     1137
   540                           	global	_PRSEN
   541  04DF                     _PRSEN  equ     1247
   542                           	global	_PS0
   543  0408                     _PS0  equ     1032
   544                           	global	_PS1
   545  0409                     _PS1  equ     1033
   546                           	global	_PS2
   547  040A                     _PS2  equ     1034
   548                           	global	_PSA
   549  040B                     _PSA  equ     1035
   550                           	global	_PSSAC0
   551  04E2                     _PSSAC0  equ     1250
   552                           	global	_PSSAC1
   553  04E3                     _PSSAC1  equ     1251
   554                           	global	_PSSBD0
   555  04E0                     _PSSBD0  equ     1248
   556                           	global	_PSSBD1
   557  04E1                     _PSSBD1  equ     1249
   558                           	global	_RABPU
   559  040F                     _RABPU  equ     1039
   560                           	global	_RBPU
   561  040F                     _RBPU  equ     1039
   562                           	global	_RCEN
   563  048B                     _RCEN  equ     1163
   564                           	global	_RCIE
   565  0465                     _RCIE  equ     1125
   566                           	global	_RSEN
   567  0489                     _RSEN  equ     1161
   568                           	global	_RW
   569  04A2                     _RW  equ     1186
   570                           	global	_SBOREN
   571  0474                     _SBOREN  equ     1140
   572                           	global	_SCS
   573  0478                     _SCS  equ     1144
   574                           	global	_SEN
   575  0488                     _SEN  equ     1160
   576                           	global	_SENDB
   577  04C3                     _SENDB  equ     1219
   578                           	global	_SMP
   579  04A7                     _SMP  equ     1191
   580                           	global	_SSPIE
   581  0463                     _SSPIE  equ     1123
   582                           	global	_START
   583  04A3                     _START  equ     1187
   584                           	global	_STOP
   585  04A4                     _STOP  equ     1188
   586                           	global	_STRA
   587  04E8                     _STRA  equ     1256
   588                           	global	_STRB
   589  04E9                     _STRB  equ     1257
   590                           	global	_STRC
   591  04EA                     _STRC  equ     1258
   592                           	global	_STRD
   593  04EB                     _STRD  equ     1259
   594                           	global	_STRSYNC
   595  04EC                     _STRSYNC  equ     1260
   596                           	global	_SYNC
   597  04C4                     _SYNC  equ     1220
   598                           	global	_T0CS
   599  040D                     _T0CS  equ     1037
   600                           	global	_T0SE
   601  040C                     _T0SE  equ     1036
   602                           	global	_TMR1IE
   603  0460                     _TMR1IE  equ     1120
   604                           	global	_TMR2IE
   605  0461                     _TMR2IE  equ     1121
   606                           	global	_TRISA0
   607  0428                     _TRISA0  equ     1064
   608                           	global	_TRISA1
   609  0429                     _TRISA1  equ     1065
   610                           	global	_TRISA2
   611  042A                     _TRISA2  equ     1066
   612                           	global	_TRISA3
   613  042B                     _TRISA3  equ     1067
   614                           	global	_TRISA4
   615  042C                     _TRISA4  equ     1068
   616                           	global	_TRISA5
   617  042D                     _TRISA5  equ     1069
   618                           	global	_TRISA6
   619  042E                     _TRISA6  equ     1070
   620                           	global	_TRISA7
   621  042F                     _TRISA7  equ     1071
   622                           	global	_TRISB0
   623  0430                     _TRISB0  equ     1072
   624                           	global	_TRISB1
   625  0431                     _TRISB1  equ     1073
   626                           	global	_TRISB2
   627  0432                     _TRISB2  equ     1074
   628                           	global	_TRISB3
   629  0433                     _TRISB3  equ     1075
   630                           	global	_TRISB4
   631  0434                     _TRISB4  equ     1076
   632                           	global	_TRISB5
   633  0435                     _TRISB5  equ     1077
   634                           	global	_TRISB6
   635  0436                     _TRISB6  equ     1078
   636                           	global	_TRISB7
   637  0437                     _TRISB7  equ     1079
   638                           	global	_TRISC0
   639  0438                     _TRISC0  equ     1080
   640                           	global	_TRISC1
   641  0439                     _TRISC1  equ     1081
   642                           	global	_TRISC2
   643  043A                     _TRISC2  equ     1082
   644                           	global	_TRISC3
   645  043B                     _TRISC3  equ     1083
   646                           	global	_TRISC4
   647  043C                     _TRISC4  equ     1084
   648                           	global	_TRISC5
   649  043D                     _TRISC5  equ     1085
   650                           	global	_TRISC6
   651  043E                     _TRISC6  equ     1086
   652                           	global	_TRISC7
   653  043F                     _TRISC7  equ     1087
   654                           	global	_TRISD0
   655  0440                     _TRISD0  equ     1088
   656                           	global	_TRISD1
   657  0441                     _TRISD1  equ     1089
   658                           	global	_TRISD2
   659  0442                     _TRISD2  equ     1090
   660                           	global	_TRISD3
   661  0443                     _TRISD3  equ     1091
   662                           	global	_TRISD4
   663  0444                     _TRISD4  equ     1092
   664                           	global	_TRISD5
   665  0445                     _TRISD5  equ     1093
   666                           	global	_TRISD6
   667  0446                     _TRISD6  equ     1094
   668                           	global	_TRISD7
   669  0447                     _TRISD7  equ     1095
   670                           	global	_TRISE0
   671  0448                     _TRISE0  equ     1096
   672                           	global	_TRISE1
   673  0449                     _TRISE1  equ     1097
   674                           	global	_TRISE2
   675  044A                     _TRISE2  equ     1098
   676                           	global	_TRISE3
   677  044B                     _TRISE3  equ     1099
   678                           	global	_TRMT
   679  04C1                     _TRMT  equ     1217
   680                           	global	_TUN0
   681  0480                     _TUN0  equ     1152
   682                           	global	_TUN1
   683  0481                     _TUN1  equ     1153
   684                           	global	_TUN2
   685  0482                     _TUN2  equ     1154
   686                           	global	_TUN3
   687  0483                     _TUN3  equ     1155
   688                           	global	_TUN4
   689  0484                     _TUN4  equ     1156
   690                           	global	_TX9
   691  04C6                     _TX9  equ     1222
   692                           	global	_TX9D
   693  04C0                     _TX9D  equ     1216
   694                           	global	_TXEN
   695  04C5                     _TXEN  equ     1221
   696                           	global	_TXIE
   697  0464                     _TXIE  equ     1124
   698                           	global	_UA
   699  04A1                     _UA  equ     1185
   700                           	global	_ULPWUE
   701  0475                     _ULPWUE  equ     1141
   702                           	global	_ULPWUIE
   703  046A                     _ULPWUIE  equ     1130
   704                           	global	_VCFG0
   705  04FC                     _VCFG0  equ     1276
   706                           	global	_VCFG1
   707  04FD                     _VCFG1  equ     1277
   708                           	global	_VR0
   709  04B8                     _VR0  equ     1208
   710                           	global	_VR1
   711  04B9                     _VR1  equ     1209
   712                           	global	_VR2
   713  04BA                     _VR2  equ     1210
   714                           	global	_VR3
   715  04BB                     _VR3  equ     1211
   716                           	global	_VREN
   717  04BF                     _VREN  equ     1215
   718                           	global	_VROE
   719  04BE                     _VROE  equ     1214
   720                           	global	_VRR
   721  04BD                     _VRR  equ     1213
   722                           	global	_VRSS
   723  04BC                     _VRSS  equ     1212
   724                           	global	_WPUB0
   725  04A8                     _WPUB0  equ     1192
   726                           	global	_WPUB1
   727  04A9                     _WPUB1  equ     1193
   728                           	global	_WPUB2
   729  04AA                     _WPUB2  equ     1194
   730                           	global	_WPUB3
   731  04AB                     _WPUB3  equ     1195
   732+                          	global	_WPUB4
   733+ 04AC                     _WPUB4  equ     1196
   734+                          	global	_WPUB5
   735+ 04AD                     _WPUB5  equ     1197
   736                           	global	_WPUB6
   737  04AE                     _WPUB6  equ     1198
   738                           	global	_WPUB7
   739  04AF                     _WPUB7  equ     1199
   740                           	global	_CM1CON0
   741  0107                     _CM1CON0  equ     263
   742                           	global	_CM2CON0
   743  0108                     _CM2CON0  equ     264
   744                           	global	_CM2CON1
   745  0109                     _CM2CON1  equ     265
   746                           	global	_EEADR
   747  010D                     _EEADR  equ     269
   748                           	global	_EEADRH
   749  010F                     _EEADRH  equ     271
   750                           	global	_EEADRL
   751  010D                     _EEADRL  equ     269
   752                           	global	_EEDAT
   753  010C                     _EEDAT  equ     268
   754                           	global	_EEDATA
   755  010C                     _EEDATA  equ     268
   756                           	global	_EEDATH
   757  010E                     _EEDATH  equ     270
   758                           	global	_WDTCON
   759  0105                     _WDTCON  equ     261
   760                           	global	_C1CH0
   761  0838                     _C1CH0  equ     2104
   762                           	global	_C1CH1
   763  0839                     _C1CH1  equ     2105
   764                           	global	_C1OE
   765  083D                     _C1OE  equ     2109
   766                           	global	_C1ON
   767  083F                     _C1ON  equ     2111
   768                           	global	_C1OUT
   769  083E                     _C1OUT  equ     2110
   770                           	global	_C1POL
   771  083C                     _C1POL  equ     2108
   772                           	global	_C1R
   773  083A                     _C1R  equ     2106
   774                           	global	_C1RSEL
   775  084D                     _C1RSEL  equ     2125
   776                           	global	_C2CH0
   777  0840                     _C2CH0  equ     2112
   778                           	global	_C2CH1
   779  0841                     _C2CH1  equ     2113
   780                           	global	_C2OE
   781  0845                     _C2OE  equ     2117
   782                           	global	_C2ON
   783  0847                     _C2ON  equ     2119
   784                           	global	_C2OUT
   785  0846                     _C2OUT  equ     2118
   786                           	global	_C2POL
   787  0844                     _C2POL  equ     2116
   788                           	global	_C2R
   789  0842                     _C2R  equ     2114
   790                           	global	_C2RSEL
   791  084C                     _C2RSEL  equ     2124
   792                           	global	_C2SYNC
   793  0848                     _C2SYNC  equ     2120
   794                           	global	_MC1OUT
   795  084F                     _MC1OUT  equ     2127
   796                           	global	_MC2OUT
   797  084E                     _MC2OUT  equ     2126
   798                           	global	_SWDTEN
   799  0828                     _SWDTEN  equ     2088
   800                           	global	_T1GSS
   801  0849                     _T1GSS  equ     2121
   802                           	global	_WDTPS0
   803  0829                     _WDTPS0  equ     2089
   804                           	global	_WDTPS1
   805  082A                     _WDTPS1  equ     2090
   806                           	global	_WDTPS2
   807  082B                     _WDTPS2  equ     2091
   808                           	global	_WDTPS3
   809  082C                     _WDTPS3  equ     2092
   810                           	global	_ANSEL
   811  0188                     _ANSEL  equ     392
   812                           	global	_ANSELH
   813  0189                     _ANSELH  equ     393
   814                           	global	_BAUDCTL
   815  0187                     _BAUDCTL  equ     391
   816                           	global	_EECON1
   817  018C                     _EECON1  equ     396
   818                           	global	_EECON2
   819  018D                     _EECON2  equ     397
   820                           	global	_SRCON
   821  0185                     _SRCON  equ     389
   822                           	global	_ABDEN
   823  0C38                     _ABDEN  equ     3128
   824                           	global	_ABDOVF
   825  0C3F                     _ABDOVF  equ     3135
   826                           	global	_ANS0
   827  0C40                     _ANS0  equ     3136
   828                           	global	_ANS1
   829  0C41                     _ANS1  equ     3137
   830                           	global	_ANS10
   831  0C4A                     _ANS10  equ     3146
   832                           	global	_ANS11
   833  0C4B                     _ANS11  equ     3147
   834                           	global	_ANS12
   835  0C4C                     _ANS12  equ     3148
   836                           	global	_ANS13
   837  0C4D                     _ANS13  equ     3149
   838                           	global	_ANS2
   839  0C42                     _ANS2  equ     3138
   840                           	global	_ANS3
   841  0C43                     _ANS3  equ     3139
   842                           	global	_ANS4
   843  0C44                     _ANS4  equ     3140
   844                           	global	_ANS5
   845  0C45                     _ANS5  equ     3141
   846                           	global	_ANS6
   847  0C46                     _ANS6  equ     3142
   848                           	global	_ANS7
   849  0C47                     _ANS7  equ     3143
   850                           	global	_ANS8
   851  0C48                     _ANS8  equ     3144
   852                           	global	_ANS9
   853  0C49                     _ANS9  equ     3145
   854                           	global	_BRG16
   855  0C3B                     _BRG16  equ     3131
   856                           	global	_C1SEN
   857  0C2D                     _C1SEN  equ     3117
   858                           	global	_C2REN
   859  0C2C                     _C2REN  equ     3116
   860                           	global	_EEPGD
   861  0C67                     _EEPGD  equ     3175
   862                           	global	_FVREN
   863  0C28                     _FVREN  equ     3112
   864                           	global	_PULSR
   865  0C2A                     _PULSR  equ     3114
   866                           	global	_PULSS
   867  0C2B                     _PULSS  equ     3115
   868                           	global	_RCIDL
   869  0C3E                     _RCIDL  equ     3134
   870                           	global	_RD
   871  0C60                     _RD  equ     3168
   872                           	global	_SCKP
   873  0C3C                     _SCKP  equ     3132
   874                           	global	_SR0
   875  0C2E                     _SR0  equ     3118
   876                           	global	_SR1
   877  0C2F                     _SR1  equ     3119
   878                           	global	_WR
   879  0C61                     _WR  equ     3169
   880                           	global	_WREN
   881  0C62                     _WREN  equ     3170
   882                           	global	_WRERR
   883  0C63                     _WRERR  equ     3171
   884                           	global	_WUE
   885  0C39                     _WUE  equ     3129
   886                           	file	"Traffic 2 way.as"
   887                           	line	#
   888                           psect cinit,class=CODE,delta=2
   889                           global start_initialization
   890  0779                     start_initialization:
   891                           
   892                           psect	bssCOMMON,class=COMMON,space=1
   893                           global __pbssCOMMON
   894  0070                     __pbssCOMMON:
   895  0070                     _a:
   896  0070                            ds      2
   897                           
   898  0072                     _a1:
   899  0072                            ds      2
   900                           
   901  0074                     _b:
   902  0074                            ds      2
   903                           
   904  0076                     _b1:
   905  0076                            ds      2
   906                           
   907  0078                     _c:
   908  0078                            ds      2
   909                           
   910  007A                     _c1:
   911  007A                            ds      2
   912                           
   913  007C                     _count:
   914  007C                            ds      2
   915                           
   916                           psect	bssBANK0,class=BANK0,space=1
   917                           global __pbssBANK0
   918  0020                     __pbssBANK0:
   919  0020                     _count1:
   920  0020                            ds      2
   921                           
   922                           ; Clear objects allocated to COMMON
   923                           psect cinit,class=CODE,delta=2
   924  0779  01F0               	clrf	((__pbssCOMMON)+0)&07Fh
   925  077A  01F1               	clrf	((__pbssCOMMON)+1)&07Fh
   926  077B  01F2               	clrf	((__pbssCOMMON)+2)&07Fh
   927  077C  01F3               	clrf	((__pbssCOMMON)+3)&07Fh
   928  077D  01F4               	clrf	((__pbssCOMMON)+4)&07Fh
   929  077E  01F5               	clrf	((__pbssCOMMON)+5)&07Fh
   930  077F  01F6               	clrf	((__pbssCOMMON)+6)&07Fh
   931  0780  01F7               	clrf	((__pbssCOMMON)+7)&07Fh
   932  0781  01F8               	clrf	((__pbssCOMMON)+8)&07Fh
   933  0782  01F9               	clrf	((__pbssCOMMON)+9)&07Fh
   934  0783  01FA               	clrf	((__pbssCOMMON)+10)&07Fh
   935  0784  01FB               	clrf	((__pbssCOMMON)+11)&07Fh
   936  0785  01FC               	clrf	((__pbssCOMMON)+12)&07Fh
   937  0786  01FD               	clrf	((__pbssCOMMON)+13)&07Fh
   938+                          ; Clear objects allocated to BANK0
   939+                          psect cinit,class=CODE,delta=2
   940+ 0787  01A0               	clrf	((__pbssBANK0)+0)&07Fh
   941  0788  01A1               	clrf	((__pbssBANK0)+1)&07Fh
   942                           psect cinit,class=CODE,delta=2
   943                           global end_of_initialization
   944                           
   945                           ;End of C runtime variable initationation code
   946                           
   947  0789                     end_of_initialization:
   948  0789  0183               clrf status
   949  078A  120A  118A  2F8D   ljmp _main	;jump to C main() function
   950                           psect	cstackCOMMON,class=COMMON,space=1
   951                           global __pcstackCOMMON
   952  007E                     __pcstackCOMMON:
   953                           	global	??_main
   954  007E                     ??_main: ;@ 0x0
   955                           	global	?_main
   956  007E                     ?_main: ;@ 0x0
   957                           ;Data sizes: Strings 0, constant 0, data 0, bss 16, persistent 0 stack 0
   958                           ;Auto spaces:   Size  Autos    Used
   959                           ; COMMON          14      0      14
   960                           ; BANK0           80      0       2
   961                           ; BANK1           80      0       0
   962                           ; BANK3           96      0       0
   963                           ; BANK2           96      0       0
   964                           
   965                           
   966                           ;Pointer list with targets:
   967                           
   968                           
   969                           
   970                           ;Main: autosize = 0, tempsize = 0, incstack = 0, save=0
   971                           
   972                           
   973                           ;Call graph:                      Base Space Used Autos Args Refs Density
   974                           ;_main                                                0    0    0   0.00
   975                           ; Estimated maximum call depth 0
   976                           ; Address spaces:
   977                           
   978                           ;Name               Size   Autos  Total    Cost      Usage
   979                           ;BITCOMMON            E      0       0       0        0.0%
   980                           ;CODE                 0      0       0       0        0.0%
   981                           ;NULL                 0      0       0       0        0.0%
   982                           ;COMMON               E      0       E       1      100.0%
   983                           ;SFR0                 0      0       0       1        0.0%
   984                           ;BITSFR0              0      0       0       1        0.0%
   985                           ;BITSFR1              0      0       0       2        0.0%
   986                           ;SFR1                 0      0       0       2        0.0%
   987                           ;ABS                  0      0      10       2        0.0%
   988                           ;STACK                0      0       0       3        0.0%
   989                           ;BITBANK0            50      0       0       4        0.0%
   990                           ;SFR3                 0      0       0       4        0.0%
   991                           ;BITSFR3              0      0       0       4        0.0%
   992                           ;BANK0               50      0       2       5        2.5%
   993                           ;BITSFR2              0      0       0       5        0.0%
   994                           ;SFR2                 0      0       0       5        0.0%
   995                           ;BITBANK1            50      0       0       6        0.0%
   996                           ;BANK1               50      0       0       7        0.0%
   997                           ;BITBANK3            60      0       0       8        0.0%
   998                           ;BANK3               60      0       0       9        0.0%
   999                           ;BITBANK2            60      0       0      10        0.0%
  1000                           ;BANK2               60      0       0      11        0.0%
  1001                           ;DATA                 0      0      10      12        0.0%
  1002                           ;EEDATA             100      0       0    1000        0.0%
  1003                           
  1004                           	global	_main
  1005                           psect	maintext
  1006                           
  1007                           ; *************** function _main *****************
  1008                           ; Defined at:
  1009                           ;		line 11 in file "C:\Users\gowth\Documents\PIC Programs\Timer\Timer1\Traffic 2 way\Tra
                                 ffic 2 way.c"
  1010                           ; Parameters:    Size  Location     Type
  1011                           ;		None
  1012                           ; Auto vars:     Size  Location     Type
  1013                           ;		None
  1014                           ; Return value:  Size  Location     Type
  1015                           ;		None               void
  1016                           ; Registers used:
  1017                           ;		wreg, status,2, status,0
  1018                           ; Tracked objects:
  1019                           ;		On entry : 17F/0
  1020                           ;		On exit  : 0/0
  1021                           ;		Unchanged: 0/0
  1022                           ; Data sizes:     COMMON   BANK0   BANK1   BANK3   BANK2
  1023                           ;      Locals:         0       0       0       0       0
  1024                           ;      Temp:     0
  1025                           ;      Total:    0
  1026                           ; This function calls:
  1027                           ;		Nothing
  1028                           ; This function is called by:
  1029                           ;		Startup code after reset
  1030                           ; This function uses a non-reentrant model
  1031                           ; 
  1032                           psect	maintext
  1033                           	file	"C:\Users\gowth\Documents\PIC Programs\Timer\Timer1\Traffic 2 way\Traffic 2 way.c"
  1034                           	line	11
  1035                           	global	__size_of_main
  1036  0073                     	__size_of_main	equ	__end_of_main-_main
  1037                           ;pic16f887.h: 19: volatile unsigned char INDF @ 0x000;
  1038                           ;pic16f887.h: 20: volatile unsigned char TMR0 @ 0x001;
  1039                           ;pic16f887.h: 21: volatile unsigned char PCL @ 0x002;
  1040                           ;pic16f887.h: 22: volatile unsigned char STATUS @ 0x003;
  1041                           ;pic16f887.h: 23: unsigned char FSR @ 0x004;
  1042                           ;pic16f887.h: 24: volatile unsigned char PORTA @ 0x005;
  1043                           ;pic16f887.h: 25: volatile unsigned char PORTB @ 0x006;
  1044                           ;pic16f887.h: 26: volatile unsigned char PORTC @ 0x007;
  1045                           ;pic16f887.h: 28: volatile unsigned char PORTD @ 0x008;
  1046                           ;pic16f887.h: 30: volatile unsigned char PORTE @ 0x009;
  1047                           	
  1048  078D                     _main:	
  1049                           	opt stack 8
  1050                           ; Regs used in _main: [wreg+status,2+status,0]
  1051                           	line	12
  1052                           	
  1053  078D                     l30000512:	
  1054                           ;Traffic 2 way.c: 12: TRISD=0X00; PORTD=0X00; ANSEL=0; ANSELH=0;
  1055  078D  1003               	clrc
  1056  078E  3000               	movlw	0
  1057  078F  1803               	btfsc	status,0
  1058  0790  3001               	movlw	1
  1059  0791  1683               	bsf	status, 5	;RP0=1, select bank1
  1060  0792  1303               	bcf	status, 6	;RP1=0, select bank1
  1061  0793  0088               	movwf	(136)^080h	;volatile
  1062  0794  1003               	clrc
  1063  0795  3000               	movlw	0
  1064  0796  1803               	btfsc	status,0
  1065  0797  3001               	movlw	1
  1066  0798  1283               	bcf	status, 5	;RP0=0, select bank0
  1067  0799  1303               	bcf	status, 6	;RP1=0, select bank0
  1068  079A  0088               	movwf	(8)	;volatile
  1069  079B  1003               	clrc
  1070  079C  3000               	movlw	0
  1071  079D  1803               	btfsc	status,0
  1072  079E  3001               	movlw	1
  1073  079F  1683               	bsf	status, 5	;RP0=1, select bank3
  1074  07A0  1703               	bsf	status, 6	;RP1=1, select bank3
  1075  07A1  0088               	movwf	(392)^0180h
  1076  07A2  1003               	clrc
  1077  07A3  3000               	movlw	0
  1078  07A4  1803               	btfsc	status,0
  1079  07A5  3001               	movlw	1
  1080  07A6  0089               	movwf	(393)^0180h
  1081                           	line	13
  1082                           ;Traffic 2 way.c: 13: TRISB=0X00; PORTB=0X00;
  1083  07A7  1003               	clrc
  1084  07A8  3000               	movlw	0
  1085  07A9  1803               	btfsc	status,0
  1086  07AA  3001               	movlw	1
  1087  07AB  1683               	bsf	status, 5	;RP0=1, select bank1
  1088  07AC  1303               	bcf	status, 6	;RP1=0, select bank1
  1089  07AD  0086               	movwf	(134)^080h	;volatile
  1090  07AE  1003               	clrc
  1091  07AF  3000               	movlw	0
  1092  07B0  1803               	btfsc	status,0
  1093  07B1  3001               	movlw	1
  1094  07B2  1283               	bcf	status, 5	;RP0=0, select bank0
  1095  07B3  1303               	bcf	status, 6	;RP1=0, select bank0
  1096  07B4  0086               	movwf	(6)	;volatile
  1097                           	
  1098  07B5                     l30000513:	
  1099                           	line	15
  1100                           ;Traffic 2 way.c: 15: T1CON=0X39;
  1101  07B5  3039               	movlw	(039h)
  1102  07B6  0090               	movwf	(16)
  1103                           	
  1104  07B7                     l30000514:	
  1105                           	line	17
  1106                           ;Traffic 2 way.c: 17: TMR1L=0XDC;
  1107  07B7  30DC               	movlw	(0DCh)
  1108  07B8  008E               	movwf	(14)	;volatile
  1109                           	
  1110  07B9                     l30000515:	
  1111                           	line	18
  1112                           ;Traffic 2 way.c: 18: TMR1H=0X0B;
  1113  07B9  300B               	movlw	(0Bh)
  1114  07BA  008F               	movwf	(15)	;volatile
  1115                           	
  1116  07BB                     l30000516:	
  1117                           	line	23
  1118                           ;Traffic 2 way.c: 21: {
  1119                           ;Traffic 2 way.c: 23: if(TMR1IF==1)
  1120  07BB  1C0C               	btfss	(96/8),(96)&7
  1121  07BC  2FBE               	goto	u11
  1122  07BD  2FBF               	goto	u10
  1123  07BE                     u11:
  1124  07BE  2FCA               	goto	l30000519
  1125  07BF                     u10:
  1126                           	
  1127  07BF                     l30000517:	
  1128                           	line	25
  1129                           ;Traffic 2 way.c: 24: {
  1130                           ;Traffic 2 way.c: 25: count++;
  1131  07BF  3001               	movlw	low(01h)
  1132  07C0  07FC               	addwf	(_count),f
  1133  07C1  1803               	skipnc
  1134  07C2  0AFD               	incf	(_count+1),f
  1135  07C3  3000               	movlw	high(01h)
  1136  07C4  07FD               	addwf	(_count+1),f
  1137                           	
  1138  07C5                     l30000518:	
  1139                           	line	26
  1140                           ;Traffic 2 way.c: 26: TMR1IF=0;
  1141  07C5  100C               	bcf	(96/8),(96)&7
  1142                           	line	27
  1143                           ;Traffic 2 way.c: 27: TMR1L=0XDC;
  1144  07C6  30DC               	movlw	(0DCh)
  1145  07C7  008E               	movwf	(14)	;volatile
  1146                           	line	28
  1147                           ;Traffic 2 way.c: 28: TMR1H=0X0B;
  1148  07C8  300B               	movlw	(0Bh)
  1149  07C9  008F               	movwf	(15)	;volatile
  1150                           	
  1151  07CA                     l30000519:	
  1152                           	line	31
  1153                           ;Traffic 2 way.c: 29: }
  1154                           ;Traffic 2 way.c: 31: if(count==0)
  1155  07CA  087D               	movf	((_count+1)),w
  1156  07CB  047C               	iorwf	((_count)),w
  1157  07CC  1D03               	skipz
  1158  07CD  2FCF               	goto	u21
  1159  07CE  2FD0               	goto	u20
  1160  07CF                     u21:
  1161  07CF  2FD2               	goto	l30000521
  1162  07D0                     u20:
  1163                           	
  1164  07D0                     l30000520:	
  1165                           	line	33
  1166                           ;Traffic 2 way.c: 32: {
  1167                           ;Traffic 2 way.c: 33: RB0=1;
  1168  07D0  1406               	bsf	(48/8),(48)&7
  1169                           	line	34
  1170                           ;Traffic 2 way.c: 34: RD2=1;
  1171  07D1  1508               	bsf	(66/8),(66)&7
  1172                           	
  1173  07D2                     l30000521:	
  1174                           	line	37
  1175                           ;Traffic 2 way.c: 35: }
  1176                           ;Traffic 2 way.c: 37: if(count==6)
  1177  07D2  3006               	movlw	06h
  1178  07D3  067C               	xorwf	(_count),w
  1179  07D4  047D               	iorwf	(_count+1),w
  1180  07D5  1D03               	skipz
  1181  07D6  2FD8               	goto	u31
  1182  07D7  2FD9               	goto	u30
  1183  07D8                     u31:
  1184  07D8  2FDB               	goto	l30000523
  1185  07D9                     u30:
  1186                           	
  1187  07D9                     l30000522:	
  1188                           	line	39
  1189                           ;Traffic 2 way.c: 38: {
  1190                           ;Traffic 2 way.c: 39: RD1=1;
  1191  07D9  1488               	bsf	(65/8),(65)&7
  1192                           	line	40
  1193                           ;Traffic 2 way.c: 40: RD2=0;
  1194  07DA  1108               	bcf	(66/8),(66)&7
  1195                           	
  1196  07DB                     l30000523:	
  1197                           	line	43
  1198                           ;Traffic 2 way.c: 41: }
  1199                           ;Traffic 2 way.c: 43: if(count==8)
  1200  07DB  3008               	movlw	08h
  1201  07DC  067C               	xorwf	(_count),w
  1202  07DD  047D               	iorwf	(_count+1),w
  1203  07DE  1D03               	skipz
  1204  07DF  2FE1               	goto	u41
  1205  07E0  2FE2               	goto	u40
  1206  07E1                     u41:
  1207  07E1  2FE6               	goto	l30000525
  1208  07E2                     u40:
  1209                           	
  1210  07E2                     l30000524:	
  1211                           	line	45
  1212                           ;Traffic 2 way.c: 44: {
  1213                           ;Traffic 2 way.c: 45: RB0=0;
  1214  07E2  1006               	bcf	(48/8),(48)&7
  1215                           	line	46
  1216                           ;Traffic 2 way.c: 46: RB2=1;
  1217  07E3  1506               	bsf	(50/8),(50)&7
  1218                           	line	47
  1219                           ;Traffic 2 way.c: 47: RD0=1;
  1220  07E4  1408               	bsf	(64/8),(64)&7
  1221                           	line	48
  1222                           ;Traffic 2 way.c: 48: RD1=0;
  1223  07E5  1088               	bcf	(65/8),(65)&7
  1224                           	
  1225  07E6                     l30000525:	
  1226                           	line	51
  1227                           ;Traffic 2 way.c: 49: }
  1228                           ;Traffic 2 way.c: 51: if(count==14)
  1229  07E6  300E               	movlw	0Eh
  1230  07E7  067C               	xorwf	(_count),w
  1231  07E8  047D               	iorwf	(_count+1),w
  1232  07E9  1D03               	skipz
  1233  07EA  2FEC               	goto	u51
  1234  07EB  2FED               	goto	u50
  1235  07EC                     u51:
  1236  07EC  2FEF               	goto	l30000527
  1237  07ED                     u50:
  1238                           	
  1239  07ED                     l30000526:	
  1240                           	line	53
  1241                           ;Traffic 2 way.c: 52: {
  1242                           ;Traffic 2 way.c: 53: RB2=0;
  1243  07ED  1106               	bcf	(50/8),(50)&7
  1244                           	line	54
  1245                           ;Traffic 2 way.c: 54: RB1=1;
  1246  07EE  1486               	bsf	(49/8),(49)&7
  1247                           	
  1248  07EF                     l30000527:	
  1249                           	line	57
  1250                           ;Traffic 2 way.c: 55: }
  1251                           ;Traffic 2 way.c: 57: if(count==16)
  1252  07EF  3010               	movlw	010h
  1253  07F0  067C               	xorwf	(_count),w
  1254  07F1  047D               	iorwf	(_count+1),w
  1255  07F2  1D03               	skipz
  1256  07F3  2FF5               	goto	u61
  1257  07F4  2FF6               	goto	u60
  1258+ 07F5                     u61:
  1259  07F5  2FBB               	goto	l30000516
  1260  07F6                     u60:
  1261                           	
  1262  07F6                     l30000528:	
  1263                           	line	59
  1264                           ;Traffic 2 way.c: 58: {
  1265                           ;Traffic 2 way.c: 59: RD0=0;
  1266  07F6  1008               	bcf	(64/8),(64)&7
  1267                           	line	60
  1268                           ;Traffic 2 way.c: 60: RB1=0;
  1269  07F7  1086               	bcf	(49/8),(49)&7
  1270                           	
  1271  07F8                     l30000529:	
  1272                           	line	61
  1273                           ;Traffic 2 way.c: 61: count=0;
  1274  07F8  3000               	movlw	low(0)
  1275  07F9  00FC               	movwf	(_count)
  1276  07FA  3000               	movlw	high(0)
  1277  07FB  00FD               	movwf	((_count))+1
  1278  07FC  2FBB               	goto	l30000516
  1279                           	global	start
  1280  07FD  120A  118A  2800   	ljmp	start
  1281                           	opt stack 0
  1282                           GLOBAL	__end_of_main
  1283  0800                     	__end_of_main:


HI-TECH Software PICC Macro Assembler V9.70 build 5239 
Symbol Table                                                                                   Tue Apr 04 14:20:43 2023

                   _a 0070                     _b 0074                     _c 0078                    _DA 04A5  
                  _BF 04A0                    _DC 0019                    _PD 001B                    _RD 0C60  
                  u10 07BF                    u11 07BE                    _UA 04A1                    u20 07D0  
                  u21 07CF                    u30 07D9                    u31 07D8                    u40 07E2  
                  u41 07E1                    u50 07ED                    u51 07EC                    _a1 0072  
                  u60 07F6                    u61 07F5                    _b1 0076                    _TO 001C  
                  _c1 007A                    _RW 04A2                    _WR 0C61           __pbssCOMMON 0070  
                 _C1R 083A                   _C2R 0842                   _CKE 04A6                   _CKP 00A4  
                 _GIE 005F                   _BOR 0470                   _RA0 0028                   _RA1 0029  
                 _RB0 0030                   _RA2 002A                   _RB1 0031                   _RA3 002B  
                 _RC0 0038                   _RB2 0032                   _RA4 002C                   _RC1 0039  
                 _RB3 0033                   _RA5 002D                   _RD0 0040                   _RC2 003A  
                 _RB4 0034                   _RA6 002E                   _RD1 0041                   _RC3 003B  
                 _RB5 0035                   _RA7 002F                   _RE0 0048                   _RD2 0042  
                 _RC4 003C                   _RB6 0036                   _RE1 0049                   _RD3 0043  
                 _RC5 003D                   _RB7 0037                   _RE2 004A                   _RD4 0044  
                 _RC6 003E                   _RE3 004B                   _RD5 0045                   _RC7 003F  
                 _RD6 0046                   _RD7 0047                   _FSR 0004                   _PCL 0002  
                 _PS0 0408                   _PR2 0092                   _PS1 0409                   _PS2 040A  
                 _PEN 048A                   _RP0 001D                   _IRP 001F                   _RP1 001E  
                 _HTS 047A                   _SR0 0C2E                   _SR1 0C2F                   _SEN 0488  
                 _SCS 0478                   _PSA 040B                   _LTS 0479                   _VR0 04B8  
                 _VR1 04B9                   _VR2 04BA                   _VR3 04BB                   _POR 0471  
                 _RX9 00C6                   _SMP 04A7                   _TX9 04C6                   _WUE 0C39  
                 _VRR 04BD                  _C1IE 046D                  _C1IF 006D                  _C2IE 046E  
                _C2IF 006E                  _C1OE 083D                  _C2OE 0845                  _C1ON 083F  
                _C2ON 0847                  _ADIE 0466                  _ADIF 0066                  _ADFM 04FF  
                _ADON 00F8                  _P1M0 00BE                  _CHS0 00FA                  _P1M1 00BF  
                _CHS1 00FB                  _CHS2 00FC                  _CHS3 00FD                  _EEIE 046C  
                _EEIF 006C                  _ANS0 0C40                  _BRG0 04C8                  _ANS1 0C41  
                _BRG1 04C9                  _ANS2 0C42                  _BRG2 04CA                  _ANS3 0C43  
                _BRG3 04CB                  _ANS4 0C44                  _BRG4 04CC                  _ANS5 0C45  
                _BRG5 04CD                  _ANS6 0C46                  _GCEN 048F                  _BRG6 04CE  
                _ANS7 0C47                  _BRG7 04CF                  _ANS8 0C48                  _BRG8 04D0  
                _ANS9 0C49                  _BRG9 04D1                  _BRGH 04C2                  _T0IE 005D  
                _T0IF 005A                  _CREN 00C4                  _T0CS 040D                  _FERR 00C2  
                _PDC0 04D8                  _PDC1 04D9                  _PDC2 04DA                  _PDC3 04DB  
                _PDC4 04DC                  _T0SE 040C                  _PDC5 04DD                  _CSRC 04C7  
                _PDC6 04DE                  _IOCB 0096                  _INDF 0000                  _PIE1 008C  
                _PIE2 008D                  _PEIE 005E                  _INTE 005C                  _INTF 0059  
                _RBIE 005B                  _RBIF 0058                  _RCIE 0465                  _RCEN 048B  
                _RCIF 0065                  _PCON 008E                  _PIR1 000C                  _PIR2 000D  
                _OERR 00C1                  _SCKP 0C3C                  _RBPU 040F                  _RX9D 00C0  
                _TMR0 0001                  _TMR2 0011                  _WCOL 00A7                  _SPEN 00C7  
                _RSEN 0489                  _TX9D 04C0                  _SREN 00C5                  _OSTS 047B  
                _TUN0 0480                  _TUN1 0481                  _TUN2 0482                  _TUN3 0483  
                _TUN4 0484                  _STRA 04E8                  _STRB 04E9                  _STRC 04EA  
                _VREN 04BF                  _STRD 04EB                  _TRMT 04C1                  _STOP 04A4  
                _TXIE 0464                  _ZERO 001A                  _WREN 0C62                  _TXEN 04C5  
                _TXIF 0064                  _VROE 04BE                  _SYNC 04C4                  _WPUB 0095  
                _VRSS 04BC                  _main 078D                  start 0000   start_initialization 0779  
             _CM1CON0 0107               _CM2CON0 0108               _CCP1CON 0017               _CM2CON1 0109  
             _CCP2CON 001D               _ACKSTAT 048E               _BAUDCTL 0187               _ECCPAS0 04E4  
             _ECCPAS1 04E5               _ECCPAS2 04E6               _ECCPASE 04E7                 _C1CH0 0838  
               _C1CH1 0839                 _C2CH0 0840                 _C2CH1 0841                 _DC1B0 00BC  
               _DC1B1 00BD                 _C1SEN 0C2D                 _C2REN 0C2C                 _C1POL 083C  
               _C2POL 0844                 _C1OUT 083E                 _C2OUT 0846                 _ABDEN 0C38  
               _ADCS0 00FE                 _ADCS1 00FF                 _ADDEN 00C3                 ?_main 007E  
               _ACKEN 048C                 _ACKDT 048D                 _BCLIE 046B                 _BCLIF 006B  
               _CCP2X 00ED                 _CCP2Y 00EC                 _EEADR 010D                 _ANS10 0C4A  
               _EEDAT 010C                 _BRG10 04D2                 _ANS11 0C4B                 _BRG11 04D3  
               _ANS12 0C4C                 _BRG12 04D4                 _ANS13 0C4D                 _BRG13 04D5  
               _BRG14 04D6                 _BRG15 04D7                 _BRG16 0C3B                 _CARRY 0018  
               _EEPGD 0C67                 _ANSEL 0188                 _T1CON 0010                 _IOCB0 04B0  
               _T2CON 0012                 _IOCB1 04B1                 _IOCB2 04B2                 _IOCB3 04B3  
               _IOCB4 04B4                 _IOCB5 04B5                 _IOCB6 04B6                 _IOCB7 04B7  
               _T1GSS 0849               _T1CKPS0 0084               _T1CKPS1 0085                 _IRCF0 047C  
               _IRCF1 047D                 _IRCF2 047E               _T2CKPS0 0090               _T2CKPS1 0091  
               _RABIE 005B                 _RABIF 0058                 _RABPU 040F                 _RCIDL 0C3E  
               _FVREN 0C28                 _VCFG0 04FC                 _VCFG1 04FD                 _RCREG 001A  
               _SENDB 04C3                 _RCSTA 0018                 _OSFIE 046F                 _OSFIF 006F  
               _TMR1H 000F                 _TMR1L 000E                 _SPBRG 0099                 _PORTA 0005  
               _PORTB 0006               _T1OSCEN 0083                 _PORTC 0007                 _PORTD 0008  
               _PORTE 0009                 _PRSEN 04DF                 _SRCON 0185                 _START 04A3  
               _PULSR 0C2A                 _PULSS 0C2B                 _SSPM0 00A0                 _SSPM1 00A1  
               _SSPM2 00A2                 _SSPM3 00A3                 _TRISA 0085                 _TRISB 0086  
               _TRISC 0087                 _TRISD 0088                 _SSPIE 0463                 _TRISE 0089  
               _SSPIF 0063                 _SSPEN 00A5                 _VRCON 0097                 _WPUB0 04A8  
               _WPUB1 04A9                 _WPUB2 04AA                 _WPUB3 04AB                 _WPUB4 04AC  
               _SSPOV 00A6                 _WPUB5 04AD                 _WPUB6 04AE                 _WPUB7 04AF  
               _WRERR 0C63                 _TXREG 0019                 _TXSTA 0098        __pcstackCOMMON 007E  
             _OSCTUNE 0090               _PWM1CON 009B                 _count 007C               _PSTRCON 009D  
             _SSPCON2 0091               _ULPWUIE 046A               _ULPWUIF 006A               _SSPSTAT 0094  
             _TOUTPS0 0093               _TOUTPS1 0094               _TOUTPS2 0095               _TOUTPS3 0096  
             _STRSYNC 04EC                 status 0003         __size_of_main 0073            __pbssBANK0 0020  
            l30000520 07D0              l30000512 078D              l30000521 07D2              l30000513 07B5  
            l30000522 07D9              l30000514 07B7              l30000523 07DB              l30000515 07B9  
            l30000524 07E2              l30000516 07BB              l30000525 07E6              l30000517 07BF  
            l30000526 07ED              l30000518 07C5              l30000527 07EF              l30000519 07CA  
            l30000528 07F6              l30000529 07F8                ??_main 007E            __pmaintext 078D  
              _C1RSEL 084D                _C2RSEL 084C                _C2SYNC 0848                _ADCON0 001F  
              _ADCON1 009F                _ABDOVF 0C3F                _CCP1M0 00B8                _CCP1M1 00B9  
              _CCP1M2 00BA                _CCP1M3 00BB                _CCP2M0 00E8                _CCP2M1 00E9  
              _CCP2M2 00EA                _CCP2M3 00EB                _CCP1IE 0462                _CCP1IF 0062  
              _CCP2IE 0468                _CCP2IF 0068                _ADRESH 001E                _EEADRH 010F  
              _ADRESL 009E                _EEADRL 010D                _EEDATA 010C                _ECCPAS 009C  
              _CCPR1H 0016                _EEDATH 010E                _CCPR2H 001C                _CCPR1L 0015  
              _CCPR2L 001B                _EECON1 018C                _EECON2 018D                _ANSELH 0189  
              _MC1OUT 084F                _MC2OUT 084E          __end_of_main 0800                _T1GINV 0087  
              _GODONE 00F9  end_of_initialization 0789                _T1SYNC 0082                _INTEDG 040E  
              _PCLATH 000A                _INTCON 000B                _SBOREN 0474                _OSCCON 008F  
              _TMR1GE 0086                _TMR1IE 0460                _TMR1IF 0060                _TMR1CS 0081  
              _TMR2IE 0461                _TMR2IF 0061                _PSSAC0 04E2                _PSSAC1 04E3  
              _PSSBD0 04E0                _PSSBD1 04E1                _SPBRGH 009A                _OPTION 0081  
              _TMR1ON 0080                _TMR2ON 0092                _WDTCON 0105                _WDTPS0 0829  
              _WDTPS1 082A                _WDTPS2 082B                _WDTPS3 082C                _SSPADD 0093  
              _TRISA0 0428                _TRISA1 0429                _TRISB0 0430                _TRISA2 042A  
              _TRISB1 0431                _TRISA3 042B                _TRISC0 0438                _TRISB2 0432  
              _TRISA4 042C                _TRISC1 0439                _TRISB3 0433                _TRISA5 042D  
              _TRISD0 0440                _TRISC2 043A                _TRISB4 0434                _TRISA6 042E  
              _TRISD1 0441                _TRISC3 043B                _TRISB5 0435                _TRISA7 042F  
              _TRISE0 0448                _TRISD2 0442                _TRISC4 043C                _TRISB6 0436  
              _TRISE1 0449                _TRISD3 0443                _TRISC5 043D                _TRISB7 0437  
              _TRISE2 044A                _TRISD4 0444                _TRISC6 043E                _TRISE3 044B  
              _TRISD5 0445                _TRISC7 043F                _TRISD6 0446                _TRISD7 0447  
              _STATUS 0003                _SSPCON 0014                _SSPBUF 0013                _SWDTEN 0828  
              _ULPWUE 0475                _SSPMSK 0093                _count1 0020  
